[0.027s] Invoking command in '/home/mosalam/robot_ws/build/urdf_tutorial': CMAKE_PREFIX_PATH=${CMAKE_PREFIX_PATH}:/home/mosalam/robot_ws/install/serial_motor_demo:/home/mosalam/robot_ws/install/custom_explorer:/home/mosalam/robot_ws/install/autonomous_exploration:/opt/ros/humble /usr/bin/cmake --build /home/mosalam/robot_ws/build/urdf_tutorial -- -j4 -l4
[0.953s] Invoked command in '/home/mosalam/robot_ws/build/urdf_tutorial' returned '0': CMAKE_PREFIX_PATH=${CMAKE_PREFIX_PATH}:/home/mosalam/robot_ws/install/serial_motor_demo:/home/mosalam/robot_ws/install/custom_explorer:/home/mosalam/robot_ws/install/autonomous_exploration:/opt/ros/humble /usr/bin/cmake --build /home/mosalam/robot_ws/build/urdf_tutorial -- -j4 -l4
[0.969s] Invoking command in '/home/mosalam/robot_ws/build/urdf_tutorial': CMAKE_PREFIX_PATH=${CMAKE_PREFIX_PATH}:/home/mosalam/robot_ws/install/serial_motor_demo:/home/mosalam/robot_ws/install/custom_explorer:/home/mosalam/robot_ws/install/autonomous_exploration:/opt/ros/humble /usr/bin/cmake --install /home/mosalam/robot_ws/build/urdf_tutorial
[0.983s] -- Install configuration: ""
[0.986s] -- Execute custom install script
[0.986s] -- Up-to-date symlink: /home/mosalam/robot_ws/install/urdf_tutorial/share/urdf_tutorial/images/flexible.png
[0.986s] -- Up-to-date symlink: /home/mosalam/robot_ws/install/urdf_tutorial/share/urdf_tutorial/images/materials.png
[0.987s] -- Up-to-date symlink: /home/mosalam/robot_ws/install/urdf_tutorial/share/urdf_tutorial/images/multipleshapes.png
[0.987s] -- Up-to-date symlink: /home/mosalam/robot_ws/install/urdf_tutorial/share/urdf_tutorial/images/myfirst.png
[0.988s] -- Up-to-date symlink: /home/mosalam/robot_ws/install/urdf_tutorial/share/urdf_tutorial/images/origins.png
[0.988s] -- Up-to-date symlink: /home/mosalam/robot_ws/install/urdf_tutorial/share/urdf_tutorial/images/visual.png
[0.989s] -- Up-to-date symlink: /home/mosalam/robot_ws/install/urdf_tutorial/share/urdf_tutorial/launch/display.launch.py
[0.989s] -- Up-to-date symlink: /home/mosalam/robot_ws/install/urdf_tutorial/share/urdf_tutorial/meshes/l_finger.dae
[0.990s] -- Up-to-date symlink: /home/mosalam/robot_ws/install/urdf_tutorial/share/urdf_tutorial/meshes/l_finger_color.png
[0.991s] -- Up-to-date symlink: /home/mosalam/robot_ws/install/urdf_tutorial/share/urdf_tutorial/meshes/l_finger_tip.dae
[0.991s] -- Up-to-date symlink: /home/mosalam/robot_ws/install/urdf_tutorial/share/urdf_tutorial/meshes/l_finger_tip_color.png
[0.992s] -- Up-to-date symlink: /home/mosalam/robot_ws/install/urdf_tutorial/share/urdf_tutorial/rviz/urdf.rviz
[0.993s] -- Up-to-date symlink: /home/mosalam/robot_ws/install/urdf_tutorial/share/urdf_tutorial/urdf/01-myfirst.urdf
[0.993s] -- Up-to-date symlink: /home/mosalam/robot_ws/install/urdf_tutorial/share/urdf_tutorial/urdf/02-multipleshapes.urdf
[0.994s] -- Up-to-date symlink: /home/mosalam/robot_ws/install/urdf_tutorial/share/urdf_tutorial/urdf/03-origins.urdf
[0.994s] -- Up-to-date symlink: /home/mosalam/robot_ws/install/urdf_tutorial/share/urdf_tutorial/urdf/04-materials.urdf
[0.995s] -- Up-to-date symlink: /home/mosalam/robot_ws/install/urdf_tutorial/share/urdf_tutorial/urdf/05-visual.urdf
[0.995s] -- Up-to-date symlink: /home/mosalam/robot_ws/install/urdf_tutorial/share/urdf_tutorial/urdf/06-flexible.urdf
[0.996s] -- Up-to-date symlink: /home/mosalam/robot_ws/install/urdf_tutorial/share/urdf_tutorial/urdf/07-physics.urdf
[0.996s] -- Up-to-date symlink: /home/mosalam/robot_ws/install/urdf_tutorial/share/urdf_tutorial/urdf/08-macroed.urdf.xacro
[0.997s] -- Up-to-date symlink: /home/mosalam/robot_ws/install/urdf_tutorial/share/ament_index/resource_index/package_run_dependencies/urdf_tutorial
[0.997s] -- Up-to-date symlink: /home/mosalam/robot_ws/install/urdf_tutorial/share/ament_index/resource_index/parent_prefix_path/urdf_tutorial
[0.998s] -- Up-to-date symlink: /home/mosalam/robot_ws/install/urdf_tutorial/share/urdf_tutorial/environment/ament_prefix_path.sh
[1.019s] -- Up-to-date symlink: /home/mosalam/robot_ws/install/urdf_tutorial/share/urdf_tutorial/environment/ament_prefix_path.dsv
[1.019s] -- Up-to-date symlink: /home/mosalam/robot_ws/install/urdf_tutorial/share/urdf_tutorial/environment/path.sh
[1.019s] -- Up-to-date symlink: /home/mosalam/robot_ws/install/urdf_tutorial/share/urdf_tutorial/environment/path.dsv
[1.019s] -- Up-to-date symlink: /home/mosalam/robot_ws/install/urdf_tutorial/share/urdf_tutorial/local_setup.bash
[1.020s] -- Up-to-date symlink: /home/mosalam/robot_ws/install/urdf_tutorial/share/urdf_tutorial/local_setup.sh
[1.020s] -- Up-to-date symlink: /home/mosalam/robot_ws/install/urdf_tutorial/share/urdf_tutorial/local_setup.zsh
[1.022s] -- Up-to-date symlink: /home/mosalam/robot_ws/install/urdf_tutorial/share/urdf_tutorial/local_setup.dsv
[1.026s] -- Symlinking: /home/mosalam/robot_ws/install/urdf_tutorial/share/urdf_tutorial/package.dsv
[1.084s] -- Up-to-date symlink: /home/mosalam/robot_ws/install/urdf_tutorial/share/ament_index/resource_index/packages/urdf_tutorial
[1.084s] -- Up-to-date symlink: /home/mosalam/robot_ws/install/urdf_tutorial/share/urdf_tutorial/cmake/urdf_tutorialConfig.cmake
[1.084s] -- Up-to-date symlink: /home/mosalam/robot_ws/install/urdf_tutorial/share/urdf_tutorial/cmake/urdf_tutorialConfig-version.cmake
[1.084s] -- Up-to-date symlink: /home/mosalam/robot_ws/install/urdf_tutorial/share/urdf_tutorial/package.xml
[1.084s] Invoked command in '/home/mosalam/robot_ws/build/urdf_tutorial' returned '0': CMAKE_PREFIX_PATH=${CMAKE_PREFIX_PATH}:/home/mosalam/robot_ws/install/serial_motor_demo:/home/mosalam/robot_ws/install/custom_explorer:/home/mosalam/robot_ws/install/autonomous_exploration:/opt/ros/humble /usr/bin/cmake --install /home/mosalam/robot_ws/build/urdf_tutorial
