[0.026s] Invoking command in '/home/mosalam/robot_ws/build/explore_lite': CMAKE_PREFIX_PATH=${CMAKE_PREFIX_PATH}:/home/mosalam/robot_ws/install/serial_motor_demo:/opt/ros/humble /usr/bin/cmake /home/mosalam/robot_ws/src/m-explore-ros2/explore -DCMAKE_INSTALL_PREFIX=/home/mosalam/robot_ws/install/explore_lite
[0.291s] -- The C compiler identification is GNU 11.4.0
[0.515s] -- The CXX compiler identification is GNU 11.4.0
[0.528s] -- Detecting C compiler ABI info
[0.644s] -- Detecting C compiler ABI info - done
[0.660s] -- Check for working C compiler: /usr/bin/cc - skipped
[0.660s] -- Detecting C compile features
[0.663s] -- Detecting C compile features - done
[0.665s] -- Detecting CXX compiler ABI info
[0.800s] -- Detecting CXX compiler ABI info - done
[0.824s] -- Check for working CXX compiler: /usr/bin/c++ - skipped
[0.825s] -- Detecting CXX compile features
[0.827s] -- Detecting CXX compile features - done
[0.829s] -- BuilD for ROS2: humble
[0.834s] -- Found ament_cmake: 1.3.11 (/opt/ros/humble/share/ament_cmake/cmake)
[1.096s] -- Found Python3: /usr/bin/python3 (found version "3.10.12") found components: Interpreter 
[1.255s] -- Found rclcpp: 16.0.11 (/opt/ros/humble/share/rclcpp/cmake)
[1.320s] -- Found rosidl_generator_c: 3.1.6 (/opt/ros/humble/share/rosidl_generator_c/cmake)
[1.333s] -- Found rosidl_adapter: 3.1.6 (/opt/ros/humble/share/rosidl_adapter/cmake)
[1.353s] -- Found rosidl_generator_cpp: 3.1.6 (/opt/ros/humble/share/rosidl_generator_cpp/cmake)
[1.381s] -- Using all available rosidl_typesupport_c: rosidl_typesupport_fastrtps_c;rosidl_typesupport_introspection_c
[1.407s] -- Using all available rosidl_typesupport_cpp: rosidl_typesupport_fastrtps_cpp;rosidl_typesupport_introspection_cpp
[1.507s] -- Found rmw_implementation_cmake: 6.1.2 (/opt/ros/humble/share/rmw_implementation_cmake/cmake)
[1.515s] -- Found rmw_fastrtps_cpp: 6.2.7 (/opt/ros/humble/share/rmw_fastrtps_cpp/cmake)
[1.631s] -- Found OpenSSL: /usr/lib/x86_64-linux-gnu/libcrypto.so (found version "3.0.2")  
[1.679s] -- Found FastRTPS: /opt/ros/humble/include  
[1.743s] -- Using RMW implementation 'rmw_fastrtps_cpp' as default
[1.757s] -- Looking for pthread.h
[1.858s] -- Looking for pthread.h - found
[1.858s] -- Performing Test CMAKE_HAVE_LIBC_PTHREAD
[1.954s] -- Performing Test CMAKE_HAVE_LIBC_PTHREAD - Success
[1.955s] -- Found Threads: TRUE  
[2.031s] -- Found sensor_msgs: 4.2.4 (/opt/ros/humble/share/sensor_msgs/cmake)
[2.096s] -- Found tf2_ros: 0.25.12 (/opt/ros/humble/share/tf2_ros/cmake)
[2.286s] -- Found tf2_geometry_msgs: 0.25.12 (/opt/ros/humble/share/tf2_geometry_msgs/cmake)
[2.312s] -- Found eigen3_cmake_module: 0.1.1 (/opt/ros/humble/share/eigen3_cmake_module/cmake)
[2.314s] -- Found Eigen3: TRUE (found version "3.4.0") 
[2.314s] -- Ensuring Eigen3 include directory is part of orocos-kdl CMake target
[2.320s] -- Found nav2_msgs: 1.1.18 (/opt/ros/humble/share/nav2_msgs/cmake)
[2.414s] -- Found map_msgs: 2.1.0 (/opt/ros/humble/share/map_msgs/cmake)
[2.454s] -- Found visualization_msgs: 4.2.4 (/opt/ros/humble/share/visualization_msgs/cmake)
[2.501s] -- Found nav2_costmap_2d: 1.1.18 (/opt/ros/humble/share/nav2_costmap_2d/cmake)
[2.698s] -- Found ament_lint_auto: 0.12.11 (/opt/ros/humble/share/ament_lint_auto/cmake)
[2.778s] -- Found ament_cmake_gtest: 1.3.11 (/opt/ros/humble/share/ament_cmake_gtest/cmake)
[2.781s] -- Found gtest sources under '/opt/ros/humble/src/gtest_vendor': C++ tests using 'Google Test' will be built
[2.800s] -- Added test 'cppcheck' to perform static code analysis on C / C++ code
[2.801s] -- Configured cppcheck include dirs: /home/mosalam/robot_ws/src/m-explore-ros2/explore/include;$<BUILD_INTERFACE:/home/mosalam/robot_ws/src/m-explore-ros2/explore/include>
[2.801s] -- Configured cppcheck exclude dirs and/or files: 
[2.802s] -- Added test 'flake8' to check Python code syntax and style conventions
[2.803s] -- Added test 'lint_cmake' to check CMake code style
[2.804s] -- Added test 'pep257' to check Python code against some of the docstring style conventions in PEP 257
[2.806s] -- Added test 'uncrustify' to check C / C++ code style
[2.806s] -- Configured uncrustify additional arguments: 
[2.806s] -- Added test 'xmllint' to check XML markup files
[2.809s] -- Configuring done
[2.985s] -- Generating done
[2.999s] -- Build files have been written to: /home/mosalam/robot_ws/build/explore_lite
[3.013s] Invoked command in '/home/mosalam/robot_ws/build/explore_lite' returned '0': CMAKE_PREFIX_PATH=${CMAKE_PREFIX_PATH}:/home/mosalam/robot_ws/install/serial_motor_demo:/opt/ros/humble /usr/bin/cmake /home/mosalam/robot_ws/src/m-explore-ros2/explore -DCMAKE_INSTALL_PREFIX=/home/mosalam/robot_ws/install/explore_lite
[3.014s] Invoking command in '/home/mosalam/robot_ws/build/explore_lite': CMAKE_PREFIX_PATH=${CMAKE_PREFIX_PATH}:/home/mosalam/robot_ws/install/serial_motor_demo:/opt/ros/humble /usr/bin/cmake --build /home/mosalam/robot_ws/build/explore_lite -- -j4 -l4
[3.072s] [ 10%] [32mBuilding CXX object gtest/CMakeFiles/gtest_main.dir/src/gtest_main.cc.o[0m
[3.077s] [ 20%] [32mBuilding CXX object gtest/CMakeFiles/gtest.dir/src/gtest-all.cc.o[0m
[3.080s] [ 40%] [32mBuilding CXX object CMakeFiles/explore.dir/src/costmap_client.cpp.o[0m
[3.081s] [ 40%] [32mBuilding CXX object CMakeFiles/explore.dir/src/explore.cpp.o[0m
[4.174s] [ 50%] [32m[1mLinking CXX static library libgtest_main.a[0m
[4.225s] [ 50%] Built target gtest_main
[4.243s] [ 60%] [32mBuilding CXX object CMakeFiles/explore.dir/src/frontier_search.cpp.o[0m
[8.298s] [ 70%] [32m[1mLinking CXX static library libgtest.a[0m
[8.389s] [ 70%] Built target gtest
[8.422s] [ 80%] [32mBuilding CXX object CMakeFiles/test_explore.dir/test/test_explore.cpp.o[0m
[10.613s] [ 90%] [32m[1mLinking CXX executable test_explore[0m
[12.224s] [ 90%] Built target test_explore
[21.160s] [100%] [32m[1mLinking CXX executable explore[0m
[23.820s] [100%] Built target explore
[23.832s] Invoked command in '/home/mosalam/robot_ws/build/explore_lite' returned '0': CMAKE_PREFIX_PATH=${CMAKE_PREFIX_PATH}:/home/mosalam/robot_ws/install/serial_motor_demo:/opt/ros/humble /usr/bin/cmake --build /home/mosalam/robot_ws/build/explore_lite -- -j4 -l4
[23.833s] Invoking command in '/home/mosalam/robot_ws/build/explore_lite': CMAKE_PREFIX_PATH=${CMAKE_PREFIX_PATH}:/home/mosalam/robot_ws/install/serial_motor_demo:/opt/ros/humble /usr/bin/cmake --install /home/mosalam/robot_ws/build/explore_lite
[23.843s] -- Install configuration: ""
[23.843s] -- Installing: /home/mosalam/robot_ws/install/explore_lite/include/explore/
[23.843s] -- Installing: /home/mosalam/robot_ws/install/explore_lite/include/explore//costmap_client.h
[23.843s] -- Installing: /home/mosalam/robot_ws/install/explore_lite/include/explore//frontier_search.h
[23.844s] -- Installing: /home/mosalam/robot_ws/install/explore_lite/include/explore//costmap_tools.h
[23.844s] -- Installing: /home/mosalam/robot_ws/install/explore_lite/include/explore//explore.h
[23.844s] -- Installing: /home/mosalam/robot_ws/install/explore_lite/share/explore_lite/config
[23.844s] -- Installing: /home/mosalam/robot_ws/install/explore_lite/share/explore_lite/config/params.yaml
[23.844s] -- Installing: /home/mosalam/robot_ws/install/explore_lite/share/explore_lite/config/params_costmap.yaml
[23.844s] -- Installing: /home/mosalam/robot_ws/install/explore_lite/share/explore_lite/launch
[23.845s] -- Installing: /home/mosalam/robot_ws/install/explore_lite/share/explore_lite/launch/explore.launch.py
[23.845s] -- Installing: /home/mosalam/robot_ws/install/explore_lite/lib/explore_lite/explore
[23.851s] -- Set runtime path of "/home/mosalam/robot_ws/install/explore_lite/lib/explore_lite/explore" to ""
[23.851s] -- Installing: /home/mosalam/robot_ws/install/explore_lite/share/ament_index/resource_index/package_run_dependencies/explore_lite
[23.851s] -- Installing: /home/mosalam/robot_ws/install/explore_lite/share/ament_index/resource_index/parent_prefix_path/explore_lite
[23.851s] -- Installing: /home/mosalam/robot_ws/install/explore_lite/share/explore_lite/environment/ament_prefix_path.sh
[23.851s] -- Installing: /home/mosalam/robot_ws/install/explore_lite/share/explore_lite/environment/ament_prefix_path.dsv
[23.852s] -- Installing: /home/mosalam/robot_ws/install/explore_lite/share/explore_lite/environment/path.sh
[23.852s] -- Installing: /home/mosalam/robot_ws/install/explore_lite/share/explore_lite/environment/path.dsv
[23.852s] -- Installing: /home/mosalam/robot_ws/install/explore_lite/share/explore_lite/local_setup.bash
[23.852s] -- Installing: /home/mosalam/robot_ws/install/explore_lite/share/explore_lite/local_setup.sh
[23.852s] -- Installing: /home/mosalam/robot_ws/install/explore_lite/share/explore_lite/local_setup.zsh
[23.853s] -- Installing: /home/mosalam/robot_ws/install/explore_lite/share/explore_lite/local_setup.dsv
[23.853s] -- Installing: /home/mosalam/robot_ws/install/explore_lite/share/explore_lite/package.dsv
[23.853s] -- Installing: /home/mosalam/robot_ws/install/explore_lite/share/ament_index/resource_index/packages/explore_lite
[23.853s] -- Installing: /home/mosalam/robot_ws/install/explore_lite/share/explore_lite/cmake/ament_cmake_export_include_directories-extras.cmake
[23.854s] -- Installing: /home/mosalam/robot_ws/install/explore_lite/share/explore_lite/cmake/explore_liteConfig.cmake
[23.854s] -- Installing: /home/mosalam/robot_ws/install/explore_lite/share/explore_lite/cmake/explore_liteConfig-version.cmake
[23.854s] -- Installing: /home/mosalam/robot_ws/install/explore_lite/share/explore_lite/package.xml
[23.856s] Invoked command in '/home/mosalam/robot_ws/build/explore_lite' returned '0': CMAKE_PREFIX_PATH=${CMAKE_PREFIX_PATH}:/home/mosalam/robot_ws/install/serial_motor_demo:/opt/ros/humble /usr/bin/cmake --install /home/mosalam/robot_ws/build/explore_lite
