[0.029s] Invoking command in '/home/mosalam/robot_ws/build/rplidar_ros': CMAKE_PREFIX_PATH=${CMAKE_PREFIX_PATH}:/home/mosalam/robot_ws/install/serial_motor_demo:/opt/ros/humble /usr/bin/cmake /home/mosalam/robot_ws/src/rplidar_ros2 -DCMAKE_INSTALL_PREFIX=/home/mosalam/robot_ws/install/rplidar_ros
[0.063s] -- Found ament_cmake_auto: 1.3.11 (/opt/ros/humble/share/ament_cmake_auto/cmake)
[0.296s] -- Override CMake install command with custom implementation using symlinks instead of copying resources
[0.325s] -- Found ament_cmake_ros: 0.10.0 (/opt/ros/humble/share/ament_cmake_ros/cmake)
[0.498s] -- Found rosidl_generator_c: 3.1.6 (/opt/ros/humble/share/rosidl_generator_c/cmake)
[0.502s] -- Found rosidl_adapter: 3.1.6 (/opt/ros/humble/share/rosidl_adapter/cmake)
[0.514s] -- Found rosidl_generator_cpp: 3.1.6 (/opt/ros/humble/share/rosidl_generator_cpp/cmake)
[0.532s] -- Using all available rosidl_typesupport_c: rosidl_typesupport_fastrtps_c;rosidl_typesupport_introspection_c
[0.558s] -- Using all available rosidl_typesupport_cpp: rosidl_typesupport_fastrtps_cpp;rosidl_typesupport_introspection_cpp
[0.630s] -- Found rmw_implementation_cmake: 6.1.2 (/opt/ros/humble/share/rmw_implementation_cmake/cmake)
[0.635s] -- Found rmw_fastrtps_cpp: 6.2.7 (/opt/ros/humble/share/rmw_fastrtps_cpp/cmake)
[0.824s] -- Using RMW implementation 'rmw_fastrtps_cpp' as default
[1.088s] -- Configuring done
[1.126s] -- Generating done
[1.148s] -- Build files have been written to: /home/mosalam/robot_ws/build/rplidar_ros
[1.165s] Invoked command in '/home/mosalam/robot_ws/build/rplidar_ros' returned '0': CMAKE_PREFIX_PATH=${CMAKE_PREFIX_PATH}:/home/mosalam/robot_ws/install/serial_motor_demo:/opt/ros/humble /usr/bin/cmake /home/mosalam/robot_ws/src/rplidar_ros2 -DCMAKE_INSTALL_PREFIX=/home/mosalam/robot_ws/install/rplidar_ros
[1.167s] Invoking command in '/home/mosalam/robot_ws/build/rplidar_ros': CMAKE_PREFIX_PATH=${CMAKE_PREFIX_PATH}:/home/mosalam/robot_ws/install/serial_motor_demo:/opt/ros/humble /usr/bin/cmake --build /home/mosalam/robot_ws/build/rplidar_ros -- -j4 -l4
[1.262s] [35m[1mConsolidate compiler generated dependencies of target rplidar_composition_node[0m
[1.310s] [ 77%] Built target rplidar_composition_node
[1.330s] [35m[1mConsolidate compiler generated dependencies of target rplidar_composition[0m
[1.354s] [100%] Built target rplidar_composition
[1.371s] Invoked command in '/home/mosalam/robot_ws/build/rplidar_ros' returned '0': CMAKE_PREFIX_PATH=${CMAKE_PREFIX_PATH}:/home/mosalam/robot_ws/install/serial_motor_demo:/opt/ros/humble /usr/bin/cmake --build /home/mosalam/robot_ws/build/rplidar_ros -- -j4 -l4
[1.377s] Invoking command in '/home/mosalam/robot_ws/build/rplidar_ros': CMAKE_PREFIX_PATH=${CMAKE_PREFIX_PATH}:/home/mosalam/robot_ws/install/serial_motor_demo:/opt/ros/humble /usr/bin/cmake --install /home/mosalam/robot_ws/build/rplidar_ros
[1.386s] -- Install configuration: ""
[1.387s] -- Execute custom install script
[1.388s] -- Up-to-date symlink: /home/mosalam/robot_ws/install/rplidar_ros/lib/rplidar_ros/rplidar_composition
[1.389s] -- Up-to-date symlink: /home/mosalam/robot_ws/install/rplidar_ros/share/rplidar_ros/launch/rplidar.launch.py
[1.390s] -- Up-to-date symlink: /home/mosalam/robot_ws/install/rplidar_ros/share/rplidar_ros/launch/rplidar_a3.launch.py
[1.390s] -- Up-to-date symlink: /home/mosalam/robot_ws/install/rplidar_ros/share/rplidar_ros/launch/rplidar_s1.launch.py
[1.391s] -- Up-to-date symlink: /home/mosalam/robot_ws/install/rplidar_ros/share/rplidar_ros/launch/rplidar_s1_tcp.launch.py
[1.391s] -- Up-to-date symlink: /home/mosalam/robot_ws/install/rplidar_ros/share/rplidar_ros/launch/test_rplidar_a3.launch.py
[1.392s] -- Up-to-date symlink: /home/mosalam/robot_ws/install/rplidar_ros/share/rplidar_ros/launch/view_rplidar.launch.py
[1.392s] -- Up-to-date symlink: /home/mosalam/robot_ws/install/rplidar_ros/share/rplidar_ros/launch/view_rplidar_a3.launch.py
[1.392s] -- Up-to-date symlink: /home/mosalam/robot_ws/install/rplidar_ros/share/rplidar_ros/launch/view_rplidar_s1.launch.py
[1.392s] -- Up-to-date symlink: /home/mosalam/robot_ws/install/rplidar_ros/share/rplidar_ros/launch/view_rplidar_s1_tcp.launch.py
[1.393s] -- Up-to-date symlink: /home/mosalam/robot_ws/install/rplidar_ros/share/rplidar_ros/rviz/rplidar.rviz
[1.393s] -- Up-to-date symlink: /home/mosalam/robot_ws/install/rplidar_ros/lib/librplidar_composition_node.so
[1.394s] -- Up-to-date symlink: /home/mosalam/robot_ws/install/rplidar_ros/include/rplidar_node.hpp
[1.394s] -- Up-to-date symlink: /home/mosalam/robot_ws/install/rplidar_ros/include/visibility.h
[1.395s] -- Up-to-date symlink: /home/mosalam/robot_ws/install/rplidar_ros/lib/rplidar_ros/rplidar_composition
[1.395s] -- Up-to-date symlink: /home/mosalam/robot_ws/install/rplidar_ros/share/ament_index/resource_index/package_run_dependencies/rplidar_ros
[1.396s] -- Up-to-date symlink: /home/mosalam/robot_ws/install/rplidar_ros/share/ament_index/resource_index/parent_prefix_path/rplidar_ros
[1.396s] -- Up-to-date symlink: /home/mosalam/robot_ws/install/rplidar_ros/share/rplidar_ros/environment/ament_prefix_path.sh
[1.396s] -- Up-to-date symlink: /home/mosalam/robot_ws/install/rplidar_ros/share/rplidar_ros/environment/ament_prefix_path.dsv
[1.397s] -- Up-to-date symlink: /home/mosalam/robot_ws/install/rplidar_ros/share/rplidar_ros/environment/path.sh
[1.398s] -- Up-to-date symlink: /home/mosalam/robot_ws/install/rplidar_ros/share/rplidar_ros/environment/path.dsv
[1.398s] -- Up-to-date symlink: /home/mosalam/robot_ws/install/rplidar_ros/share/rplidar_ros/local_setup.bash
[1.398s] -- Up-to-date symlink: /home/mosalam/robot_ws/install/rplidar_ros/share/rplidar_ros/local_setup.sh
[1.398s] -- Up-to-date symlink: /home/mosalam/robot_ws/install/rplidar_ros/share/rplidar_ros/local_setup.zsh
[1.399s] -- Up-to-date symlink: /home/mosalam/robot_ws/install/rplidar_ros/share/rplidar_ros/local_setup.dsv
[1.399s] -- Symlinking: /home/mosalam/robot_ws/install/rplidar_ros/share/rplidar_ros/package.dsv
[1.413s] -- Up-to-date symlink: /home/mosalam/robot_ws/install/rplidar_ros/share/ament_index/resource_index/packages/rplidar_ros
[1.414s] -- Up-to-date symlink: /home/mosalam/robot_ws/install/rplidar_ros/share/ament_index/resource_index/rclcpp_components/rplidar_ros
[1.414s] -- Up-to-date symlink: /home/mosalam/robot_ws/install/rplidar_ros/share/rplidar_ros/cmake/ament_cmake_export_dependencies-extras.cmake
[1.415s] -- Up-to-date symlink: /home/mosalam/robot_ws/install/rplidar_ros/share/rplidar_ros/cmake/ament_cmake_export_include_directories-extras.cmake
[1.415s] -- Up-to-date symlink: /home/mosalam/robot_ws/install/rplidar_ros/share/rplidar_ros/cmake/rplidar_rosConfig.cmake
[1.415s] -- Up-to-date symlink: /home/mosalam/robot_ws/install/rplidar_ros/share/rplidar_ros/cmake/rplidar_rosConfig-version.cmake
[1.418s] -- Up-to-date symlink: /home/mosalam/robot_ws/install/rplidar_ros/share/rplidar_ros/package.xml
[1.421s] Invoked command in '/home/mosalam/robot_ws/build/rplidar_ros' returned '0': CMAKE_PREFIX_PATH=${CMAKE_PREFIX_PATH}:/home/mosalam/robot_ws/install/serial_motor_demo:/opt/ros/humble /usr/bin/cmake --install /home/mosalam/robot_ws/build/rplidar_ros
