[1.519s] Invoking command in '/home/mosalam/robot_ws/src/ROS2-FrontierBaseExplorationForAutonomousRobot/autonomous_exploration': PYTHONPATH=/home/mosalam/robot_ws/build/autonomous_exploration/prefix_override:/usr/lib/python3/dist-packages/colcon_core/task/python/colcon_distutils_commands:/home/mosalam/robot_ws/install/autonomous_exploration/lib/python3.10/site-packages:${PYTHONPATH} /usr/bin/python3 -W ignore:setup.py install is deprecated -W ignore:easy_install command is deprecated setup.py egg_info --egg-base ../../../build/autonomous_exploration build --build-base /home/mosalam/robot_ws/build/autonomous_exploration/build install --record /home/mosalam/robot_ws/build/autonomous_exploration/install.log --single-version-externally-managed install_data
[2.120s] running egg_info
[2.125s] writing ../../../build/autonomous_exploration/autonomous_exploration.egg-info/PKG-INFO
[2.127s] writing dependency_links to ../../../build/autonomous_exploration/autonomous_exploration.egg-info/dependency_links.txt
[2.127s] writing entry points to ../../../build/autonomous_exploration/autonomous_exploration.egg-info/entry_points.txt
[2.128s] writing requirements to ../../../build/autonomous_exploration/autonomous_exploration.egg-info/requires.txt
[2.128s] writing top-level names to ../../../build/autonomous_exploration/autonomous_exploration.egg-info/top_level.txt
[2.134s] reading manifest file '../../../build/autonomous_exploration/autonomous_exploration.egg-info/SOURCES.txt'
[2.137s] writing manifest file '../../../build/autonomous_exploration/autonomous_exploration.egg-info/SOURCES.txt'
[2.137s] running build
[2.137s] running build_py
[2.138s] running install
[2.139s] running install_lib
[2.146s] running install_data
[2.147s] running install_egg_info
[2.151s] removing '/home/mosalam/robot_ws/install/autonomous_exploration/lib/python3.10/site-packages/autonomous_exploration-0.0.0-py3.10.egg-info' (and everything under it)
[2.154s] Copying ../../../build/autonomous_exploration/autonomous_exploration.egg-info to /home/mosalam/robot_ws/install/autonomous_exploration/lib/python3.10/site-packages/autonomous_exploration-0.0.0-py3.10.egg-info
[2.155s] running install_scripts
[2.188s] Installing control script to /home/mosalam/robot_ws/install/autonomous_exploration/lib/autonomous_exploration
[2.188s] writing list of installed files to '/home/mosalam/robot_ws/build/autonomous_exploration/install.log'
[2.241s] Invoked command in '/home/mosalam/robot_ws/src/ROS2-FrontierBaseExplorationForAutonomousRobot/autonomous_exploration' returned '0': PYTHONPATH=/home/mosalam/robot_ws/build/autonomous_exploration/prefix_override:/usr/lib/python3/dist-packages/colcon_core/task/python/colcon_distutils_commands:/home/mosalam/robot_ws/install/autonomous_exploration/lib/python3.10/site-packages:${PYTHONPATH} /usr/bin/python3 -W ignore:setup.py install is deprecated -W ignore:easy_install command is deprecated setup.py egg_info --egg-base ../../../build/autonomous_exploration build --build-base /home/mosalam/robot_ws/build/autonomous_exploration/build install --record /home/mosalam/robot_ws/build/autonomous_exploration/install.log --single-version-externally-managed install_data
