[0.015s] Invoking command in '/home/mosalam/robot_ws/build/vizanti_demos': AMENT_PREFIX_PATH=/home/mosalam/robot_ws/install/vizanti_msgs:${AMENT_PREFIX_PATH} CMAKE_PREFIX_PATH=/home/mosalam/robot_ws/install/vizanti_msgs:/home/mosalam/robot_ws/install/robot:/home/mosalam/robot_ws/install/urdf_tutorial:/home/mosalam/robot_ws/install/serial_motor_demo_msgs:/home/mosalam/robot_ws/install/serial:/home/mosalam/robot_ws/install/rplidar_ros:/home/mosalam/robot_ws/install/multirobot_map_merge:/home/mosalam/robot_ws/install/explore_lite:/home/mosalam/robot_ws/install/diffdrive_arduino:/home/mosalam/robot_ws/install/serial_motor_demo:/home/mosalam/robot_ws/install/custom_explorer:/home/mosalam/robot_ws/install/autonomous_exploration:/opt/ros/humble LD_LIBRARY_PATH=/home/mosalam/robot_ws/install/vizanti_msgs/lib:${LD_LIBRARY_PATH} PYTHONPATH=/home/mosalam/robot_ws/install/vizanti_msgs/local/lib/python3.10/dist-packages:${PYTHONPATH} /usr/bin/cmake /home/mosalam/robot_ws/src/vizanti/vizanti_demos -DCMAKE_INSTALL_PREFIX=/home/mosalam/robot_ws/install/vizanti_demos
[0.103s] -- The C compiler identification is GNU 11.4.0
[0.201s] -- The CXX compiler identification is GNU 11.4.0
[0.213s] -- Detecting C compiler ABI info
[0.321s] -- Detecting C compiler ABI info - done
[0.332s] -- Check for working C compiler: /usr/bin/cc - skipped
[0.333s] -- Detecting C compile features
[0.333s] -- Detecting C compile features - done
[0.339s] -- Detecting CXX compiler ABI info
[0.469s] -- Detecting CXX compiler ABI info - done
[0.479s] -- Check for working CXX compiler: /usr/bin/c++ - skipped
[0.481s] -- Detecting CXX compile features
[0.481s] -- Detecting CXX compile features - done
[0.484s] -- Found ament_cmake: 1.3.11 (/opt/ros/humble/share/ament_cmake/cmake)
[0.746s] -- Found Python3: /usr/bin/python3 (found version "3.10.12") found components: Interpreter 
[0.898s] -- Found rclcpp: 16.0.11 (/opt/ros/humble/share/rclcpp/cmake)
[0.953s] -- Found rosidl_generator_c: 3.1.6 (/opt/ros/humble/share/rosidl_generator_c/cmake)
[0.960s] -- Found rosidl_adapter: 3.1.6 (/opt/ros/humble/share/rosidl_adapter/cmake)
[0.972s] -- Found rosidl_generator_cpp: 3.1.6 (/opt/ros/humble/share/rosidl_generator_cpp/cmake)
[0.988s] -- Using all available rosidl_typesupport_c: rosidl_typesupport_fastrtps_c;rosidl_typesupport_introspection_c
[1.009s] -- Using all available rosidl_typesupport_cpp: rosidl_typesupport_fastrtps_cpp;rosidl_typesupport_introspection_cpp
[1.069s] -- Found rmw_implementation_cmake: 6.1.2 (/opt/ros/humble/share/rmw_implementation_cmake/cmake)
[1.073s] -- Found rmw_fastrtps_cpp: 6.2.7 (/opt/ros/humble/share/rmw_fastrtps_cpp/cmake)
[1.204s] -- Found OpenSSL: /usr/lib/x86_64-linux-gnu/libcrypto.so (found version "3.0.2")  
[1.252s] -- Found FastRTPS: /opt/ros/humble/include  
[1.320s] -- Using RMW implementation 'rmw_fastrtps_cpp' as default
[1.338s] -- Looking for pthread.h
[1.417s] -- Looking for pthread.h - found
[1.417s] -- Performing Test CMAKE_HAVE_LIBC_PTHREAD
[1.499s] -- Performing Test CMAKE_HAVE_LIBC_PTHREAD - Success
[1.500s] -- Found Threads: TRUE  
[1.564s] -- Found rclpy: 3.3.15 (/opt/ros/humble/share/rclpy/cmake)
[1.567s] -- Found std_srvs: 4.2.4 (/opt/ros/humble/share/std_srvs/cmake)
[1.579s] -- Found tf2_msgs: 0.25.12 (/opt/ros/humble/share/tf2_msgs/cmake)
[1.645s] -- Found vizanti_msgs: 0.1.0 (/home/mosalam/robot_ws/install/vizanti_msgs/share/vizanti_msgs/cmake)
[1.690s] -- Found visualization_msgs: 4.2.4 (/opt/ros/humble/share/visualization_msgs/cmake)
[1.846s] -- Configuring done
[1.854s] -- Generating done
[1.858s] -- Build files have been written to: /home/mosalam/robot_ws/build/vizanti_demos
[1.877s] Invoked command in '/home/mosalam/robot_ws/build/vizanti_demos' returned '0': AMENT_PREFIX_PATH=/home/mosalam/robot_ws/install/vizanti_msgs:${AMENT_PREFIX_PATH} CMAKE_PREFIX_PATH=/home/mosalam/robot_ws/install/vizanti_msgs:/home/mosalam/robot_ws/install/robot:/home/mosalam/robot_ws/install/urdf_tutorial:/home/mosalam/robot_ws/install/serial_motor_demo_msgs:/home/mosalam/robot_ws/install/serial:/home/mosalam/robot_ws/install/rplidar_ros:/home/mosalam/robot_ws/install/multirobot_map_merge:/home/mosalam/robot_ws/install/explore_lite:/home/mosalam/robot_ws/install/diffdrive_arduino:/home/mosalam/robot_ws/install/serial_motor_demo:/home/mosalam/robot_ws/install/custom_explorer:/home/mosalam/robot_ws/install/autonomous_exploration:/opt/ros/humble LD_LIBRARY_PATH=/home/mosalam/robot_ws/install/vizanti_msgs/lib:${LD_LIBRARY_PATH} PYTHONPATH=/home/mosalam/robot_ws/install/vizanti_msgs/local/lib/python3.10/dist-packages:${PYTHONPATH} /usr/bin/cmake /home/mosalam/robot_ws/src/vizanti/vizanti_demos -DCMAKE_INSTALL_PREFIX=/home/mosalam/robot_ws/install/vizanti_demos
[1.880s] Invoking command in '/home/mosalam/robot_ws/build/vizanti_demos': AMENT_PREFIX_PATH=/home/mosalam/robot_ws/install/vizanti_msgs:${AMENT_PREFIX_PATH} CMAKE_PREFIX_PATH=/home/mosalam/robot_ws/install/vizanti_msgs:/home/mosalam/robot_ws/install/robot:/home/mosalam/robot_ws/install/urdf_tutorial:/home/mosalam/robot_ws/install/serial_motor_demo_msgs:/home/mosalam/robot_ws/install/serial:/home/mosalam/robot_ws/install/rplidar_ros:/home/mosalam/robot_ws/install/multirobot_map_merge:/home/mosalam/robot_ws/install/explore_lite:/home/mosalam/robot_ws/install/diffdrive_arduino:/home/mosalam/robot_ws/install/serial_motor_demo:/home/mosalam/robot_ws/install/custom_explorer:/home/mosalam/robot_ws/install/autonomous_exploration:/opt/ros/humble LD_LIBRARY_PATH=/home/mosalam/robot_ws/install/vizanti_msgs/lib:${LD_LIBRARY_PATH} PYTHONPATH=/home/mosalam/robot_ws/install/vizanti_msgs/local/lib/python3.10/dist-packages:${PYTHONPATH} /usr/bin/cmake --build /home/mosalam/robot_ws/build/vizanti_demos -- -j4 -l4
[1.939s] Invoked command in '/home/mosalam/robot_ws/build/vizanti_demos' returned '0': AMENT_PREFIX_PATH=/home/mosalam/robot_ws/install/vizanti_msgs:${AMENT_PREFIX_PATH} CMAKE_PREFIX_PATH=/home/mosalam/robot_ws/install/vizanti_msgs:/home/mosalam/robot_ws/install/robot:/home/mosalam/robot_ws/install/urdf_tutorial:/home/mosalam/robot_ws/install/serial_motor_demo_msgs:/home/mosalam/robot_ws/install/serial:/home/mosalam/robot_ws/install/rplidar_ros:/home/mosalam/robot_ws/install/multirobot_map_merge:/home/mosalam/robot_ws/install/explore_lite:/home/mosalam/robot_ws/install/diffdrive_arduino:/home/mosalam/robot_ws/install/serial_motor_demo:/home/mosalam/robot_ws/install/custom_explorer:/home/mosalam/robot_ws/install/autonomous_exploration:/opt/ros/humble LD_LIBRARY_PATH=/home/mosalam/robot_ws/install/vizanti_msgs/lib:${LD_LIBRARY_PATH} PYTHONPATH=/home/mosalam/robot_ws/install/vizanti_msgs/local/lib/python3.10/dist-packages:${PYTHONPATH} /usr/bin/cmake --build /home/mosalam/robot_ws/build/vizanti_demos -- -j4 -l4
[1.940s] Invoking command in '/home/mosalam/robot_ws/build/vizanti_demos': AMENT_PREFIX_PATH=/home/mosalam/robot_ws/install/vizanti_msgs:${AMENT_PREFIX_PATH} CMAKE_PREFIX_PATH=/home/mosalam/robot_ws/install/vizanti_msgs:/home/mosalam/robot_ws/install/robot:/home/mosalam/robot_ws/install/urdf_tutorial:/home/mosalam/robot_ws/install/serial_motor_demo_msgs:/home/mosalam/robot_ws/install/serial:/home/mosalam/robot_ws/install/rplidar_ros:/home/mosalam/robot_ws/install/multirobot_map_merge:/home/mosalam/robot_ws/install/explore_lite:/home/mosalam/robot_ws/install/diffdrive_arduino:/home/mosalam/robot_ws/install/serial_motor_demo:/home/mosalam/robot_ws/install/custom_explorer:/home/mosalam/robot_ws/install/autonomous_exploration:/opt/ros/humble LD_LIBRARY_PATH=/home/mosalam/robot_ws/install/vizanti_msgs/lib:${LD_LIBRARY_PATH} PYTHONPATH=/home/mosalam/robot_ws/install/vizanti_msgs/local/lib/python3.10/dist-packages:${PYTHONPATH} /usr/bin/cmake --install /home/mosalam/robot_ws/build/vizanti_demos
[1.950s] -- Install configuration: ""
[1.951s] -- Installing: /home/mosalam/robot_ws/install/vizanti_demos/share/vizanti_demos//launch
[1.951s] -- Installing: /home/mosalam/robot_ws/install/vizanti_demos/share/vizanti_demos//launch/test.launch.py
[1.951s] -- Installing: /home/mosalam/robot_ws/install/vizanti_demos/share/vizanti_demos//assets
[1.951s] -- Installing: /home/mosalam/robot_ws/install/vizanti_demos/share/vizanti_demos//assets/test_heightmap.png
[1.952s] -- Installing: /home/mosalam/robot_ws/install/vizanti_demos/lib/vizanti_demos/particle_cloud_to_pose_array.py
[1.952s] -- Installing: /home/mosalam/robot_ws/install/vizanti_demos/lib/vizanti_demos/path_to_nav2poses.py
[1.952s] -- Installing: /home/mosalam/robot_ws/install/vizanti_demos/lib/vizanti_demos/test_occupancy_grid.py
[1.952s] -- Installing: /home/mosalam/robot_ws/install/vizanti_demos/lib/vizanti_demos/test_grid_cells.py
[1.952s] -- Installing: /home/mosalam/robot_ws/install/vizanti_demos/lib/vizanti_demos/test_marker_array.py
[1.953s] -- Installing: /home/mosalam/robot_ws/install/vizanti_demos/lib/vizanti_demos/test_tf.py
[1.953s] -- Installing: /home/mosalam/robot_ws/install/vizanti_demos/share/ament_index/resource_index/package_run_dependencies/vizanti_demos
[1.953s] -- Installing: /home/mosalam/robot_ws/install/vizanti_demos/share/ament_index/resource_index/parent_prefix_path/vizanti_demos
[1.953s] -- Installing: /home/mosalam/robot_ws/install/vizanti_demos/share/vizanti_demos/environment/ament_prefix_path.sh
[1.953s] -- Installing: /home/mosalam/robot_ws/install/vizanti_demos/share/vizanti_demos/environment/ament_prefix_path.dsv
[1.953s] -- Installing: /home/mosalam/robot_ws/install/vizanti_demos/share/vizanti_demos/environment/path.sh
[1.954s] -- Installing: /home/mosalam/robot_ws/install/vizanti_demos/share/vizanti_demos/environment/path.dsv
[1.954s] -- Installing: /home/mosalam/robot_ws/install/vizanti_demos/share/vizanti_demos/local_setup.bash
[1.954s] -- Installing: /home/mosalam/robot_ws/install/vizanti_demos/share/vizanti_demos/local_setup.sh
[1.954s] -- Installing: /home/mosalam/robot_ws/install/vizanti_demos/share/vizanti_demos/local_setup.zsh
[1.954s] -- Installing: /home/mosalam/robot_ws/install/vizanti_demos/share/vizanti_demos/local_setup.dsv
[1.955s] -- Installing: /home/mosalam/robot_ws/install/vizanti_demos/share/vizanti_demos/package.dsv
[1.955s] -- Installing: /home/mosalam/robot_ws/install/vizanti_demos/share/ament_index/resource_index/packages/vizanti_demos
[1.955s] -- Installing: /home/mosalam/robot_ws/install/vizanti_demos/share/vizanti_demos/cmake/vizanti_demosConfig.cmake
[1.955s] -- Installing: /home/mosalam/robot_ws/install/vizanti_demos/share/vizanti_demos/cmake/vizanti_demosConfig-version.cmake
[1.955s] -- Installing: /home/mosalam/robot_ws/install/vizanti_demos/share/vizanti_demos/package.xml
[1.959s] Invoked command in '/home/mosalam/robot_ws/build/vizanti_demos' returned '0': AMENT_PREFIX_PATH=/home/mosalam/robot_ws/install/vizanti_msgs:${AMENT_PREFIX_PATH} CMAKE_PREFIX_PATH=/home/mosalam/robot_ws/install/vizanti_msgs:/home/mosalam/robot_ws/install/robot:/home/mosalam/robot_ws/install/urdf_tutorial:/home/mosalam/robot_ws/install/serial_motor_demo_msgs:/home/mosalam/robot_ws/install/serial:/home/mosalam/robot_ws/install/rplidar_ros:/home/mosalam/robot_ws/install/multirobot_map_merge:/home/mosalam/robot_ws/install/explore_lite:/home/mosalam/robot_ws/install/diffdrive_arduino:/home/mosalam/robot_ws/install/serial_motor_demo:/home/mosalam/robot_ws/install/custom_explorer:/home/mosalam/robot_ws/install/autonomous_exploration:/opt/ros/humble LD_LIBRARY_PATH=/home/mosalam/robot_ws/install/vizanti_msgs/lib:${LD_LIBRARY_PATH} PYTHONPATH=/home/mosalam/robot_ws/install/vizanti_msgs/local/lib/python3.10/dist-packages:${PYTHONPATH} /usr/bin/cmake --install /home/mosalam/robot_ws/build/vizanti_demos
