[0.025s] Invoking command in '/home/mosalam/robot_ws/build/diffdrive_arduino': CMAKE_PREFIX_PATH=${CMAKE_PREFIX_PATH}:/home/mosalam/robot_ws/install/serial_motor_demo:/home/mosalam/robot_ws/install/custom_explorer:/home/mosalam/robot_ws/install/autonomous_exploration:/opt/ros/humble /usr/bin/cmake --build /home/mosalam/robot_ws/build/diffdrive_arduino -- -j4 -l4
[0.125s] [35m[1mConsolidate compiler generated dependencies of target diffdrive_arduino[0m
[0.150s] [ 50%] [32mBuilding CXX object CMakeFiles/diffdrive_arduino.dir/hardware/diffbot_system.cpp.o[0m
[9.998s] [100%] [32m[1mLinking CXX shared library libdiffdrive_arduino.so[0m
[10.631s] [100%] Built target diffdrive_arduino
[10.642s] Invoked command in '/home/mosalam/robot_ws/build/diffdrive_arduino' returned '0': CMAKE_PREFIX_PATH=${CMAKE_PREFIX_PATH}:/home/mosalam/robot_ws/install/serial_motor_demo:/home/mosalam/robot_ws/install/custom_explorer:/home/mosalam/robot_ws/install/autonomous_exploration:/opt/ros/humble /usr/bin/cmake --build /home/mosalam/robot_ws/build/diffdrive_arduino -- -j4 -l4
[10.644s] Invoking command in '/home/mosalam/robot_ws/build/diffdrive_arduino': CMAKE_PREFIX_PATH=${CMAKE_PREFIX_PATH}:/home/mosalam/robot_ws/install/serial_motor_demo:/home/mosalam/robot_ws/install/custom_explorer:/home/mosalam/robot_ws/install/autonomous_exploration:/opt/ros/humble /usr/bin/cmake --install /home/mosalam/robot_ws/build/diffdrive_arduino
[10.652s] -- Install configuration: ""
[10.652s] -- Execute custom install script
[10.653s] -- Up-to-date symlink: /home/mosalam/robot_ws/install/diffdrive_arduino/share/diffdrive_arduino//diffdrive_arduino.xml
[10.653s] -- Up-to-date symlink: /home/mosalam/robot_ws/install/diffdrive_arduino/include/diffdrive_arduino/diffdrive_arduino/arduino_comms.hpp
[10.653s] -- Up-to-date symlink: /home/mosalam/robot_ws/install/diffdrive_arduino/include/diffdrive_arduino/diffdrive_arduino/diffbot_system.hpp
[10.653s] -- Up-to-date symlink: /home/mosalam/robot_ws/install/diffdrive_arduino/include/diffdrive_arduino/diffdrive_arduino/visibility_control.h
[10.654s] -- Up-to-date symlink: /home/mosalam/robot_ws/install/diffdrive_arduino/include/diffdrive_arduino/diffdrive_arduino/wheel.hpp
[10.654s] -- Up-to-date symlink: /home/mosalam/robot_ws/install/diffdrive_arduino/share/diffdrive_arduino/launch/view_robot.launch.py
[10.654s] -- Up-to-date symlink: /home/mosalam/robot_ws/install/diffdrive_arduino/share/diffdrive_arduino/ros2_control/diffbot.ros2_control.xacro
[10.654s] -- Up-to-date symlink: /home/mosalam/robot_ws/install/diffdrive_arduino/share/diffdrive_arduino/urdf/diffbot.materials.xacro
[10.655s] -- Up-to-date symlink: /home/mosalam/robot_ws/install/diffdrive_arduino/share/diffdrive_arduino/urdf/diffbot.urdf.xacro
[10.655s] -- Up-to-date symlink: /home/mosalam/robot_ws/install/diffdrive_arduino/share/diffdrive_arduino/urdf/diffbot_description.urdf.xacro
[10.655s] -- Up-to-date symlink: /home/mosalam/robot_ws/install/diffdrive_arduino/share/diffdrive_arduino/rviz/diffbot.rviz
[10.655s] -- Up-to-date symlink: /home/mosalam/robot_ws/install/diffdrive_arduino/share/diffdrive_arduino/rviz/diffbot_view.rviz
[10.656s] -- Up-to-date symlink: /home/mosalam/robot_ws/install/diffdrive_arduino/share/diffdrive_arduino/launch/diffbot.launch.py
[10.656s] -- Up-to-date symlink: /home/mosalam/robot_ws/install/diffdrive_arduino/share/diffdrive_arduino/config/diffbot_controllers.yaml
[10.656s] -- Up-to-date symlink: /home/mosalam/robot_ws/install/diffdrive_arduino/share/diffdrive_arduino/environment/library_path.sh
[10.656s] -- Up-to-date symlink: /home/mosalam/robot_ws/install/diffdrive_arduino/share/diffdrive_arduino/environment/library_path.dsv
[10.657s] -- Up-to-date symlink: /home/mosalam/robot_ws/install/diffdrive_arduino/share/ament_index/resource_index/package_run_dependencies/diffdrive_arduino
[10.657s] -- Up-to-date symlink: /home/mosalam/robot_ws/install/diffdrive_arduino/share/ament_index/resource_index/parent_prefix_path/diffdrive_arduino
[10.657s] -- Up-to-date symlink: /home/mosalam/robot_ws/install/diffdrive_arduino/share/diffdrive_arduino/environment/ament_prefix_path.sh
[10.657s] -- Up-to-date symlink: /home/mosalam/robot_ws/install/diffdrive_arduino/share/diffdrive_arduino/environment/ament_prefix_path.dsv
[10.658s] -- Up-to-date symlink: /home/mosalam/robot_ws/install/diffdrive_arduino/share/diffdrive_arduino/environment/path.sh
[10.658s] -- Up-to-date symlink: /home/mosalam/robot_ws/install/diffdrive_arduino/share/diffdrive_arduino/environment/path.dsv
[10.658s] -- Up-to-date symlink: /home/mosalam/robot_ws/install/diffdrive_arduino/share/diffdrive_arduino/local_setup.bash
[10.658s] -- Up-to-date symlink: /home/mosalam/robot_ws/install/diffdrive_arduino/share/diffdrive_arduino/local_setup.sh
[10.658s] -- Up-to-date symlink: /home/mosalam/robot_ws/install/diffdrive_arduino/share/diffdrive_arduino/local_setup.zsh
[10.659s] -- Up-to-date symlink: /home/mosalam/robot_ws/install/diffdrive_arduino/share/diffdrive_arduino/local_setup.dsv
[10.659s] -- Symlinking: /home/mosalam/robot_ws/install/diffdrive_arduino/share/diffdrive_arduino/package.dsv
[10.669s] -- Up-to-date symlink: /home/mosalam/robot_ws/install/diffdrive_arduino/share/ament_index/resource_index/packages/diffdrive_arduino
[10.669s] -- Up-to-date symlink: /home/mosalam/robot_ws/install/diffdrive_arduino/share/ament_index/resource_index/hardware_interface__pluginlib__plugin/diffdrive_arduino
[10.669s] -- Up-to-date symlink: /home/mosalam/robot_ws/install/diffdrive_arduino/share/diffdrive_arduino/cmake/ament_cmake_export_targets-extras.cmake
[10.669s] -- Up-to-date symlink: /home/mosalam/robot_ws/install/diffdrive_arduino/share/diffdrive_arduino/cmake/ament_cmake_export_dependencies-extras.cmake
[10.670s] -- Up-to-date symlink: /home/mosalam/robot_ws/install/diffdrive_arduino/share/diffdrive_arduino/cmake/diffdrive_arduinoConfig.cmake
[10.670s] -- Up-to-date symlink: /home/mosalam/robot_ws/install/diffdrive_arduino/share/diffdrive_arduino/cmake/diffdrive_arduinoConfig-version.cmake
[10.670s] -- Up-to-date symlink: /home/mosalam/robot_ws/install/diffdrive_arduino/share/diffdrive_arduino/package.xml
[10.670s] -- Installing: /home/mosalam/robot_ws/install/diffdrive_arduino/lib/libdiffdrive_arduino.so
[10.681s] -- Set runtime path of "/home/mosalam/robot_ws/install/diffdrive_arduino/lib/libdiffdrive_arduino.so" to ""
[10.682s] -- Up-to-date: /home/mosalam/robot_ws/install/diffdrive_arduino/share/diffdrive_arduino/cmake/export_diffdrive_arduinoExport.cmake
[10.682s] -- Up-to-date: /home/mosalam/robot_ws/install/diffdrive_arduino/share/diffdrive_arduino/cmake/export_diffdrive_arduinoExport-noconfig.cmake
[10.684s] Invoked command in '/home/mosalam/robot_ws/build/diffdrive_arduino' returned '0': CMAKE_PREFIX_PATH=${CMAKE_PREFIX_PATH}:/home/mosalam/robot_ws/install/serial_motor_demo:/home/mosalam/robot_ws/install/custom_explorer:/home/mosalam/robot_ws/install/autonomous_exploration:/opt/ros/humble /usr/bin/cmake --install /home/mosalam/robot_ws/build/diffdrive_arduino
