[0.026s] Invoking command in '/home/mosalam/robot_ws/build/urdf_tutorial': CMAKE_PREFIX_PATH=${CMAKE_PREFIX_PATH}:/home/mosalam/robot_ws/install/serial_motor_demo:/home/mosalam/robot_ws/install/custom_explorer:/home/mosalam/robot_ws/install/autonomous_exploration:/opt/ros/humble /usr/bin/cmake --build /home/mosalam/robot_ws/build/urdf_tutorial -- -j4 -l4
[0.736s] Invoked command in '/home/mosalam/robot_ws/build/urdf_tutorial' returned '0': CMAKE_PREFIX_PATH=${CMAKE_PREFIX_PATH}:/home/mosalam/robot_ws/install/serial_motor_demo:/home/mosalam/robot_ws/install/custom_explorer:/home/mosalam/robot_ws/install/autonomous_exploration:/opt/ros/humble /usr/bin/cmake --build /home/mosalam/robot_ws/build/urdf_tutorial -- -j4 -l4
[0.754s] Invoking command in '/home/mosalam/robot_ws/build/urdf_tutorial': CMAKE_PREFIX_PATH=${CMAKE_PREFIX_PATH}:/home/mosalam/robot_ws/install/serial_motor_demo:/home/mosalam/robot_ws/install/custom_explorer:/home/mosalam/robot_ws/install/autonomous_exploration:/opt/ros/humble /usr/bin/cmake --install /home/mosalam/robot_ws/build/urdf_tutorial
[0.765s] -- Install configuration: ""
[0.765s] -- Execute custom install script
[0.766s] -- Up-to-date symlink: /home/mosalam/robot_ws/install/urdf_tutorial/share/urdf_tutorial/images/flexible.png
[0.766s] -- Up-to-date symlink: /home/mosalam/robot_ws/install/urdf_tutorial/share/urdf_tutorial/images/materials.png
[0.766s] -- Up-to-date symlink: /home/mosalam/robot_ws/install/urdf_tutorial/share/urdf_tutorial/images/multipleshapes.png
[0.766s] -- Up-to-date symlink: /home/mosalam/robot_ws/install/urdf_tutorial/share/urdf_tutorial/images/myfirst.png
[0.767s] -- Up-to-date symlink: /home/mosalam/robot_ws/install/urdf_tutorial/share/urdf_tutorial/images/origins.png
[0.767s] -- Up-to-date symlink: /home/mosalam/robot_ws/install/urdf_tutorial/share/urdf_tutorial/images/visual.png
[0.767s] -- Up-to-date symlink: /home/mosalam/robot_ws/install/urdf_tutorial/share/urdf_tutorial/launch/display.launch.py
[0.768s] -- Up-to-date symlink: /home/mosalam/robot_ws/install/urdf_tutorial/share/urdf_tutorial/meshes/l_finger.dae
[0.768s] -- Up-to-date symlink: /home/mosalam/robot_ws/install/urdf_tutorial/share/urdf_tutorial/meshes/l_finger_color.png
[0.768s] -- Up-to-date symlink: /home/mosalam/robot_ws/install/urdf_tutorial/share/urdf_tutorial/meshes/l_finger_tip.dae
[0.769s] -- Up-to-date symlink: /home/mosalam/robot_ws/install/urdf_tutorial/share/urdf_tutorial/meshes/l_finger_tip_color.png
[0.769s] -- Up-to-date symlink: /home/mosalam/robot_ws/install/urdf_tutorial/share/urdf_tutorial/rviz/urdf.rviz
[0.769s] -- Up-to-date symlink: /home/mosalam/robot_ws/install/urdf_tutorial/share/urdf_tutorial/urdf/01-myfirst.urdf
[0.770s] -- Up-to-date symlink: /home/mosalam/robot_ws/install/urdf_tutorial/share/urdf_tutorial/urdf/02-multipleshapes.urdf
[0.770s] -- Up-to-date symlink: /home/mosalam/robot_ws/install/urdf_tutorial/share/urdf_tutorial/urdf/03-origins.urdf
[0.771s] -- Up-to-date symlink: /home/mosalam/robot_ws/install/urdf_tutorial/share/urdf_tutorial/urdf/04-materials.urdf
[0.771s] -- Up-to-date symlink: /home/mosalam/robot_ws/install/urdf_tutorial/share/urdf_tutorial/urdf/05-visual.urdf
[0.771s] -- Up-to-date symlink: /home/mosalam/robot_ws/install/urdf_tutorial/share/urdf_tutorial/urdf/06-flexible.urdf
[0.772s] -- Up-to-date symlink: /home/mosalam/robot_ws/install/urdf_tutorial/share/urdf_tutorial/urdf/07-physics.urdf
[0.772s] -- Up-to-date symlink: /home/mosalam/robot_ws/install/urdf_tutorial/share/urdf_tutorial/urdf/08-macroed.urdf.xacro
[0.772s] -- Up-to-date symlink: /home/mosalam/robot_ws/install/urdf_tutorial/share/ament_index/resource_index/package_run_dependencies/urdf_tutorial
[0.773s] -- Up-to-date symlink: /home/mosalam/robot_ws/install/urdf_tutorial/share/ament_index/resource_index/parent_prefix_path/urdf_tutorial
[0.773s] -- Up-to-date symlink: /home/mosalam/robot_ws/install/urdf_tutorial/share/urdf_tutorial/environment/ament_prefix_path.sh
[0.773s] -- Up-to-date symlink: /home/mosalam/robot_ws/install/urdf_tutorial/share/urdf_tutorial/environment/ament_prefix_path.dsv
[0.775s] -- Up-to-date symlink: /home/mosalam/robot_ws/install/urdf_tutorial/share/urdf_tutorial/environment/path.sh
[0.775s] -- Up-to-date symlink: /home/mosalam/robot_ws/install/urdf_tutorial/share/urdf_tutorial/environment/path.dsv
[0.776s] -- Up-to-date symlink: /home/mosalam/robot_ws/install/urdf_tutorial/share/urdf_tutorial/local_setup.bash
[0.776s] -- Up-to-date symlink: /home/mosalam/robot_ws/install/urdf_tutorial/share/urdf_tutorial/local_setup.sh
[0.776s] -- Up-to-date symlink: /home/mosalam/robot_ws/install/urdf_tutorial/share/urdf_tutorial/local_setup.zsh
[0.776s] -- Up-to-date symlink: /home/mosalam/robot_ws/install/urdf_tutorial/share/urdf_tutorial/local_setup.dsv
[0.776s] -- Symlinking: /home/mosalam/robot_ws/install/urdf_tutorial/share/urdf_tutorial/package.dsv
[0.788s] -- Up-to-date symlink: /home/mosalam/robot_ws/install/urdf_tutorial/share/ament_index/resource_index/packages/urdf_tutorial
[0.788s] -- Up-to-date symlink: /home/mosalam/robot_ws/install/urdf_tutorial/share/urdf_tutorial/cmake/urdf_tutorialConfig.cmake
[0.789s] -- Up-to-date symlink: /home/mosalam/robot_ws/install/urdf_tutorial/share/urdf_tutorial/cmake/urdf_tutorialConfig-version.cmake
[0.789s] -- Up-to-date symlink: /home/mosalam/robot_ws/install/urdf_tutorial/share/urdf_tutorial/package.xml
[0.794s] Invoked command in '/home/mosalam/robot_ws/build/urdf_tutorial' returned '0': CMAKE_PREFIX_PATH=${CMAKE_PREFIX_PATH}:/home/mosalam/robot_ws/install/serial_motor_demo:/home/mosalam/robot_ws/install/custom_explorer:/home/mosalam/robot_ws/install/autonomous_exploration:/opt/ros/humble /usr/bin/cmake --install /home/mosalam/robot_ws/build/urdf_tutorial
