[0.006s] Invoking command in '/home/mosalam/robot_ws/build/rplidar_ros': CMAKE_PREFIX_PATH=${CMAKE_PREFIX_PATH}:/home/mosalam/robot_ws/install/serial_motor_demo:/home/mosalam/robot_ws/install/custom_explorer:/home/mosalam/robot_ws/install/autonomous_exploration:/opt/ros/humble /usr/bin/cmake --build /home/mosalam/robot_ws/build/rplidar_ros -- -j4 -l4
[0.123s] [ 77%] Built target rplidar_composition_node
[0.167s] [100%] Built target rplidar_composition
[0.190s] Invoked command in '/home/mosalam/robot_ws/build/rplidar_ros' returned '0': CMAKE_PREFIX_PATH=${CMAKE_PREFIX_PATH}:/home/mosalam/robot_ws/install/serial_motor_demo:/home/mosalam/robot_ws/install/custom_explorer:/home/mosalam/robot_ws/install/autonomous_exploration:/opt/ros/humble /usr/bin/cmake --build /home/mosalam/robot_ws/build/rplidar_ros -- -j4 -l4
[0.191s] Invoking command in '/home/mosalam/robot_ws/build/rplidar_ros': CMAKE_PREFIX_PATH=${CMAKE_PREFIX_PATH}:/home/mosalam/robot_ws/install/serial_motor_demo:/home/mosalam/robot_ws/install/custom_explorer:/home/mosalam/robot_ws/install/autonomous_exploration:/opt/ros/humble /usr/bin/cmake --install /home/mosalam/robot_ws/build/rplidar_ros
[0.202s] -- Install configuration: ""
[0.203s] -- Execute custom install script
[0.203s] -- Up-to-date symlink: /home/mosalam/robot_ws/install/rplidar_ros/lib/rplidar_ros/rplidar_composition
[0.204s] -- Up-to-date symlink: /home/mosalam/robot_ws/install/rplidar_ros/share/rplidar_ros/launch/rplidar.launch.py
[0.205s] -- Up-to-date symlink: /home/mosalam/robot_ws/install/rplidar_ros/share/rplidar_ros/launch/rplidar_a3.launch.py
[0.205s] -- Up-to-date symlink: /home/mosalam/robot_ws/install/rplidar_ros/share/rplidar_ros/launch/rplidar_s1.launch.py
[0.206s] -- Up-to-date symlink: /home/mosalam/robot_ws/install/rplidar_ros/share/rplidar_ros/launch/rplidar_s1_tcp.launch.py
[0.206s] -- Up-to-date symlink: /home/mosalam/robot_ws/install/rplidar_ros/share/rplidar_ros/launch/test_rplidar_a3.launch.py
[0.206s] -- Up-to-date symlink: /home/mosalam/robot_ws/install/rplidar_ros/share/rplidar_ros/launch/view_rplidar.launch.py
[0.207s] -- Up-to-date symlink: /home/mosalam/robot_ws/install/rplidar_ros/share/rplidar_ros/launch/view_rplidar_a3.launch.py
[0.207s] -- Up-to-date symlink: /home/mosalam/robot_ws/install/rplidar_ros/share/rplidar_ros/launch/view_rplidar_s1.launch.py
[0.208s] -- Up-to-date symlink: /home/mosalam/robot_ws/install/rplidar_ros/share/rplidar_ros/launch/view_rplidar_s1_tcp.launch.py
[0.209s] -- Up-to-date symlink: /home/mosalam/robot_ws/install/rplidar_ros/share/rplidar_ros/rviz/rplidar.rviz
[0.209s] -- Up-to-date symlink: /home/mosalam/robot_ws/install/rplidar_ros/lib/librplidar_composition_node.so
[0.210s] -- Up-to-date symlink: /home/mosalam/robot_ws/install/rplidar_ros/include/rplidar_node.hpp
[0.211s] -- Up-to-date symlink: /home/mosalam/robot_ws/install/rplidar_ros/include/visibility.h
[0.211s] -- Up-to-date symlink: /home/mosalam/robot_ws/install/rplidar_ros/lib/rplidar_ros/rplidar_composition
[0.211s] -- Up-to-date symlink: /home/mosalam/robot_ws/install/rplidar_ros/share/ament_index/resource_index/package_run_dependencies/rplidar_ros
[0.212s] -- Up-to-date symlink: /home/mosalam/robot_ws/install/rplidar_ros/share/ament_index/resource_index/parent_prefix_path/rplidar_ros
[0.213s] -- Up-to-date symlink: /home/mosalam/robot_ws/install/rplidar_ros/share/rplidar_ros/environment/ament_prefix_path.sh
[0.213s] -- Up-to-date symlink: /home/mosalam/robot_ws/install/rplidar_ros/share/rplidar_ros/environment/ament_prefix_path.dsv
[0.214s] -- Up-to-date symlink: /home/mosalam/robot_ws/install/rplidar_ros/share/rplidar_ros/environment/path.sh
[0.214s] -- Up-to-date symlink: /home/mosalam/robot_ws/install/rplidar_ros/share/rplidar_ros/environment/path.dsv
[0.215s] -- Up-to-date symlink: /home/mosalam/robot_ws/install/rplidar_ros/share/rplidar_ros/local_setup.bash
[0.215s] -- Up-to-date symlink: /home/mosalam/robot_ws/install/rplidar_ros/share/rplidar_ros/local_setup.sh
[0.216s] -- Up-to-date symlink: /home/mosalam/robot_ws/install/rplidar_ros/share/rplidar_ros/local_setup.zsh
[0.216s] -- Up-to-date symlink: /home/mosalam/robot_ws/install/rplidar_ros/share/rplidar_ros/local_setup.dsv
[0.216s] -- Symlinking: /home/mosalam/robot_ws/install/rplidar_ros/share/rplidar_ros/package.dsv
[0.233s] -- Up-to-date symlink: /home/mosalam/robot_ws/install/rplidar_ros/share/ament_index/resource_index/packages/rplidar_ros
[0.233s] -- Up-to-date symlink: /home/mosalam/robot_ws/install/rplidar_ros/share/ament_index/resource_index/rclcpp_components/rplidar_ros
[0.233s] -- Up-to-date symlink: /home/mosalam/robot_ws/install/rplidar_ros/share/rplidar_ros/cmake/ament_cmake_export_dependencies-extras.cmake
[0.233s] -- Up-to-date symlink: /home/mosalam/robot_ws/install/rplidar_ros/share/rplidar_ros/cmake/ament_cmake_export_include_directories-extras.cmake
[0.233s] -- Up-to-date symlink: /home/mosalam/robot_ws/install/rplidar_ros/share/rplidar_ros/cmake/rplidar_rosConfig.cmake
[0.234s] -- Up-to-date symlink: /home/mosalam/robot_ws/install/rplidar_ros/share/rplidar_ros/cmake/rplidar_rosConfig-version.cmake
[0.234s] -- Up-to-date symlink: /home/mosalam/robot_ws/install/rplidar_ros/share/rplidar_ros/package.xml
[0.239s] Invoked command in '/home/mosalam/robot_ws/build/rplidar_ros' returned '0': CMAKE_PREFIX_PATH=${CMAKE_PREFIX_PATH}:/home/mosalam/robot_ws/install/serial_motor_demo:/home/mosalam/robot_ws/install/custom_explorer:/home/mosalam/robot_ws/install/autonomous_exploration:/opt/ros/humble /usr/bin/cmake --install /home/mosalam/robot_ws/build/rplidar_ros
