[0.028s] Invoking command in '/home/mosalam/robot_ws/build/vizanti_msgs': CMAKE_PREFIX_PATH=${CMAKE_PREFIX_PATH}:/home/mosalam/robot_ws/install/serial_motor_demo:/home/mosalam/robot_ws/install/custom_explorer:/home/mosalam/robot_ws/install/autonomous_exploration:/opt/ros/humble /usr/bin/cmake --build /home/mosalam/robot_ws/build/vizanti_msgs -- -j4 -l4
[0.168s] [  1%] Built target vizanti_msgs__cpp
[0.183s] [  1%] Built target ament_cmake_python_copy_vizanti_msgs
[0.200s] [ 12%] Built target vizanti_msgs__rosidl_generator_c
[0.268s] [ 24%] Built target vizanti_msgs__rosidl_typesupport_fastrtps_cpp
[0.270s] [ 35%] Built target vizanti_msgs__rosidl_typesupport_cpp
[0.301s] [ 47%] Built target vizanti_msgs__rosidl_typesupport_introspection_cpp
[0.327s] [ 58%] Built target vizanti_msgs__rosidl_typesupport_introspection_c
[0.344s] [ 70%] Built target vizanti_msgs__rosidl_typesupport_fastrtps_c
[0.361s] [ 82%] Built target vizanti_msgs__rosidl_typesupport_c
[0.401s] [ 82%] Built target vizanti_msgs
[0.453s] [ 83%] Built target vizanti_msgs__py
[0.519s] [ 93%] Built target vizanti_msgs__rosidl_generator_py
[0.604s] [ 95%] Built target vizanti_msgs__rosidl_typesupport_introspection_c__pyext
[0.613s] [ 97%] Built target vizanti_msgs__rosidl_typesupport_fastrtps_c__pyext
[0.620s] [100%] Built target vizanti_msgs__rosidl_typesupport_c__pyext
[0.805s] running egg_info
[0.807s] writing vizanti_msgs.egg-info/PKG-INFO
[0.810s] writing dependency_links to vizanti_msgs.egg-info/dependency_links.txt
[0.817s] writing top-level names to vizanti_msgs.egg-info/top_level.txt
[0.830s] reading manifest file 'vizanti_msgs.egg-info/SOURCES.txt'
[0.832s] writing manifest file 'vizanti_msgs.egg-info/SOURCES.txt'
[0.918s] [100%] Built target ament_cmake_python_build_vizanti_msgs_egg
[1.238s] Invoked command in '/home/mosalam/robot_ws/build/vizanti_msgs' returned '0': CMAKE_PREFIX_PATH=${CMAKE_PREFIX_PATH}:/home/mosalam/robot_ws/install/serial_motor_demo:/home/mosalam/robot_ws/install/custom_explorer:/home/mosalam/robot_ws/install/autonomous_exploration:/opt/ros/humble /usr/bin/cmake --build /home/mosalam/robot_ws/build/vizanti_msgs -- -j4 -l4
[1.240s] Invoking command in '/home/mosalam/robot_ws/build/vizanti_msgs': CMAKE_PREFIX_PATH=${CMAKE_PREFIX_PATH}:/home/mosalam/robot_ws/install/serial_motor_demo:/home/mosalam/robot_ws/install/custom_explorer:/home/mosalam/robot_ws/install/autonomous_exploration:/opt/ros/humble /usr/bin/cmake --install /home/mosalam/robot_ws/build/vizanti_msgs
[1.286s] -- Install configuration: ""
[1.286s] -- Up-to-date: /home/mosalam/robot_ws/install/vizanti_msgs/share/ament_index/resource_index/rosidl_interfaces/vizanti_msgs
[1.286s] -- Up-to-date: /home/mosalam/robot_ws/install/vizanti_msgs/include/vizanti_msgs/vizanti_msgs
[1.286s] -- Up-to-date: /home/mosalam/robot_ws/install/vizanti_msgs/include/vizanti_msgs/vizanti_msgs/msg
[1.286s] -- Up-to-date: /home/mosalam/robot_ws/install/vizanti_msgs/include/vizanti_msgs/vizanti_msgs/msg/rosidl_generator_c__visibility_control.h
[1.286s] -- Up-to-date: /home/mosalam/robot_ws/install/vizanti_msgs/include/vizanti_msgs/vizanti_msgs/srv
[1.286s] -- Up-to-date: /home/mosalam/robot_ws/install/vizanti_msgs/include/vizanti_msgs/vizanti_msgs/srv/set_node_parameter.h
[1.286s] -- Up-to-date: /home/mosalam/robot_ws/install/vizanti_msgs/include/vizanti_msgs/vizanti_msgs/srv/record_rosbag.h
[1.287s] -- Up-to-date: /home/mosalam/robot_ws/install/vizanti_msgs/include/vizanti_msgs/vizanti_msgs/srv/list_lifecycles.h
[1.287s] -- Up-to-date: /home/mosalam/robot_ws/install/vizanti_msgs/include/vizanti_msgs/vizanti_msgs/srv/list_executables.h
[1.287s] -- Up-to-date: /home/mosalam/robot_ws/install/vizanti_msgs/include/vizanti_msgs/vizanti_msgs/srv/manage_node.h
[1.287s] -- Up-to-date: /home/mosalam/robot_ws/install/vizanti_msgs/include/vizanti_msgs/vizanti_msgs/srv/load_map.h
[1.287s] -- Up-to-date: /home/mosalam/robot_ws/install/vizanti_msgs/include/vizanti_msgs/vizanti_msgs/srv/get_node_parameters.h
[1.287s] -- Up-to-date: /home/mosalam/robot_ws/install/vizanti_msgs/include/vizanti_msgs/vizanti_msgs/srv/list_packages.h
[1.287s] -- Up-to-date: /home/mosalam/robot_ws/install/vizanti_msgs/include/vizanti_msgs/vizanti_msgs/srv/save_map.h
[1.287s] -- Up-to-date: /home/mosalam/robot_ws/install/vizanti_msgs/include/vizanti_msgs/vizanti_msgs/srv/detail
[1.287s] -- Up-to-date: /home/mosalam/robot_ws/install/vizanti_msgs/include/vizanti_msgs/vizanti_msgs/srv/detail/load_map__functions.c
[1.287s] -- Up-to-date: /home/mosalam/robot_ws/install/vizanti_msgs/include/vizanti_msgs/vizanti_msgs/srv/detail/save_map__struct.h
[1.288s] -- Up-to-date: /home/mosalam/robot_ws/install/vizanti_msgs/include/vizanti_msgs/vizanti_msgs/srv/detail/save_map__functions.c
[1.288s] -- Up-to-date: /home/mosalam/robot_ws/install/vizanti_msgs/include/vizanti_msgs/vizanti_msgs/srv/detail/save_map__type_support.h
[1.288s] -- Up-to-date: /home/mosalam/robot_ws/install/vizanti_msgs/include/vizanti_msgs/vizanti_msgs/srv/detail/list_executables__struct.h
[1.288s] -- Up-to-date: /home/mosalam/robot_ws/install/vizanti_msgs/include/vizanti_msgs/vizanti_msgs/srv/detail/save_map__functions.h
[1.288s] -- Up-to-date: /home/mosalam/robot_ws/install/vizanti_msgs/include/vizanti_msgs/vizanti_msgs/srv/detail/list_packages__type_support.h
[1.288s] -- Up-to-date: /home/mosalam/robot_ws/install/vizanti_msgs/include/vizanti_msgs/vizanti_msgs/srv/detail/manage_node__functions.h
[1.288s] -- Up-to-date: /home/mosalam/robot_ws/install/vizanti_msgs/include/vizanti_msgs/vizanti_msgs/srv/detail/list_lifecycles__struct.h
[1.288s] -- Up-to-date: /home/mosalam/robot_ws/install/vizanti_msgs/include/vizanti_msgs/vizanti_msgs/srv/detail/get_node_parameters__type_support.h
[1.288s] -- Up-to-date: /home/mosalam/robot_ws/install/vizanti_msgs/include/vizanti_msgs/vizanti_msgs/srv/detail/load_map__struct.h
[1.289s] -- Up-to-date: /home/mosalam/robot_ws/install/vizanti_msgs/include/vizanti_msgs/vizanti_msgs/srv/detail/list_lifecycles__functions.h
[1.289s] -- Up-to-date: /home/mosalam/robot_ws/install/vizanti_msgs/include/vizanti_msgs/vizanti_msgs/srv/detail/get_node_parameters__functions.h
[1.289s] -- Up-to-date: /home/mosalam/robot_ws/install/vizanti_msgs/include/vizanti_msgs/vizanti_msgs/srv/detail/list_lifecycles__functions.c
[1.289s] -- Up-to-date: /home/mosalam/robot_ws/install/vizanti_msgs/include/vizanti_msgs/vizanti_msgs/srv/detail/get_node_parameters__functions.c
[1.289s] -- Up-to-date: /home/mosalam/robot_ws/install/vizanti_msgs/include/vizanti_msgs/vizanti_msgs/srv/detail/set_node_parameter__functions.c
[1.289s] -- Up-to-date: /home/mosalam/robot_ws/install/vizanti_msgs/include/vizanti_msgs/vizanti_msgs/srv/detail/set_node_parameter__functions.h
[1.289s] -- Up-to-date: /home/mosalam/robot_ws/install/vizanti_msgs/include/vizanti_msgs/vizanti_msgs/srv/detail/load_map__functions.h
[1.289s] -- Up-to-date: /home/mosalam/robot_ws/install/vizanti_msgs/include/vizanti_msgs/vizanti_msgs/srv/detail/get_node_parameters__struct.h
[1.289s] -- Up-to-date: /home/mosalam/robot_ws/install/vizanti_msgs/include/vizanti_msgs/vizanti_msgs/srv/detail/list_executables__functions.h
[1.289s] -- Up-to-date: /home/mosalam/robot_ws/install/vizanti_msgs/include/vizanti_msgs/vizanti_msgs/srv/detail/list_executables__functions.c
[1.290s] -- Up-to-date: /home/mosalam/robot_ws/install/vizanti_msgs/include/vizanti_msgs/vizanti_msgs/srv/detail/set_node_parameter__type_support.h
[1.290s] -- Up-to-date: /home/mosalam/robot_ws/install/vizanti_msgs/include/vizanti_msgs/vizanti_msgs/srv/detail/record_rosbag__functions.c
[1.290s] -- Up-to-date: /home/mosalam/robot_ws/install/vizanti_msgs/include/vizanti_msgs/vizanti_msgs/srv/detail/record_rosbag__type_support.h
[1.290s] -- Up-to-date: /home/mosalam/robot_ws/install/vizanti_msgs/include/vizanti_msgs/vizanti_msgs/srv/detail/list_packages__struct.h
[1.290s] -- Up-to-date: /home/mosalam/robot_ws/install/vizanti_msgs/include/vizanti_msgs/vizanti_msgs/srv/detail/list_executables__type_support.h
[1.290s] -- Up-to-date: /home/mosalam/robot_ws/install/vizanti_msgs/include/vizanti_msgs/vizanti_msgs/srv/detail/manage_node__struct.h
[1.290s] -- Up-to-date: /home/mosalam/robot_ws/install/vizanti_msgs/include/vizanti_msgs/vizanti_msgs/srv/detail/load_map__type_support.h
[1.290s] -- Up-to-date: /home/mosalam/robot_ws/install/vizanti_msgs/include/vizanti_msgs/vizanti_msgs/srv/detail/list_packages__functions.h
[1.291s] -- Up-to-date: /home/mosalam/robot_ws/install/vizanti_msgs/include/vizanti_msgs/vizanti_msgs/srv/detail/manage_node__functions.c
[1.291s] -- Up-to-date: /home/mosalam/robot_ws/install/vizanti_msgs/include/vizanti_msgs/vizanti_msgs/srv/detail/manage_node__type_support.h
[1.291s] -- Up-to-date: /home/mosalam/robot_ws/install/vizanti_msgs/include/vizanti_msgs/vizanti_msgs/srv/detail/list_lifecycles__type_support.h
[1.291s] -- Up-to-date: /home/mosalam/robot_ws/install/vizanti_msgs/include/vizanti_msgs/vizanti_msgs/srv/detail/list_packages__functions.c
[1.294s] -- Up-to-date: /home/mosalam/robot_ws/install/vizanti_msgs/include/vizanti_msgs/vizanti_msgs/srv/detail/record_rosbag__functions.h
[1.295s] -- Up-to-date: /home/mosalam/robot_ws/install/vizanti_msgs/include/vizanti_msgs/vizanti_msgs/srv/detail/record_rosbag__struct.h
[1.295s] -- Up-to-date: /home/mosalam/robot_ws/install/vizanti_msgs/include/vizanti_msgs/vizanti_msgs/srv/detail/set_node_parameter__struct.h
[1.295s] -- Up-to-date: /home/mosalam/robot_ws/install/vizanti_msgs/share/vizanti_msgs/environment/library_path.sh
[1.295s] -- Up-to-date: /home/mosalam/robot_ws/install/vizanti_msgs/share/vizanti_msgs/environment/library_path.dsv
[1.295s] -- Up-to-date: /home/mosalam/robot_ws/install/vizanti_msgs/lib/libvizanti_msgs__rosidl_generator_c.so
[1.295s] -- Up-to-date: /home/mosalam/robot_ws/install/vizanti_msgs/include/vizanti_msgs/vizanti_msgs
[1.295s] -- Up-to-date: /home/mosalam/robot_ws/install/vizanti_msgs/include/vizanti_msgs/vizanti_msgs/msg
[1.295s] -- Up-to-date: /home/mosalam/robot_ws/install/vizanti_msgs/include/vizanti_msgs/vizanti_msgs/msg/rosidl_typesupport_fastrtps_c__visibility_control.h
[1.295s] -- Up-to-date: /home/mosalam/robot_ws/install/vizanti_msgs/include/vizanti_msgs/vizanti_msgs/srv
[1.296s] -- Up-to-date: /home/mosalam/robot_ws/install/vizanti_msgs/include/vizanti_msgs/vizanti_msgs/srv/detail
[1.296s] -- Up-to-date: /home/mosalam/robot_ws/install/vizanti_msgs/include/vizanti_msgs/vizanti_msgs/srv/detail/load_map__rosidl_typesupport_fastrtps_c.h
[1.296s] -- Up-to-date: /home/mosalam/robot_ws/install/vizanti_msgs/include/vizanti_msgs/vizanti_msgs/srv/detail/manage_node__rosidl_typesupport_fastrtps_c.h
[1.296s] -- Up-to-date: /home/mosalam/robot_ws/install/vizanti_msgs/include/vizanti_msgs/vizanti_msgs/srv/detail/set_node_parameter__rosidl_typesupport_fastrtps_c.h
[1.296s] -- Up-to-date: /home/mosalam/robot_ws/install/vizanti_msgs/include/vizanti_msgs/vizanti_msgs/srv/detail/list_packages__rosidl_typesupport_fastrtps_c.h
[1.296s] -- Up-to-date: /home/mosalam/robot_ws/install/vizanti_msgs/include/vizanti_msgs/vizanti_msgs/srv/detail/save_map__rosidl_typesupport_fastrtps_c.h
[1.296s] -- Up-to-date: /home/mosalam/robot_ws/install/vizanti_msgs/include/vizanti_msgs/vizanti_msgs/srv/detail/record_rosbag__rosidl_typesupport_fastrtps_c.h
[1.296s] -- Up-to-date: /home/mosalam/robot_ws/install/vizanti_msgs/include/vizanti_msgs/vizanti_msgs/srv/detail/list_executables__rosidl_typesupport_fastrtps_c.h
[1.296s] -- Up-to-date: /home/mosalam/robot_ws/install/vizanti_msgs/include/vizanti_msgs/vizanti_msgs/srv/detail/list_lifecycles__rosidl_typesupport_fastrtps_c.h
[1.296s] -- Up-to-date: /home/mosalam/robot_ws/install/vizanti_msgs/include/vizanti_msgs/vizanti_msgs/srv/detail/get_node_parameters__rosidl_typesupport_fastrtps_c.h
[1.297s] -- Up-to-date: /home/mosalam/robot_ws/install/vizanti_msgs/lib/libvizanti_msgs__rosidl_typesupport_fastrtps_c.so
[1.297s] -- Up-to-date: /home/mosalam/robot_ws/install/vizanti_msgs/include/vizanti_msgs/vizanti_msgs
[1.297s] -- Up-to-date: /home/mosalam/robot_ws/install/vizanti_msgs/include/vizanti_msgs/vizanti_msgs/msg
[1.297s] -- Up-to-date: /home/mosalam/robot_ws/install/vizanti_msgs/include/vizanti_msgs/vizanti_msgs/msg/rosidl_typesupport_introspection_c__visibility_control.h
[1.297s] -- Up-to-date: /home/mosalam/robot_ws/install/vizanti_msgs/include/vizanti_msgs/vizanti_msgs/srv
[1.300s] -- Up-to-date: /home/mosalam/robot_ws/install/vizanti_msgs/include/vizanti_msgs/vizanti_msgs/srv/detail
[1.300s] -- Up-to-date: /home/mosalam/robot_ws/install/vizanti_msgs/include/vizanti_msgs/vizanti_msgs/srv/detail/save_map__type_support.c
[1.300s] -- Up-to-date: /home/mosalam/robot_ws/install/vizanti_msgs/include/vizanti_msgs/vizanti_msgs/srv/detail/list_lifecycles__type_support.c
[1.301s] -- Up-to-date: /home/mosalam/robot_ws/install/vizanti_msgs/include/vizanti_msgs/vizanti_msgs/srv/detail/load_map__rosidl_typesupport_introspection_c.h
[1.301s] -- Up-to-date: /home/mosalam/robot_ws/install/vizanti_msgs/include/vizanti_msgs/vizanti_msgs/srv/detail/get_node_parameters__rosidl_typesupport_introspection_c.h
[1.301s] -- Up-to-date: /home/mosalam/robot_ws/install/vizanti_msgs/include/vizanti_msgs/vizanti_msgs/srv/detail/record_rosbag__rosidl_typesupport_introspection_c.h
[1.301s] -- Up-to-date: /home/mosalam/robot_ws/install/vizanti_msgs/include/vizanti_msgs/vizanti_msgs/srv/detail/manage_node__type_support.c
[1.301s] -- Up-to-date: /home/mosalam/robot_ws/install/vizanti_msgs/include/vizanti_msgs/vizanti_msgs/srv/detail/list_packages__type_support.c
[1.301s] -- Up-to-date: /home/mosalam/robot_ws/install/vizanti_msgs/include/vizanti_msgs/vizanti_msgs/srv/detail/manage_node__rosidl_typesupport_introspection_c.h
[1.301s] -- Up-to-date: /home/mosalam/robot_ws/install/vizanti_msgs/include/vizanti_msgs/vizanti_msgs/srv/detail/list_lifecycles__rosidl_typesupport_introspection_c.h
[1.301s] -- Up-to-date: /home/mosalam/robot_ws/install/vizanti_msgs/include/vizanti_msgs/vizanti_msgs/srv/detail/record_rosbag__type_support.c
[1.301s] -- Up-to-date: /home/mosalam/robot_ws/install/vizanti_msgs/include/vizanti_msgs/vizanti_msgs/srv/detail/load_map__type_support.c
[1.302s] -- Up-to-date: /home/mosalam/robot_ws/install/vizanti_msgs/include/vizanti_msgs/vizanti_msgs/srv/detail/save_map__rosidl_typesupport_introspection_c.h
[1.302s] -- Up-to-date: /home/mosalam/robot_ws/install/vizanti_msgs/include/vizanti_msgs/vizanti_msgs/srv/detail/get_node_parameters__type_support.c
[1.302s] -- Up-to-date: /home/mosalam/robot_ws/install/vizanti_msgs/include/vizanti_msgs/vizanti_msgs/srv/detail/list_executables__type_support.c
[1.302s] -- Up-to-date: /home/mosalam/robot_ws/install/vizanti_msgs/include/vizanti_msgs/vizanti_msgs/srv/detail/list_executables__rosidl_typesupport_introspection_c.h
[1.302s] -- Up-to-date: /home/mosalam/robot_ws/install/vizanti_msgs/include/vizanti_msgs/vizanti_msgs/srv/detail/set_node_parameter__type_support.c
[1.302s] -- Up-to-date: /home/mosalam/robot_ws/install/vizanti_msgs/include/vizanti_msgs/vizanti_msgs/srv/detail/set_node_parameter__rosidl_typesupport_introspection_c.h
[1.303s] -- Up-to-date: /home/mosalam/robot_ws/install/vizanti_msgs/include/vizanti_msgs/vizanti_msgs/srv/detail/list_packages__rosidl_typesupport_introspection_c.h
[1.303s] -- Up-to-date: /home/mosalam/robot_ws/install/vizanti_msgs/lib/libvizanti_msgs__rosidl_typesupport_introspection_c.so
[1.303s] -- Up-to-date: /home/mosalam/robot_ws/install/vizanti_msgs/lib/libvizanti_msgs__rosidl_typesupport_c.so
[1.303s] -- Up-to-date: /home/mosalam/robot_ws/install/vizanti_msgs/include/vizanti_msgs/vizanti_msgs
[1.303s] -- Up-to-date: /home/mosalam/robot_ws/install/vizanti_msgs/include/vizanti_msgs/vizanti_msgs/msg
[1.303s] -- Up-to-date: /home/mosalam/robot_ws/install/vizanti_msgs/include/vizanti_msgs/vizanti_msgs/msg/rosidl_generator_cpp__visibility_control.hpp
[1.303s] -- Up-to-date: /home/mosalam/robot_ws/install/vizanti_msgs/include/vizanti_msgs/vizanti_msgs/srv
[1.303s] -- Up-to-date: /home/mosalam/robot_ws/install/vizanti_msgs/include/vizanti_msgs/vizanti_msgs/srv/list_lifecycles.hpp
[1.303s] -- Up-to-date: /home/mosalam/robot_ws/install/vizanti_msgs/include/vizanti_msgs/vizanti_msgs/srv/record_rosbag.hpp
[1.303s] -- Up-to-date: /home/mosalam/robot_ws/install/vizanti_msgs/include/vizanti_msgs/vizanti_msgs/srv/get_node_parameters.hpp
[1.304s] -- Up-to-date: /home/mosalam/robot_ws/install/vizanti_msgs/include/vizanti_msgs/vizanti_msgs/srv/list_executables.hpp
[1.304s] -- Up-to-date: /home/mosalam/robot_ws/install/vizanti_msgs/include/vizanti_msgs/vizanti_msgs/srv/load_map.hpp
[1.304s] -- Up-to-date: /home/mosalam/robot_ws/install/vizanti_msgs/include/vizanti_msgs/vizanti_msgs/srv/set_node_parameter.hpp
[1.304s] -- Up-to-date: /home/mosalam/robot_ws/install/vizanti_msgs/include/vizanti_msgs/vizanti_msgs/srv/list_packages.hpp
[1.304s] -- Up-to-date: /home/mosalam/robot_ws/install/vizanti_msgs/include/vizanti_msgs/vizanti_msgs/srv/manage_node.hpp
[1.304s] -- Up-to-date: /home/mosalam/robot_ws/install/vizanti_msgs/include/vizanti_msgs/vizanti_msgs/srv/save_map.hpp
[1.304s] -- Up-to-date: /home/mosalam/robot_ws/install/vizanti_msgs/include/vizanti_msgs/vizanti_msgs/srv/detail
[1.304s] -- Up-to-date: /home/mosalam/robot_ws/install/vizanti_msgs/include/vizanti_msgs/vizanti_msgs/srv/detail/list_packages__struct.hpp
[1.304s] -- Up-to-date: /home/mosalam/robot_ws/install/vizanti_msgs/include/vizanti_msgs/vizanti_msgs/srv/detail/record_rosbag__struct.hpp
[1.304s] -- Up-to-date: /home/mosalam/robot_ws/install/vizanti_msgs/include/vizanti_msgs/vizanti_msgs/srv/detail/record_rosbag__type_support.hpp
[1.305s] -- Up-to-date: /home/mosalam/robot_ws/install/vizanti_msgs/include/vizanti_msgs/vizanti_msgs/srv/detail/set_node_parameter__builder.hpp
[1.305s] -- Up-to-date: /home/mosalam/robot_ws/install/vizanti_msgs/include/vizanti_msgs/vizanti_msgs/srv/detail/get_node_parameters__struct.hpp
[1.305s] -- Up-to-date: /home/mosalam/robot_ws/install/vizanti_msgs/include/vizanti_msgs/vizanti_msgs/srv/detail/list_packages__type_support.hpp
[1.305s] -- Up-to-date: /home/mosalam/robot_ws/install/vizanti_msgs/include/vizanti_msgs/vizanti_msgs/srv/detail/set_node_parameter__type_support.hpp
[1.305s] -- Up-to-date: /home/mosalam/robot_ws/install/vizanti_msgs/include/vizanti_msgs/vizanti_msgs/srv/detail/manage_node__type_support.hpp
[1.311s] -- Up-to-date: /home/mosalam/robot_ws/install/vizanti_msgs/include/vizanti_msgs/vizanti_msgs/srv/detail/list_lifecycles__builder.hpp
[1.312s] -- Up-to-date: /home/mosalam/robot_ws/install/vizanti_msgs/include/vizanti_msgs/vizanti_msgs/srv/detail/manage_node__builder.hpp
[1.312s] -- Up-to-date: /home/mosalam/robot_ws/install/vizanti_msgs/include/vizanti_msgs/vizanti_msgs/srv/detail/save_map__type_support.hpp
[1.312s] -- Up-to-date: /home/mosalam/robot_ws/install/vizanti_msgs/include/vizanti_msgs/vizanti_msgs/srv/detail/get_node_parameters__traits.hpp
[1.312s] -- Up-to-date: /home/mosalam/robot_ws/install/vizanti_msgs/include/vizanti_msgs/vizanti_msgs/srv/detail/list_executables__builder.hpp
[1.312s] -- Up-to-date: /home/mosalam/robot_ws/install/vizanti_msgs/include/vizanti_msgs/vizanti_msgs/srv/detail/load_map__struct.hpp
[1.312s] -- Up-to-date: /home/mosalam/robot_ws/install/vizanti_msgs/include/vizanti_msgs/vizanti_msgs/srv/detail/list_lifecycles__type_support.hpp
[1.313s] -- Up-to-date: /home/mosalam/robot_ws/install/vizanti_msgs/include/vizanti_msgs/vizanti_msgs/srv/detail/get_node_parameters__type_support.hpp
[1.313s] -- Up-to-date: /home/mosalam/robot_ws/install/vizanti_msgs/include/vizanti_msgs/vizanti_msgs/srv/detail/list_executables__struct.hpp
[1.313s] -- Up-to-date: /home/mosalam/robot_ws/install/vizanti_msgs/include/vizanti_msgs/vizanti_msgs/srv/detail/list_packages__traits.hpp
[1.313s] -- Up-to-date: /home/mosalam/robot_ws/install/vizanti_msgs/include/vizanti_msgs/vizanti_msgs/srv/detail/list_lifecycles__struct.hpp
[1.313s] -- Up-to-date: /home/mosalam/robot_ws/install/vizanti_msgs/include/vizanti_msgs/vizanti_msgs/srv/detail/load_map__builder.hpp
[1.313s] -- Up-to-date: /home/mosalam/robot_ws/install/vizanti_msgs/include/vizanti_msgs/vizanti_msgs/srv/detail/list_executables__type_support.hpp
[1.313s] -- Up-to-date: /home/mosalam/robot_ws/install/vizanti_msgs/include/vizanti_msgs/vizanti_msgs/srv/detail/manage_node__struct.hpp
[1.313s] -- Up-to-date: /home/mosalam/robot_ws/install/vizanti_msgs/include/vizanti_msgs/vizanti_msgs/srv/detail/save_map__builder.hpp
[1.313s] -- Up-to-date: /home/mosalam/robot_ws/install/vizanti_msgs/include/vizanti_msgs/vizanti_msgs/srv/detail/load_map__type_support.hpp
[1.313s] -- Up-to-date: /home/mosalam/robot_ws/install/vizanti_msgs/include/vizanti_msgs/vizanti_msgs/srv/detail/save_map__struct.hpp
[1.314s] -- Up-to-date: /home/mosalam/robot_ws/install/vizanti_msgs/include/vizanti_msgs/vizanti_msgs/srv/detail/list_packages__builder.hpp
[1.314s] -- Up-to-date: /home/mosalam/robot_ws/install/vizanti_msgs/include/vizanti_msgs/vizanti_msgs/srv/detail/record_rosbag__traits.hpp
[1.314s] -- Up-to-date: /home/mosalam/robot_ws/install/vizanti_msgs/include/vizanti_msgs/vizanti_msgs/srv/detail/record_rosbag__builder.hpp
[1.314s] -- Up-to-date: /home/mosalam/robot_ws/install/vizanti_msgs/include/vizanti_msgs/vizanti_msgs/srv/detail/list_executables__traits.hpp
[1.314s] -- Up-to-date: /home/mosalam/robot_ws/install/vizanti_msgs/include/vizanti_msgs/vizanti_msgs/srv/detail/set_node_parameter__traits.hpp
[1.320s] -- Up-to-date: /home/mosalam/robot_ws/install/vizanti_msgs/include/vizanti_msgs/vizanti_msgs/srv/detail/set_node_parameter__struct.hpp
[1.320s] -- Up-to-date: /home/mosalam/robot_ws/install/vizanti_msgs/include/vizanti_msgs/vizanti_msgs/srv/detail/load_map__traits.hpp
[1.320s] -- Up-to-date: /home/mosalam/robot_ws/install/vizanti_msgs/include/vizanti_msgs/vizanti_msgs/srv/detail/save_map__traits.hpp
[1.320s] -- Up-to-date: /home/mosalam/robot_ws/install/vizanti_msgs/include/vizanti_msgs/vizanti_msgs/srv/detail/manage_node__traits.hpp
[1.320s] -- Up-to-date: /home/mosalam/robot_ws/install/vizanti_msgs/include/vizanti_msgs/vizanti_msgs/srv/detail/get_node_parameters__builder.hpp
[1.320s] -- Up-to-date: /home/mosalam/robot_ws/install/vizanti_msgs/include/vizanti_msgs/vizanti_msgs/srv/detail/list_lifecycles__traits.hpp
[1.321s] -- Up-to-date: /home/mosalam/robot_ws/install/vizanti_msgs/include/vizanti_msgs/vizanti_msgs
[1.321s] -- Up-to-date: /home/mosalam/robot_ws/install/vizanti_msgs/include/vizanti_msgs/vizanti_msgs/msg
[1.321s] -- Up-to-date: /home/mosalam/robot_ws/install/vizanti_msgs/include/vizanti_msgs/vizanti_msgs/msg/rosidl_typesupport_fastrtps_cpp__visibility_control.h
[1.321s] -- Up-to-date: /home/mosalam/robot_ws/install/vizanti_msgs/include/vizanti_msgs/vizanti_msgs/srv
[1.321s] -- Up-to-date: /home/mosalam/robot_ws/install/vizanti_msgs/include/vizanti_msgs/vizanti_msgs/srv/detail
[1.321s] -- Up-to-date: /home/mosalam/robot_ws/install/vizanti_msgs/include/vizanti_msgs/vizanti_msgs/srv/detail/list_executables__rosidl_typesupport_fastrtps_cpp.hpp
[1.321s] -- Up-to-date: /home/mosalam/robot_ws/install/vizanti_msgs/include/vizanti_msgs/vizanti_msgs/srv/detail/record_rosbag__rosidl_typesupport_fastrtps_cpp.hpp
[1.321s] -- Up-to-date: /home/mosalam/robot_ws/install/vizanti_msgs/include/vizanti_msgs/vizanti_msgs/srv/detail/dds_fastrtps
[1.321s] -- Up-to-date: /home/mosalam/robot_ws/install/vizanti_msgs/include/vizanti_msgs/vizanti_msgs/srv/detail/save_map__rosidl_typesupport_fastrtps_cpp.hpp
[1.322s] -- Up-to-date: /home/mosalam/robot_ws/install/vizanti_msgs/include/vizanti_msgs/vizanti_msgs/srv/detail/load_map__rosidl_typesupport_fastrtps_cpp.hpp
[1.322s] -- Up-to-date: /home/mosalam/robot_ws/install/vizanti_msgs/include/vizanti_msgs/vizanti_msgs/srv/detail/set_node_parameter__rosidl_typesupport_fastrtps_cpp.hpp
[1.322s] -- Up-to-date: /home/mosalam/robot_ws/install/vizanti_msgs/include/vizanti_msgs/vizanti_msgs/srv/detail/get_node_parameters__rosidl_typesupport_fastrtps_cpp.hpp
[1.322s] -- Up-to-date: /home/mosalam/robot_ws/install/vizanti_msgs/include/vizanti_msgs/vizanti_msgs/srv/detail/list_packages__rosidl_typesupport_fastrtps_cpp.hpp
[1.322s] -- Up-to-date: /home/mosalam/robot_ws/install/vizanti_msgs/include/vizanti_msgs/vizanti_msgs/srv/detail/list_lifecycles__rosidl_typesupport_fastrtps_cpp.hpp
[1.324s] -- Up-to-date: /home/mosalam/robot_ws/install/vizanti_msgs/include/vizanti_msgs/vizanti_msgs/srv/detail/manage_node__rosidl_typesupport_fastrtps_cpp.hpp
[1.324s] -- Up-to-date: /home/mosalam/robot_ws/install/vizanti_msgs/lib/libvizanti_msgs__rosidl_typesupport_fastrtps_cpp.so
[1.324s] -- Up-to-date: /home/mosalam/robot_ws/install/vizanti_msgs/include/vizanti_msgs/vizanti_msgs
[1.325s] -- Up-to-date: /home/mosalam/robot_ws/install/vizanti_msgs/include/vizanti_msgs/vizanti_msgs/srv
[1.325s] -- Up-to-date: /home/mosalam/robot_ws/install/vizanti_msgs/include/vizanti_msgs/vizanti_msgs/srv/detail
[1.325s] -- Up-to-date: /home/mosalam/robot_ws/install/vizanti_msgs/include/vizanti_msgs/vizanti_msgs/srv/detail/get_node_parameters__rosidl_typesupport_introspection_cpp.hpp
[1.325s] -- Up-to-date: /home/mosalam/robot_ws/install/vizanti_msgs/include/vizanti_msgs/vizanti_msgs/srv/detail/list_executables__type_support.cpp
[1.325s] -- Up-to-date: /home/mosalam/robot_ws/install/vizanti_msgs/include/vizanti_msgs/vizanti_msgs/srv/detail/list_lifecycles__rosidl_typesupport_introspection_cpp.hpp
[1.325s] -- Up-to-date: /home/mosalam/robot_ws/install/vizanti_msgs/include/vizanti_msgs/vizanti_msgs/srv/detail/set_node_parameter__type_support.cpp
[1.325s] -- Up-to-date: /home/mosalam/robot_ws/install/vizanti_msgs/include/vizanti_msgs/vizanti_msgs/srv/detail/load_map__type_support.cpp
[1.325s] -- Up-to-date: /home/mosalam/robot_ws/install/vizanti_msgs/include/vizanti_msgs/vizanti_msgs/srv/detail/record_rosbag__rosidl_typesupport_introspection_cpp.hpp
[1.325s] -- Up-to-date: /home/mosalam/robot_ws/install/vizanti_msgs/include/vizanti_msgs/vizanti_msgs/srv/detail/list_packages__type_support.cpp
[1.326s] -- Up-to-date: /home/mosalam/robot_ws/install/vizanti_msgs/include/vizanti_msgs/vizanti_msgs/srv/detail/set_node_parameter__rosidl_typesupport_introspection_cpp.hpp
[1.326s] -- Up-to-date: /home/mosalam/robot_ws/install/vizanti_msgs/include/vizanti_msgs/vizanti_msgs/srv/detail/get_node_parameters__type_support.cpp
[1.326s] -- Up-to-date: /home/mosalam/robot_ws/install/vizanti_msgs/include/vizanti_msgs/vizanti_msgs/srv/detail/save_map__type_support.cpp
[1.326s] -- Up-to-date: /home/mosalam/robot_ws/install/vizanti_msgs/include/vizanti_msgs/vizanti_msgs/srv/detail/list_executables__rosidl_typesupport_introspection_cpp.hpp
[1.327s] -- Up-to-date: /home/mosalam/robot_ws/install/vizanti_msgs/include/vizanti_msgs/vizanti_msgs/srv/detail/manage_node__type_support.cpp
[1.327s] -- Up-to-date: /home/mosalam/robot_ws/install/vizanti_msgs/include/vizanti_msgs/vizanti_msgs/srv/detail/load_map__rosidl_typesupport_introspection_cpp.hpp
[1.327s] -- Up-to-date: /home/mosalam/robot_ws/install/vizanti_msgs/include/vizanti_msgs/vizanti_msgs/srv/detail/manage_node__rosidl_typesupport_introspection_cpp.hpp
[1.327s] -- Up-to-date: /home/mosalam/robot_ws/install/vizanti_msgs/include/vizanti_msgs/vizanti_msgs/srv/detail/save_map__rosidl_typesupport_introspection_cpp.hpp
[1.327s] -- Up-to-date: /home/mosalam/robot_ws/install/vizanti_msgs/include/vizanti_msgs/vizanti_msgs/srv/detail/record_rosbag__type_support.cpp
[1.327s] -- Up-to-date: /home/mosalam/robot_ws/install/vizanti_msgs/include/vizanti_msgs/vizanti_msgs/srv/detail/list_lifecycles__type_support.cpp
[1.327s] -- Up-to-date: /home/mosalam/robot_ws/install/vizanti_msgs/include/vizanti_msgs/vizanti_msgs/srv/detail/list_packages__rosidl_typesupport_introspection_cpp.hpp
[1.327s] -- Up-to-date: /home/mosalam/robot_ws/install/vizanti_msgs/lib/libvizanti_msgs__rosidl_typesupport_introspection_cpp.so
[1.327s] -- Up-to-date: /home/mosalam/robot_ws/install/vizanti_msgs/lib/libvizanti_msgs__rosidl_typesupport_cpp.so
[1.348s] -- Up-to-date: /home/mosalam/robot_ws/install/vizanti_msgs/share/vizanti_msgs/environment/pythonpath.sh
[1.348s] -- Up-to-date: /home/mosalam/robot_ws/install/vizanti_msgs/share/vizanti_msgs/environment/pythonpath.dsv
[1.348s] -- Up-to-date: /home/mosalam/robot_ws/install/vizanti_msgs/local/lib/python3.10/dist-packages/vizanti_msgs-0.1.0-py3.10.egg-info
[1.348s] -- Installing: /home/mosalam/robot_ws/install/vizanti_msgs/local/lib/python3.10/dist-packages/vizanti_msgs-0.1.0-py3.10.egg-info/dependency_links.txt
[1.348s] -- Installing: /home/mosalam/robot_ws/install/vizanti_msgs/local/lib/python3.10/dist-packages/vizanti_msgs-0.1.0-py3.10.egg-info/SOURCES.txt
[1.349s] -- Installing: /home/mosalam/robot_ws/install/vizanti_msgs/local/lib/python3.10/dist-packages/vizanti_msgs-0.1.0-py3.10.egg-info/PKG-INFO
[1.349s] -- Installing: /home/mosalam/robot_ws/install/vizanti_msgs/local/lib/python3.10/dist-packages/vizanti_msgs-0.1.0-py3.10.egg-info/top_level.txt
[1.349s] -- Up-to-date: /home/mosalam/robot_ws/install/vizanti_msgs/local/lib/python3.10/dist-packages/vizanti_msgs
[1.349s] -- Up-to-date: /home/mosalam/robot_ws/install/vizanti_msgs/local/lib/python3.10/dist-packages/vizanti_msgs/vizanti_msgs_s__rosidl_typesupport_fastrtps_c.cpython-310-x86_64-linux-gnu.so
[1.349s] -- Up-to-date: /home/mosalam/robot_ws/install/vizanti_msgs/local/lib/python3.10/dist-packages/vizanti_msgs/libvizanti_msgs__rosidl_generator_py.so
[1.350s] -- Up-to-date: /home/mosalam/robot_ws/install/vizanti_msgs/local/lib/python3.10/dist-packages/vizanti_msgs/_vizanti_msgs_s.ep.rosidl_typesupport_introspection_c.c
[1.350s] -- Up-to-date: /home/mosalam/robot_ws/install/vizanti_msgs/local/lib/python3.10/dist-packages/vizanti_msgs/_vizanti_msgs_s.ep.rosidl_typesupport_fastrtps_c.c
[1.350s] -- Up-to-date: /home/mosalam/robot_ws/install/vizanti_msgs/local/lib/python3.10/dist-packages/vizanti_msgs/vizanti_msgs_s__rosidl_typesupport_c.cpython-310-x86_64-linux-gnu.so
[1.356s] -- Up-to-date: /home/mosalam/robot_ws/install/vizanti_msgs/local/lib/python3.10/dist-packages/vizanti_msgs/__init__.py
[1.356s] -- Up-to-date: /home/mosalam/robot_ws/install/vizanti_msgs/local/lib/python3.10/dist-packages/vizanti_msgs/vizanti_msgs_s__rosidl_typesupport_introspection_c.cpython-310-x86_64-linux-gnu.so
[1.357s] -- Up-to-date: /home/mosalam/robot_ws/install/vizanti_msgs/local/lib/python3.10/dist-packages/vizanti_msgs/_vizanti_msgs_s.ep.rosidl_typesupport_c.c
[1.357s] -- Up-to-date: /home/mosalam/robot_ws/install/vizanti_msgs/local/lib/python3.10/dist-packages/vizanti_msgs/srv
[1.357s] -- Up-to-date: /home/mosalam/robot_ws/install/vizanti_msgs/local/lib/python3.10/dist-packages/vizanti_msgs/srv/_get_node_parameters_s.c
[1.357s] -- Up-to-date: /home/mosalam/robot_ws/install/vizanti_msgs/local/lib/python3.10/dist-packages/vizanti_msgs/srv/_record_rosbag_s.c
[1.357s] -- Up-to-date: /home/mosalam/robot_ws/install/vizanti_msgs/local/lib/python3.10/dist-packages/vizanti_msgs/srv/_manage_node_s.c
[1.357s] -- Up-to-date: /home/mosalam/robot_ws/install/vizanti_msgs/local/lib/python3.10/dist-packages/vizanti_msgs/srv/_set_node_parameter_s.c
[1.357s] -- Up-to-date: /home/mosalam/robot_ws/install/vizanti_msgs/local/lib/python3.10/dist-packages/vizanti_msgs/srv/_list_executables_s.c
[1.357s] -- Up-to-date: /home/mosalam/robot_ws/install/vizanti_msgs/local/lib/python3.10/dist-packages/vizanti_msgs/srv/_set_node_parameter.py
[1.358s] -- Up-to-date: /home/mosalam/robot_ws/install/vizanti_msgs/local/lib/python3.10/dist-packages/vizanti_msgs/srv/_record_rosbag.py
[1.358s] -- Up-to-date: /home/mosalam/robot_ws/install/vizanti_msgs/local/lib/python3.10/dist-packages/vizanti_msgs/srv/_list_packages_s.c
[1.358s] -- Up-to-date: /home/mosalam/robot_ws/install/vizanti_msgs/local/lib/python3.10/dist-packages/vizanti_msgs/srv/_load_map.py
[1.358s] -- Up-to-date: /home/mosalam/robot_ws/install/vizanti_msgs/local/lib/python3.10/dist-packages/vizanti_msgs/srv/_list_executables.py
[1.358s] -- Up-to-date: /home/mosalam/robot_ws/install/vizanti_msgs/local/lib/python3.10/dist-packages/vizanti_msgs/srv/__init__.py
[1.358s] -- Up-to-date: /home/mosalam/robot_ws/install/vizanti_msgs/local/lib/python3.10/dist-packages/vizanti_msgs/srv/_manage_node.py
[1.358s] -- Up-to-date: /home/mosalam/robot_ws/install/vizanti_msgs/local/lib/python3.10/dist-packages/vizanti_msgs/srv/_get_node_parameters.py
[1.359s] -- Up-to-date: /home/mosalam/robot_ws/install/vizanti_msgs/local/lib/python3.10/dist-packages/vizanti_msgs/srv/_save_map.py
[1.359s] -- Up-to-date: /home/mosalam/robot_ws/install/vizanti_msgs/local/lib/python3.10/dist-packages/vizanti_msgs/srv/_list_lifecycles.py
[1.359s] -- Up-to-date: /home/mosalam/robot_ws/install/vizanti_msgs/local/lib/python3.10/dist-packages/vizanti_msgs/srv/_load_map_s.c
[1.359s] -- Up-to-date: /home/mosalam/robot_ws/install/vizanti_msgs/local/lib/python3.10/dist-packages/vizanti_msgs/srv/_list_packages.py
[1.359s] -- Up-to-date: /home/mosalam/robot_ws/install/vizanti_msgs/local/lib/python3.10/dist-packages/vizanti_msgs/srv/_save_map_s.c
[1.365s] -- Up-to-date: /home/mosalam/robot_ws/install/vizanti_msgs/local/lib/python3.10/dist-packages/vizanti_msgs/srv/_list_lifecycles_s.c
[1.443s] Listing '/home/mosalam/robot_ws/install/vizanti_msgs/local/lib/python3.10/dist-packages/vizanti_msgs'...
[1.443s] Listing '/home/mosalam/robot_ws/install/vizanti_msgs/local/lib/python3.10/dist-packages/vizanti_msgs/srv'...
[1.461s] -- Up-to-date: /home/mosalam/robot_ws/install/vizanti_msgs/local/lib/python3.10/dist-packages/vizanti_msgs/vizanti_msgs_s__rosidl_typesupport_fastrtps_c.cpython-310-x86_64-linux-gnu.so
[1.462s] -- Up-to-date: /home/mosalam/robot_ws/install/vizanti_msgs/local/lib/python3.10/dist-packages/vizanti_msgs/vizanti_msgs_s__rosidl_typesupport_introspection_c.cpython-310-x86_64-linux-gnu.so
[1.465s] -- Up-to-date: /home/mosalam/robot_ws/install/vizanti_msgs/local/lib/python3.10/dist-packages/vizanti_msgs/vizanti_msgs_s__rosidl_typesupport_c.cpython-310-x86_64-linux-gnu.so
[1.470s] -- Up-to-date: /home/mosalam/robot_ws/install/vizanti_msgs/lib/libvizanti_msgs__rosidl_generator_py.so
[1.471s] -- Up-to-date: /home/mosalam/robot_ws/install/vizanti_msgs/share/vizanti_msgs/srv/GetNodeParameters.idl
[1.471s] -- Up-to-date: /home/mosalam/robot_ws/install/vizanti_msgs/share/vizanti_msgs/srv/SetNodeParameter.idl
[1.471s] -- Up-to-date: /home/mosalam/robot_ws/install/vizanti_msgs/share/vizanti_msgs/srv/SaveMap.idl
[1.471s] -- Up-to-date: /home/mosalam/robot_ws/install/vizanti_msgs/share/vizanti_msgs/srv/LoadMap.idl
[1.471s] -- Up-to-date: /home/mosalam/robot_ws/install/vizanti_msgs/share/vizanti_msgs/srv/RecordRosbag.idl
[1.471s] -- Up-to-date: /home/mosalam/robot_ws/install/vizanti_msgs/share/vizanti_msgs/srv/ManageNode.idl
[1.476s] -- Up-to-date: /home/mosalam/robot_ws/install/vizanti_msgs/share/vizanti_msgs/srv/ListPackages.idl
[1.476s] -- Up-to-date: /home/mosalam/robot_ws/install/vizanti_msgs/share/vizanti_msgs/srv/ListExecutables.idl
[1.477s] -- Up-to-date: /home/mosalam/robot_ws/install/vizanti_msgs/share/vizanti_msgs/srv/ListLifecycles.idl
[1.477s] -- Up-to-date: /home/mosalam/robot_ws/install/vizanti_msgs/share/vizanti_msgs/srv/GetNodeParameters.srv
[1.477s] -- Up-to-date: /home/mosalam/robot_ws/install/vizanti_msgs/share/vizanti_msgs/srv/GetNodeParameters_Request.msg
[1.477s] -- Up-to-date: /home/mosalam/robot_ws/install/vizanti_msgs/share/vizanti_msgs/srv/GetNodeParameters_Response.msg
[1.477s] -- Up-to-date: /home/mosalam/robot_ws/install/vizanti_msgs/share/vizanti_msgs/srv/SetNodeParameter.srv
[1.477s] -- Up-to-date: /home/mosalam/robot_ws/install/vizanti_msgs/share/vizanti_msgs/srv/SetNodeParameter_Request.msg
[1.477s] -- Up-to-date: /home/mosalam/robot_ws/install/vizanti_msgs/share/vizanti_msgs/srv/SetNodeParameter_Response.msg
[1.478s] -- Up-to-date: /home/mosalam/robot_ws/install/vizanti_msgs/share/vizanti_msgs/srv/SaveMap.srv
[1.478s] -- Up-to-date: /home/mosalam/robot_ws/install/vizanti_msgs/share/vizanti_msgs/srv/SaveMap_Request.msg
[1.478s] -- Up-to-date: /home/mosalam/robot_ws/install/vizanti_msgs/share/vizanti_msgs/srv/SaveMap_Response.msg
[1.478s] -- Up-to-date: /home/mosalam/robot_ws/install/vizanti_msgs/share/vizanti_msgs/srv/LoadMap.srv
[1.478s] -- Up-to-date: /home/mosalam/robot_ws/install/vizanti_msgs/share/vizanti_msgs/srv/LoadMap_Request.msg
[1.478s] -- Up-to-date: /home/mosalam/robot_ws/install/vizanti_msgs/share/vizanti_msgs/srv/LoadMap_Response.msg
[1.491s] -- Up-to-date: /home/mosalam/robot_ws/install/vizanti_msgs/share/vizanti_msgs/srv/RecordRosbag.srv
[1.491s] -- Up-to-date: /home/mosalam/robot_ws/install/vizanti_msgs/share/vizanti_msgs/srv/RecordRosbag_Request.msg
[1.491s] -- Up-to-date: /home/mosalam/robot_ws/install/vizanti_msgs/share/vizanti_msgs/srv/RecordRosbag_Response.msg
[1.491s] -- Up-to-date: /home/mosalam/robot_ws/install/vizanti_msgs/share/vizanti_msgs/srv/ManageNode.srv
[1.491s] -- Up-to-date: /home/mosalam/robot_ws/install/vizanti_msgs/share/vizanti_msgs/srv/ManageNode_Request.msg
[1.491s] -- Up-to-date: /home/mosalam/robot_ws/install/vizanti_msgs/share/vizanti_msgs/srv/ManageNode_Response.msg
[1.491s] -- Up-to-date: /home/mosalam/robot_ws/install/vizanti_msgs/share/vizanti_msgs/srv/ListPackages.srv
[1.492s] -- Up-to-date: /home/mosalam/robot_ws/install/vizanti_msgs/share/vizanti_msgs/srv/ListPackages_Request.msg
[1.492s] -- Up-to-date: /home/mosalam/robot_ws/install/vizanti_msgs/share/vizanti_msgs/srv/ListPackages_Response.msg
[1.492s] -- Up-to-date: /home/mosalam/robot_ws/install/vizanti_msgs/share/vizanti_msgs/srv/ListExecutables.srv
[1.492s] -- Up-to-date: /home/mosalam/robot_ws/install/vizanti_msgs/share/vizanti_msgs/srv/ListExecutables_Request.msg
[1.492s] -- Up-to-date: /home/mosalam/robot_ws/install/vizanti_msgs/share/vizanti_msgs/srv/ListExecutables_Response.msg
[1.492s] -- Up-to-date: /home/mosalam/robot_ws/install/vizanti_msgs/share/vizanti_msgs/srv/ListLifecycles.srv
[1.492s] -- Up-to-date: /home/mosalam/robot_ws/install/vizanti_msgs/share/vizanti_msgs/srv/ListLifecycles_Request.msg
[1.492s] -- Up-to-date: /home/mosalam/robot_ws/install/vizanti_msgs/share/vizanti_msgs/srv/ListLifecycles_Response.msg
[1.493s] -- Up-to-date: /home/mosalam/robot_ws/install/vizanti_msgs/share/ament_index/resource_index/package_run_dependencies/vizanti_msgs
[1.493s] -- Up-to-date: /home/mosalam/robot_ws/install/vizanti_msgs/share/ament_index/resource_index/parent_prefix_path/vizanti_msgs
[1.493s] -- Up-to-date: /home/mosalam/robot_ws/install/vizanti_msgs/share/vizanti_msgs/environment/ament_prefix_path.sh
[1.493s] -- Up-to-date: /home/mosalam/robot_ws/install/vizanti_msgs/share/vizanti_msgs/environment/ament_prefix_path.dsv
[1.493s] -- Up-to-date: /home/mosalam/robot_ws/install/vizanti_msgs/share/vizanti_msgs/environment/path.sh
[1.505s] -- Up-to-date: /home/mosalam/robot_ws/install/vizanti_msgs/share/vizanti_msgs/environment/path.dsv
[1.506s] -- Up-to-date: /home/mosalam/robot_ws/install/vizanti_msgs/share/vizanti_msgs/local_setup.bash
[1.506s] -- Up-to-date: /home/mosalam/robot_ws/install/vizanti_msgs/share/vizanti_msgs/local_setup.sh
[1.506s] -- Up-to-date: /home/mosalam/robot_ws/install/vizanti_msgs/share/vizanti_msgs/local_setup.zsh
[1.506s] -- Up-to-date: /home/mosalam/robot_ws/install/vizanti_msgs/share/vizanti_msgs/local_setup.dsv
[1.506s] -- Installing: /home/mosalam/robot_ws/install/vizanti_msgs/share/vizanti_msgs/package.dsv
[1.506s] -- Up-to-date: /home/mosalam/robot_ws/install/vizanti_msgs/share/ament_index/resource_index/packages/vizanti_msgs
[1.507s] -- Up-to-date: /home/mosalam/robot_ws/install/vizanti_msgs/share/vizanti_msgs/cmake/export_vizanti_msgs__rosidl_generator_cExport.cmake
[1.507s] -- Up-to-date: /home/mosalam/robot_ws/install/vizanti_msgs/share/vizanti_msgs/cmake/export_vizanti_msgs__rosidl_generator_cExport-noconfig.cmake
[1.507s] -- Up-to-date: /home/mosalam/robot_ws/install/vizanti_msgs/share/vizanti_msgs/cmake/export_vizanti_msgs__rosidl_typesupport_fastrtps_cExport.cmake
[1.507s] -- Up-to-date: /home/mosalam/robot_ws/install/vizanti_msgs/share/vizanti_msgs/cmake/export_vizanti_msgs__rosidl_typesupport_fastrtps_cExport-noconfig.cmake
[1.507s] -- Up-to-date: /home/mosalam/robot_ws/install/vizanti_msgs/share/vizanti_msgs/cmake/vizanti_msgs__rosidl_typesupport_introspection_cExport.cmake
[1.507s] -- Up-to-date: /home/mosalam/robot_ws/install/vizanti_msgs/share/vizanti_msgs/cmake/vizanti_msgs__rosidl_typesupport_introspection_cExport-noconfig.cmake
[1.507s] -- Up-to-date: /home/mosalam/robot_ws/install/vizanti_msgs/share/vizanti_msgs/cmake/vizanti_msgs__rosidl_typesupport_cExport.cmake
[1.508s] -- Up-to-date: /home/mosalam/robot_ws/install/vizanti_msgs/share/vizanti_msgs/cmake/vizanti_msgs__rosidl_typesupport_cExport-noconfig.cmake
[1.508s] -- Up-to-date: /home/mosalam/robot_ws/install/vizanti_msgs/share/vizanti_msgs/cmake/export_vizanti_msgs__rosidl_generator_cppExport.cmake
[1.508s] -- Up-to-date: /home/mosalam/robot_ws/install/vizanti_msgs/share/vizanti_msgs/cmake/export_vizanti_msgs__rosidl_typesupport_fastrtps_cppExport.cmake
[1.508s] -- Up-to-date: /home/mosalam/robot_ws/install/vizanti_msgs/share/vizanti_msgs/cmake/export_vizanti_msgs__rosidl_typesupport_fastrtps_cppExport-noconfig.cmake
[1.508s] -- Up-to-date: /home/mosalam/robot_ws/install/vizanti_msgs/share/vizanti_msgs/cmake/vizanti_msgs__rosidl_typesupport_introspection_cppExport.cmake
[1.511s] -- Up-to-date: /home/mosalam/robot_ws/install/vizanti_msgs/share/vizanti_msgs/cmake/vizanti_msgs__rosidl_typesupport_introspection_cppExport-noconfig.cmake
[1.511s] -- Up-to-date: /home/mosalam/robot_ws/install/vizanti_msgs/share/vizanti_msgs/cmake/vizanti_msgs__rosidl_typesupport_cppExport.cmake
[1.511s] -- Up-to-date: /home/mosalam/robot_ws/install/vizanti_msgs/share/vizanti_msgs/cmake/vizanti_msgs__rosidl_typesupport_cppExport-noconfig.cmake
[1.512s] -- Up-to-date: /home/mosalam/robot_ws/install/vizanti_msgs/share/vizanti_msgs/cmake/export_vizanti_msgs__rosidl_generator_pyExport.cmake
[1.512s] -- Up-to-date: /home/mosalam/robot_ws/install/vizanti_msgs/share/vizanti_msgs/cmake/export_vizanti_msgs__rosidl_generator_pyExport-noconfig.cmake
[1.512s] -- Up-to-date: /home/mosalam/robot_ws/install/vizanti_msgs/share/vizanti_msgs/cmake/rosidl_cmake-extras.cmake
[1.512s] -- Up-to-date: /home/mosalam/robot_ws/install/vizanti_msgs/share/vizanti_msgs/cmake/ament_cmake_export_dependencies-extras.cmake
[1.512s] -- Up-to-date: /home/mosalam/robot_ws/install/vizanti_msgs/share/vizanti_msgs/cmake/ament_cmake_export_include_directories-extras.cmake
[1.512s] -- Up-to-date: /home/mosalam/robot_ws/install/vizanti_msgs/share/vizanti_msgs/cmake/ament_cmake_export_libraries-extras.cmake
[1.512s] -- Up-to-date: /home/mosalam/robot_ws/install/vizanti_msgs/share/vizanti_msgs/cmake/ament_cmake_export_targets-extras.cmake
[1.512s] -- Up-to-date: /home/mosalam/robot_ws/install/vizanti_msgs/share/vizanti_msgs/cmake/rosidl_cmake_export_typesupport_targets-extras.cmake
[1.513s] -- Up-to-date: /home/mosalam/robot_ws/install/vizanti_msgs/share/vizanti_msgs/cmake/rosidl_cmake_export_typesupport_libraries-extras.cmake
[1.513s] -- Up-to-date: /home/mosalam/robot_ws/install/vizanti_msgs/share/vizanti_msgs/cmake/vizanti_msgsConfig.cmake
[1.513s] -- Up-to-date: /home/mosalam/robot_ws/install/vizanti_msgs/share/vizanti_msgs/cmake/vizanti_msgsConfig-version.cmake
[1.513s] -- Up-to-date: /home/mosalam/robot_ws/install/vizanti_msgs/share/vizanti_msgs/package.xml
[1.551s] Invoked command in '/home/mosalam/robot_ws/build/vizanti_msgs' returned '0': CMAKE_PREFIX_PATH=${CMAKE_PREFIX_PATH}:/home/mosalam/robot_ws/install/serial_motor_demo:/home/mosalam/robot_ws/install/custom_explorer:/home/mosalam/robot_ws/install/autonomous_exploration:/opt/ros/humble /usr/bin/cmake --install /home/mosalam/robot_ws/build/vizanti_msgs
