--2025-06-24 16:08:04--  https://raw.githubusercontent.com/hrnr/m-explore-extra/master/map_merge/hector_maps/map00.pgm
Resolving raw.githubusercontent.com (raw.githubusercontent.com)... 185.199.109.133, 185.199.110.133, 185.199.108.133, ...
Connecting to raw.githubusercontent.com (raw.githubusercontent.com)|185.199.109.133|:443... connected.
HTTP request sent, awaiting response... 200 OK
Length: 4194362 (4.0M) [application/octet-stream]
Saving to: ‘/home/mosalam/robot_ws/build/multirobot_map_merge/map00.pgm’

     0K .......... .......... .......... .......... ..........  1%  197K 21s
    50K .......... .......... .......... .......... ..........  2% 13.3K 2m41s
   100K .......... .......... .......... .......... ..........  3%  137M 1m46s
   150K .......... .......... .......... .......... ..........  4% 2.44M 79s
   200K .......... .......... .......... .......... ..........  6% 60.4K 75s
   250K .......... .......... .......... .......... ..........  7%  346K 64s
   300K .......... .......... .......... .......... ..........  8%  182K 57s
   350K .......... .......... .......... .......... ..........  9%  177K 52s
   400K .......... .......... .......... .......... .......... 10%  388K 46s
   450K .......... .......... .......... .......... .......... 12%  379K 42s
   500K .......... .......... .......... .......... .......... 13%  453K 38s
   550K .......... .......... .......... .......... .......... 14%  458K 35s
   600K .......... .......... .......... .......... .......... 15% 27.1K 42s
   650K .......... .......... .......... .......... .......... 17%  655K 39s
   700K .......... .......... .......... .......... .......... 18% 24.9K 45s
   750K .......... .......... .......... .......... .......... 19%  821K 41s
   800K .......... .......... .......... .......... .......... 20%  101K 40s
   850K .......... .......... .......... .......... .......... 21%  233K 38s
   900K .......... .......... .......... .......... .......... 23%  409K 36s
   950K .......... .......... .......... .......... .......... 24%  366K 34s
  1000K .......... .......... .......... .......... .......... 25%  309K 32s
  1050K .......... .......... .......... .......... .......... 26%  503K 31s
  1100K .......... .......... .......... .......... .......... 28%  730K 29s
  1150K .......... .......... .......... .......... .......... 29% 1.31M 27s
  1200K .......... .......... .......... .......... .......... 30% 1.35M 26s
  1250K .......... .......... .......... .......... .......... 31%  658K 25s
  1300K .......... .......... .......... .......... .......... 32%  813K 24s
  1350K .......... .......... .......... .......... .......... 34% 1.20M 22s
  1400K .......... .......... .......... .......... .......... 35%  651K 21s
  1450K .......... .......... .......... .......... .......... 36%  906K 20s
  1500K .......... .......... .......... .......... .......... 37% 1.02M 19s
  1550K .......... .......... .......... .......... .......... 39% 1.14M 18s
  1600K .......... .......... .......... .......... .......... 40%  642K 18s
  1650K .......... .......... .......... .......... .......... 41% 1.30M 17s
  1700K .......... .......... .......... .......... .......... 42%  930K 16s
  1750K .......... .......... .......... .......... .......... 43% 1.09M 15s
  1800K .......... .......... .......... .......... .......... 45% 1.01M 15s
  1850K .......... .......... .......... .......... .......... 46%  655K 14s
  1900K .......... .......... .......... .......... .......... 47% 1.34M 13s
  1950K .......... .......... .......... .......... .......... 48%  968K 13s
  2000K .......... .......... .......... .......... .......... 50% 1.01M 12s
  2050K .......... .......... .......... .......... .......... 51%  640K 12s
  2100K .......... .......... .......... .......... .......... 52% 1.33M 11s
  2150K .......... .......... .......... .......... .......... 53% 1.31M 11s
  2200K .......... .......... .......... .......... .......... 54% 1.12M 10s
  2250K .......... .......... .......... .......... .......... 56%  781K 10s
  2300K .......... .......... .......... .......... .......... 57% 1.43M 9s
  2350K .......... .......... .......... .......... .......... 58%  688K 9s
  2400K .......... .......... .......... .......... .......... 59% 1.46M 9s
  2450K .......... .......... .......... .......... .......... 61% 1.02M 8s
  2500K .......... .......... .......... .......... .......... 62%  902K 8s
  2550K .......... .......... .......... .......... .......... 63% 1.20M 7s
  2600K .......... .......... .......... .......... .......... 64%  750K 7s
  2650K .......... .......... .......... .......... .......... 65%  387K 7s
  2700K .......... .......... .......... .......... .......... 67% 1.28M 6s
  2750K .......... .......... .......... .......... .......... 68%  707K 6s
  2800K .......... .......... .......... .......... .......... 69% 1.29M 6s
  2850K .......... .......... .......... .......... .......... 70%  752K 5s
  2900K .......... .......... .......... .......... .......... 72% 75.7K 5s
  2950K .......... .......... .......... .......... .......... 73%  395K 5s
  3000K .......... .......... .......... .......... .......... 74% 1.10M 5s
  3050K .......... .......... .......... .......... .......... 75% 1.15M 5s
  3100K .......... .......... .......... .......... .......... 76%  913K 4s
  3150K .......... .......... .......... .......... .......... 78% 1.13M 4s
  3200K .......... .......... .......... .......... .......... 79% 1.17M 4s
  3250K .......... .......... .......... .......... .......... 80% 1.85M 3s
  3300K .......... .......... .......... .......... .......... 81%  931K 3s
  3350K .......... .......... .......... .......... .......... 83% 1.92M 3s
  3400K .......... .......... .......... .......... .......... 84%  736K 3s
  3450K .......... .......... .......... .......... .......... 85%  741K 2s
  3500K .......... .......... .......... .......... .......... 86% 2.26M 2s
  3550K .......... .......... .......... .......... .......... 87%  675K 2s
  3600K .......... .......... .......... .......... .......... 89% 1.24M 2s
  3650K .......... .......... .......... .......... .......... 90% 1.59M 2s
  3700K .......... .......... .......... .......... .......... 91% 1.04M 1s
  3750K .......... .......... .......... .......... .......... 92% 1.87M 1s
  3800K .......... .......... .......... .......... .......... 93%  663K 1s
  3850K .......... .......... .......... .......... .......... 95% 1.23M 1s
  3900K .......... .......... .......... .......... .......... 96%  945K 1s
  3950K .......... .......... .......... .......... .......... 97%  653K 0s
  4000K .......... .......... .......... .......... .......... 98% 1.49M 0s
  4050K .......... .......... .......... .......... ......    100% 1.42M=15s

2025-06-24 16:08:29 (272 KB/s) - ‘/home/mosalam/robot_ws/build/multirobot_map_merge/map00.pgm’ saved [4194362/4194362]

--2025-06-24 16:08:29--  https://raw.githubusercontent.com/hrnr/m-explore-extra/master/map_merge/hector_maps/map05.pgm
Resolving raw.githubusercontent.com (raw.githubusercontent.com)... 185.199.109.133, 185.199.108.133, 185.199.110.133, ...
Connecting to raw.githubusercontent.com (raw.githubusercontent.com)|185.199.109.133|:443... connected.
HTTP request sent, awaiting response... 200 OK
Length: 4194362 (4.0M) [application/octet-stream]
Saving to: ‘/home/mosalam/robot_ws/build/multirobot_map_merge/map05.pgm’

     0K .......... .......... .......... .......... ..........  1%  918K 4s
    50K .......... .......... .......... .......... ..........  2%  971K 4s
   100K .......... .......... .......... .......... ..........  3% 2.32M 3s
   150K .......... .......... .......... .......... ..........  4%  753K 4s
   200K .......... .......... .......... .......... ..........  6% 1.91M 3s
   250K .......... .......... .......... .......... ..........  7% 1.66M 3s
   300K .......... .......... .......... .......... ..........  8% 2.15M 3s
   350K .......... .......... .......... .......... ..........  9% 2.93M 3s
   400K .......... .......... .......... .......... .......... 10%  608K 3s
   450K .......... .......... .......... .......... .......... 12% 2.44M 3s
   500K .......... .......... .......... .......... .......... 13% 2.11M 3s
   550K .......... .......... .......... .......... .......... 14% 2.33M 3s
   600K .......... .......... .......... .......... .......... 15% 1.77M 2s
   650K .......... .......... .......... .......... .......... 17% 1.08M 2s
   700K .......... .......... .......... .......... .......... 18% 1.78M 2s
   750K .......... .......... .......... .......... .......... 19% 2.70M 2s
   800K .......... .......... .......... .......... .......... 20% 1.82M 2s
   850K .......... .......... .......... .......... .......... 21%  419K 2s
   900K .......... .......... .......... .......... .......... 23% 58.7M 2s
   950K .......... .......... .......... .......... .......... 24%  167M 2s
  1000K .......... .......... .......... .......... .......... 25% 1.46M 2s
  1050K .......... .......... .......... .......... .......... 26% 1.85M 2s
  1100K .......... .......... .......... .......... .......... 28% 2.01M 2s
  1150K .......... .......... .......... .......... .......... 29% 1.85M 2s
  1200K .......... .......... .......... .......... .......... 30% 2.26M 2s
  1250K .......... .......... .......... .......... .......... 31%  646K 2s
  1300K .......... .......... .......... .......... .......... 32% 1.56M 2s
  1350K .......... .......... .......... .......... .......... 34% 2.66M 2s
  1400K .......... .......... .......... .......... .......... 35% 3.28M 2s
  1450K .......... .......... .......... .......... .......... 36% 2.16M 2s
  1500K .......... .......... .......... .......... .......... 37% 1000K 2s
  1550K .......... .......... .......... .......... .......... 39% 2.66M 2s
  1600K .......... .......... .......... .......... .......... 40% 1.61M 2s
  1650K .......... .......... .......... .......... .......... 41% 2.53M 2s
  1700K .......... .......... .......... .......... .......... 42%  605K 2s
  1750K .......... .......... .......... .......... .......... 43% 1.90M 2s
  1800K .......... .......... .......... .......... .......... 45% 2.40M 2s
  1850K .......... .......... .......... .......... .......... 46% 2.43M 1s
  1900K .......... .......... .......... .......... .......... 47% 3.90M 1s
  1950K .......... .......... .......... .......... .......... 48%  672K 1s
  2000K .......... .......... .......... .......... .......... 50% 2.41M 1s
  2050K .......... .......... .......... .......... .......... 51% 2.94M 1s
  2100K .......... .......... .......... .......... .......... 52% 2.27M 1s
  2150K .......... .......... .......... .......... .......... 53%  811K 1s
  2200K .......... .......... .......... .......... .......... 54% 2.82M 1s
  2250K .......... .......... .......... .......... .......... 56% 3.30M 1s
  2300K .......... .......... .......... .......... .......... 57% 2.23M 1s
  2350K .......... .......... .......... .......... .......... 58% 2.01M 1s
  2400K .......... .......... .......... .......... .......... 59%  796K 1s
  2450K .......... .......... .......... .......... .......... 61% 2.43M 1s
  2500K .......... .......... .......... .......... .......... 62% 2.23M 1s
  2550K .......... .......... .......... .......... .......... 63%  619K 1s
  2600K .......... .......... .......... .......... .......... 64% 1.98M 1s
  2650K .......... .......... .......... .......... .......... 65% 27.7K 2s
  2700K .......... .......... .......... .......... .......... 67%  965K 2s
  2750K .......... .......... .......... .......... .......... 68% 1.70M 2s
  2800K .......... .......... .......... .......... .......... 69% 2.28M 2s
  2850K .......... .......... .......... .......... .......... 70% 3.98M 2s
  2900K .......... .......... .......... .......... .......... 72% 1.76M 1s
  2950K .......... .......... .......... .......... .......... 73%  882K 1s
  3000K .......... .......... .......... .......... .......... 74% 2.29M 1s
  3050K .......... .......... .......... .......... .......... 75% 1.54M 1s
  3100K .......... .......... .......... .......... .......... 76%  691K 1s
  3150K .......... .......... .......... .......... .......... 78% 1.53M 1s
  3200K .......... .......... .......... .......... .......... 79% 2.21M 1s
  3250K .......... .......... .......... .......... .......... 80% 1.35M 1s
  3300K .......... .......... .......... .......... .......... 81% 2.00M 1s
  3350K .......... .......... .......... .......... .......... 83% 2.60M 1s
  3400K .......... .......... .......... .......... .......... 84% 2.67M 1s
  3450K .......... .......... .......... .......... .......... 85% 1.88M 1s
  3500K .......... .......... .......... .......... .......... 86% 2.29M 1s
  3550K .......... .......... .......... .......... .......... 87%  610K 1s
  3600K .......... .......... .......... .......... .......... 89% 1.87M 1s
  3650K .......... .......... .......... .......... .......... 90% 1.68M 0s
  3700K .......... .......... .......... .......... .......... 91% 2.41M 0s
  3750K .......... .......... .......... .......... .......... 92% 2.33M 0s
  3800K .......... .......... .......... .......... .......... 93% 2.00M 0s
  3850K .......... .......... .......... .......... .......... 95%  795K 0s
  3900K .......... .......... .......... .......... .......... 96% 2.45M 0s
  3950K .......... .......... .......... .......... .......... 97% 3.25M 0s
  4000K .......... .......... .......... .......... .......... 98% 1.89M 0s
  4050K .......... .......... .......... .......... ......    100% 3.25M=4.4s

2025-06-24 16:08:34 (926 KB/s) - ‘/home/mosalam/robot_ws/build/multirobot_map_merge/map05.pgm’ saved [4194362/4194362]

--2025-06-24 16:08:34--  https://raw.githubusercontent.com/hrnr/m-explore-extra/master/map_merge/gmapping_maps/2011-08-09-12-22-52.pgm
Resolving raw.githubusercontent.com (raw.githubusercontent.com)... 185.199.108.133, 185.199.111.133, 185.199.110.133, ...
Connecting to raw.githubusercontent.com (raw.githubusercontent.com)|185.199.108.133|:443... connected.
HTTP request sent, awaiting response... 200 OK
Length: 16000058 (15M) [application/octet-stream]
Saving to: ‘/home/mosalam/robot_ws/build/multirobot_map_merge/2011-08-09-12-22-52.pgm’

     0K .......... .......... .......... .......... ..........  0%  637K 24s
    50K .......... .......... .......... .......... ..........  0%  733K 23s
   100K .......... .......... .......... .......... ..........  0% 2.50M 17s
   150K .......... .......... .......... .......... ..........  1%  616K 19s
   200K .......... .......... .......... .......... ..........  1% 1.85M 17s
   250K .......... .......... .......... .......... ..........  1%  615K 18s
   300K .......... .......... .......... .......... ..........  2% 1.05M 18s
   350K .......... .......... .......... .......... ..........  2% 1.14M 17s
   400K .......... .......... .......... .......... ..........  2% 2.01M 16s
   450K .......... .......... .......... .......... ..........  3%  629K 17s
   500K .......... .......... .......... .......... ..........  3% 2.23M 16s
   550K .......... .......... .......... .......... ..........  3% 2.13M 15s
   600K .......... .......... .......... .......... ..........  4%  624K 16s
   650K .......... .......... .......... .......... ..........  4% 2.19M 15s
   700K .......... .......... .......... .......... ..........  4% 2.32M 14s
   750K .......... .......... .......... .......... ..........  5%  639K 15s
   800K .......... .......... .......... .......... ..........  5% 1.79M 14s
   850K .......... .......... .......... .......... ..........  5%  804K 14s
   900K .......... .......... .......... .......... ..........  6% 2.46M 14s
   950K .......... .......... .......... .......... ..........  6% 1.53M 14s
  1000K .......... .......... .......... .......... ..........  6% 1.22M 14s
  1050K .......... .......... .......... .......... ..........  7% 2.00M 13s
  1100K .......... .......... .......... .......... ..........  7% 2.95M 13s
  1150K .......... .......... .......... .......... ..........  7% 1.11M 13s
  1200K .......... .......... .......... .......... ..........  7% 1.25M 13s
  1250K .......... .......... .......... .......... ..........  8% 2.42M 12s
  1300K .......... .......... .......... .......... ..........  8%  691K 13s
  1350K .......... .......... .......... .......... ..........  8% 1.42M 12s
  1400K .......... .......... .......... .......... ..........  9% 2.12M 12s
  1450K .......... .......... .......... .......... ..........  9% 3.26M 12s
  1500K .......... .......... .......... .......... ..........  9%  751K 12s
  1550K .......... .......... .......... .......... .......... 10% 2.60M 12s
  1600K .......... .......... .......... .......... .......... 10% 1.67M 12s
  1650K .......... .......... .......... .......... .......... 10%  677K 12s
  1700K .......... .......... .......... .......... .......... 11% 3.80M 12s
  1750K .......... .......... .......... .......... .......... 11% 2.15M 11s
  1800K .......... .......... .......... .......... .......... 11% 2.88M 11s
  1850K .......... .......... .......... .......... .......... 12%  265K 12s
  1900K .......... .......... .......... .......... .......... 12% 1.28M 12s
  1950K .......... .......... .......... .......... .......... 12% 1.21M 12s
  2000K .......... .......... .......... .......... .......... 13%  947K 12s
  2050K .......... .......... .......... .......... .......... 13% 9.95K 44s
  2100K .......... .......... .......... .......... .......... 13%  571K 43s
  2150K .......... .......... .......... .......... .......... 14%  655K 43s
  2200K .......... .......... .......... .......... .......... 14% 4.16M 42s
  2250K .......... .......... .......... .......... .......... 14% 2.31M 41s
  2300K .......... .......... .......... .......... .......... 15% 3.69M 40s
  2350K .......... .......... .......... .......... .......... 15% 2.45M 39s
  2400K .......... .......... .......... .......... .......... 15%  736K 38s
  2450K .......... .......... .......... .......... .......... 15% 2.42M 38s
  2500K .......... .......... .......... .......... .......... 16% 2.11M 37s
  2550K .......... .......... .......... .......... .......... 16% 4.56M 36s
  2600K .......... .......... .......... .......... .......... 16% 2.99M 35s
  2650K .......... .......... .......... .......... .......... 17% 1.86M 35s
  2700K .......... .......... .......... .......... .......... 17%  521K 34s
  2750K .......... .......... .......... .......... .......... 17% 2.21M 34s
  2800K .......... .......... .......... .......... .......... 18% 1.96M 33s
  2850K .......... .......... .......... .......... .......... 18% 2.57M 32s
  2900K .......... .......... .......... .......... .......... 18% 1.05M 32s
  2950K .......... .......... .......... .......... .......... 19% 1.23M 32s
  3000K .......... .......... .......... .......... .......... 19% 4.79M 31s
  3050K .......... .......... .......... .......... .......... 19% 1.57M 30s
  3100K .......... .......... .......... .......... .......... 20%  732K 30s
  3150K .......... .......... .......... .......... .......... 20% 7.94M 30s
  3200K .......... .......... .......... .......... .......... 20% 2.35M 29s
  3250K .......... .......... .......... .......... .......... 21%  548K 29s
  3300K .......... .......... .......... .......... .......... 21% 1.90M 28s
  3350K .......... .......... .......... .......... .......... 21% 2.23M 28s
  3400K .......... .......... .......... .......... .......... 22% 1.15M 28s
  3450K .......... .......... .......... .......... .......... 22%  704K 27s
  3500K .......... .......... .......... .......... .......... 22% 1.74M 27s
  3550K .......... .......... .......... .......... .......... 23% 2.80M 26s
  3600K .......... .......... .......... .......... .......... 23% 1.61M 26s
  3650K .......... .......... .......... .......... .......... 23% 2.32M 26s
  3700K .......... .......... .......... .......... .......... 23% 3.66M 25s
  3750K .......... .......... .......... .......... .......... 24%  705K 25s
  3800K .......... .......... .......... .......... .......... 24% 2.09M 25s
  3850K .......... .......... .......... .......... .......... 24% 2.09M 24s
  3900K .......... .......... .......... .......... .......... 25% 3.39M 24s
  3950K .......... .......... .......... .......... .......... 25% 2.75M 24s
  4000K .......... .......... .......... .......... .......... 25% 1.10M 23s
  4050K .......... .......... .......... .......... .......... 26% 2.17M 23s
  4100K .......... .......... .......... .......... .......... 26% 2.25M 23s
  4150K .......... .......... .......... .......... .......... 26% 1.49M 22s
  4200K .......... .......... .......... .......... .......... 27% 3.05M 22s
  4250K .......... .......... .......... .......... .......... 27% 3.15M 22s
  4300K .......... .......... .......... .......... .......... 27% 2.43M 22s
  4350K .......... .......... .......... .......... .......... 28% 2.95M 21s
  4400K .......... .......... .......... .......... .......... 28% 2.17M 21s
  4450K .......... .......... .......... .......... .......... 28% 2.48M 21s
  4500K .......... .......... .......... .......... .......... 29%  702K 21s
  4550K .......... .......... .......... .......... .......... 29% 2.22M 20s
  4600K .......... .......... .......... .......... .......... 29% 2.60M 20s
  4650K .......... .......... .......... .......... .......... 30% 3.19M 20s
  4700K .......... .......... .......... .......... .......... 30% 2.47M 20s
  4750K .......... .......... .......... .......... .......... 30% 2.77M 19s
  4800K .......... .......... .......... .......... .......... 31% 1.77M 19s
  4850K .......... .......... .......... .......... .......... 31% 2.74M 19s
  4900K .......... .......... .......... .......... .......... 31%  557K 19s
  4950K .......... .......... .......... .......... .......... 31% 4.77M 18s
  5000K .......... .......... .......... .......... .......... 32% 2.98M 18s
  5050K .......... .......... .......... .......... .......... 32% 2.50M 18s
  5100K .......... .......... .......... .......... .......... 32% 3.10M 18s
  5150K .......... .......... .......... .......... .......... 33% 3.40M 18s
  5200K .......... .......... .......... .......... .......... 33% 1.96M 17s
  5250K .......... .......... .......... .......... .......... 33% 3.24M 17s
  5300K .......... .......... .......... .......... .......... 34%  742K 17s
  5350K .......... .......... .......... .......... .......... 34% 2.61M 17s
  5400K .......... .......... .......... .......... .......... 34% 3.27M 17s
  5450K .......... .......... .......... .......... .......... 35% 2.38M 16s
  5500K .......... .......... .......... .......... .......... 35% 2.26M 16s
  5550K .......... .......... .......... .......... .......... 35% 3.32M 16s
  5600K .......... .......... .......... .......... .......... 36% 1.60M 16s
  5650K .......... .......... .......... .......... .......... 36% 3.24M 16s
  5700K .......... .......... .......... .......... .......... 36%  742K 16s
  5750K .......... .......... .......... .......... .......... 37% 2.13M 15s
  5800K .......... .......... .......... .......... .......... 37% 2.07M 15s
  5850K .......... .......... .......... .......... .......... 37% 2.28M 15s
  5900K .......... .......... .......... .......... .......... 38% 2.87M 15s
  5950K .......... .......... .......... .......... .......... 38% 3.24M 15s
  6000K .......... .......... .......... .......... .......... 38% 1.62M 15s
  6050K .......... .......... .......... .......... .......... 39% 3.55M 14s
  6100K .......... .......... .......... .......... .......... 39% 2.44M 14s
  6150K .......... .......... .......... .......... .......... 39% 2.64M 14s
  6200K .......... .......... .......... .......... .......... 39% 1.33M 14s
  6250K .......... .......... .......... .......... .......... 40%  597K 14s
  6300K .......... .......... .......... .......... .......... 40% 1.50M 14s
  6350K .......... .......... .......... .......... .......... 40% 1.84M 14s
  6400K .......... .......... .......... .......... .......... 41%  884K 13s
  6450K .......... .......... .......... .......... .......... 41% 1000K 13s
  6500K .......... .......... .......... .......... .......... 41% 1.08M 13s
  6550K .......... .......... .......... .......... .......... 42%  675K 13s
  6600K .......... .......... .......... .......... .......... 42% 2.04M 13s
  6650K .......... .......... .......... .......... .......... 42%  548K 13s
  6700K .......... .......... .......... .......... .......... 43% 2.17M 13s
  6750K .......... .......... .......... .......... .......... 43% 2.03M 13s
  6800K .......... .......... .......... .......... .......... 43% 1.23M 13s
  6850K .......... .......... .......... .......... .......... 44% 2.13M 12s
  6900K .......... .......... .......... .......... .......... 44% 1.57M 12s
  6950K .......... .......... .......... .......... .......... 44% 2.01M 12s
  7000K .......... .......... .......... .......... .......... 45% 1.91M 12s
  7050K .......... .......... .......... .......... .......... 45% 1.84M 12s
  7100K .......... .......... .......... .......... .......... 45% 1.73M 12s
  7150K .......... .......... .......... .......... .......... 46%  706K 12s
  7200K .......... .......... .......... .......... .......... 46% 1.48M 12s
  7250K .......... .......... .......... .......... .......... 46% 2.03M 12s
  7300K .......... .......... .......... .......... .......... 47% 1.88M 11s
  7350K .......... .......... .......... .......... .......... 47% 2.63M 11s
  7400K .......... .......... .......... .......... .......... 47% 1.69M 11s
  7450K .......... .......... .......... .......... .......... 47% 2.46M 11s
  7500K .......... .......... .......... .......... .......... 48% 2.37M 11s
  7550K .......... .......... .......... .......... .......... 48% 1.91M 11s
  7600K .......... .......... .......... .......... .......... 48% 15.1K 14s
  7650K .......... .......... .......... .......... .......... 49%  223K 14s
  7700K .......... .......... .......... .......... .......... 49%  224K 14s
  7750K .......... .......... .......... .......... .......... 49% 1.95M 14s
  7800K .......... .......... .......... .......... .......... 50% 2.63M 14s
  7850K .......... .......... .......... .......... .......... 50% 1.87M 14s
  7900K .......... .......... .......... .......... .......... 50% 2.31M 14s
  7950K .......... .......... .......... .......... .......... 51% 2.67M 13s
  8000K .......... .......... .......... .......... .......... 51%  400K 13s
  8050K .......... .......... .......... .......... .......... 51% 1.69M 13s
  8100K .......... .......... .......... .......... .......... 52% 1.86M 13s
  8150K .......... .......... .......... .......... .......... 52% 2.26M 13s
  8200K .......... .......... .......... .......... .......... 52%  279K 13s
  8250K .......... .......... .......... .......... .......... 53% 45.7K 14s
  8300K .......... .......... .......... .......... .......... 53% 82.0M 14s
  8350K .......... .......... .......... .......... .......... 53% 45.9M 13s
  8400K .......... .......... .......... .......... .......... 54% 40.8M 13s
  8450K .......... .......... .......... .......... .......... 54% 48.2M 13s
  8500K .......... .......... .......... .......... .......... 54% 46.7M 13s
  8550K .......... .......... .......... .......... .......... 55% 47.5M 13s
  8600K .......... .......... .......... .......... .......... 55% 43.7M 13s
  8650K .......... .......... .......... .......... .......... 55% 50.5M 12s
  8700K .......... .......... .......... .......... .......... 55%  148M 12s
  8750K .......... .......... .......... .......... .......... 56%  333K 12s
  8800K .......... .......... .......... .......... .......... 56% 42.5M 12s
  8850K .......... .......... .......... .......... .......... 56%  130M 12s
  8900K .......... .......... .......... .......... .......... 57%  161M 12s
  8950K .......... .......... .......... .......... .......... 57% 4.78M 12s
  9000K .......... .......... .......... .......... .......... 57% 3.00M 11s
  9050K .......... .......... .......... .......... .......... 58% 2.69M 11s
  9100K .......... .......... .......... .......... .......... 58% 1.23M 11s
  9150K .......... .......... .......... .......... .......... 58% 1.10M 11s
  9200K .......... .......... .......... .......... .......... 59% 1.82M 11s
  9250K .......... .......... .......... .......... .......... 59% 1.32M 11s
  9300K .......... .......... .......... .......... .......... 59% 2.34M 11s
  9350K .......... .......... .......... .......... .......... 60% 1.74M 11s
  9400K .......... .......... .......... .......... .......... 60% 1.25M 10s
  9450K .......... .......... .......... .......... .......... 60% 2.39M 10s
  9500K .......... .......... .......... .......... .......... 61% 2.37M 10s
  9550K .......... .......... .......... .......... .......... 61% 1.78M 10s
  9600K .......... .......... .......... .......... .......... 61% 1.45M 10s
  9650K .......... .......... .......... .......... .......... 62% 2.32M 10s
  9700K .......... .......... .......... .......... .......... 62%  975K 10s
  9750K .......... .......... .......... .......... .......... 62% 1.21M 10s
  9800K .......... .......... .......... .......... .......... 63% 1.60M 10s
  9850K .......... .......... .......... .......... .......... 63% 2.71M 9s
  9900K .......... .......... .......... .......... .......... 63%  818K 9s
  9950K .......... .......... .......... .......... .......... 63% 1.66M 9s
 10000K .......... .......... .......... .......... .......... 64% 1.24M 9s
 10050K .......... .......... .......... .......... .......... 64%  931K 9s
 10100K .......... .......... .......... .......... .......... 64% 1.54M 9s
 10150K .......... .......... .......... .......... .......... 65% 1.26M 9s
 10200K .......... .......... .......... .......... .......... 65% 1.36M 9s
 10250K .......... .......... .......... .......... .......... 65% 1.68M 9s
 10300K .......... .......... .......... .......... .......... 66%  500K 9s
 10350K .......... .......... .......... .......... .......... 66%  669K 8s
 10400K .......... .......... .......... .......... .......... 66% 1.78M 8s
 10450K .......... .......... .......... .......... .......... 67% 3.04M 8s
 10500K .......... .......... .......... .......... .......... 67% 1.75M 8s
 10550K .......... .......... .......... .......... .......... 67% 3.45M 8s
 10600K .......... .......... .......... .......... .......... 68% 2.15M 8s
 10650K .......... .......... .......... .......... .......... 68% 3.98M 8s
 10700K .......... .......... .......... .......... .......... 68% 2.09M 8s
 10750K .......... .......... .......... .......... .......... 69% 3.04M 8s
 10800K .......... .......... .......... .......... .......... 69%  261K 8s
 10850K .......... .......... .......... .......... .......... 69% 1.82M 7s
 10900K .......... .......... .......... .......... .......... 70% 1.79M 7s
 10950K .......... .......... .......... .......... .......... 70% 1.85M 7s
 11000K .......... .......... .......... .......... .......... 70% 1011K 7s
 11050K .......... .......... .......... .......... .......... 71% 1.39M 7s
 11100K .......... .......... .......... .......... .......... 71% 4.88M 7s
 11150K .......... .......... .......... .......... .......... 71% 2.05M 7s
 11200K .......... .......... .......... .......... .......... 71% 29.3K 7s
 11250K .......... .......... .......... .......... .......... 72%  372K 7s
 11300K .......... .......... .......... .......... .......... 72% 1.84M 7s
 11350K .......... .......... .......... .......... .......... 72% 3.96M 7s
 11400K .......... .......... .......... .......... .......... 73% 1.56M 7s
 11450K .......... .......... .......... .......... .......... 73% 2.43M 7s
 11500K .......... .......... .......... .......... .......... 73% 2.79M 7s
 11550K .......... .......... .......... .......... .......... 74% 3.21M 7s
 11600K .......... .......... .......... .......... .......... 74% 1.72M 7s
 11650K .......... .......... .......... .......... .......... 74% 2.16M 7s
 11700K .......... .......... .......... .......... .......... 75% 3.93M 6s
 11750K .......... .......... .......... .......... .......... 75%  832K 6s
 11800K .......... .......... .......... .......... .......... 75% 1.55M 6s
 11850K .......... .......... .......... .......... .......... 76% 5.29M 6s
 11900K .......... .......... .......... .......... .......... 76% 3.57M 6s
 11950K .......... .......... .......... .......... .......... 76% 1.28M 6s
 12000K .......... .......... .......... .......... .......... 77% 2.56M 6s
 12050K .......... .......... .......... .......... .......... 77% 2.55M 6s
 12100K .......... .......... .......... .......... .......... 77% 2.21M 6s
 12150K .......... .......... .......... .......... .......... 78% 3.20M 6s
 12200K .......... .......... .......... .......... .......... 78% 2.89M 5s
 12250K .......... .......... .......... .......... .......... 78% 1.74M 5s
 12300K .......... .......... .......... .......... .......... 79%  618K 5s
 12350K .......... .......... .......... .......... .......... 79%  253K 5s
 12400K .......... .......... .......... .......... .......... 79% 1.52M 5s
 12450K .......... .......... .......... .......... .......... 79% 1.28M 5s
 12500K .......... .......... .......... .......... .......... 80% 1.81M 5s
 12550K .......... .......... .......... .......... .......... 80% 2.13M 5s
 12600K .......... .......... .......... .......... .......... 80% 2.36M 5s
 12650K .......... .......... .......... .......... .......... 81% 2.18M 5s
 12700K .......... .......... .......... .......... .......... 81% 2.19M 5s
 12750K .......... .......... .......... .......... .......... 81% 2.21M 4s
 12800K .......... .......... .......... .......... .......... 82% 1.34M 4s
 12850K .......... .......... .......... .......... .......... 82% 2.84M 4s
 12900K .......... .......... .......... .......... .......... 82%  703K 4s
 12950K .......... .......... .......... .......... .......... 83% 1.48M 4s
 13000K .......... .......... .......... .......... .......... 83% 1.19M 4s
 13050K .......... .......... .......... .......... .......... 83% 1.97M 4s
 13100K .......... .......... .......... .......... .......... 84% 1.39M 4s
 13150K .......... .......... .......... .......... .......... 84% 1.41M 4s
 13200K .......... .......... .......... .......... .......... 84%  547K 4s
 13250K .......... .......... .......... .......... .......... 85% 1.93M 4s
 13300K .......... .......... .......... .......... .......... 85% 3.00M 4s
 13350K .......... .......... .......... .......... .......... 85% 2.16M 3s
 13400K .......... .......... .......... .......... .......... 86% 2.53M 3s
 13450K .......... .......... .......... .......... .......... 86% 2.13M 3s
 13500K .......... .......... .......... .......... .......... 86% 2.36M 3s
 13550K .......... .......... .......... .......... .......... 87% 3.02M 3s
 13600K .......... .......... .......... .......... .......... 87% 1.58M 3s
 13650K .......... .......... .......... .......... .......... 87% 2.34M 3s
 13700K .......... .......... .......... .......... .......... 87% 1.82M 3s
 13750K .......... .......... .......... .......... .......... 88%  646K 3s
 13800K .......... .......... .......... .......... .......... 88% 1.92M 3s
 13850K .......... .......... .......... .......... .......... 88% 2.70M 3s
 13900K .......... .......... .......... .......... .......... 89% 1.96M 3s
 13950K .......... .......... .......... .......... .......... 89% 2.65M 2s
 14000K .......... .......... .......... .......... .......... 89% 1.42M 2s
 14050K .......... .......... .......... .......... .......... 90% 2.19M 2s
 14100K .......... .......... .......... .......... .......... 90% 2.65M 2s
 14150K .......... .......... .......... .......... .......... 90% 2.37M 2s
 14200K .......... .......... .......... .......... .......... 91% 2.29M 2s
 14250K .......... .......... .......... .......... .......... 91% 2.73M 2s
 14300K .......... .......... .......... .......... .......... 91%  753K 2s
 14350K .......... .......... .......... .......... .......... 92% 2.66M 2s
 14400K .......... .......... .......... .......... .......... 92% 1.25M 2s
 14450K .......... .......... .......... .......... .......... 92% 4.66M 2s
 14500K .......... .......... .......... .......... .......... 93% 2.64M 2s
 14550K .......... .......... .......... .......... .......... 93% 1.45M 1s
 14600K .......... .......... .......... .......... .......... 93% 2.59M 1s
 14650K .......... .......... .......... .......... .......... 94% 1.74M 1s
 14700K .......... .......... .......... .......... .......... 94% 4.76M 1s
 14750K .......... .......... .......... .......... .......... 94% 2.30M 1s
 14800K .......... .......... .......... .......... .......... 95% 2.62M 1s
 14850K .......... .......... .......... .......... .......... 95% 1.27M 1s
 14900K .......... .......... .......... .......... .......... 95%  692K 1s
 14950K .......... .......... .......... .......... .......... 95% 2.13M 1s
 15000K .......... .......... .......... .......... .......... 96% 3.90M 1s
 15050K .......... .......... .......... .......... .......... 96% 3.99M 1s
 15100K .......... .......... .......... .......... .......... 96% 3.39M 1s
 15150K .......... .......... .......... .......... .......... 97% 2.32M 1s
 15200K .......... .......... .......... .......... .......... 97% 2.40M 1s
 15250K .......... .......... .......... .......... .......... 97% 3.05M 0s
 15300K .......... .......... .......... .......... .......... 98% 1.71M 0s
 15350K .......... .......... .......... .......... .......... 98% 1.48M 0s
 15400K .......... .......... .......... .......... .......... 98% 3.12M 0s
 15450K .......... .......... .......... .......... .......... 99% 2.58M 0s
 15500K .......... .......... .......... .......... .......... 99% 2.61M 0s
 15550K .......... .......... .......... .......... .......... 99% 2.41M 0s
 15600K .......... .......... .....                           100% 2.57M=22s

2025-06-24 16:08:57 (720 KB/s) - ‘/home/mosalam/robot_ws/build/multirobot_map_merge/2011-08-09-12-22-52.pgm’ saved [16000058/16000058]

--2025-06-24 16:08:57--  https://raw.githubusercontent.com/hrnr/m-explore-extra/master/map_merge/gmapping_maps/2012-01-28-11-12-01.pgm
Resolving raw.githubusercontent.com (raw.githubusercontent.com)... 185.199.110.133, 185.199.109.133, 185.199.111.133, ...
Connecting to raw.githubusercontent.com (raw.githubusercontent.com)|185.199.110.133|:443... connected.
HTTP request sent, awaiting response... 200 OK
Length: 16000058 (15M) [application/octet-stream]
Saving to: ‘/home/mosalam/robot_ws/build/multirobot_map_merge/2012-01-28-11-12-01.pgm’

     0K .......... .......... .......... .......... ..........  0%  694K 22s
    50K .......... .......... .......... .......... ..........  0%  677K 23s
   100K .......... .......... .......... .......... ..........  0% 2.34M 17s
   150K .......... .......... .......... .......... ..........  1%  209K 31s
   200K .......... .......... .......... .......... ..........  1%  641K 30s
   250K .......... .......... .......... .......... ..........  1% 28.1K 1m56s
   300K .......... .......... .......... .......... ..........  2%  453K 1m44s
   350K .......... .......... .......... .......... ..........  2%  448K 95s
   400K .......... .......... .......... .......... ..........  2%  213K 92s
   450K .......... .......... .......... .......... ..........  3% 46.5M 82s
   500K .......... .......... .......... .......... ..........  3% 9.79M 75s
   550K .......... .......... .......... .......... ..........  3% 1.10M 69s
   600K .......... .......... .......... .......... ..........  4% 95.1K 76s
   650K .......... .......... .......... .......... ..........  4%  329K 74s
   700K .......... .......... .......... .......... ..........  4%  119K 77s
   750K .......... .......... .......... .......... ..........  5% 1.75M 72s
   800K .......... .......... .......... .......... ..........  5%  402K 70s
   850K .......... .......... .......... .......... ..........  5%  612K 67s
   900K .......... .......... .......... .......... ..........  6%  525K 65s
   950K .......... .......... .......... .......... ..........  6% 1.58M 62s
  1000K .......... .......... .......... .......... ..........  6%  334K 61s
  1050K .......... .......... .......... .......... ..........  7%  789K 59s
  1100K .......... .......... .......... .......... ..........  7% 1.12M 56s
  1150K .......... .......... .......... .......... ..........  7%  870K 55s
  1200K .......... .......... .......... .......... ..........  7% 1.24M 53s
  1250K .......... .......... .......... .......... ..........  8%  240K 53s
  1300K .......... .......... .......... .......... ..........  8%  942K 51s
  1350K .......... .......... .......... .......... ..........  8%  650K 50s
  1400K .......... .......... .......... .......... ..........  9% 2.74M 48s
  1450K .......... .......... .......... .......... ..........  9%  514K 47s
  1500K .......... .......... .......... .......... ..........  9% 2.19M 46s
  1550K .......... .......... .......... .......... .......... 10%  650K 45s
  1600K .......... .......... .......... .......... .......... 10% 1.78M 44s
  1650K .......... .......... .......... .......... .......... 10% 2.03M 42s
  1700K .......... .......... .......... .......... .......... 11%  259K 43s
  1750K .......... .......... .......... .......... .......... 11%  848K 42s
  1800K .......... .......... .......... .......... .......... 11% 13.5K 68s
  1850K .......... .......... .......... .......... .......... 12%  558K 67s
  1900K .......... .......... .......... .......... .......... 12% 1.31M 65s
  1950K .......... .......... .......... .......... .......... 12% 1.47M 63s
  2000K .......... .......... .......... .......... .......... 13%  625K 62s
  2050K .......... .......... .......... .......... .......... 13% 2.04M 61s
  2100K .......... .......... .......... .......... .......... 13% 1.66M 59s
  2150K .......... .......... .......... .......... .......... 14% 2.32M 58s
  2200K .......... .......... .......... .......... .......... 14% 2.18M 56s
  2250K .......... .......... .......... .......... .......... 14%  739K 55s
  2300K .......... .......... .......... .......... .......... 15% 1.96M 54s
  2350K .......... .......... .......... .......... .......... 15% 3.06M 53s
  2400K .......... .......... .......... .......... .......... 15%  574K 52s
  2450K .......... .......... .......... .......... .......... 15% 1.11M 51s
  2500K .......... .......... .......... .......... .......... 16% 2.42M 50s
  2550K .......... .......... .......... .......... .......... 16% 2.32M 49s
  2600K .......... .......... .......... .......... .......... 16%  434K 48s
  2650K .......... .......... .......... .......... .......... 17% 1.29M 47s
  2700K .......... .......... .......... .......... .......... 17% 1.44M 47s
  2750K .......... .......... .......... .......... .......... 17% 1.35M 46s
  2800K .......... .......... .......... .......... .......... 18%  413K 45s
  2850K .......... .......... .......... .......... .......... 18% 1.61M 45s
  2900K .......... .......... .......... .......... .......... 18% 1.87M 44s
  2950K .......... .......... .......... .......... .......... 19% 2.05M 43s
  3000K .......... .......... .......... .......... .......... 19% 2.06M 42s
  3050K .......... .......... .......... .......... .......... 19%  658K 42s
  3100K .......... .......... .......... .......... .......... 20% 2.23M 41s
  3150K .......... .......... .......... .......... .......... 20% 2.34M 40s
  3200K .......... .......... .......... .......... .......... 20%  607K 40s
  3250K .......... .......... .......... .......... .......... 21% 1.60M 39s
  3300K .......... .......... .......... .......... .......... 21%  447K 39s
  3350K .......... .......... .......... .......... .......... 21% 2.10M 38s
  3400K .......... .......... .......... .......... .......... 22% 1.94M 37s
  3450K .......... .......... .......... .......... .......... 22% 2.31M 37s
  3500K .......... .......... .......... .......... .......... 22% 1.94M 36s
  3550K .......... .......... .......... .......... .......... 23%  669K 36s
  3600K .......... .......... .......... .......... .......... 23% 1.13M 35s
  3650K .......... .......... .......... .......... .......... 23% 2.31M 35s
  3700K .......... .......... .......... .......... .......... 23% 2.02M 34s
  3750K .......... .......... .......... .......... .......... 24% 1.47M 34s
  3800K .......... .......... .......... .......... .......... 24%  658K 33s
  3850K .......... .......... .......... .......... .......... 24% 1.20M 33s
  3900K .......... .......... .......... .......... .......... 25% 1.82M 32s
  3950K .......... .......... .......... .......... .......... 25% 1.87M 32s
  4000K .......... .......... .......... .......... .......... 25% 1.56M 32s
  4050K .......... .......... .......... .......... .......... 26% 1.26M 31s
  4100K .......... .......... .......... .......... .......... 26% 1.19M 31s
  4150K .......... .......... .......... .......... .......... 26% 2.29M 30s
  4200K .......... .......... .......... .......... .......... 27% 1.80M 30s
  4250K .......... .......... .......... .......... .......... 27% 1.75M 30s
  4300K .......... .......... .......... .......... .......... 27% 1.90M 29s
  4350K .......... .......... .......... .......... .......... 28% 71.7K 30s
  4400K .......... .......... .......... .......... .......... 28% 5.61M 30s
  4450K .......... .......... .......... .......... .......... 28% 50.5M 30s
  4500K .......... .......... .......... .......... .......... 29%  183M 29s
  4550K .......... .......... .......... .......... .......... 29%  178M 29s
  4600K .......... .......... .......... .......... .......... 29%  182M 28s
  4650K .......... .......... .......... .......... .......... 30%  405K 28s
  4700K .......... .......... .......... .......... .......... 30% 1.03M 28s
  4750K .......... .......... .......... .......... .......... 30% 1.41M 27s
  4800K .......... .......... .......... .......... .......... 31% 1.27M 27s
  4850K .......... .......... .......... .......... .......... 31%  593K 27s
  4900K .......... .......... .......... .......... .......... 31%  701K 27s
  4950K .......... .......... .......... .......... .......... 31% 2.15M 26s
  5000K .......... .......... .......... .......... .......... 32% 27.4K 30s
  5050K .......... .......... .......... .......... .......... 32%  349K 30s
  5100K .......... .......... .......... .......... .......... 32% 1.55M 29s
  5150K .......... .......... .......... .......... .......... 33% 2.35M 29s
  5200K .......... .......... .......... .......... .......... 33% 1.46M 28s
  5250K .......... .......... .......... .......... .......... 33%  548K 28s
  5300K .......... .......... .......... .......... .......... 34% 2.40M 28s
  5350K .......... .......... .......... .......... .......... 34% 2.19M 28s
  5400K .......... .......... .......... .......... .......... 34% 2.83M 27s
  5450K .......... .......... .......... .......... .......... 35%  122K 28s
  5500K .......... .......... .......... .......... .......... 35% 1.96M 27s
  5550K .......... .......... .......... .......... .......... 35% 2.25M 27s
  5600K .......... .......... .......... .......... .......... 36% 1.51M 27s
  5650K .......... .......... .......... .......... .......... 36% 2.69M 26s
  5700K .......... .......... .......... .......... .......... 36%  503K 26s
  5750K .......... .......... .......... .......... .......... 37% 1.08M 26s
  5800K .......... .......... .......... .......... .......... 37% 2.08M 25s
  5850K .......... .......... .......... .......... .......... 37% 1.31M 25s
  5900K .......... .......... .......... .......... .......... 38% 2.66M 25s
  5950K .......... .......... .......... .......... .......... 38% 2.34M 25s
  6000K .......... .......... .......... .......... .......... 38%  553K 24s
  6050K .......... .......... .......... .......... .......... 39% 1.44M 24s
  6100K .......... .......... .......... .......... .......... 39% 1.38M 24s
  6150K .......... .......... .......... .......... .......... 39% 1.19M 24s
  6200K .......... .......... .......... .......... .......... 39% 1.61M 23s
  6250K .......... .......... .......... .......... .......... 40% 1.81M 23s
  6300K .......... .......... .......... .......... .......... 40% 1.85M 23s
  6350K .......... .......... .......... .......... .......... 40% 1.31M 23s
  6400K .......... .......... .......... .......... .......... 41% 2.56M 22s
  6450K .......... .......... .......... .......... .......... 41%  623K 22s
  6500K .......... .......... .......... .......... .......... 41% 1.12M 22s
  6550K .......... .......... .......... .......... .......... 42% 2.23M 22s
  6600K .......... .......... .......... .......... .......... 42% 2.52M 21s
  6650K .......... .......... .......... .......... .......... 42% 3.44M 21s
  6700K .......... .......... .......... .......... .......... 43%  930K 21s
  6750K .......... .......... .......... .......... .......... 43%  368K 21s
  6800K .......... .......... .......... .......... .......... 43%  315K 21s
  6850K .......... .......... .......... .......... .......... 44% 3.31M 20s
  6900K .......... .......... .......... .......... .......... 44% 2.16M 20s
  6950K .......... .......... .......... .......... .......... 44% 5.11M 20s
  7000K .......... .......... .......... .......... .......... 45% 8.35M 20s
  7050K .......... .......... .......... .......... .......... 45% 14.9M 20s
  7100K .......... .......... .......... .......... .......... 45% 2.77M 19s
  7150K .......... .......... .......... .......... .......... 46% 2.92M 19s
  7200K .......... .......... .......... .......... .......... 46%  641K 19s
  7250K .......... .......... .......... .......... .......... 46% 2.14M 19s
  7300K .......... .......... .......... .......... .......... 47% 2.27M 18s
  7350K .......... .......... .......... .......... .......... 47%  730K 18s
  7400K .......... .......... .......... .......... .......... 47% 1.67M 18s
  7450K .......... .......... .......... .......... .......... 47% 2.35M 18s
  7500K .......... .......... .......... .......... .......... 48%  971K 18s
  7550K .......... .......... .......... .......... .......... 48% 2.02M 18s
  7600K .......... .......... .......... .......... .......... 48% 74.4K 18s
  7650K .......... .......... .......... .......... .......... 49% 2.56M 18s
  7700K .......... .......... .......... .......... .......... 49%  397K 18s
  7750K .......... .......... .......... .......... .......... 49% 8.46M 17s
  7800K .......... .......... .......... .......... .......... 50%  763K 17s
  7850K .......... .......... .......... .......... .......... 50%  381K 17s
  7900K .......... .......... .......... .......... .......... 50% 1.45M 17s
  7950K .......... .......... .......... .......... .......... 51% 2.13M 17s
  8000K .......... .......... .......... .......... .......... 51%  596K 17s
  8050K .......... .......... .......... .......... .......... 51% 1.14M 17s
  8100K .......... .......... .......... .......... .......... 52%  523K 16s
  8150K .......... .......... .......... .......... .......... 52% 1.45M 16s
  8200K .......... .......... .......... .......... .......... 52% 1.49M 16s
  8250K .......... .......... .......... .......... .......... 53%  239K 16s
  8300K .......... .......... .......... .......... .......... 53% 72.4M 16s
  8350K .......... .......... .......... .......... .......... 53%  188M 16s
  8400K .......... .......... .......... .......... .......... 54%  552K 16s
  8450K .......... .......... .......... .......... .......... 54% 1.17M 15s
  8500K .......... .......... .......... .......... .......... 54% 1.75M 15s
  8550K .......... .......... .......... .......... .......... 55%  726K 15s
  8600K .......... .......... .......... .......... .......... 55% 2.54M 15s
  8650K .......... .......... .......... .......... .......... 55%  709K 15s
  8700K .......... .......... .......... .......... .......... 55% 2.34M 15s
  8750K .......... .......... .......... .......... .......... 56% 1.83M 14s
  8800K .......... .......... .......... .......... .......... 56%  667K 14s
  8850K .......... .......... .......... .......... .......... 56% 1.62M 14s
  8900K .......... .......... .......... .......... .......... 57%  876K 14s
  8950K .......... .......... .......... .......... .......... 57%  691K 14s
  9000K .......... .......... .......... .......... .......... 57% 2.14M 14s
  9050K .......... .......... .......... .......... .......... 58% 1.68M 13s
  9100K .......... .......... .......... .......... .......... 58%  583K 13s
  9150K .......... .......... .......... .......... .......... 58% 2.35M 13s
  9200K .......... .......... .......... .......... .......... 59%  566K 13s
  9250K .......... .......... .......... .......... .......... 59% 1.78M 13s
  9300K .......... .......... .......... .......... .......... 59% 1.96M 13s
  9350K .......... .......... .......... .......... .......... 60%  570K 13s
  9400K .......... .......... .......... .......... .......... 60% 2.29M 13s
  9450K .......... .......... .......... .......... .......... 60%  700K 12s
  9500K .......... .......... .......... .......... .......... 61% 1.37M 12s
  9550K .......... .......... .......... .......... .......... 61% 1.37M 12s
  9600K .......... .......... .......... .......... .......... 61% 1.43M 12s
  9650K .......... .......... .......... .......... .......... 62%  616K 12s
  9700K .......... .......... .......... .......... .......... 62% 1.31M 12s
  9750K .......... .......... .......... .......... .......... 62% 2.02M 12s
  9800K .......... .......... .......... .......... .......... 63%  541K 11s
  9850K .......... .......... .......... .......... .......... 63% 1.36M 11s
  9900K .......... .......... .......... .......... .......... 63% 1.31M 11s
  9950K .......... .......... .......... .......... .......... 63% 2.82M 11s
 10000K .......... .......... .......... .......... .......... 64%  682K 11s
 10050K .......... .......... .......... .......... .......... 64% 2.64M 11s
 10100K .......... .......... .......... .......... .......... 64% 3.29M 11s
 10150K .......... .......... .......... .......... .......... 65%  629K 11s
 10200K .......... .......... .......... .......... .......... 65% 2.53M 10s
 10250K .......... .......... .......... .......... .......... 65% 1.65M 10s
 10300K .......... .......... .......... .......... .......... 66%  679K 10s
 10350K .......... .......... .......... .......... .......... 66% 2.45M 10s
 10400K .......... .......... .......... .......... .......... 66%  649K 10s
 10450K .......... .......... .......... .......... .......... 67% 1.75M 10s
 10500K .......... .......... .......... .......... .......... 67% 2.61M 10s
 10550K .......... .......... .......... .......... .......... 67%  847K 10s
 10600K .......... .......... .......... .......... .......... 68% 1.45M 9s
 10650K .......... .......... .......... .......... .......... 68% 4.21M 9s
 10700K .......... .......... .......... .......... .......... 68%  750K 9s
 10750K .......... .......... .......... .......... .......... 69% 3.08M 9s
 10800K .......... .......... .......... .......... .......... 69% 1.72M 9s
 10850K .......... .......... .......... .......... .......... 69%  734K 9s
 10900K .......... .......... .......... .......... .......... 70% 2.17M 9s
 10950K .......... .......... .......... .......... .......... 70%  599K 9s
 11000K .......... .......... .......... .......... .......... 70% 2.07M 9s
 11050K .......... .......... .......... .......... .......... 71% 1.15M 8s
 11100K .......... .......... .......... .......... .......... 71%  800K 8s
 11150K .......... .......... .......... .......... .......... 71% 1.10M 8s
 11200K .......... .......... .......... .......... .......... 71% 1.85M 8s
 11250K .......... .......... .......... .......... .......... 72% 24.6K 9s
 11300K .......... .......... .......... .......... .......... 72%  738K 9s
 11350K .......... .......... .......... .......... .......... 72% 1.84M 8s
 11400K .......... .......... .......... .......... .......... 73% 2.39M 8s
 11450K .......... .......... .......... .......... .......... 73%  519K 8s
 11500K .......... .......... .......... .......... .......... 73% 2.79M 8s
 11550K .......... .......... .......... .......... .......... 74% 1.14M 8s
 11600K .......... .......... .......... .......... .......... 74% 1.06M 8s
 11650K .......... .......... .......... .......... .......... 74% 3.28M 8s
 11700K .......... .......... .......... .......... .......... 75%  574K 8s
 11750K .......... .......... .......... .......... .......... 75%  542K 8s
 11800K .......... .......... .......... .......... .......... 75% 3.20M 7s
 11850K .......... .......... .......... .......... .......... 76% 1.21M 7s
 11900K .......... .......... .......... .......... .......... 76% 2.00M 7s
 11950K .......... .......... .......... .......... .......... 76% 3.28M 7s
 12000K .......... .......... .......... .......... .......... 77%  537K 7s
 12050K .......... .......... .......... .......... .......... 77% 2.16M 7s
 12100K .......... .......... .......... .......... .......... 77% 3.49M 7s
 12150K .......... .......... .......... .......... .......... 78%  391K 7s
 12200K .......... .......... .......... .......... .......... 78%  174K 7s
 12250K .......... .......... .......... .......... .......... 78% 56.0M 6s
 12300K .......... .......... .......... .......... .......... 79% 70.0M 6s
 12350K .......... .......... .......... .......... .......... 79% 2.96M 6s
 12400K .......... .......... .......... .......... .......... 79%  712K 6s
 12450K .......... .......... .......... .......... .......... 79%  128K 6s
 12500K .......... .......... .......... .......... .......... 80% 44.8M 6s
 12550K .......... .......... .......... .......... .......... 80%  373K 6s
 12600K .......... .......... .......... .......... .......... 80% 1.26M 6s
 12650K .......... .......... .......... .......... .......... 81%  212K 6s
 12700K .......... .......... .......... .......... .......... 81% 2.87M 6s
 12750K .......... .......... .......... .......... .......... 81%  153K 6s
 12800K .......... .......... .......... .......... .......... 82% 1.51M 5s
 12850K .......... .......... .......... .......... .......... 82% 1.28M 5s
 12900K .......... .......... .......... .......... .......... 82%  315K 5s
 12950K .......... .......... .......... .......... .......... 83% 2.03M 5s
 13000K .......... .......... .......... .......... .......... 83%  808K 5s
 13050K .......... .......... .......... .......... .......... 83% 1.03M 5s
 13100K .......... .......... .......... .......... .......... 84% 2.25M 5s
 13150K .......... .......... .......... .......... .......... 84%  756K 5s
 13200K .......... .......... .......... .......... .......... 84% 1.55M 5s
 13250K .......... .......... .......... .......... .......... 85%  554K 4s
 13300K .......... .......... .......... .......... .......... 85% 1.56M 4s
 13350K .......... .......... .......... .......... .......... 85%  487K 4s
 13400K .......... .......... .......... .......... .......... 86% 2.12M 4s
 13450K .......... .......... .......... .......... .......... 86% 1.21M 4s
 13500K .......... .......... .......... .......... .......... 86%  472K 4s
 13550K .......... .......... .......... .......... .......... 87%  370K 4s
 13600K .......... .......... .......... .......... .......... 87%  364K 4s
 13650K .......... .......... .......... .......... .......... 87% 1.34M 4s
 13700K .......... .......... .......... .......... .......... 87% 2.57M 4s
 13750K .......... .......... .......... .......... .......... 88%  625K 3s
 13800K .......... .......... .......... .......... .......... 88% 4.32M 3s
 13850K .......... .......... .......... .......... .......... 88%  715K 3s
 13900K .......... .......... .......... .......... .......... 89% 1.95M 3s
 13950K .......... .......... .......... .......... .......... 89% 2.67M 3s
 14000K .......... .......... .......... .......... .......... 89%  565K 3s
 14050K .......... .......... .......... .......... .......... 90% 3.19M 3s
 14100K .......... .......... .......... .......... .......... 90%  629K 3s
 14150K .......... .......... .......... .......... .......... 90% 3.19M 3s
 14200K .......... .......... .......... .......... .......... 91%  728K 3s
 14250K .......... .......... .......... .......... .......... 91% 1.98M 2s
 14300K .......... .......... .......... .......... .......... 91%  546K 2s
 14350K .......... .......... .......... .......... .......... 92% 2.46M 2s
 14400K .......... .......... .......... .......... .......... 92% 1.05M 2s
 14450K .......... .......... .......... .......... .......... 92% 1.60M 2s
 14500K .......... .......... .......... .......... .......... 93% 2.97M 2s
 14550K .......... .......... .......... .......... .......... 93%  690K 2s
 14600K .......... .......... .......... .......... .......... 93% 1.93M 2s
 14650K .......... .......... .......... .......... .......... 94%  696K 2s
 14700K .......... .......... .......... .......... .......... 94% 2.05M 2s
 14750K .......... .......... .......... .......... .......... 94%  680K 2s
 14800K .......... .......... .......... .......... .......... 95% 1.47M 1s
 14850K .......... .......... .......... .......... .......... 95%  599K 1s
 14900K .......... .......... .......... .......... .......... 95% 82.3K 1s
 14950K .......... .......... .......... .......... .......... 95% 56.5K 1s
 15000K .......... .......... .......... .......... .......... 96%  145K 1s
 15050K .......... .......... .......... .......... .......... 96%  164K 1s
 15100K .......... .......... .......... .......... .......... 96% 49.6K 1s
 15150K .......... .......... .......... .......... .......... 97% 56.2K 1s
 15200K .......... .......... .......... .......... .......... 97% 16.2K 1s
 15250K .......... .......... .......... .......... .......... 97% 94.7K 1s
 15300K .......... .......... .......... .......... .......... 98%  500K 1s
 15350K .......... .......... .......... .......... .......... 98%  955K 1s
 15400K .......... .......... .......... .......... .......... 98%  517K 0s
 15450K .......... .......... .......... .......... .......... 99%  679K 0s
 15500K .......... .......... .......... .......... .......... 99% 1.02M 0s
 15550K .......... .......... .......... .......... .......... 99%  910K 0s
 15600K .......... .......... .....                           100% 1.33M=36s

2025-06-24 16:09:33 (440 KB/s) - ‘/home/mosalam/robot_ws/build/multirobot_map_merge/2012-01-28-11-12-01.pgm’ saved [16000058/16000058]

In file included from [01m[K/home/mosalam/robot_ws/src/m-explore-ros2/map_merge/test/testing_helpers.h:7[m[K,
                 from [01m[K/home/mosalam/robot_ws/src/m-explore-ros2/map_merge/test/test_merging_pipeline.cpp:42[m[K:
[01m[K/opt/ros/humble/include/tf2_geometry_msgs/tf2_geometry_msgs/tf2_geometry_msgs.h:35:2:[m[K [01;35m[Kwarning: [m[K#warning This header is obsolete, please include tf2_geometry_msgs/tf2_geometry_msgs.hpp instead [[01;35m[K]8;;https://gcc.gnu.org/onlinedocs/gcc/Warning-Options.html#index-Wcpp-Wcpp]8;;[m[K]
   35 | #[01;35m[Kwarning[m[K This header is obsolete, please include tf2_geometry_msgs/tf2_geometry_msgs.hpp instead
      |  [01;35m[K^~~~~~~[m[K
In file included from [01m[K/home/mosalam/robot_ws/src/m-explore-ros2/map_merge/src/map_merge.cpp:44[m[K:
[01m[K/opt/ros/humble/include/tf2_geometry_msgs/tf2_geometry_msgs/tf2_geometry_msgs.h:35:2:[m[K [01;35m[Kwarning: [m[K#warning This header is obsolete, please include tf2_geometry_msgs/tf2_geometry_msgs.hpp instead [[01;35m[K]8;;https://gcc.gnu.org/onlinedocs/gcc/Warning-Options.html#index-Wcpp-Wcpp]8;;[m[K]
   35 | #[01;35m[Kwarning[m[K This header is obsolete, please include tf2_geometry_msgs/tf2_geometry_msgs.hpp instead
      |  [01;35m[K^~~~~~~[m[K
