[0.749s] Invoking command in '/home/mosalam/robot_ws/build/serial_motor_demo': CMAKE_PREFIX_PATH=/home/mosalam/robot_ws/install/serial_motor_demo_msgs:/home/mosalam/robot_ws/install/robot:/home/mosalam/robot_ws/install/urdf_tutorial:/home/mosalam/robot_ws/install/serial:/home/mosalam/robot_ws/install/rplidar_ros:/home/mosalam/robot_ws/install/diffdrive_arduino PYTHONPATH=/home/mosalam/robot_ws/build/serial_motor_demo/prefix_override:/usr/lib/python3/dist-packages/colcon_core/task/python/colcon_distutils_commands:/home/mosalam/robot_ws/install/serial_motor_demo/lib/python3.10/site-packages:${PYTHONPATH} /usr/bin/python3 -W ignore:setup.py install is deprecated -W ignore:easy_install command is deprecated setup.py develop --uninstall --editable --build-directory /home/mosalam/robot_ws/build/serial_motor_demo/build
[0.993s] running develop
[1.146s] Removing /home/mosalam/robot_ws/install/serial_motor_demo/lib/python3.10/site-packages/serial-motor-demo.egg-link (link to .)
[1.179s] Invoked command in '/home/mosalam/robot_ws/build/serial_motor_demo' returned '0': CMAKE_PREFIX_PATH=/home/mosalam/robot_ws/install/serial_motor_demo_msgs:/home/mosalam/robot_ws/install/robot:/home/mosalam/robot_ws/install/urdf_tutorial:/home/mosalam/robot_ws/install/serial:/home/mosalam/robot_ws/install/rplidar_ros:/home/mosalam/robot_ws/install/diffdrive_arduino PYTHONPATH=/home/mosalam/robot_ws/build/serial_motor_demo/prefix_override:/usr/lib/python3/dist-packages/colcon_core/task/python/colcon_distutils_commands:/home/mosalam/robot_ws/install/serial_motor_demo/lib/python3.10/site-packages:${PYTHONPATH} /usr/bin/python3 -W ignore:setup.py install is deprecated -W ignore:easy_install command is deprecated setup.py develop --uninstall --editable --build-directory /home/mosalam/robot_ws/build/serial_motor_demo/build
[1.181s] Invoking command in '/home/mosalam/robot_ws/src/serial_motor_demo/serial_motor_demo': CMAKE_PREFIX_PATH=/home/mosalam/robot_ws/install/serial_motor_demo_msgs:/home/mosalam/robot_ws/install/robot:/home/mosalam/robot_ws/install/urdf_tutorial:/home/mosalam/robot_ws/install/serial:/home/mosalam/robot_ws/install/rplidar_ros:/home/mosalam/robot_ws/install/diffdrive_arduino PYTHONPATH=/home/mosalam/robot_ws/build/serial_motor_demo/prefix_override:/usr/lib/python3/dist-packages/colcon_core/task/python/colcon_distutils_commands:/home/mosalam/robot_ws/install/serial_motor_demo/lib/python3.10/site-packages:${PYTHONPATH} /usr/bin/python3 -W ignore:setup.py install is deprecated -W ignore:easy_install command is deprecated setup.py egg_info --egg-base ../../../build/serial_motor_demo build --build-base /home/mosalam/robot_ws/build/serial_motor_demo/build install --record /home/mosalam/robot_ws/build/serial_motor_demo/install.log --single-version-externally-managed install_data --force
[1.404s] running egg_info
[1.405s] writing ../../../build/serial_motor_demo/serial_motor_demo.egg-info/PKG-INFO
[1.405s] writing dependency_links to ../../../build/serial_motor_demo/serial_motor_demo.egg-info/dependency_links.txt
[1.406s] writing entry points to ../../../build/serial_motor_demo/serial_motor_demo.egg-info/entry_points.txt
[1.406s] writing requirements to ../../../build/serial_motor_demo/serial_motor_demo.egg-info/requires.txt
[1.406s] writing top-level names to ../../../build/serial_motor_demo/serial_motor_demo.egg-info/top_level.txt
[1.408s] reading manifest file '../../../build/serial_motor_demo/serial_motor_demo.egg-info/SOURCES.txt'
[1.410s] writing manifest file '../../../build/serial_motor_demo/serial_motor_demo.egg-info/SOURCES.txt'
[1.410s] running build
[1.410s] running build_py
[1.410s] creating /home/mosalam/robot_ws/build/serial_motor_demo/build
[1.410s] creating /home/mosalam/robot_ws/build/serial_motor_demo/build/lib
[1.410s] creating /home/mosalam/robot_ws/build/serial_motor_demo/build/lib/serial_motor_demo
[1.410s] copying serial_motor_demo/driver.py -> /home/mosalam/robot_ws/build/serial_motor_demo/build/lib/serial_motor_demo
[1.410s] copying serial_motor_demo/gui.py -> /home/mosalam/robot_ws/build/serial_motor_demo/build/lib/serial_motor_demo
[1.410s] copying serial_motor_demo/__init__.py -> /home/mosalam/robot_ws/build/serial_motor_demo/build/lib/serial_motor_demo
[1.411s] running install
[1.411s] running install_lib
[1.412s] creating /home/mosalam/robot_ws/install/serial_motor_demo/lib/python3.10/site-packages/serial_motor_demo
[1.412s] copying /home/mosalam/robot_ws/build/serial_motor_demo/build/lib/serial_motor_demo/driver.py -> /home/mosalam/robot_ws/install/serial_motor_demo/lib/python3.10/site-packages/serial_motor_demo
[1.412s] copying /home/mosalam/robot_ws/build/serial_motor_demo/build/lib/serial_motor_demo/gui.py -> /home/mosalam/robot_ws/install/serial_motor_demo/lib/python3.10/site-packages/serial_motor_demo
[1.412s] copying /home/mosalam/robot_ws/build/serial_motor_demo/build/lib/serial_motor_demo/__init__.py -> /home/mosalam/robot_ws/install/serial_motor_demo/lib/python3.10/site-packages/serial_motor_demo
[1.413s] byte-compiling /home/mosalam/robot_ws/install/serial_motor_demo/lib/python3.10/site-packages/serial_motor_demo/driver.py to driver.cpython-310.pyc
[1.414s] byte-compiling /home/mosalam/robot_ws/install/serial_motor_demo/lib/python3.10/site-packages/serial_motor_demo/gui.py to gui.cpython-310.pyc
[1.415s] byte-compiling /home/mosalam/robot_ws/install/serial_motor_demo/lib/python3.10/site-packages/serial_motor_demo/__init__.py to __init__.cpython-310.pyc
[1.416s] running install_data
[1.416s] copying resource/serial_motor_demo -> /home/mosalam/robot_ws/install/serial_motor_demo/share/ament_index/resource_index/packages
[1.416s] copying package.xml -> /home/mosalam/robot_ws/install/serial_motor_demo/share/serial_motor_demo
[1.417s] running install_egg_info
[1.419s] Copying ../../../build/serial_motor_demo/serial_motor_demo.egg-info to /home/mosalam/robot_ws/install/serial_motor_demo/lib/python3.10/site-packages/serial_motor_demo-0.0.0-py3.10.egg-info
[1.420s] running install_scripts
[1.441s] Installing driver script to /home/mosalam/robot_ws/install/serial_motor_demo/lib/serial_motor_demo
[1.441s] Installing gui script to /home/mosalam/robot_ws/install/serial_motor_demo/lib/serial_motor_demo
[1.441s] writing list of installed files to '/home/mosalam/robot_ws/build/serial_motor_demo/install.log'
[1.469s] Invoked command in '/home/mosalam/robot_ws/src/serial_motor_demo/serial_motor_demo' returned '0': CMAKE_PREFIX_PATH=/home/mosalam/robot_ws/install/serial_motor_demo_msgs:/home/mosalam/robot_ws/install/robot:/home/mosalam/robot_ws/install/urdf_tutorial:/home/mosalam/robot_ws/install/serial:/home/mosalam/robot_ws/install/rplidar_ros:/home/mosalam/robot_ws/install/diffdrive_arduino PYTHONPATH=/home/mosalam/robot_ws/build/serial_motor_demo/prefix_override:/usr/lib/python3/dist-packages/colcon_core/task/python/colcon_distutils_commands:/home/mosalam/robot_ws/install/serial_motor_demo/lib/python3.10/site-packages:${PYTHONPATH} /usr/bin/python3 -W ignore:setup.py install is deprecated -W ignore:easy_install command is deprecated setup.py egg_info --egg-base ../../../build/serial_motor_demo build --build-base /home/mosalam/robot_ws/build/serial_motor_demo/build install --record /home/mosalam/robot_ws/build/serial_motor_demo/install.log --single-version-externally-managed install_data --force
