[1.666s] Invoking command in '/home/mosalam/robot_ws/src/Autonomous-Explorer-and-Mapper-ros2-nav2': PYTHONPATH=/home/mosalam/robot_ws/build/custom_explorer/prefix_override:/usr/lib/python3/dist-packages/colcon_core/task/python/colcon_distutils_commands:/home/mosalam/robot_ws/install/custom_explorer/lib/python3.10/site-packages:${PYTHONPATH} /usr/bin/python3 -W ignore:setup.py install is deprecated -W ignore:easy_install command is deprecated setup.py egg_info --egg-base ../../build/custom_explorer build --build-base /home/mosalam/robot_ws/build/custom_explorer/build install --record /home/mosalam/robot_ws/build/custom_explorer/install.log --single-version-externally-managed install_data
[2.067s] running egg_info
[2.069s] writing ../../build/custom_explorer/custom_explorer.egg-info/PKG-INFO
[2.070s] writing dependency_links to ../../build/custom_explorer/custom_explorer.egg-info/dependency_links.txt
[2.070s] writing entry points to ../../build/custom_explorer/custom_explorer.egg-info/entry_points.txt
[2.070s] writing requirements to ../../build/custom_explorer/custom_explorer.egg-info/requires.txt
[2.070s] writing top-level names to ../../build/custom_explorer/custom_explorer.egg-info/top_level.txt
[2.072s] reading manifest file '../../build/custom_explorer/custom_explorer.egg-info/SOURCES.txt'
[2.073s] writing manifest file '../../build/custom_explorer/custom_explorer.egg-info/SOURCES.txt'
[2.074s] running build
[2.075s] running build_py
[2.075s] running install
[2.075s] running install_lib
[2.077s] running install_data
[2.077s] running install_egg_info
[2.079s] removing '/home/mosalam/robot_ws/install/custom_explorer/lib/python3.10/site-packages/custom_explorer-0.0.0-py3.10.egg-info' (and everything under it)
[2.080s] Copying ../../build/custom_explorer/custom_explorer.egg-info to /home/mosalam/robot_ws/install/custom_explorer/lib/python3.10/site-packages/custom_explorer-0.0.0-py3.10.egg-info
[2.080s] running install_scripts
[2.104s] Installing explorer script to /home/mosalam/robot_ws/install/custom_explorer/lib/custom_explorer
[2.104s] writing list of installed files to '/home/mosalam/robot_ws/build/custom_explorer/install.log'
[2.139s] Invoked command in '/home/mosalam/robot_ws/src/Autonomous-Explorer-and-Mapper-ros2-nav2' returned '0': PYTHONPATH=/home/mosalam/robot_ws/build/custom_explorer/prefix_override:/usr/lib/python3/dist-packages/colcon_core/task/python/colcon_distutils_commands:/home/mosalam/robot_ws/install/custom_explorer/lib/python3.10/site-packages:${PYTHONPATH} /usr/bin/python3 -W ignore:setup.py install is deprecated -W ignore:easy_install command is deprecated setup.py egg_info --egg-base ../../build/custom_explorer build --build-base /home/mosalam/robot_ws/build/custom_explorer/build install --record /home/mosalam/robot_ws/build/custom_explorer/install.log --single-version-externally-managed install_data
