[0.018s] Invoking command in '/home/mosalam/robot_ws/build/robot': CMAKE_PREFIX_PATH=/home/mosalam/robot_ws/install/urdf_tutorial:/home/mosalam/robot_ws/install/robot:/home/mosalam/robot_ws/install/serial_motor_demo_msgs:/home/mosalam/robot_ws/install/serial:/home/mosalam/robot_ws/install/rplidar_ros:/home/mosalam/robot_ws/install/multirobot_map_merge:/home/mosalam/robot_ws/install/explore_lite:/home/mosalam/robot_ws/install/diffdrive_arduino:/home/mosalam/robot_ws/install/serial_motor_demo:/home/mosalam/robot_ws/install/custom_explorer:/opt/ros/humble /usr/bin/cmake --build /home/mosalam/robot_ws/build/robot -- -j4 -l4
[0.057s] -- Found ament_cmake: 1.3.11 (/opt/ros/humble/share/ament_cmake/cmake)
[0.310s] -- Override CMake install command with custom implementation using symlinks instead of copying resources
[0.324s] -- Found urdf_tutorial: 1.1.0 (/home/mosalam/robot_ws/install/urdf_tutorial/share/urdf_tutorial/cmake)
[0.324s] -- Found rclpy: 3.3.15 (/opt/ros/humble/share/rclpy/cmake)
[0.325s] -- Found ament_lint_auto: 0.12.11 (/opt/ros/humble/share/ament_lint_auto/cmake)
[0.439s] -- Added test 'flake8' to check Python code syntax and style conventions
[0.440s] -- Added test 'lint_cmake' to check CMake code style
[0.441s] -- Added test 'pep257' to check Python code against some of the docstring style conventions in PEP 257
[0.445s] -- Added test 'xmllint' to check XML markup files
[0.448s] -- Configuring done
[0.452s] -- Generating done
[0.456s] -- Build files have been written to: /home/mosalam/robot_ws/build/robot
[0.735s] Invoked command in '/home/mosalam/robot_ws/build/robot' returned '0': CMAKE_PREFIX_PATH=/home/mosalam/robot_ws/install/urdf_tutorial:/home/mosalam/robot_ws/install/robot:/home/mosalam/robot_ws/install/serial_motor_demo_msgs:/home/mosalam/robot_ws/install/serial:/home/mosalam/robot_ws/install/rplidar_ros:/home/mosalam/robot_ws/install/multirobot_map_merge:/home/mosalam/robot_ws/install/explore_lite:/home/mosalam/robot_ws/install/diffdrive_arduino:/home/mosalam/robot_ws/install/serial_motor_demo:/home/mosalam/robot_ws/install/custom_explorer:/opt/ros/humble /usr/bin/cmake --build /home/mosalam/robot_ws/build/robot -- -j4 -l4
[0.736s] Invoking command in '/home/mosalam/robot_ws/build/robot': CMAKE_PREFIX_PATH=/home/mosalam/robot_ws/install/urdf_tutorial:/home/mosalam/robot_ws/install/robot:/home/mosalam/robot_ws/install/serial_motor_demo_msgs:/home/mosalam/robot_ws/install/serial:/home/mosalam/robot_ws/install/rplidar_ros:/home/mosalam/robot_ws/install/multirobot_map_merge:/home/mosalam/robot_ws/install/explore_lite:/home/mosalam/robot_ws/install/diffdrive_arduino:/home/mosalam/robot_ws/install/serial_motor_demo:/home/mosalam/robot_ws/install/custom_explorer:/opt/ros/humble /usr/bin/cmake --install /home/mosalam/robot_ws/build/robot
[0.756s] -- Install configuration: ""
[0.758s] -- Execute custom install script
[0.761s] -- Up-to-date symlink: /home/mosalam/robot_ws/install/robot/share/robot/config/dfdf.yaml
[0.761s] -- Up-to-date symlink: /home/mosalam/robot_ws/install/robot/share/robot/config/ekf.yaml
[0.761s] -- Up-to-date symlink: /home/mosalam/robot_ws/install/robot/share/robot/config/lidar_filter.yaml
[0.761s] -- Up-to-date symlink: /home/mosalam/robot_ws/install/robot/share/robot/config/mapper_params_online_async.yaml
[0.761s] -- Up-to-date symlink: /home/mosalam/robot_ws/install/robot/share/robot/config/mpu_params.yaml
[0.761s] -- Up-to-date symlink: /home/mosalam/robot_ws/install/robot/share/robot/config/my_controllers.yaml
[0.761s] -- Up-to-date symlink: /home/mosalam/robot_ws/install/robot/share/robot/config/my_map_save.pgm
[0.762s] -- Up-to-date symlink: /home/mosalam/robot_ws/install/robot/share/robot/config/my_map_save.yaml
[0.762s] -- Up-to-date symlink: /home/mosalam/robot_ws/install/robot/share/robot/config/nav2_params.yaml
[0.762s] -- Up-to-date symlink: /home/mosalam/robot_ws/install/robot/share/robot/config/twist_mux.yaml
[0.767s] -- Up-to-date symlink: /home/mosalam/robot_ws/install/robot/share/robot/description/colors.xacro
[0.768s] -- Up-to-date symlink: /home/mosalam/robot_ws/install/robot/share/robot/description/gazebo_control.xacro
[0.769s] -- Up-to-date symlink: /home/mosalam/robot_ws/install/robot/share/robot/description/imu_sensor.xacro
[0.769s] -- Up-to-date symlink: /home/mosalam/robot_ws/install/robot/share/robot/description/inertial_macros.xacro
[0.769s] -- Up-to-date symlink: /home/mosalam/robot_ws/install/robot/share/robot/description/lidar.xacro
[0.769s] -- Up-to-date symlink: /home/mosalam/robot_ws/install/robot/share/robot/description/robot.urdf.xacro
[0.770s] -- Up-to-date symlink: /home/mosalam/robot_ws/install/robot/share/robot/description/robot_core.xacro
[0.770s] -- Up-to-date symlink: /home/mosalam/robot_ws/install/robot/share/robot/launch/bringup_launch.py
[0.770s] -- Up-to-date symlink: /home/mosalam/robot_ws/install/robot/share/robot/launch/filter_lidar.launch.py
[0.775s] -- Up-to-date symlink: /home/mosalam/robot_ws/install/robot/share/robot/launch/launch_robot.launch.py
[0.777s] -- Up-to-date symlink: /home/mosalam/robot_ws/install/robot/share/robot/launch/launch_sim.launch.py
[0.778s] -- Up-to-date symlink: /home/mosalam/robot_ws/install/robot/share/robot/launch/localization_launch.py
[0.779s] -- Up-to-date symlink: /home/mosalam/robot_ws/install/robot/share/robot/launch/navigation_launch.py
[0.779s] -- Up-to-date symlink: /home/mosalam/robot_ws/install/robot/share/robot/launch/online_async_launch.py
[0.779s] -- Up-to-date symlink: /home/mosalam/robot_ws/install/robot/share/robot/launch/ros2_mpu6050.launch.py
[0.779s] -- Up-to-date symlink: /home/mosalam/robot_ws/install/robot/share/robot/launch/rplidar.launch.py
[0.780s] -- Up-to-date symlink: /home/mosalam/robot_ws/install/robot/share/robot/launch/rsp.launch.py
[0.780s] -- Up-to-date symlink: /home/mosalam/robot_ws/install/robot/share/robot/launch/slam_launch.py
[0.780s] -- Up-to-date symlink: /home/mosalam/robot_ws/install/robot/share/robot/worlds/myworld.world
[0.780s] -- Up-to-date symlink: /home/mosalam/robot_ws/install/robot/share/robot/worlds/obstacles.world
[0.788s] -- Up-to-date symlink: /home/mosalam/robot_ws/install/robot/share/robot/rviz/main.rviz
[0.789s] -- Up-to-date symlink: /home/mosalam/robot_ws/install/robot/share/robot/rviz/urdf_config.rviz
[0.790s] -- Up-to-date symlink: /home/mosalam/robot_ws/install/robot/share/robot/maps/musa_room_180_save.pgm
[0.791s] -- Up-to-date symlink: /home/mosalam/robot_ws/install/robot/share/robot/maps/musa_room_180_save.yaml
[0.792s] -- Up-to-date symlink: /home/mosalam/robot_ws/install/robot/share/robot/maps/musa_room_180_serial.data
[0.794s] -- Up-to-date symlink: /home/mosalam/robot_ws/install/robot/share/robot/maps/musa_room_180_serial.posegraph
[0.794s] -- Up-to-date symlink: /home/mosalam/robot_ws/install/robot/share/robot/maps/musa_room_save.pgm
[0.794s] -- Up-to-date symlink: /home/mosalam/robot_ws/install/robot/share/robot/maps/musa_room_save.yaml
[0.794s] -- Up-to-date symlink: /home/mosalam/robot_ws/install/robot/share/robot/maps/musa_room_serial.data
[0.794s] -- Up-to-date symlink: /home/mosalam/robot_ws/install/robot/share/robot/maps/musa_room_serial.posegraph
[0.797s] -- Up-to-date symlink: /home/mosalam/robot_ws/install/robot/share/robot/meshes/LEFT_wheel_drive.STL
[0.798s] -- Up-to-date symlink: /home/mosalam/robot_ws/install/robot/share/robot/meshes/LF_caster.STL
[0.799s] -- Up-to-date symlink: /home/mosalam/robot_ws/install/robot/share/robot/meshes/LR_Caster.STL
[0.800s] -- Up-to-date symlink: /home/mosalam/robot_ws/install/robot/share/robot/meshes/Left_motor.STL
[0.800s] -- Up-to-date symlink: /home/mosalam/robot_ws/install/robot/share/robot/meshes/Lidar.STL
[0.802s] -- Up-to-date symlink: /home/mosalam/robot_ws/install/robot/share/robot/meshes/RF_caster.STL
[0.802s] -- Up-to-date symlink: /home/mosalam/robot_ws/install/robot/share/robot/meshes/RR_caster.STL
[0.802s] -- Up-to-date symlink: /home/mosalam/robot_ws/install/robot/share/robot/meshes/Right_motor.STL
[0.802s] -- Up-to-date symlink: /home/mosalam/robot_ws/install/robot/share/robot/meshes/Right_wheel_drive.STL
[0.802s] -- Up-to-date symlink: /home/mosalam/robot_ws/install/robot/share/robot/meshes/base_link.STL
[0.807s] -- Up-to-date symlink: /home/mosalam/robot_ws/install/robot/share/robot/urdf/Chassis_diffrential_assembly_Lidar_low.csv
[0.808s] -- Up-to-date symlink: /home/mosalam/robot_ws/install/robot/share/robot/urdf/Chassis_diffrential_assembly_Lidar_low.urdf
[0.809s] -- Up-to-date symlink: /home/mosalam/robot_ws/install/robot/share/robot/urdf/robot.urdf.xacro
[0.810s] -- Up-to-date symlink: /home/mosalam/robot_ws/install/robot/share/robot/urdf/ros2_control.xacro
[0.810s] -- Symlinking: /home/mosalam/robot_ws/install/robot/share/robot/src/get_current_pose.py
[0.828s] -- Symlinking: /home/mosalam/robot_ws/install/robot/share/robot/src/mqtt_goal_mechanism.py
[0.844s] -- Up-to-date symlink: /home/mosalam/robot_ws/install/robot/share/robot/src/simple_scan_filter.py
[0.846s] -- Symlinking: /home/mosalam/robot_ws/install/robot/share/robot/src/smart_navigation.py
[0.862s] -- Up-to-date symlink: /home/mosalam/robot_ws/install/robot/share/robot/src/test_mechanism.py
[0.864s] -- Up-to-date symlink: /home/mosalam/robot_ws/install/robot/lib/robot/simple_scan_filter.py
[0.868s] -- Up-to-date symlink: /home/mosalam/robot_ws/install/robot/lib/robot/test_mechanism.py
[0.869s] -- Symlinking: /home/mosalam/robot_ws/install/robot/lib/robot/get_current_pose.py
[0.875s] -- Symlinking: /home/mosalam/robot_ws/install/robot/lib/robot/mqtt_goal_mechanism.py
[0.888s] -- Symlinking: /home/mosalam/robot_ws/install/robot/lib/robot/smart_navigation.py
[0.904s] -- Up-to-date symlink: /home/mosalam/robot_ws/install/robot/share/ament_index/resource_index/package_run_dependencies/robot
[0.906s] -- Up-to-date symlink: /home/mosalam/robot_ws/install/robot/share/ament_index/resource_index/parent_prefix_path/robot
[0.908s] -- Up-to-date symlink: /home/mosalam/robot_ws/install/robot/share/robot/environment/ament_prefix_path.sh
[0.908s] -- Up-to-date symlink: /home/mosalam/robot_ws/install/robot/share/robot/environment/ament_prefix_path.dsv
[0.908s] -- Up-to-date symlink: /home/mosalam/robot_ws/install/robot/share/robot/environment/path.sh
[0.908s] -- Up-to-date symlink: /home/mosalam/robot_ws/install/robot/share/robot/environment/path.dsv
[0.908s] -- Up-to-date symlink: /home/mosalam/robot_ws/install/robot/share/robot/local_setup.bash
[0.909s] -- Up-to-date symlink: /home/mosalam/robot_ws/install/robot/share/robot/local_setup.sh
[0.909s] -- Up-to-date symlink: /home/mosalam/robot_ws/install/robot/share/robot/local_setup.zsh
[0.909s] -- Up-to-date symlink: /home/mosalam/robot_ws/install/robot/share/robot/local_setup.dsv
[0.909s] -- Symlinking: /home/mosalam/robot_ws/install/robot/share/robot/package.dsv
[0.920s] -- Up-to-date symlink: /home/mosalam/robot_ws/install/robot/share/ament_index/resource_index/packages/robot
[0.922s] -- Up-to-date symlink: /home/mosalam/robot_ws/install/robot/share/robot/cmake/robotConfig.cmake
[0.923s] -- Up-to-date symlink: /home/mosalam/robot_ws/install/robot/share/robot/cmake/robotConfig-version.cmake
[0.923s] -- Up-to-date symlink: /home/mosalam/robot_ws/install/robot/share/robot/package.xml
[0.923s] Invoked command in '/home/mosalam/robot_ws/build/robot' returned '0': CMAKE_PREFIX_PATH=/home/mosalam/robot_ws/install/urdf_tutorial:/home/mosalam/robot_ws/install/robot:/home/mosalam/robot_ws/install/serial_motor_demo_msgs:/home/mosalam/robot_ws/install/serial:/home/mosalam/robot_ws/install/rplidar_ros:/home/mosalam/robot_ws/install/multirobot_map_merge:/home/mosalam/robot_ws/install/explore_lite:/home/mosalam/robot_ws/install/diffdrive_arduino:/home/mosalam/robot_ws/install/serial_motor_demo:/home/mosalam/robot_ws/install/custom_explorer:/opt/ros/humble /usr/bin/cmake --install /home/mosalam/robot_ws/build/robot
