[0.027s] Invoking command in '/home/mosalam/robot_ws/build/urdf_tutorial': CMAKE_PREFIX_PATH=${CMAKE_PREFIX_PATH}:/home/mosalam/robot_ws/install/serial_motor_demo:/home/mosalam/robot_ws/install/custom_explorer:/opt/ros/humble /usr/bin/cmake --build /home/mosalam/robot_ws/build/urdf_tutorial -- -j4 -l4
[0.460s] Invoked command in '/home/mosalam/robot_ws/build/urdf_tutorial' returned '0': CMAKE_PREFIX_PATH=${CMAKE_PREFIX_PATH}:/home/mosalam/robot_ws/install/serial_motor_demo:/home/mosalam/robot_ws/install/custom_explorer:/opt/ros/humble /usr/bin/cmake --build /home/mosalam/robot_ws/build/urdf_tutorial -- -j4 -l4
[0.471s] Invoking command in '/home/mosalam/robot_ws/build/urdf_tutorial': CMAKE_PREFIX_PATH=${CMAKE_PREFIX_PATH}:/home/mosalam/robot_ws/install/serial_motor_demo:/home/mosalam/robot_ws/install/custom_explorer:/opt/ros/humble /usr/bin/cmake --install /home/mosalam/robot_ws/build/urdf_tutorial
[0.482s] -- Install configuration: ""
[0.484s] -- Execute custom install script
[0.485s] -- Up-to-date symlink: /home/mosalam/robot_ws/install/urdf_tutorial/share/urdf_tutorial/images/flexible.png
[0.486s] -- Up-to-date symlink: /home/mosalam/robot_ws/install/urdf_tutorial/share/urdf_tutorial/images/materials.png
[0.487s] -- Up-to-date symlink: /home/mosalam/robot_ws/install/urdf_tutorial/share/urdf_tutorial/images/multipleshapes.png
[0.489s] -- Up-to-date symlink: /home/mosalam/robot_ws/install/urdf_tutorial/share/urdf_tutorial/images/myfirst.png
[0.489s] -- Up-to-date symlink: /home/mosalam/robot_ws/install/urdf_tutorial/share/urdf_tutorial/images/origins.png
[0.491s] -- Up-to-date symlink: /home/mosalam/robot_ws/install/urdf_tutorial/share/urdf_tutorial/images/visual.png
[0.492s] -- Up-to-date symlink: /home/mosalam/robot_ws/install/urdf_tutorial/share/urdf_tutorial/launch/display.launch.py
[0.493s] -- Up-to-date symlink: /home/mosalam/robot_ws/install/urdf_tutorial/share/urdf_tutorial/meshes/l_finger.dae
[0.494s] -- Up-to-date symlink: /home/mosalam/robot_ws/install/urdf_tutorial/share/urdf_tutorial/meshes/l_finger_color.png
[0.496s] -- Up-to-date symlink: /home/mosalam/robot_ws/install/urdf_tutorial/share/urdf_tutorial/meshes/l_finger_tip.dae
[0.497s] -- Up-to-date symlink: /home/mosalam/robot_ws/install/urdf_tutorial/share/urdf_tutorial/meshes/l_finger_tip_color.png
[0.499s] -- Up-to-date symlink: /home/mosalam/robot_ws/install/urdf_tutorial/share/urdf_tutorial/rviz/urdf.rviz
[0.500s] -- Up-to-date symlink: /home/mosalam/robot_ws/install/urdf_tutorial/share/urdf_tutorial/urdf/01-myfirst.urdf
[0.501s] -- Up-to-date symlink: /home/mosalam/robot_ws/install/urdf_tutorial/share/urdf_tutorial/urdf/02-multipleshapes.urdf
[0.502s] -- Up-to-date symlink: /home/mosalam/robot_ws/install/urdf_tutorial/share/urdf_tutorial/urdf/03-origins.urdf
[0.503s] -- Up-to-date symlink: /home/mosalam/robot_ws/install/urdf_tutorial/share/urdf_tutorial/urdf/04-materials.urdf
[0.504s] -- Up-to-date symlink: /home/mosalam/robot_ws/install/urdf_tutorial/share/urdf_tutorial/urdf/05-visual.urdf
[0.505s] -- Up-to-date symlink: /home/mosalam/robot_ws/install/urdf_tutorial/share/urdf_tutorial/urdf/06-flexible.urdf
[0.506s] -- Up-to-date symlink: /home/mosalam/robot_ws/install/urdf_tutorial/share/urdf_tutorial/urdf/07-physics.urdf
[0.507s] -- Up-to-date symlink: /home/mosalam/robot_ws/install/urdf_tutorial/share/urdf_tutorial/urdf/08-macroed.urdf.xacro
[0.508s] -- Up-to-date symlink: /home/mosalam/robot_ws/install/urdf_tutorial/share/ament_index/resource_index/package_run_dependencies/urdf_tutorial
[0.509s] -- Up-to-date symlink: /home/mosalam/robot_ws/install/urdf_tutorial/share/ament_index/resource_index/parent_prefix_path/urdf_tutorial
[0.511s] -- Up-to-date symlink: /home/mosalam/robot_ws/install/urdf_tutorial/share/urdf_tutorial/environment/ament_prefix_path.sh
[0.511s] -- Up-to-date symlink: /home/mosalam/robot_ws/install/urdf_tutorial/share/urdf_tutorial/environment/ament_prefix_path.dsv
[0.513s] -- Up-to-date symlink: /home/mosalam/robot_ws/install/urdf_tutorial/share/urdf_tutorial/environment/path.sh
[0.514s] -- Up-to-date symlink: /home/mosalam/robot_ws/install/urdf_tutorial/share/urdf_tutorial/environment/path.dsv
[0.515s] -- Up-to-date symlink: /home/mosalam/robot_ws/install/urdf_tutorial/share/urdf_tutorial/local_setup.bash
[0.516s] -- Up-to-date symlink: /home/mosalam/robot_ws/install/urdf_tutorial/share/urdf_tutorial/local_setup.sh
[0.517s] -- Up-to-date symlink: /home/mosalam/robot_ws/install/urdf_tutorial/share/urdf_tutorial/local_setup.zsh
[0.519s] -- Up-to-date symlink: /home/mosalam/robot_ws/install/urdf_tutorial/share/urdf_tutorial/local_setup.dsv
[0.521s] -- Symlinking: /home/mosalam/robot_ws/install/urdf_tutorial/share/urdf_tutorial/package.dsv
[0.540s] -- Up-to-date symlink: /home/mosalam/robot_ws/install/urdf_tutorial/share/ament_index/resource_index/packages/urdf_tutorial
[0.540s] -- Up-to-date symlink: /home/mosalam/robot_ws/install/urdf_tutorial/share/urdf_tutorial/cmake/urdf_tutorialConfig.cmake
[0.542s] -- Up-to-date symlink: /home/mosalam/robot_ws/install/urdf_tutorial/share/urdf_tutorial/cmake/urdf_tutorialConfig-version.cmake
[0.545s] -- Up-to-date symlink: /home/mosalam/robot_ws/install/urdf_tutorial/share/urdf_tutorial/package.xml
[0.550s] Invoked command in '/home/mosalam/robot_ws/build/urdf_tutorial' returned '0': CMAKE_PREFIX_PATH=${CMAKE_PREFIX_PATH}:/home/mosalam/robot_ws/install/serial_motor_demo:/home/mosalam/robot_ws/install/custom_explorer:/opt/ros/humble /usr/bin/cmake --install /home/mosalam/robot_ws/build/urdf_tutorial
