[0.104s] DEBUG:colcon:Command line arguments: ['/usr/bin/colcon', 'build']
[0.104s] DEBUG:colcon:Parsed command line arguments: Namespace(log_base=None, log_level=None, verb_name='build', build_base='build', install_base='install', merge_install=False, symlink_install=False, test_result_base=None, continue_on_error=False, executor='parallel', parallel_workers=4, event_handlers=None, ignore_user_meta=False, metas=['./colcon.meta'], base_paths=['.'], packages_ignore=None, packages_ignore_regex=None, paths=None, packages_up_to=None, packages_up_to_regex=None, packages_above=None, packages_above_and_dependencies=None, packages_above_depth=None, packages_select_by_dep=None, packages_skip_by_dep=None, packages_skip_up_to=None, packages_select_build_failed=False, packages_skip_build_finished=False, packages_select_test_failures=False, packages_skip_test_passed=False, packages_select=None, packages_skip=None, packages_select_regex=None, packages_skip_regex=None, packages_start=None, packages_end=None, allow_overriding=[], cmake_args=None, cmake_target=None, cmake_target_skip_unavailable=False, cmake_clean_cache=False, cmake_clean_first=False, cmake_force_configure=False, ament_cmake_args=None, catkin_cmake_args=None, catkin_skip_building_tests=False, verb_parser=<colcon_defaults.argument_parser.defaults.DefaultArgumentsDecorator object at 0x7aaff4150760>, verb_extension=<colcon_core.verb.build.BuildVerb object at 0x7aaff4150310>, main=<bound method BuildVerb.main of <colcon_core.verb.build.BuildVerb object at 0x7aaff4150310>>)
[0.266s] Level 1:colcon.colcon_core.package_discovery:discover_packages(colcon_meta) check parameters
[0.266s] Level 1:colcon.colcon_core.package_discovery:discover_packages(recursive) check parameters
[0.266s] Level 1:colcon.colcon_core.package_discovery:discover_packages(ignore) check parameters
[0.267s] Level 1:colcon.colcon_core.package_discovery:discover_packages(path) check parameters
[0.267s] Level 1:colcon.colcon_core.package_discovery:discover_packages(colcon_meta) discover
[0.267s] Level 1:colcon.colcon_core.package_discovery:discover_packages(recursive) discover
[0.267s] INFO:colcon.colcon_core.package_discovery:Crawling recursively for packages in '/home/mosalam/robot_ws'
[0.267s] Level 1:colcon.colcon_core.package_identification:_identify(.) by extensions ['ignore', 'ignore_ament_install']
[0.267s] Level 1:colcon.colcon_core.package_identification:_identify(.) by extension 'ignore'
[0.267s] Level 1:colcon.colcon_core.package_identification:_identify(.) by extension 'ignore_ament_install'
[0.267s] Level 1:colcon.colcon_core.package_identification:_identify(.) by extensions ['colcon_pkg']
[0.267s] Level 1:colcon.colcon_core.package_identification:_identify(.) by extension 'colcon_pkg'
[0.267s] Level 1:colcon.colcon_core.package_identification:_identify(.) by extensions ['colcon_meta']
[0.267s] Level 1:colcon.colcon_core.package_identification:_identify(.) by extension 'colcon_meta'
[0.268s] Level 1:colcon.colcon_core.package_identification:_identify(.) by extensions ['ros']
[0.268s] Level 1:colcon.colcon_core.package_identification:_identify(.) by extension 'ros'
[0.279s] Level 1:colcon.colcon_core.package_identification:_identify(.) by extensions ['cmake', 'python']
[0.279s] Level 1:colcon.colcon_core.package_identification:_identify(.) by extension 'cmake'
[0.279s] Level 1:colcon.colcon_core.package_identification:_identify(.) by extension 'python'
[0.279s] Level 1:colcon.colcon_core.package_identification:_identify(.) by extensions ['python_setup_py']
[0.279s] Level 1:colcon.colcon_core.package_identification:_identify(.) by extension 'python_setup_py'
[0.279s] Level 1:colcon.colcon_core.package_identification:_identify(build) by extensions ['ignore', 'ignore_ament_install']
[0.280s] Level 1:colcon.colcon_core.package_identification:_identify(build) by extension 'ignore'
[0.280s] Level 1:colcon.colcon_core.package_identification:_identify(build) ignored
[0.280s] Level 1:colcon.colcon_core.package_identification:_identify(install) by extensions ['ignore', 'ignore_ament_install']
[0.280s] Level 1:colcon.colcon_core.package_identification:_identify(install) by extension 'ignore'
[0.280s] Level 1:colcon.colcon_core.package_identification:_identify(install) ignored
[0.280s] Level 1:colcon.colcon_core.package_identification:_identify(log) by extensions ['ignore', 'ignore_ament_install']
[0.280s] Level 1:colcon.colcon_core.package_identification:_identify(log) by extension 'ignore'
[0.280s] Level 1:colcon.colcon_core.package_identification:_identify(log) ignored
[0.281s] Level 1:colcon.colcon_core.package_identification:_identify(src) by extensions ['ignore', 'ignore_ament_install']
[0.281s] Level 1:colcon.colcon_core.package_identification:_identify(src) by extension 'ignore'
[0.281s] Level 1:colcon.colcon_core.package_identification:_identify(src) by extension 'ignore_ament_install'
[0.281s] Level 1:colcon.colcon_core.package_identification:_identify(src) by extensions ['colcon_pkg']
[0.281s] Level 1:colcon.colcon_core.package_identification:_identify(src) by extension 'colcon_pkg'
[0.281s] Level 1:colcon.colcon_core.package_identification:_identify(src) by extensions ['colcon_meta']
[0.281s] Level 1:colcon.colcon_core.package_identification:_identify(src) by extension 'colcon_meta'
[0.281s] Level 1:colcon.colcon_core.package_identification:_identify(src) by extensions ['ros']
[0.281s] Level 1:colcon.colcon_core.package_identification:_identify(src) by extension 'ros'
[0.281s] Level 1:colcon.colcon_core.package_identification:_identify(src) by extensions ['cmake', 'python']
[0.281s] Level 1:colcon.colcon_core.package_identification:_identify(src) by extension 'cmake'
[0.281s] Level 1:colcon.colcon_core.package_identification:_identify(src) by extension 'python'
[0.282s] Level 1:colcon.colcon_core.package_identification:_identify(src) by extensions ['python_setup_py']
[0.282s] Level 1:colcon.colcon_core.package_identification:_identify(src) by extension 'python_setup_py'
[0.282s] Level 1:colcon.colcon_core.package_identification:_identify(src/Autonomous-Explorer-and-Mapper-ros2-nav2) by extensions ['ignore', 'ignore_ament_install']
[0.282s] Level 1:colcon.colcon_core.package_identification:_identify(src/Autonomous-Explorer-and-Mapper-ros2-nav2) by extension 'ignore'
[0.282s] Level 1:colcon.colcon_core.package_identification:_identify(src/Autonomous-Explorer-and-Mapper-ros2-nav2) by extension 'ignore_ament_install'
[0.282s] Level 1:colcon.colcon_core.package_identification:_identify(src/Autonomous-Explorer-and-Mapper-ros2-nav2) by extensions ['colcon_pkg']
[0.282s] Level 1:colcon.colcon_core.package_identification:_identify(src/Autonomous-Explorer-and-Mapper-ros2-nav2) by extension 'colcon_pkg'
[0.282s] Level 1:colcon.colcon_core.package_identification:_identify(src/Autonomous-Explorer-and-Mapper-ros2-nav2) by extensions ['colcon_meta']
[0.282s] Level 1:colcon.colcon_core.package_identification:_identify(src/Autonomous-Explorer-and-Mapper-ros2-nav2) by extension 'colcon_meta'
[0.282s] Level 1:colcon.colcon_core.package_identification:_identify(src/Autonomous-Explorer-and-Mapper-ros2-nav2) by extensions ['ros']
[0.282s] Level 1:colcon.colcon_core.package_identification:_identify(src/Autonomous-Explorer-and-Mapper-ros2-nav2) by extension 'ros'
[0.285s] DEBUG:colcon.colcon_core.package_identification:Package 'src/Autonomous-Explorer-and-Mapper-ros2-nav2' with type 'ros.ament_python' and name 'custom_explorer'
[0.285s] Level 1:colcon.colcon_core.package_identification:_identify(src/diffdrive_arduino) by extensions ['ignore', 'ignore_ament_install']
[0.285s] Level 1:colcon.colcon_core.package_identification:_identify(src/diffdrive_arduino) by extension 'ignore'
[0.285s] Level 1:colcon.colcon_core.package_identification:_identify(src/diffdrive_arduino) by extension 'ignore_ament_install'
[0.286s] Level 1:colcon.colcon_core.package_identification:_identify(src/diffdrive_arduino) by extensions ['colcon_pkg']
[0.286s] Level 1:colcon.colcon_core.package_identification:_identify(src/diffdrive_arduino) by extension 'colcon_pkg'
[0.286s] Level 1:colcon.colcon_core.package_identification:_identify(src/diffdrive_arduino) by extensions ['colcon_meta']
[0.286s] Level 1:colcon.colcon_core.package_identification:_identify(src/diffdrive_arduino) by extension 'colcon_meta'
[0.286s] Level 1:colcon.colcon_core.package_identification:_identify(src/diffdrive_arduino) by extensions ['ros']
[0.286s] Level 1:colcon.colcon_core.package_identification:_identify(src/diffdrive_arduino) by extension 'ros'
[0.287s] DEBUG:colcon.colcon_core.package_identification:Package 'src/diffdrive_arduino' with type 'ros.ament_cmake' and name 'diffdrive_arduino'
[0.287s] Level 1:colcon.colcon_core.package_identification:_identify(src/robot) by extensions ['ignore', 'ignore_ament_install']
[0.287s] Level 1:colcon.colcon_core.package_identification:_identify(src/robot) by extension 'ignore'
[0.287s] Level 1:colcon.colcon_core.package_identification:_identify(src/robot) by extension 'ignore_ament_install'
[0.287s] Level 1:colcon.colcon_core.package_identification:_identify(src/robot) by extensions ['colcon_pkg']
[0.288s] Level 1:colcon.colcon_core.package_identification:_identify(src/robot) by extension 'colcon_pkg'
[0.288s] Level 1:colcon.colcon_core.package_identification:_identify(src/robot) by extensions ['colcon_meta']
[0.288s] Level 1:colcon.colcon_core.package_identification:_identify(src/robot) by extension 'colcon_meta'
[0.288s] Level 1:colcon.colcon_core.package_identification:_identify(src/robot) by extensions ['ros']
[0.288s] Level 1:colcon.colcon_core.package_identification:_identify(src/robot) by extension 'ros'
[0.288s] DEBUG:colcon.colcon_core.package_identification:Package 'src/robot' with type 'ros.ament_cmake' and name 'robot'
[0.289s] Level 1:colcon.colcon_core.package_identification:_identify(src/rplidar_ros2) by extensions ['ignore', 'ignore_ament_install']
[0.289s] Level 1:colcon.colcon_core.package_identification:_identify(src/rplidar_ros2) by extension 'ignore'
[0.289s] Level 1:colcon.colcon_core.package_identification:_identify(src/rplidar_ros2) by extension 'ignore_ament_install'
[0.289s] Level 1:colcon.colcon_core.package_identification:_identify(src/rplidar_ros2) by extensions ['colcon_pkg']
[0.289s] Level 1:colcon.colcon_core.package_identification:_identify(src/rplidar_ros2) by extension 'colcon_pkg'
[0.289s] Level 1:colcon.colcon_core.package_identification:_identify(src/rplidar_ros2) by extensions ['colcon_meta']
[0.289s] Level 1:colcon.colcon_core.package_identification:_identify(src/rplidar_ros2) by extension 'colcon_meta'
[0.289s] Level 1:colcon.colcon_core.package_identification:_identify(src/rplidar_ros2) by extensions ['ros']
[0.289s] Level 1:colcon.colcon_core.package_identification:_identify(src/rplidar_ros2) by extension 'ros'
[0.290s] DEBUG:colcon.colcon_core.package_identification:Package 'src/rplidar_ros2' with type 'ros.ament_cmake' and name 'rplidar_ros'
[0.290s] Level 1:colcon.colcon_core.package_identification:_identify(src/serial) by extensions ['ignore', 'ignore_ament_install']
[0.290s] Level 1:colcon.colcon_core.package_identification:_identify(src/serial) by extension 'ignore'
[0.290s] Level 1:colcon.colcon_core.package_identification:_identify(src/serial) by extension 'ignore_ament_install'
[0.290s] Level 1:colcon.colcon_core.package_identification:_identify(src/serial) by extensions ['colcon_pkg']
[0.290s] Level 1:colcon.colcon_core.package_identification:_identify(src/serial) by extension 'colcon_pkg'
[0.291s] Level 1:colcon.colcon_core.package_identification:_identify(src/serial) by extensions ['colcon_meta']
[0.291s] Level 1:colcon.colcon_core.package_identification:_identify(src/serial) by extension 'colcon_meta'
[0.291s] Level 1:colcon.colcon_core.package_identification:_identify(src/serial) by extensions ['ros']
[0.291s] Level 1:colcon.colcon_core.package_identification:_identify(src/serial) by extension 'ros'
[0.291s] DEBUG:colcon.colcon_core.package_identification:Package 'src/serial' with type 'ros.ament_cmake' and name 'serial'
[0.291s] Level 1:colcon.colcon_core.package_identification:_identify(src/serial_motor_demo) by extensions ['ignore', 'ignore_ament_install']
[0.292s] Level 1:colcon.colcon_core.package_identification:_identify(src/serial_motor_demo) by extension 'ignore'
[0.292s] Level 1:colcon.colcon_core.package_identification:_identify(src/serial_motor_demo) by extension 'ignore_ament_install'
[0.292s] Level 1:colcon.colcon_core.package_identification:_identify(src/serial_motor_demo) by extensions ['colcon_pkg']
[0.292s] Level 1:colcon.colcon_core.package_identification:_identify(src/serial_motor_demo) by extension 'colcon_pkg'
[0.292s] Level 1:colcon.colcon_core.package_identification:_identify(src/serial_motor_demo) by extensions ['colcon_meta']
[0.292s] Level 1:colcon.colcon_core.package_identification:_identify(src/serial_motor_demo) by extension 'colcon_meta'
[0.292s] Level 1:colcon.colcon_core.package_identification:_identify(src/serial_motor_demo) by extensions ['ros']
[0.292s] Level 1:colcon.colcon_core.package_identification:_identify(src/serial_motor_demo) by extension 'ros'
[0.292s] Level 1:colcon.colcon_core.package_identification:_identify(src/serial_motor_demo) by extensions ['cmake', 'python']
[0.292s] Level 1:colcon.colcon_core.package_identification:_identify(src/serial_motor_demo) by extension 'cmake'
[0.292s] Level 1:colcon.colcon_core.package_identification:_identify(src/serial_motor_demo) by extension 'python'
[0.292s] Level 1:colcon.colcon_core.package_identification:_identify(src/serial_motor_demo) by extensions ['python_setup_py']
[0.292s] Level 1:colcon.colcon_core.package_identification:_identify(src/serial_motor_demo) by extension 'python_setup_py'
[0.293s] Level 1:colcon.colcon_core.package_identification:_identify(src/serial_motor_demo/serial_motor_demo) by extensions ['ignore', 'ignore_ament_install']
[0.293s] Level 1:colcon.colcon_core.package_identification:_identify(src/serial_motor_demo/serial_motor_demo) by extension 'ignore'
[0.293s] Level 1:colcon.colcon_core.package_identification:_identify(src/serial_motor_demo/serial_motor_demo) by extension 'ignore_ament_install'
[0.293s] Level 1:colcon.colcon_core.package_identification:_identify(src/serial_motor_demo/serial_motor_demo) by extensions ['colcon_pkg']
[0.293s] Level 1:colcon.colcon_core.package_identification:_identify(src/serial_motor_demo/serial_motor_demo) by extension 'colcon_pkg'
[0.293s] Level 1:colcon.colcon_core.package_identification:_identify(src/serial_motor_demo/serial_motor_demo) by extensions ['colcon_meta']
[0.293s] Level 1:colcon.colcon_core.package_identification:_identify(src/serial_motor_demo/serial_motor_demo) by extension 'colcon_meta'
[0.293s] Level 1:colcon.colcon_core.package_identification:_identify(src/serial_motor_demo/serial_motor_demo) by extensions ['ros']
[0.293s] Level 1:colcon.colcon_core.package_identification:_identify(src/serial_motor_demo/serial_motor_demo) by extension 'ros'
[0.294s] DEBUG:colcon.colcon_core.package_identification:Package 'src/serial_motor_demo/serial_motor_demo' with type 'ros.ament_python' and name 'serial_motor_demo'
[0.294s] Level 1:colcon.colcon_core.package_identification:_identify(src/serial_motor_demo/serial_motor_demo_msgs) by extensions ['ignore', 'ignore_ament_install']
[0.294s] Level 1:colcon.colcon_core.package_identification:_identify(src/serial_motor_demo/serial_motor_demo_msgs) by extension 'ignore'
[0.294s] Level 1:colcon.colcon_core.package_identification:_identify(src/serial_motor_demo/serial_motor_demo_msgs) by extension 'ignore_ament_install'
[0.294s] Level 1:colcon.colcon_core.package_identification:_identify(src/serial_motor_demo/serial_motor_demo_msgs) by extensions ['colcon_pkg']
[0.295s] Level 1:colcon.colcon_core.package_identification:_identify(src/serial_motor_demo/serial_motor_demo_msgs) by extension 'colcon_pkg'
[0.295s] Level 1:colcon.colcon_core.package_identification:_identify(src/serial_motor_demo/serial_motor_demo_msgs) by extensions ['colcon_meta']
[0.295s] Level 1:colcon.colcon_core.package_identification:_identify(src/serial_motor_demo/serial_motor_demo_msgs) by extension 'colcon_meta'
[0.295s] Level 1:colcon.colcon_core.package_identification:_identify(src/serial_motor_demo/serial_motor_demo_msgs) by extensions ['ros']
[0.295s] Level 1:colcon.colcon_core.package_identification:_identify(src/serial_motor_demo/serial_motor_demo_msgs) by extension 'ros'
[0.295s] DEBUG:colcon.colcon_core.package_identification:Package 'src/serial_motor_demo/serial_motor_demo_msgs' with type 'ros.ament_cmake' and name 'serial_motor_demo_msgs'
[0.295s] Level 1:colcon.colcon_core.package_identification:_identify(src/urdf_tutorial) by extensions ['ignore', 'ignore_ament_install']
[0.296s] Level 1:colcon.colcon_core.package_identification:_identify(src/urdf_tutorial) by extension 'ignore'
[0.296s] Level 1:colcon.colcon_core.package_identification:_identify(src/urdf_tutorial) by extension 'ignore_ament_install'
[0.296s] Level 1:colcon.colcon_core.package_identification:_identify(src/urdf_tutorial) by extensions ['colcon_pkg']
[0.296s] Level 1:colcon.colcon_core.package_identification:_identify(src/urdf_tutorial) by extension 'colcon_pkg'
[0.296s] Level 1:colcon.colcon_core.package_identification:_identify(src/urdf_tutorial) by extensions ['colcon_meta']
[0.296s] Level 1:colcon.colcon_core.package_identification:_identify(src/urdf_tutorial) by extension 'colcon_meta'
[0.296s] Level 1:colcon.colcon_core.package_identification:_identify(src/urdf_tutorial) by extensions ['ros']
[0.296s] Level 1:colcon.colcon_core.package_identification:_identify(src/urdf_tutorial) by extension 'ros'
[0.297s] DEBUG:colcon.colcon_core.package_identification:Package 'src/urdf_tutorial' with type 'ros.ament_cmake' and name 'urdf_tutorial'
[0.297s] Level 1:colcon.colcon_core.package_discovery:discover_packages(recursive) using defaults
[0.297s] Level 1:colcon.colcon_core.package_discovery:discover_packages(ignore) discover
[0.297s] Level 1:colcon.colcon_core.package_discovery:discover_packages(ignore) using defaults
[0.297s] Level 1:colcon.colcon_core.package_discovery:discover_packages(path) discover
[0.297s] Level 1:colcon.colcon_core.package_discovery:discover_packages(path) using defaults
[0.330s] Level 1:colcon.colcon_core.package_discovery:discover_packages(prefix_path) check parameters
[0.330s] Level 1:colcon.colcon_core.package_discovery:discover_packages(prefix_path) discover
[0.332s] DEBUG:colcon.colcon_installed_package_information.package_discovery:Found 10 installed packages in /home/mosalam/robot_ws/install
[0.334s] DEBUG:colcon.colcon_installed_package_information.package_discovery:Found 369 installed packages in /opt/ros/humble
[0.336s] Level 1:colcon.colcon_core.package_discovery:discover_packages(prefix_path) using defaults
[0.385s] Level 5:colcon.colcon_core.verb:set package 'custom_explorer' build argument 'cmake_args' from command line to 'None'
[0.386s] Level 5:colcon.colcon_core.verb:set package 'custom_explorer' build argument 'cmake_target' from command line to 'None'
[0.386s] Level 5:colcon.colcon_core.verb:set package 'custom_explorer' build argument 'cmake_target_skip_unavailable' from command line to 'False'
[0.386s] Level 5:colcon.colcon_core.verb:set package 'custom_explorer' build argument 'cmake_clean_cache' from command line to 'False'
[0.386s] Level 5:colcon.colcon_core.verb:set package 'custom_explorer' build argument 'cmake_clean_first' from command line to 'False'
[0.386s] Level 5:colcon.colcon_core.verb:set package 'custom_explorer' build argument 'cmake_force_configure' from command line to 'False'
[0.386s] Level 5:colcon.colcon_core.verb:set package 'custom_explorer' build argument 'ament_cmake_args' from command line to 'None'
[0.386s] Level 5:colcon.colcon_core.verb:set package 'custom_explorer' build argument 'catkin_cmake_args' from command line to 'None'
[0.386s] Level 5:colcon.colcon_core.verb:set package 'custom_explorer' build argument 'catkin_skip_building_tests' from command line to 'False'
[0.386s] DEBUG:colcon.colcon_core.verb:Building package 'custom_explorer' with the following arguments: {'ament_cmake_args': None, 'build_base': '/home/mosalam/robot_ws/build/custom_explorer', 'catkin_cmake_args': None, 'catkin_skip_building_tests': False, 'cmake_args': None, 'cmake_clean_cache': False, 'cmake_clean_first': False, 'cmake_force_configure': False, 'cmake_target': None, 'cmake_target_skip_unavailable': False, 'install_base': '/home/mosalam/robot_ws/install/custom_explorer', 'merge_install': False, 'path': '/home/mosalam/robot_ws/src/Autonomous-Explorer-and-Mapper-ros2-nav2', 'symlink_install': False, 'test_result_base': None}
[0.386s] Level 5:colcon.colcon_core.verb:set package 'diffdrive_arduino' build argument 'cmake_args' from command line to 'None'
[0.387s] Level 5:colcon.colcon_core.verb:set package 'diffdrive_arduino' build argument 'cmake_target' from command line to 'None'
[0.387s] Level 5:colcon.colcon_core.verb:set package 'diffdrive_arduino' build argument 'cmake_target_skip_unavailable' from command line to 'False'
[0.387s] Level 5:colcon.colcon_core.verb:set package 'diffdrive_arduino' build argument 'cmake_clean_cache' from command line to 'False'
[0.387s] Level 5:colcon.colcon_core.verb:set package 'diffdrive_arduino' build argument 'cmake_clean_first' from command line to 'False'
[0.387s] Level 5:colcon.colcon_core.verb:set package 'diffdrive_arduino' build argument 'cmake_force_configure' from command line to 'False'
[0.387s] Level 5:colcon.colcon_core.verb:set package 'diffdrive_arduino' build argument 'ament_cmake_args' from command line to 'None'
[0.387s] Level 5:colcon.colcon_core.verb:set package 'diffdrive_arduino' build argument 'catkin_cmake_args' from command line to 'None'
[0.387s] Level 5:colcon.colcon_core.verb:set package 'diffdrive_arduino' build argument 'catkin_skip_building_tests' from command line to 'False'
[0.387s] DEBUG:colcon.colcon_core.verb:Building package 'diffdrive_arduino' with the following arguments: {'ament_cmake_args': None, 'build_base': '/home/mosalam/robot_ws/build/diffdrive_arduino', 'catkin_cmake_args': None, 'catkin_skip_building_tests': False, 'cmake_args': None, 'cmake_clean_cache': False, 'cmake_clean_first': False, 'cmake_force_configure': False, 'cmake_target': None, 'cmake_target_skip_unavailable': False, 'install_base': '/home/mosalam/robot_ws/install/diffdrive_arduino', 'merge_install': False, 'path': '/home/mosalam/robot_ws/src/diffdrive_arduino', 'symlink_install': False, 'test_result_base': None}
[0.387s] Level 5:colcon.colcon_core.verb:set package 'rplidar_ros' build argument 'cmake_args' from command line to 'None'
[0.387s] Level 5:colcon.colcon_core.verb:set package 'rplidar_ros' build argument 'cmake_target' from command line to 'None'
[0.387s] Level 5:colcon.colcon_core.verb:set package 'rplidar_ros' build argument 'cmake_target_skip_unavailable' from command line to 'False'
[0.387s] Level 5:colcon.colcon_core.verb:set package 'rplidar_ros' build argument 'cmake_clean_cache' from command line to 'False'
[0.387s] Level 5:colcon.colcon_core.verb:set package 'rplidar_ros' build argument 'cmake_clean_first' from command line to 'False'
[0.388s] Level 5:colcon.colcon_core.verb:set package 'rplidar_ros' build argument 'cmake_force_configure' from command line to 'False'
[0.388s] Level 5:colcon.colcon_core.verb:set package 'rplidar_ros' build argument 'ament_cmake_args' from command line to 'None'
[0.388s] Level 5:colcon.colcon_core.verb:set package 'rplidar_ros' build argument 'catkin_cmake_args' from command line to 'None'
[0.388s] Level 5:colcon.colcon_core.verb:set package 'rplidar_ros' build argument 'catkin_skip_building_tests' from command line to 'False'
[0.388s] DEBUG:colcon.colcon_core.verb:Building package 'rplidar_ros' with the following arguments: {'ament_cmake_args': None, 'build_base': '/home/mosalam/robot_ws/build/rplidar_ros', 'catkin_cmake_args': None, 'catkin_skip_building_tests': False, 'cmake_args': None, 'cmake_clean_cache': False, 'cmake_clean_first': False, 'cmake_force_configure': False, 'cmake_target': None, 'cmake_target_skip_unavailable': False, 'install_base': '/home/mosalam/robot_ws/install/rplidar_ros', 'merge_install': False, 'path': '/home/mosalam/robot_ws/src/rplidar_ros2', 'symlink_install': False, 'test_result_base': None}
[0.388s] Level 5:colcon.colcon_core.verb:set package 'serial' build argument 'cmake_args' from command line to 'None'
[0.388s] Level 5:colcon.colcon_core.verb:set package 'serial' build argument 'cmake_target' from command line to 'None'
[0.388s] Level 5:colcon.colcon_core.verb:set package 'serial' build argument 'cmake_target_skip_unavailable' from command line to 'False'
[0.388s] Level 5:colcon.colcon_core.verb:set package 'serial' build argument 'cmake_clean_cache' from command line to 'False'
[0.388s] Level 5:colcon.colcon_core.verb:set package 'serial' build argument 'cmake_clean_first' from command line to 'False'
[0.388s] Level 5:colcon.colcon_core.verb:set package 'serial' build argument 'cmake_force_configure' from command line to 'False'
[0.388s] Level 5:colcon.colcon_core.verb:set package 'serial' build argument 'ament_cmake_args' from command line to 'None'
[0.388s] Level 5:colcon.colcon_core.verb:set package 'serial' build argument 'catkin_cmake_args' from command line to 'None'
[0.388s] Level 5:colcon.colcon_core.verb:set package 'serial' build argument 'catkin_skip_building_tests' from command line to 'False'
[0.389s] DEBUG:colcon.colcon_core.verb:Building package 'serial' with the following arguments: {'ament_cmake_args': None, 'build_base': '/home/mosalam/robot_ws/build/serial', 'catkin_cmake_args': None, 'catkin_skip_building_tests': False, 'cmake_args': None, 'cmake_clean_cache': False, 'cmake_clean_first': False, 'cmake_force_configure': False, 'cmake_target': None, 'cmake_target_skip_unavailable': False, 'install_base': '/home/mosalam/robot_ws/install/serial', 'merge_install': False, 'path': '/home/mosalam/robot_ws/src/serial', 'symlink_install': False, 'test_result_base': None}
[0.389s] Level 5:colcon.colcon_core.verb:set package 'serial_motor_demo_msgs' build argument 'cmake_args' from command line to 'None'
[0.389s] Level 5:colcon.colcon_core.verb:set package 'serial_motor_demo_msgs' build argument 'cmake_target' from command line to 'None'
[0.389s] Level 5:colcon.colcon_core.verb:set package 'serial_motor_demo_msgs' build argument 'cmake_target_skip_unavailable' from command line to 'False'
[0.389s] Level 5:colcon.colcon_core.verb:set package 'serial_motor_demo_msgs' build argument 'cmake_clean_cache' from command line to 'False'
[0.389s] Level 5:colcon.colcon_core.verb:set package 'serial_motor_demo_msgs' build argument 'cmake_clean_first' from command line to 'False'
[0.389s] Level 5:colcon.colcon_core.verb:set package 'serial_motor_demo_msgs' build argument 'cmake_force_configure' from command line to 'False'
[0.389s] Level 5:colcon.colcon_core.verb:set package 'serial_motor_demo_msgs' build argument 'ament_cmake_args' from command line to 'None'
[0.389s] Level 5:colcon.colcon_core.verb:set package 'serial_motor_demo_msgs' build argument 'catkin_cmake_args' from command line to 'None'
[0.389s] Level 5:colcon.colcon_core.verb:set package 'serial_motor_demo_msgs' build argument 'catkin_skip_building_tests' from command line to 'False'
[0.389s] DEBUG:colcon.colcon_core.verb:Building package 'serial_motor_demo_msgs' with the following arguments: {'ament_cmake_args': None, 'build_base': '/home/mosalam/robot_ws/build/serial_motor_demo_msgs', 'catkin_cmake_args': None, 'catkin_skip_building_tests': False, 'cmake_args': None, 'cmake_clean_cache': False, 'cmake_clean_first': False, 'cmake_force_configure': False, 'cmake_target': None, 'cmake_target_skip_unavailable': False, 'install_base': '/home/mosalam/robot_ws/install/serial_motor_demo_msgs', 'merge_install': False, 'path': '/home/mosalam/robot_ws/src/serial_motor_demo/serial_motor_demo_msgs', 'symlink_install': False, 'test_result_base': None}
[0.390s] Level 5:colcon.colcon_core.verb:set package 'urdf_tutorial' build argument 'cmake_args' from command line to 'None'
[0.390s] Level 5:colcon.colcon_core.verb:set package 'urdf_tutorial' build argument 'cmake_target' from command line to 'None'
[0.390s] Level 5:colcon.colcon_core.verb:set package 'urdf_tutorial' build argument 'cmake_target_skip_unavailable' from command line to 'False'
[0.390s] Level 5:colcon.colcon_core.verb:set package 'urdf_tutorial' build argument 'cmake_clean_cache' from command line to 'False'
[0.390s] Level 5:colcon.colcon_core.verb:set package 'urdf_tutorial' build argument 'cmake_clean_first' from command line to 'False'
[0.390s] Level 5:colcon.colcon_core.verb:set package 'urdf_tutorial' build argument 'cmake_force_configure' from command line to 'False'
[0.390s] Level 5:colcon.colcon_core.verb:set package 'urdf_tutorial' build argument 'ament_cmake_args' from command line to 'None'
[0.390s] Level 5:colcon.colcon_core.verb:set package 'urdf_tutorial' build argument 'catkin_cmake_args' from command line to 'None'
[0.390s] Level 5:colcon.colcon_core.verb:set package 'urdf_tutorial' build argument 'catkin_skip_building_tests' from command line to 'False'
[0.390s] DEBUG:colcon.colcon_core.verb:Building package 'urdf_tutorial' with the following arguments: {'ament_cmake_args': None, 'build_base': '/home/mosalam/robot_ws/build/urdf_tutorial', 'catkin_cmake_args': None, 'catkin_skip_building_tests': False, 'cmake_args': None, 'cmake_clean_cache': False, 'cmake_clean_first': False, 'cmake_force_configure': False, 'cmake_target': None, 'cmake_target_skip_unavailable': False, 'install_base': '/home/mosalam/robot_ws/install/urdf_tutorial', 'merge_install': False, 'path': '/home/mosalam/robot_ws/src/urdf_tutorial', 'symlink_install': False, 'test_result_base': None}
[0.391s] Level 5:colcon.colcon_core.verb:set package 'robot' build argument 'cmake_args' from command line to 'None'
[0.391s] Level 5:colcon.colcon_core.verb:set package 'robot' build argument 'cmake_target' from command line to 'None'
[0.391s] Level 5:colcon.colcon_core.verb:set package 'robot' build argument 'cmake_target_skip_unavailable' from command line to 'False'
[0.391s] Level 5:colcon.colcon_core.verb:set package 'robot' build argument 'cmake_clean_cache' from command line to 'False'
[0.391s] Level 5:colcon.colcon_core.verb:set package 'robot' build argument 'cmake_clean_first' from command line to 'False'
[0.391s] Level 5:colcon.colcon_core.verb:set package 'robot' build argument 'cmake_force_configure' from command line to 'False'
[0.391s] Level 5:colcon.colcon_core.verb:set package 'robot' build argument 'ament_cmake_args' from command line to 'None'
[0.391s] Level 5:colcon.colcon_core.verb:set package 'robot' build argument 'catkin_cmake_args' from command line to 'None'
[0.391s] Level 5:colcon.colcon_core.verb:set package 'robot' build argument 'catkin_skip_building_tests' from command line to 'False'
[0.391s] DEBUG:colcon.colcon_core.verb:Building package 'robot' with the following arguments: {'ament_cmake_args': None, 'build_base': '/home/mosalam/robot_ws/build/robot', 'catkin_cmake_args': None, 'catkin_skip_building_tests': False, 'cmake_args': None, 'cmake_clean_cache': False, 'cmake_clean_first': False, 'cmake_force_configure': False, 'cmake_target': None, 'cmake_target_skip_unavailable': False, 'install_base': '/home/mosalam/robot_ws/install/robot', 'merge_install': False, 'path': '/home/mosalam/robot_ws/src/robot', 'symlink_install': False, 'test_result_base': None}
[0.391s] Level 5:colcon.colcon_core.verb:set package 'serial_motor_demo' build argument 'cmake_args' from command line to 'None'
[0.391s] Level 5:colcon.colcon_core.verb:set package 'serial_motor_demo' build argument 'cmake_target' from command line to 'None'
[0.391s] Level 5:colcon.colcon_core.verb:set package 'serial_motor_demo' build argument 'cmake_target_skip_unavailable' from command line to 'False'
[0.391s] Level 5:colcon.colcon_core.verb:set package 'serial_motor_demo' build argument 'cmake_clean_cache' from command line to 'False'
[0.392s] Level 5:colcon.colcon_core.verb:set package 'serial_motor_demo' build argument 'cmake_clean_first' from command line to 'False'
[0.392s] Level 5:colcon.colcon_core.verb:set package 'serial_motor_demo' build argument 'cmake_force_configure' from command line to 'False'
[0.392s] Level 5:colcon.colcon_core.verb:set package 'serial_motor_demo' build argument 'ament_cmake_args' from command line to 'None'
[0.392s] Level 5:colcon.colcon_core.verb:set package 'serial_motor_demo' build argument 'catkin_cmake_args' from command line to 'None'
[0.392s] Level 5:colcon.colcon_core.verb:set package 'serial_motor_demo' build argument 'catkin_skip_building_tests' from command line to 'False'
[0.392s] DEBUG:colcon.colcon_core.verb:Building package 'serial_motor_demo' with the following arguments: {'ament_cmake_args': None, 'build_base': '/home/mosalam/robot_ws/build/serial_motor_demo', 'catkin_cmake_args': None, 'catkin_skip_building_tests': False, 'cmake_args': None, 'cmake_clean_cache': False, 'cmake_clean_first': False, 'cmake_force_configure': False, 'cmake_target': None, 'cmake_target_skip_unavailable': False, 'install_base': '/home/mosalam/robot_ws/install/serial_motor_demo', 'merge_install': False, 'path': '/home/mosalam/robot_ws/src/serial_motor_demo/serial_motor_demo', 'symlink_install': False, 'test_result_base': None}
[0.392s] INFO:colcon.colcon_core.executor:Executing jobs using 'parallel' executor
[0.393s] DEBUG:colcon.colcon_parallel_executor.executor.parallel:run_until_complete
[0.394s] INFO:colcon.colcon_ros.task.ament_cmake.build:Building ROS package in '/home/mosalam/robot_ws/src/serial_motor_demo/serial_motor_demo_msgs' with build type 'ament_cmake'
[0.394s] INFO:colcon.colcon_cmake.task.cmake.build:Building CMake package in '/home/mosalam/robot_ws/src/serial_motor_demo/serial_motor_demo_msgs'
[0.396s] INFO:colcon.colcon_core.plugin_system:Skipping extension 'colcon_core.shell.bat': Not used on non-Windows systems
[0.396s] INFO:colcon.colcon_core.shell:Skip shell extension 'powershell' for command environment: Not usable outside of PowerShell
[0.396s] DEBUG:colcon.colcon_core.shell:Skip shell extension 'dsv' for command environment
[0.401s] INFO:colcon.colcon_ros.task.ament_cmake.build:Building ROS package in '/home/mosalam/robot_ws/src/urdf_tutorial' with build type 'ament_cmake'
[0.401s] INFO:colcon.colcon_cmake.task.cmake.build:Building CMake package in '/home/mosalam/robot_ws/src/urdf_tutorial'
[0.401s] INFO:colcon.colcon_core.shell:Skip shell extension 'powershell' for command environment: Not usable outside of PowerShell
[0.401s] DEBUG:colcon.colcon_core.shell:Skip shell extension 'dsv' for command environment
[0.405s] INFO:colcon.colcon_ros.task.ament_python.build:Building ROS package in '/home/mosalam/robot_ws/src/Autonomous-Explorer-and-Mapper-ros2-nav2' with build type 'ament_python'
[0.405s] Level 1:colcon.colcon_core.shell:create_environment_hook('custom_explorer', 'ament_prefix_path')
[0.405s] INFO:colcon.colcon_core.shell:Creating environment hook '/home/mosalam/robot_ws/install/custom_explorer/share/custom_explorer/hook/ament_prefix_path.ps1'
[0.407s] INFO:colcon.colcon_core.shell:Creating environment descriptor '/home/mosalam/robot_ws/install/custom_explorer/share/custom_explorer/hook/ament_prefix_path.dsv'
[0.407s] INFO:colcon.colcon_core.shell:Creating environment hook '/home/mosalam/robot_ws/install/custom_explorer/share/custom_explorer/hook/ament_prefix_path.sh'
[0.408s] INFO:colcon.colcon_core.shell:Skip shell extension 'powershell' for command environment: Not usable outside of PowerShell
[0.408s] DEBUG:colcon.colcon_core.shell:Skip shell extension 'dsv' for command environment
[0.412s] INFO:colcon.colcon_ros.task.ament_cmake.build:Building ROS package in '/home/mosalam/robot_ws/src/diffdrive_arduino' with build type 'ament_cmake'
[0.412s] INFO:colcon.colcon_cmake.task.cmake.build:Building CMake package in '/home/mosalam/robot_ws/src/diffdrive_arduino'
[0.412s] INFO:colcon.colcon_core.shell:Skip shell extension 'powershell' for command environment: Not usable outside of PowerShell
[0.412s] DEBUG:colcon.colcon_core.shell:Skip shell extension 'dsv' for command environment
[0.422s] DEBUG:colcon.colcon_core.event_handler.log_command:Invoking command in '/home/mosalam/robot_ws/build/serial_motor_demo_msgs': CMAKE_PREFIX_PATH=${CMAKE_PREFIX_PATH}:/home/mosalam/robot_ws/install/serial_motor_demo:/home/mosalam/robot_ws/install/custom_explorer:/opt/ros/humble /usr/bin/cmake --build /home/mosalam/robot_ws/build/serial_motor_demo_msgs -- -j4 -l4
[0.426s] DEBUG:colcon.colcon_core.event_handler.log_command:Invoking command in '/home/mosalam/robot_ws/build/urdf_tutorial': CMAKE_PREFIX_PATH=${CMAKE_PREFIX_PATH}:/home/mosalam/robot_ws/install/serial_motor_demo:/home/mosalam/robot_ws/install/custom_explorer:/opt/ros/humble /usr/bin/cmake --build /home/mosalam/robot_ws/build/urdf_tutorial -- -j4 -l4
[0.838s] INFO:colcon.colcon_core.task.python.build:Building Python package in '/home/mosalam/robot_ws/src/Autonomous-Explorer-and-Mapper-ros2-nav2'
[0.838s] INFO:colcon.colcon_core.shell:Skip shell extension 'powershell' for command environment: Not usable outside of PowerShell
[0.838s] DEBUG:colcon.colcon_core.shell:Skip shell extension 'dsv' for command environment
[0.852s] DEBUG:colcon.colcon_core.event_handler.log_command:Invoking command in '/home/mosalam/robot_ws/build/diffdrive_arduino': CMAKE_PREFIX_PATH=${CMAKE_PREFIX_PATH}:/home/mosalam/robot_ws/install/serial_motor_demo:/home/mosalam/robot_ws/install/custom_explorer:/opt/ros/humble /usr/bin/cmake --build /home/mosalam/robot_ws/build/diffdrive_arduino -- -j4 -l4
[0.855s] DEBUG:colcon.colcon_core.event_handler.log_command:Invoked command in '/home/mosalam/robot_ws/build/urdf_tutorial' returned '0': CMAKE_PREFIX_PATH=${CMAKE_PREFIX_PATH}:/home/mosalam/robot_ws/install/serial_motor_demo:/home/mosalam/robot_ws/install/custom_explorer:/opt/ros/humble /usr/bin/cmake --build /home/mosalam/robot_ws/build/urdf_tutorial -- -j4 -l4
[0.869s] DEBUG:colcon.colcon_core.event_handler.log_command:Invoking command in '/home/mosalam/robot_ws/build/urdf_tutorial': CMAKE_PREFIX_PATH=${CMAKE_PREFIX_PATH}:/home/mosalam/robot_ws/install/serial_motor_demo:/home/mosalam/robot_ws/install/custom_explorer:/opt/ros/humble /usr/bin/cmake --install /home/mosalam/robot_ws/build/urdf_tutorial
[0.919s] Level 1:colcon.colcon_core.environment:create_environment_scripts_only(urdf_tutorial)
[0.921s] DEBUG:colcon.colcon_core.event_handler.log_command:Invoked command in '/home/mosalam/robot_ws/build/urdf_tutorial' returned '0': CMAKE_PREFIX_PATH=${CMAKE_PREFIX_PATH}:/home/mosalam/robot_ws/install/serial_motor_demo:/home/mosalam/robot_ws/install/custom_explorer:/opt/ros/humble /usr/bin/cmake --install /home/mosalam/robot_ws/build/urdf_tutorial
[0.924s] Level 1:colcon.colcon_core.environment:checking '/home/mosalam/robot_ws/install/urdf_tutorial' for CMake module files
[0.925s] Level 1:colcon.colcon_core.environment:checking '/home/mosalam/robot_ws/install/urdf_tutorial' for CMake config files
[0.925s] Level 1:colcon.colcon_core.shell:create_environment_hook('urdf_tutorial', 'cmake_prefix_path')
[0.926s] INFO:colcon.colcon_core.shell:Creating environment hook '/home/mosalam/robot_ws/install/urdf_tutorial/share/urdf_tutorial/hook/cmake_prefix_path.ps1'
[0.926s] INFO:colcon.colcon_core.shell:Creating environment descriptor '/home/mosalam/robot_ws/install/urdf_tutorial/share/urdf_tutorial/hook/cmake_prefix_path.dsv'
[0.927s] INFO:colcon.colcon_core.shell:Creating environment hook '/home/mosalam/robot_ws/install/urdf_tutorial/share/urdf_tutorial/hook/cmake_prefix_path.sh'
[0.928s] Level 1:colcon.colcon_core.environment:checking '/home/mosalam/robot_ws/install/urdf_tutorial/bin'
[0.928s] Level 1:colcon.colcon_core.environment:checking '/home/mosalam/robot_ws/install/urdf_tutorial/lib/pkgconfig/urdf_tutorial.pc'
[0.929s] Level 1:colcon.colcon_core.environment:checking '/home/mosalam/robot_ws/install/urdf_tutorial/lib/python3.10/site-packages'
[0.929s] Level 1:colcon.colcon_core.environment:checking '/home/mosalam/robot_ws/install/urdf_tutorial/bin'
[0.930s] INFO:colcon.colcon_core.shell:Creating package script '/home/mosalam/robot_ws/install/urdf_tutorial/share/urdf_tutorial/package.ps1'
[0.931s] INFO:colcon.colcon_core.shell:Creating package descriptor '/home/mosalam/robot_ws/install/urdf_tutorial/share/urdf_tutorial/package.dsv'
[0.932s] INFO:colcon.colcon_core.shell:Creating package script '/home/mosalam/robot_ws/install/urdf_tutorial/share/urdf_tutorial/package.sh'
[0.934s] INFO:colcon.colcon_core.shell:Creating package script '/home/mosalam/robot_ws/install/urdf_tutorial/share/urdf_tutorial/package.bash'
[0.935s] INFO:colcon.colcon_core.shell:Creating package script '/home/mosalam/robot_ws/install/urdf_tutorial/share/urdf_tutorial/package.zsh'
[0.936s] Level 1:colcon.colcon_core.environment:create_file_with_runtime_dependencies(/home/mosalam/robot_ws/install/urdf_tutorial/share/colcon-core/packages/urdf_tutorial)
[0.937s] Level 1:colcon.colcon_core.environment:create_environment_scripts_only(urdf_tutorial)
[0.938s] Level 1:colcon.colcon_core.environment:checking '/home/mosalam/robot_ws/install/urdf_tutorial' for CMake module files
[0.939s] Level 1:colcon.colcon_core.environment:checking '/home/mosalam/robot_ws/install/urdf_tutorial' for CMake config files
[0.939s] Level 1:colcon.colcon_core.shell:create_environment_hook('urdf_tutorial', 'cmake_prefix_path')
[0.939s] INFO:colcon.colcon_core.shell:Creating environment hook '/home/mosalam/robot_ws/install/urdf_tutorial/share/urdf_tutorial/hook/cmake_prefix_path.ps1'
[0.940s] INFO:colcon.colcon_core.shell:Creating environment descriptor '/home/mosalam/robot_ws/install/urdf_tutorial/share/urdf_tutorial/hook/cmake_prefix_path.dsv'
[0.941s] INFO:colcon.colcon_core.shell:Creating environment hook '/home/mosalam/robot_ws/install/urdf_tutorial/share/urdf_tutorial/hook/cmake_prefix_path.sh'
[0.942s] Level 1:colcon.colcon_core.environment:checking '/home/mosalam/robot_ws/install/urdf_tutorial/bin'
[0.942s] Level 1:colcon.colcon_core.environment:checking '/home/mosalam/robot_ws/install/urdf_tutorial/lib/pkgconfig/urdf_tutorial.pc'
[0.942s] Level 1:colcon.colcon_core.environment:checking '/home/mosalam/robot_ws/install/urdf_tutorial/lib/python3.10/site-packages'
[0.943s] Level 1:colcon.colcon_core.environment:checking '/home/mosalam/robot_ws/install/urdf_tutorial/bin'
[0.943s] INFO:colcon.colcon_core.shell:Creating package script '/home/mosalam/robot_ws/install/urdf_tutorial/share/urdf_tutorial/package.ps1'
[0.944s] INFO:colcon.colcon_core.shell:Creating package descriptor '/home/mosalam/robot_ws/install/urdf_tutorial/share/urdf_tutorial/package.dsv'
[0.945s] INFO:colcon.colcon_core.shell:Creating package script '/home/mosalam/robot_ws/install/urdf_tutorial/share/urdf_tutorial/package.sh'
[0.946s] INFO:colcon.colcon_core.shell:Creating package script '/home/mosalam/robot_ws/install/urdf_tutorial/share/urdf_tutorial/package.bash'
[0.946s] INFO:colcon.colcon_core.shell:Creating package script '/home/mosalam/robot_ws/install/urdf_tutorial/share/urdf_tutorial/package.zsh'
[0.947s] Level 1:colcon.colcon_core.environment:create_file_with_runtime_dependencies(/home/mosalam/robot_ws/install/urdf_tutorial/share/colcon-core/packages/urdf_tutorial)
[0.948s] INFO:colcon.colcon_ros.task.ament_cmake.build:Building ROS package in '/home/mosalam/robot_ws/src/rplidar_ros2' with build type 'ament_cmake'
[0.948s] INFO:colcon.colcon_cmake.task.cmake.build:Building CMake package in '/home/mosalam/robot_ws/src/rplidar_ros2'
[0.948s] INFO:colcon.colcon_core.shell:Skip shell extension 'powershell' for command environment: Not usable outside of PowerShell
[0.949s] DEBUG:colcon.colcon_core.shell:Skip shell extension 'dsv' for command environment
[0.974s] DEBUG:colcon.colcon_core.event_handler.log_command:Invoking command in '/home/mosalam/robot_ws/build/rplidar_ros': CMAKE_PREFIX_PATH=${CMAKE_PREFIX_PATH}:/home/mosalam/robot_ws/install/serial_motor_demo:/home/mosalam/robot_ws/install/custom_explorer:/opt/ros/humble /usr/bin/cmake --build /home/mosalam/robot_ws/build/rplidar_ros -- -j4 -l4
[0.975s] DEBUG:colcon.colcon_core.event_handler.log_command:Invoked command in '/home/mosalam/robot_ws/build/serial_motor_demo_msgs' returned '0': CMAKE_PREFIX_PATH=${CMAKE_PREFIX_PATH}:/home/mosalam/robot_ws/install/serial_motor_demo:/home/mosalam/robot_ws/install/custom_explorer:/opt/ros/humble /usr/bin/cmake --build /home/mosalam/robot_ws/build/serial_motor_demo_msgs -- -j4 -l4
[0.976s] DEBUG:colcon.colcon_core.event_handler.log_command:Invoking command in '/home/mosalam/robot_ws/build/serial_motor_demo_msgs': CMAKE_PREFIX_PATH=${CMAKE_PREFIX_PATH}:/home/mosalam/robot_ws/install/serial_motor_demo:/home/mosalam/robot_ws/install/custom_explorer:/opt/ros/humble /usr/bin/cmake --install /home/mosalam/robot_ws/build/serial_motor_demo_msgs
[0.978s] DEBUG:colcon.colcon_core.event_handler.log_command:Invoked command in '/home/mosalam/robot_ws/build/diffdrive_arduino' returned '0': CMAKE_PREFIX_PATH=${CMAKE_PREFIX_PATH}:/home/mosalam/robot_ws/install/serial_motor_demo:/home/mosalam/robot_ws/install/custom_explorer:/opt/ros/humble /usr/bin/cmake --build /home/mosalam/robot_ws/build/diffdrive_arduino -- -j4 -l4
[0.980s] DEBUG:colcon.colcon_core.event_handler.log_command:Invoking command in '/home/mosalam/robot_ws/build/diffdrive_arduino': CMAKE_PREFIX_PATH=${CMAKE_PREFIX_PATH}:/home/mosalam/robot_ws/install/serial_motor_demo:/home/mosalam/robot_ws/install/custom_explorer:/opt/ros/humble /usr/bin/cmake --install /home/mosalam/robot_ws/build/diffdrive_arduino
[1.048s] Level 1:colcon.colcon_core.environment:create_environment_scripts_only(diffdrive_arduino)
[1.049s] Level 1:colcon.colcon_core.environment:checking '/home/mosalam/robot_ws/install/diffdrive_arduino' for CMake module files
[1.050s] Level 1:colcon.colcon_core.environment:checking '/home/mosalam/robot_ws/install/diffdrive_arduino' for CMake config files
[1.050s] Level 1:colcon.colcon_core.shell:create_environment_hook('diffdrive_arduino', 'cmake_prefix_path')
[1.051s] INFO:colcon.colcon_core.shell:Creating environment hook '/home/mosalam/robot_ws/install/diffdrive_arduino/share/diffdrive_arduino/hook/cmake_prefix_path.ps1'
[1.051s] DEBUG:colcon.colcon_core.event_handler.log_command:Invoked command in '/home/mosalam/robot_ws/build/diffdrive_arduino' returned '0': CMAKE_PREFIX_PATH=${CMAKE_PREFIX_PATH}:/home/mosalam/robot_ws/install/serial_motor_demo:/home/mosalam/robot_ws/install/custom_explorer:/opt/ros/humble /usr/bin/cmake --install /home/mosalam/robot_ws/build/diffdrive_arduino
[1.052s] INFO:colcon.colcon_core.shell:Creating environment descriptor '/home/mosalam/robot_ws/install/diffdrive_arduino/share/diffdrive_arduino/hook/cmake_prefix_path.dsv'
[1.053s] INFO:colcon.colcon_core.shell:Creating environment hook '/home/mosalam/robot_ws/install/diffdrive_arduino/share/diffdrive_arduino/hook/cmake_prefix_path.sh'
[1.054s] Level 1:colcon.colcon_core.environment:checking '/home/mosalam/robot_ws/install/diffdrive_arduino/lib'
[1.055s] Level 1:colcon.colcon_core.shell:create_environment_hook('diffdrive_arduino', 'ld_library_path_lib')
[1.055s] INFO:colcon.colcon_core.shell:Creating environment hook '/home/mosalam/robot_ws/install/diffdrive_arduino/share/diffdrive_arduino/hook/ld_library_path_lib.ps1'
[1.056s] INFO:colcon.colcon_core.shell:Creating environment descriptor '/home/mosalam/robot_ws/install/diffdrive_arduino/share/diffdrive_arduino/hook/ld_library_path_lib.dsv'
[1.057s] INFO:colcon.colcon_core.shell:Creating environment hook '/home/mosalam/robot_ws/install/diffdrive_arduino/share/diffdrive_arduino/hook/ld_library_path_lib.sh'
[1.057s] Level 1:colcon.colcon_core.environment:checking '/home/mosalam/robot_ws/install/diffdrive_arduino/bin'
[1.058s] Level 1:colcon.colcon_core.environment:checking '/home/mosalam/robot_ws/install/diffdrive_arduino/lib/pkgconfig/diffdrive_arduino.pc'
[1.058s] Level 1:colcon.colcon_core.environment:checking '/home/mosalam/robot_ws/install/diffdrive_arduino/lib/python3.10/site-packages'
[1.059s] Level 1:colcon.colcon_core.environment:checking '/home/mosalam/robot_ws/install/diffdrive_arduino/bin'
[1.059s] INFO:colcon.colcon_core.shell:Creating package script '/home/mosalam/robot_ws/install/diffdrive_arduino/share/diffdrive_arduino/package.ps1'
[1.060s] INFO:colcon.colcon_core.shell:Creating package descriptor '/home/mosalam/robot_ws/install/diffdrive_arduino/share/diffdrive_arduino/package.dsv'
[1.061s] INFO:colcon.colcon_core.shell:Creating package script '/home/mosalam/robot_ws/install/diffdrive_arduino/share/diffdrive_arduino/package.sh'
[1.062s] INFO:colcon.colcon_core.shell:Creating package script '/home/mosalam/robot_ws/install/diffdrive_arduino/share/diffdrive_arduino/package.bash'
[1.063s] INFO:colcon.colcon_core.shell:Creating package script '/home/mosalam/robot_ws/install/diffdrive_arduino/share/diffdrive_arduino/package.zsh'
[1.063s] Level 1:colcon.colcon_core.environment:create_file_with_runtime_dependencies(/home/mosalam/robot_ws/install/diffdrive_arduino/share/colcon-core/packages/diffdrive_arduino)
[1.064s] Level 1:colcon.colcon_core.environment:create_environment_scripts_only(diffdrive_arduino)
[1.065s] Level 1:colcon.colcon_core.environment:checking '/home/mosalam/robot_ws/install/diffdrive_arduino' for CMake module files
[1.066s] Level 1:colcon.colcon_core.environment:checking '/home/mosalam/robot_ws/install/diffdrive_arduino' for CMake config files
[1.066s] Level 1:colcon.colcon_core.shell:create_environment_hook('diffdrive_arduino', 'cmake_prefix_path')
[1.067s] INFO:colcon.colcon_core.shell:Creating environment hook '/home/mosalam/robot_ws/install/diffdrive_arduino/share/diffdrive_arduino/hook/cmake_prefix_path.ps1'
[1.068s] INFO:colcon.colcon_core.shell:Creating environment descriptor '/home/mosalam/robot_ws/install/diffdrive_arduino/share/diffdrive_arduino/hook/cmake_prefix_path.dsv'
[1.068s] INFO:colcon.colcon_core.shell:Creating environment hook '/home/mosalam/robot_ws/install/diffdrive_arduino/share/diffdrive_arduino/hook/cmake_prefix_path.sh'
[1.069s] Level 1:colcon.colcon_core.environment:checking '/home/mosalam/robot_ws/install/diffdrive_arduino/lib'
[1.069s] Level 1:colcon.colcon_core.shell:create_environment_hook('diffdrive_arduino', 'ld_library_path_lib')
[1.070s] INFO:colcon.colcon_core.shell:Creating environment hook '/home/mosalam/robot_ws/install/diffdrive_arduino/share/diffdrive_arduino/hook/ld_library_path_lib.ps1'
[1.071s] INFO:colcon.colcon_core.shell:Creating environment descriptor '/home/mosalam/robot_ws/install/diffdrive_arduino/share/diffdrive_arduino/hook/ld_library_path_lib.dsv'
[1.071s] INFO:colcon.colcon_core.shell:Creating environment hook '/home/mosalam/robot_ws/install/diffdrive_arduino/share/diffdrive_arduino/hook/ld_library_path_lib.sh'
[1.072s] Level 1:colcon.colcon_core.environment:checking '/home/mosalam/robot_ws/install/diffdrive_arduino/bin'
[1.072s] Level 1:colcon.colcon_core.environment:checking '/home/mosalam/robot_ws/install/diffdrive_arduino/lib/pkgconfig/diffdrive_arduino.pc'
[1.073s] Level 1:colcon.colcon_core.environment:checking '/home/mosalam/robot_ws/install/diffdrive_arduino/lib/python3.10/site-packages'
[1.073s] Level 1:colcon.colcon_core.environment:checking '/home/mosalam/robot_ws/install/diffdrive_arduino/bin'
[1.074s] INFO:colcon.colcon_core.shell:Creating package script '/home/mosalam/robot_ws/install/diffdrive_arduino/share/diffdrive_arduino/package.ps1'
[1.075s] INFO:colcon.colcon_core.shell:Creating package descriptor '/home/mosalam/robot_ws/install/diffdrive_arduino/share/diffdrive_arduino/package.dsv'
[1.076s] INFO:colcon.colcon_core.shell:Creating package script '/home/mosalam/robot_ws/install/diffdrive_arduino/share/diffdrive_arduino/package.sh'
[1.077s] INFO:colcon.colcon_core.shell:Creating package script '/home/mosalam/robot_ws/install/diffdrive_arduino/share/diffdrive_arduino/package.bash'
[1.077s] INFO:colcon.colcon_core.shell:Creating package script '/home/mosalam/robot_ws/install/diffdrive_arduino/share/diffdrive_arduino/package.zsh'
[1.078s] Level 1:colcon.colcon_core.environment:create_file_with_runtime_dependencies(/home/mosalam/robot_ws/install/diffdrive_arduino/share/colcon-core/packages/diffdrive_arduino)
[1.079s] INFO:colcon.colcon_ros.task.ament_cmake.build:Building ROS package in '/home/mosalam/robot_ws/src/serial' with build type 'ament_cmake'
[1.080s] INFO:colcon.colcon_cmake.task.cmake.build:Building CMake package in '/home/mosalam/robot_ws/src/serial'
[1.080s] INFO:colcon.colcon_core.shell:Skip shell extension 'powershell' for command environment: Not usable outside of PowerShell
[1.080s] DEBUG:colcon.colcon_core.shell:Skip shell extension 'dsv' for command environment
[1.097s] DEBUG:colcon.colcon_core.event_handler.log_command:Invoking command in '/home/mosalam/robot_ws/build/serial': CMAKE_PREFIX_PATH=${CMAKE_PREFIX_PATH}:/home/mosalam/robot_ws/install/serial_motor_demo:/home/mosalam/robot_ws/install/custom_explorer:/opt/ros/humble /usr/bin/cmake --build /home/mosalam/robot_ws/build/serial -- -j4 -l4
[1.123s] Level 1:colcon.colcon_core.environment:create_environment_scripts_only(serial_motor_demo_msgs)
[1.123s] Level 1:colcon.colcon_core.environment:checking '/home/mosalam/robot_ws/install/serial_motor_demo_msgs' for CMake module files
[1.125s] Level 1:colcon.colcon_core.environment:checking '/home/mosalam/robot_ws/install/serial_motor_demo_msgs' for CMake config files
[1.126s] DEBUG:colcon.colcon_core.event_handler.log_command:Invoked command in '/home/mosalam/robot_ws/build/serial_motor_demo_msgs' returned '0': CMAKE_PREFIX_PATH=${CMAKE_PREFIX_PATH}:/home/mosalam/robot_ws/install/serial_motor_demo:/home/mosalam/robot_ws/install/custom_explorer:/opt/ros/humble /usr/bin/cmake --install /home/mosalam/robot_ws/build/serial_motor_demo_msgs
[1.127s] Level 1:colcon.colcon_core.shell:create_environment_hook('serial_motor_demo_msgs', 'cmake_prefix_path')
[1.127s] INFO:colcon.colcon_core.shell:Creating environment hook '/home/mosalam/robot_ws/install/serial_motor_demo_msgs/share/serial_motor_demo_msgs/hook/cmake_prefix_path.ps1'
[1.128s] INFO:colcon.colcon_core.shell:Creating environment descriptor '/home/mosalam/robot_ws/install/serial_motor_demo_msgs/share/serial_motor_demo_msgs/hook/cmake_prefix_path.dsv'
[1.129s] INFO:colcon.colcon_core.shell:Creating environment hook '/home/mosalam/robot_ws/install/serial_motor_demo_msgs/share/serial_motor_demo_msgs/hook/cmake_prefix_path.sh'
[1.130s] Level 1:colcon.colcon_core.environment:checking '/home/mosalam/robot_ws/install/serial_motor_demo_msgs/lib'
[1.130s] Level 1:colcon.colcon_core.shell:create_environment_hook('serial_motor_demo_msgs', 'ld_library_path_lib')
[1.131s] INFO:colcon.colcon_core.shell:Creating environment hook '/home/mosalam/robot_ws/install/serial_motor_demo_msgs/share/serial_motor_demo_msgs/hook/ld_library_path_lib.ps1'
[1.132s] INFO:colcon.colcon_core.shell:Creating environment descriptor '/home/mosalam/robot_ws/install/serial_motor_demo_msgs/share/serial_motor_demo_msgs/hook/ld_library_path_lib.dsv'
[1.132s] INFO:colcon.colcon_core.shell:Creating environment hook '/home/mosalam/robot_ws/install/serial_motor_demo_msgs/share/serial_motor_demo_msgs/hook/ld_library_path_lib.sh'
[1.133s] Level 1:colcon.colcon_core.environment:checking '/home/mosalam/robot_ws/install/serial_motor_demo_msgs/bin'
[1.133s] Level 1:colcon.colcon_core.environment:checking '/home/mosalam/robot_ws/install/serial_motor_demo_msgs/lib/pkgconfig/serial_motor_demo_msgs.pc'
[1.134s] Level 1:colcon.colcon_core.environment:checking '/home/mosalam/robot_ws/install/serial_motor_demo_msgs/lib/python3.10/site-packages'
[1.134s] Level 1:colcon.colcon_core.environment:checking '/home/mosalam/robot_ws/install/serial_motor_demo_msgs/bin'
[1.135s] INFO:colcon.colcon_core.shell:Creating package script '/home/mosalam/robot_ws/install/serial_motor_demo_msgs/share/serial_motor_demo_msgs/package.ps1'
[1.135s] INFO:colcon.colcon_core.shell:Creating package descriptor '/home/mosalam/robot_ws/install/serial_motor_demo_msgs/share/serial_motor_demo_msgs/package.dsv'
[1.136s] INFO:colcon.colcon_core.shell:Creating package script '/home/mosalam/robot_ws/install/serial_motor_demo_msgs/share/serial_motor_demo_msgs/package.sh'
[1.137s] INFO:colcon.colcon_core.shell:Creating package script '/home/mosalam/robot_ws/install/serial_motor_demo_msgs/share/serial_motor_demo_msgs/package.bash'
[1.138s] INFO:colcon.colcon_core.shell:Creating package script '/home/mosalam/robot_ws/install/serial_motor_demo_msgs/share/serial_motor_demo_msgs/package.zsh'
[1.139s] Level 1:colcon.colcon_core.environment:create_file_with_runtime_dependencies(/home/mosalam/robot_ws/install/serial_motor_demo_msgs/share/colcon-core/packages/serial_motor_demo_msgs)
[1.140s] Level 1:colcon.colcon_core.environment:create_environment_scripts_only(serial_motor_demo_msgs)
[1.140s] Level 1:colcon.colcon_core.environment:checking '/home/mosalam/robot_ws/install/serial_motor_demo_msgs' for CMake module files
[1.142s] Level 1:colcon.colcon_core.environment:checking '/home/mosalam/robot_ws/install/serial_motor_demo_msgs' for CMake config files
[1.144s] Level 1:colcon.colcon_core.shell:create_environment_hook('serial_motor_demo_msgs', 'cmake_prefix_path')
[1.144s] INFO:colcon.colcon_core.shell:Creating environment hook '/home/mosalam/robot_ws/install/serial_motor_demo_msgs/share/serial_motor_demo_msgs/hook/cmake_prefix_path.ps1'
[1.145s] INFO:colcon.colcon_core.shell:Creating environment descriptor '/home/mosalam/robot_ws/install/serial_motor_demo_msgs/share/serial_motor_demo_msgs/hook/cmake_prefix_path.dsv'
[1.146s] INFO:colcon.colcon_core.shell:Creating environment hook '/home/mosalam/robot_ws/install/serial_motor_demo_msgs/share/serial_motor_demo_msgs/hook/cmake_prefix_path.sh'
[1.150s] Level 1:colcon.colcon_core.environment:checking '/home/mosalam/robot_ws/install/serial_motor_demo_msgs/lib'
[1.150s] Level 1:colcon.colcon_core.shell:create_environment_hook('serial_motor_demo_msgs', 'ld_library_path_lib')
[1.151s] INFO:colcon.colcon_core.shell:Creating environment hook '/home/mosalam/robot_ws/install/serial_motor_demo_msgs/share/serial_motor_demo_msgs/hook/ld_library_path_lib.ps1'
[1.151s] INFO:colcon.colcon_core.shell:Creating environment descriptor '/home/mosalam/robot_ws/install/serial_motor_demo_msgs/share/serial_motor_demo_msgs/hook/ld_library_path_lib.dsv'
[1.152s] INFO:colcon.colcon_core.shell:Creating environment hook '/home/mosalam/robot_ws/install/serial_motor_demo_msgs/share/serial_motor_demo_msgs/hook/ld_library_path_lib.sh'
[1.152s] Level 1:colcon.colcon_core.environment:checking '/home/mosalam/robot_ws/install/serial_motor_demo_msgs/bin'
[1.153s] Level 1:colcon.colcon_core.environment:checking '/home/mosalam/robot_ws/install/serial_motor_demo_msgs/lib/pkgconfig/serial_motor_demo_msgs.pc'
[1.156s] Level 1:colcon.colcon_core.environment:checking '/home/mosalam/robot_ws/install/serial_motor_demo_msgs/lib/python3.10/site-packages'
[1.157s] Level 1:colcon.colcon_core.environment:checking '/home/mosalam/robot_ws/install/serial_motor_demo_msgs/bin'
[1.157s] INFO:colcon.colcon_core.shell:Creating package script '/home/mosalam/robot_ws/install/serial_motor_demo_msgs/share/serial_motor_demo_msgs/package.ps1'
[1.162s] INFO:colcon.colcon_core.shell:Creating package descriptor '/home/mosalam/robot_ws/install/serial_motor_demo_msgs/share/serial_motor_demo_msgs/package.dsv'
[1.163s] INFO:colcon.colcon_core.shell:Creating package script '/home/mosalam/robot_ws/install/serial_motor_demo_msgs/share/serial_motor_demo_msgs/package.sh'
[1.167s] INFO:colcon.colcon_core.shell:Creating package script '/home/mosalam/robot_ws/install/serial_motor_demo_msgs/share/serial_motor_demo_msgs/package.bash'
[1.168s] INFO:colcon.colcon_core.shell:Creating package script '/home/mosalam/robot_ws/install/serial_motor_demo_msgs/share/serial_motor_demo_msgs/package.zsh'
[1.169s] Level 1:colcon.colcon_core.environment:create_file_with_runtime_dependencies(/home/mosalam/robot_ws/install/serial_motor_demo_msgs/share/colcon-core/packages/serial_motor_demo_msgs)
[1.173s] INFO:colcon.colcon_ros.task.ament_cmake.build:Building ROS package in '/home/mosalam/robot_ws/src/robot' with build type 'ament_cmake'
[1.173s] INFO:colcon.colcon_cmake.task.cmake.build:Building CMake package in '/home/mosalam/robot_ws/src/robot'
[1.173s] INFO:colcon.colcon_core.shell:Skip shell extension 'powershell' for command environment: Not usable outside of PowerShell
[1.174s] DEBUG:colcon.colcon_core.shell:Skip shell extension 'dsv' for command environment
[1.189s] DEBUG:colcon.colcon_core.event_handler.log_command:Invoked command in '/home/mosalam/robot_ws/build/rplidar_ros' returned '0': CMAKE_PREFIX_PATH=${CMAKE_PREFIX_PATH}:/home/mosalam/robot_ws/install/serial_motor_demo:/home/mosalam/robot_ws/install/custom_explorer:/opt/ros/humble /usr/bin/cmake --build /home/mosalam/robot_ws/build/rplidar_ros -- -j4 -l4
[1.193s] DEBUG:colcon.colcon_core.event_handler.log_command:Invoking command in '/home/mosalam/robot_ws/build/rplidar_ros': CMAKE_PREFIX_PATH=${CMAKE_PREFIX_PATH}:/home/mosalam/robot_ws/install/serial_motor_demo:/home/mosalam/robot_ws/install/custom_explorer:/opt/ros/humble /usr/bin/cmake --install /home/mosalam/robot_ws/build/rplidar_ros
[1.205s] DEBUG:colcon.colcon_core.event_handler.log_command:Invoking command in '/home/mosalam/robot_ws/build/robot': CMAKE_PREFIX_PATH=/home/mosalam/robot_ws/install/urdf_tutorial:/home/mosalam/robot_ws/install/robot:/home/mosalam/robot_ws/install/serial_motor_demo_msgs:/home/mosalam/robot_ws/install/serial:/home/mosalam/robot_ws/install/rplidar_ros:/home/mosalam/robot_ws/install/multirobot_map_merge:/home/mosalam/robot_ws/install/explore_lite:/home/mosalam/robot_ws/install/diffdrive_arduino:/home/mosalam/robot_ws/install/serial_motor_demo:/home/mosalam/robot_ws/install/custom_explorer:/opt/ros/humble /usr/bin/cmake --build /home/mosalam/robot_ws/build/robot -- -j4 -l4
[1.254s] Level 1:colcon.colcon_core.environment:create_environment_scripts_only(rplidar_ros)
[1.254s] Level 1:colcon.colcon_core.environment:checking '/home/mosalam/robot_ws/install/rplidar_ros' for CMake module files
[1.255s] Level 1:colcon.colcon_core.environment:checking '/home/mosalam/robot_ws/install/rplidar_ros' for CMake config files
[1.256s] DEBUG:colcon.colcon_core.event_handler.log_command:Invoked command in '/home/mosalam/robot_ws/build/rplidar_ros' returned '0': CMAKE_PREFIX_PATH=${CMAKE_PREFIX_PATH}:/home/mosalam/robot_ws/install/serial_motor_demo:/home/mosalam/robot_ws/install/custom_explorer:/opt/ros/humble /usr/bin/cmake --install /home/mosalam/robot_ws/build/rplidar_ros
[1.257s] Level 1:colcon.colcon_core.shell:create_environment_hook('rplidar_ros', 'cmake_prefix_path')
[1.257s] INFO:colcon.colcon_core.shell:Creating environment hook '/home/mosalam/robot_ws/install/rplidar_ros/share/rplidar_ros/hook/cmake_prefix_path.ps1'
[1.258s] INFO:colcon.colcon_core.shell:Creating environment descriptor '/home/mosalam/robot_ws/install/rplidar_ros/share/rplidar_ros/hook/cmake_prefix_path.dsv'
[1.259s] INFO:colcon.colcon_core.shell:Creating environment hook '/home/mosalam/robot_ws/install/rplidar_ros/share/rplidar_ros/hook/cmake_prefix_path.sh'
[1.260s] Level 1:colcon.colcon_core.environment:checking '/home/mosalam/robot_ws/install/rplidar_ros/lib'
[1.260s] Level 1:colcon.colcon_core.shell:create_environment_hook('rplidar_ros', 'ld_library_path_lib')
[1.261s] INFO:colcon.colcon_core.shell:Creating environment hook '/home/mosalam/robot_ws/install/rplidar_ros/share/rplidar_ros/hook/ld_library_path_lib.ps1'
[1.261s] INFO:colcon.colcon_core.shell:Creating environment descriptor '/home/mosalam/robot_ws/install/rplidar_ros/share/rplidar_ros/hook/ld_library_path_lib.dsv'
[1.262s] INFO:colcon.colcon_core.shell:Creating environment hook '/home/mosalam/robot_ws/install/rplidar_ros/share/rplidar_ros/hook/ld_library_path_lib.sh'
[1.263s] Level 1:colcon.colcon_core.environment:checking '/home/mosalam/robot_ws/install/rplidar_ros/bin'
[1.263s] Level 1:colcon.colcon_core.environment:checking '/home/mosalam/robot_ws/install/rplidar_ros/lib/pkgconfig/rplidar_ros.pc'
[1.264s] Level 1:colcon.colcon_core.environment:checking '/home/mosalam/robot_ws/install/rplidar_ros/lib/python3.10/site-packages'
[1.264s] Level 1:colcon.colcon_core.environment:checking '/home/mosalam/robot_ws/install/rplidar_ros/bin'
[1.265s] INFO:colcon.colcon_core.shell:Creating package script '/home/mosalam/robot_ws/install/rplidar_ros/share/rplidar_ros/package.ps1'
[1.266s] INFO:colcon.colcon_core.shell:Creating package descriptor '/home/mosalam/robot_ws/install/rplidar_ros/share/rplidar_ros/package.dsv'
[1.267s] INFO:colcon.colcon_core.shell:Creating package script '/home/mosalam/robot_ws/install/rplidar_ros/share/rplidar_ros/package.sh'
[1.267s] INFO:colcon.colcon_core.shell:Creating package script '/home/mosalam/robot_ws/install/rplidar_ros/share/rplidar_ros/package.bash'
[1.268s] INFO:colcon.colcon_core.shell:Creating package script '/home/mosalam/robot_ws/install/rplidar_ros/share/rplidar_ros/package.zsh'
[1.269s] Level 1:colcon.colcon_core.environment:create_file_with_runtime_dependencies(/home/mosalam/robot_ws/install/rplidar_ros/share/colcon-core/packages/rplidar_ros)
[1.270s] Level 1:colcon.colcon_core.environment:create_environment_scripts_only(rplidar_ros)
[1.270s] Level 1:colcon.colcon_core.environment:checking '/home/mosalam/robot_ws/install/rplidar_ros' for CMake module files
[1.271s] Level 1:colcon.colcon_core.environment:checking '/home/mosalam/robot_ws/install/rplidar_ros' for CMake config files
[1.272s] Level 1:colcon.colcon_core.shell:create_environment_hook('rplidar_ros', 'cmake_prefix_path')
[1.272s] INFO:colcon.colcon_core.shell:Creating environment hook '/home/mosalam/robot_ws/install/rplidar_ros/share/rplidar_ros/hook/cmake_prefix_path.ps1'
[1.273s] INFO:colcon.colcon_core.shell:Creating environment descriptor '/home/mosalam/robot_ws/install/rplidar_ros/share/rplidar_ros/hook/cmake_prefix_path.dsv'
[1.273s] INFO:colcon.colcon_core.shell:Creating environment hook '/home/mosalam/robot_ws/install/rplidar_ros/share/rplidar_ros/hook/cmake_prefix_path.sh'
[1.274s] Level 1:colcon.colcon_core.environment:checking '/home/mosalam/robot_ws/install/rplidar_ros/lib'
[1.275s] Level 1:colcon.colcon_core.shell:create_environment_hook('rplidar_ros', 'ld_library_path_lib')
[1.275s] INFO:colcon.colcon_core.shell:Creating environment hook '/home/mosalam/robot_ws/install/rplidar_ros/share/rplidar_ros/hook/ld_library_path_lib.ps1'
[1.276s] INFO:colcon.colcon_core.shell:Creating environment descriptor '/home/mosalam/robot_ws/install/rplidar_ros/share/rplidar_ros/hook/ld_library_path_lib.dsv'
[1.276s] INFO:colcon.colcon_core.shell:Creating environment hook '/home/mosalam/robot_ws/install/rplidar_ros/share/rplidar_ros/hook/ld_library_path_lib.sh'
[1.277s] Level 1:colcon.colcon_core.environment:checking '/home/mosalam/robot_ws/install/rplidar_ros/bin'
[1.278s] Level 1:colcon.colcon_core.environment:checking '/home/mosalam/robot_ws/install/rplidar_ros/lib/pkgconfig/rplidar_ros.pc'
[1.278s] Level 1:colcon.colcon_core.environment:checking '/home/mosalam/robot_ws/install/rplidar_ros/lib/python3.10/site-packages'
[1.279s] Level 1:colcon.colcon_core.environment:checking '/home/mosalam/robot_ws/install/rplidar_ros/bin'
[1.279s] INFO:colcon.colcon_core.shell:Creating package script '/home/mosalam/robot_ws/install/rplidar_ros/share/rplidar_ros/package.ps1'
[1.280s] INFO:colcon.colcon_core.shell:Creating package descriptor '/home/mosalam/robot_ws/install/rplidar_ros/share/rplidar_ros/package.dsv'
[1.281s] INFO:colcon.colcon_core.shell:Creating package script '/home/mosalam/robot_ws/install/rplidar_ros/share/rplidar_ros/package.sh'
[1.282s] INFO:colcon.colcon_core.shell:Creating package script '/home/mosalam/robot_ws/install/rplidar_ros/share/rplidar_ros/package.bash'
[1.283s] INFO:colcon.colcon_core.shell:Creating package script '/home/mosalam/robot_ws/install/rplidar_ros/share/rplidar_ros/package.zsh'
[1.284s] Level 1:colcon.colcon_core.environment:create_file_with_runtime_dependencies(/home/mosalam/robot_ws/install/rplidar_ros/share/colcon-core/packages/rplidar_ros)
[1.285s] INFO:colcon.colcon_ros.task.ament_python.build:Building ROS package in '/home/mosalam/robot_ws/src/serial_motor_demo/serial_motor_demo' with build type 'ament_python'
[1.286s] Level 1:colcon.colcon_core.shell:create_environment_hook('serial_motor_demo', 'ament_prefix_path')
[1.286s] INFO:colcon.colcon_core.shell:Creating environment hook '/home/mosalam/robot_ws/install/serial_motor_demo/share/serial_motor_demo/hook/ament_prefix_path.ps1'
[1.287s] INFO:colcon.colcon_core.shell:Creating environment descriptor '/home/mosalam/robot_ws/install/serial_motor_demo/share/serial_motor_demo/hook/ament_prefix_path.dsv'
[1.287s] INFO:colcon.colcon_core.shell:Creating environment hook '/home/mosalam/robot_ws/install/serial_motor_demo/share/serial_motor_demo/hook/ament_prefix_path.sh'
[1.288s] INFO:colcon.colcon_core.shell:Skip shell extension 'powershell' for command environment: Not usable outside of PowerShell
[1.289s] DEBUG:colcon.colcon_core.shell:Skip shell extension 'dsv' for command environment
[1.297s] DEBUG:colcon.colcon_core.event_handler.log_command:Invoked command in '/home/mosalam/robot_ws/build/robot' returned '0': CMAKE_PREFIX_PATH=/home/mosalam/robot_ws/install/urdf_tutorial:/home/mosalam/robot_ws/install/robot:/home/mosalam/robot_ws/install/serial_motor_demo_msgs:/home/mosalam/robot_ws/install/serial:/home/mosalam/robot_ws/install/rplidar_ros:/home/mosalam/robot_ws/install/multirobot_map_merge:/home/mosalam/robot_ws/install/explore_lite:/home/mosalam/robot_ws/install/diffdrive_arduino:/home/mosalam/robot_ws/install/serial_motor_demo:/home/mosalam/robot_ws/install/custom_explorer:/opt/ros/humble /usr/bin/cmake --build /home/mosalam/robot_ws/build/robot -- -j4 -l4
[1.299s] DEBUG:colcon.colcon_core.event_handler.log_command:Invoking command in '/home/mosalam/robot_ws/build/robot': CMAKE_PREFIX_PATH=/home/mosalam/robot_ws/install/urdf_tutorial:/home/mosalam/robot_ws/install/robot:/home/mosalam/robot_ws/install/serial_motor_demo_msgs:/home/mosalam/robot_ws/install/serial:/home/mosalam/robot_ws/install/rplidar_ros:/home/mosalam/robot_ws/install/multirobot_map_merge:/home/mosalam/robot_ws/install/explore_lite:/home/mosalam/robot_ws/install/diffdrive_arduino:/home/mosalam/robot_ws/install/serial_motor_demo:/home/mosalam/robot_ws/install/custom_explorer:/opt/ros/humble /usr/bin/cmake --install /home/mosalam/robot_ws/build/robot
[1.302s] DEBUG:colcon.colcon_core.event_handler.log_command:Invoked command in '/home/mosalam/robot_ws/build/serial' returned '0': CMAKE_PREFIX_PATH=${CMAKE_PREFIX_PATH}:/home/mosalam/robot_ws/install/serial_motor_demo:/home/mosalam/robot_ws/install/custom_explorer:/opt/ros/humble /usr/bin/cmake --build /home/mosalam/robot_ws/build/serial -- -j4 -l4
[1.304s] DEBUG:colcon.colcon_core.event_handler.log_command:Invoking command in '/home/mosalam/robot_ws/build/serial': CMAKE_PREFIX_PATH=${CMAKE_PREFIX_PATH}:/home/mosalam/robot_ws/install/serial_motor_demo:/home/mosalam/robot_ws/install/custom_explorer:/opt/ros/humble /usr/bin/cmake --install /home/mosalam/robot_ws/build/serial
[1.596s] INFO:colcon.colcon_core.task.python.build:Building Python package in '/home/mosalam/robot_ws/src/serial_motor_demo/serial_motor_demo'
[1.597s] INFO:colcon.colcon_core.shell:Skip shell extension 'powershell' for command environment: Not usable outside of PowerShell
[1.597s] DEBUG:colcon.colcon_core.shell:Skip shell extension 'dsv' for command environment
[1.604s] Level 1:colcon.colcon_core.environment:create_environment_scripts_only(robot)
[1.605s] Level 1:colcon.colcon_core.environment:checking '/home/mosalam/robot_ws/install/robot' for CMake module files
[1.606s] DEBUG:colcon.colcon_core.event_handler.log_command:Invoking command in '/home/mosalam/robot_ws/src/Autonomous-Explorer-and-Mapper-ros2-nav2': PYTHONPATH=/home/mosalam/robot_ws/build/custom_explorer/prefix_override:/usr/lib/python3/dist-packages/colcon_core/task/python/colcon_distutils_commands:/home/mosalam/robot_ws/install/custom_explorer/lib/python3.10/site-packages:${PYTHONPATH} /usr/bin/python3 -W ignore:setup.py install is deprecated -W ignore:easy_install command is deprecated setup.py egg_info --egg-base ../../build/custom_explorer build --build-base /home/mosalam/robot_ws/build/custom_explorer/build install --record /home/mosalam/robot_ws/build/custom_explorer/install.log --single-version-externally-managed install_data
[1.606s] DEBUG:colcon.colcon_core.event_handler.log_command:Invoked command in '/home/mosalam/robot_ws/build/robot' returned '0': CMAKE_PREFIX_PATH=/home/mosalam/robot_ws/install/urdf_tutorial:/home/mosalam/robot_ws/install/robot:/home/mosalam/robot_ws/install/serial_motor_demo_msgs:/home/mosalam/robot_ws/install/serial:/home/mosalam/robot_ws/install/rplidar_ros:/home/mosalam/robot_ws/install/multirobot_map_merge:/home/mosalam/robot_ws/install/explore_lite:/home/mosalam/robot_ws/install/diffdrive_arduino:/home/mosalam/robot_ws/install/serial_motor_demo:/home/mosalam/robot_ws/install/custom_explorer:/opt/ros/humble /usr/bin/cmake --install /home/mosalam/robot_ws/build/robot
[1.607s] Level 1:colcon.colcon_core.environment:checking '/home/mosalam/robot_ws/install/robot' for CMake config files
[1.608s] Level 1:colcon.colcon_core.shell:create_environment_hook('robot', 'cmake_prefix_path')
[1.608s] INFO:colcon.colcon_core.shell:Creating environment hook '/home/mosalam/robot_ws/install/robot/share/robot/hook/cmake_prefix_path.ps1'
[1.609s] INFO:colcon.colcon_core.shell:Creating environment descriptor '/home/mosalam/robot_ws/install/robot/share/robot/hook/cmake_prefix_path.dsv'
[1.610s] INFO:colcon.colcon_core.shell:Creating environment hook '/home/mosalam/robot_ws/install/robot/share/robot/hook/cmake_prefix_path.sh'
[1.611s] Level 1:colcon.colcon_core.environment:checking '/home/mosalam/robot_ws/install/robot/lib'
[1.611s] Level 1:colcon.colcon_core.environment:checking '/home/mosalam/robot_ws/install/robot/bin'
[1.611s] Level 1:colcon.colcon_core.environment:checking '/home/mosalam/robot_ws/install/robot/lib/pkgconfig/robot.pc'
[1.611s] Level 1:colcon.colcon_core.environment:checking '/home/mosalam/robot_ws/install/robot/lib/python3.10/site-packages'
[1.612s] Level 1:colcon.colcon_core.environment:checking '/home/mosalam/robot_ws/install/robot/bin'
[1.612s] INFO:colcon.colcon_core.shell:Creating package script '/home/mosalam/robot_ws/install/robot/share/robot/package.ps1'
[1.613s] INFO:colcon.colcon_core.shell:Creating package descriptor '/home/mosalam/robot_ws/install/robot/share/robot/package.dsv'
[1.614s] INFO:colcon.colcon_core.shell:Creating package script '/home/mosalam/robot_ws/install/robot/share/robot/package.sh'
[1.614s] INFO:colcon.colcon_core.shell:Creating package script '/home/mosalam/robot_ws/install/robot/share/robot/package.bash'
[1.615s] INFO:colcon.colcon_core.shell:Creating package script '/home/mosalam/robot_ws/install/robot/share/robot/package.zsh'
[1.615s] Level 1:colcon.colcon_core.environment:create_file_with_runtime_dependencies(/home/mosalam/robot_ws/install/robot/share/colcon-core/packages/robot)
[1.616s] Level 1:colcon.colcon_core.environment:create_environment_scripts_only(robot)
[1.617s] Level 1:colcon.colcon_core.environment:checking '/home/mosalam/robot_ws/install/robot' for CMake module files
[1.618s] Level 1:colcon.colcon_core.environment:checking '/home/mosalam/robot_ws/install/robot' for CMake config files
[1.618s] Level 1:colcon.colcon_core.shell:create_environment_hook('robot', 'cmake_prefix_path')
[1.619s] INFO:colcon.colcon_core.shell:Creating environment hook '/home/mosalam/robot_ws/install/robot/share/robot/hook/cmake_prefix_path.ps1'
[1.620s] INFO:colcon.colcon_core.shell:Creating environment descriptor '/home/mosalam/robot_ws/install/robot/share/robot/hook/cmake_prefix_path.dsv'
[1.620s] INFO:colcon.colcon_core.shell:Creating environment hook '/home/mosalam/robot_ws/install/robot/share/robot/hook/cmake_prefix_path.sh'
[1.621s] Level 1:colcon.colcon_core.environment:checking '/home/mosalam/robot_ws/install/robot/lib'
[1.621s] Level 1:colcon.colcon_core.environment:checking '/home/mosalam/robot_ws/install/robot/bin'
[1.621s] Level 1:colcon.colcon_core.environment:checking '/home/mosalam/robot_ws/install/robot/lib/pkgconfig/robot.pc'
[1.622s] Level 1:colcon.colcon_core.environment:checking '/home/mosalam/robot_ws/install/robot/lib/python3.10/site-packages'
[1.622s] Level 1:colcon.colcon_core.environment:checking '/home/mosalam/robot_ws/install/robot/bin'
[1.623s] INFO:colcon.colcon_core.shell:Creating package script '/home/mosalam/robot_ws/install/robot/share/robot/package.ps1'
[1.623s] INFO:colcon.colcon_core.shell:Creating package descriptor '/home/mosalam/robot_ws/install/robot/share/robot/package.dsv'
[1.624s] INFO:colcon.colcon_core.shell:Creating package script '/home/mosalam/robot_ws/install/robot/share/robot/package.sh'
[1.625s] INFO:colcon.colcon_core.shell:Creating package script '/home/mosalam/robot_ws/install/robot/share/robot/package.bash'
[1.626s] INFO:colcon.colcon_core.shell:Creating package script '/home/mosalam/robot_ws/install/robot/share/robot/package.zsh'
[1.626s] Level 1:colcon.colcon_core.environment:create_file_with_runtime_dependencies(/home/mosalam/robot_ws/install/robot/share/colcon-core/packages/robot)
[1.627s] Level 1:colcon.colcon_core.environment:create_environment_scripts_only(serial)
[1.627s] Level 1:colcon.colcon_core.environment:checking '/home/mosalam/robot_ws/install/serial' for CMake module files
[1.629s] DEBUG:colcon.colcon_core.event_handler.log_command:Invoked command in '/home/mosalam/robot_ws/build/serial' returned '0': CMAKE_PREFIX_PATH=${CMAKE_PREFIX_PATH}:/home/mosalam/robot_ws/install/serial_motor_demo:/home/mosalam/robot_ws/install/custom_explorer:/opt/ros/humble /usr/bin/cmake --install /home/mosalam/robot_ws/build/serial
[1.629s] Level 1:colcon.colcon_core.environment:checking '/home/mosalam/robot_ws/install/serial' for CMake config files
[1.629s] Level 1:colcon.colcon_core.shell:create_environment_hook('serial', 'cmake_prefix_path')
[1.630s] INFO:colcon.colcon_core.shell:Creating environment hook '/home/mosalam/robot_ws/install/serial/share/serial/hook/cmake_prefix_path.ps1'
[1.630s] INFO:colcon.colcon_core.shell:Creating environment descriptor '/home/mosalam/robot_ws/install/serial/share/serial/hook/cmake_prefix_path.dsv'
[1.631s] INFO:colcon.colcon_core.shell:Creating environment hook '/home/mosalam/robot_ws/install/serial/share/serial/hook/cmake_prefix_path.sh'
[1.631s] Level 1:colcon.colcon_core.environment:checking '/home/mosalam/robot_ws/install/serial/lib'
[1.632s] Level 1:colcon.colcon_core.environment:checking '/home/mosalam/robot_ws/install/serial/bin'
[1.632s] Level 1:colcon.colcon_core.environment:checking '/home/mosalam/robot_ws/install/serial/lib/pkgconfig/serial.pc'
[1.632s] Level 1:colcon.colcon_core.environment:checking '/home/mosalam/robot_ws/install/serial/lib/python3.10/site-packages'
[1.632s] Level 1:colcon.colcon_core.environment:checking '/home/mosalam/robot_ws/install/serial/bin'
[1.633s] INFO:colcon.colcon_core.shell:Creating package script '/home/mosalam/robot_ws/install/serial/share/serial/package.ps1'
[1.633s] INFO:colcon.colcon_core.shell:Creating package descriptor '/home/mosalam/robot_ws/install/serial/share/serial/package.dsv'
[1.634s] INFO:colcon.colcon_core.shell:Creating package script '/home/mosalam/robot_ws/install/serial/share/serial/package.sh'
[1.634s] INFO:colcon.colcon_core.shell:Creating package script '/home/mosalam/robot_ws/install/serial/share/serial/package.bash'
[1.635s] INFO:colcon.colcon_core.shell:Creating package script '/home/mosalam/robot_ws/install/serial/share/serial/package.zsh'
[1.635s] Level 1:colcon.colcon_core.environment:create_file_with_runtime_dependencies(/home/mosalam/robot_ws/install/serial/share/colcon-core/packages/serial)
[1.636s] Level 1:colcon.colcon_core.environment:create_environment_scripts_only(serial)
[1.636s] Level 1:colcon.colcon_core.environment:checking '/home/mosalam/robot_ws/install/serial' for CMake module files
[1.637s] Level 1:colcon.colcon_core.environment:checking '/home/mosalam/robot_ws/install/serial' for CMake config files
[1.637s] Level 1:colcon.colcon_core.shell:create_environment_hook('serial', 'cmake_prefix_path')
[1.637s] INFO:colcon.colcon_core.shell:Creating environment hook '/home/mosalam/robot_ws/install/serial/share/serial/hook/cmake_prefix_path.ps1'
[1.638s] INFO:colcon.colcon_core.shell:Creating environment descriptor '/home/mosalam/robot_ws/install/serial/share/serial/hook/cmake_prefix_path.dsv'
[1.638s] INFO:colcon.colcon_core.shell:Creating environment hook '/home/mosalam/robot_ws/install/serial/share/serial/hook/cmake_prefix_path.sh'
[1.639s] Level 1:colcon.colcon_core.environment:checking '/home/mosalam/robot_ws/install/serial/lib'
[1.639s] Level 1:colcon.colcon_core.environment:checking '/home/mosalam/robot_ws/install/serial/bin'
[1.639s] Level 1:colcon.colcon_core.environment:checking '/home/mosalam/robot_ws/install/serial/lib/pkgconfig/serial.pc'
[1.640s] Level 1:colcon.colcon_core.environment:checking '/home/mosalam/robot_ws/install/serial/lib/python3.10/site-packages'
[1.640s] Level 1:colcon.colcon_core.environment:checking '/home/mosalam/robot_ws/install/serial/bin'
[1.640s] INFO:colcon.colcon_core.shell:Creating package script '/home/mosalam/robot_ws/install/serial/share/serial/package.ps1'
[1.641s] INFO:colcon.colcon_core.shell:Creating package descriptor '/home/mosalam/robot_ws/install/serial/share/serial/package.dsv'
[1.642s] INFO:colcon.colcon_core.shell:Creating package script '/home/mosalam/robot_ws/install/serial/share/serial/package.sh'
[1.642s] INFO:colcon.colcon_core.shell:Creating package script '/home/mosalam/robot_ws/install/serial/share/serial/package.bash'
[1.643s] INFO:colcon.colcon_core.shell:Creating package script '/home/mosalam/robot_ws/install/serial/share/serial/package.zsh'
[1.643s] Level 1:colcon.colcon_core.environment:create_file_with_runtime_dependencies(/home/mosalam/robot_ws/install/serial/share/colcon-core/packages/serial)
[1.948s] Level 1:colcon.colcon_core.environment:checking '/home/mosalam/robot_ws/install/custom_explorer' for CMake module files
[1.949s] DEBUG:colcon.colcon_core.event_handler.log_command:Invoked command in '/home/mosalam/robot_ws/src/Autonomous-Explorer-and-Mapper-ros2-nav2' returned '0': PYTHONPATH=/home/mosalam/robot_ws/build/custom_explorer/prefix_override:/usr/lib/python3/dist-packages/colcon_core/task/python/colcon_distutils_commands:/home/mosalam/robot_ws/install/custom_explorer/lib/python3.10/site-packages:${PYTHONPATH} /usr/bin/python3 -W ignore:setup.py install is deprecated -W ignore:easy_install command is deprecated setup.py egg_info --egg-base ../../build/custom_explorer build --build-base /home/mosalam/robot_ws/build/custom_explorer/build install --record /home/mosalam/robot_ws/build/custom_explorer/install.log --single-version-externally-managed install_data
[1.949s] Level 1:colcon.colcon_core.environment:checking '/home/mosalam/robot_ws/install/custom_explorer' for CMake config files
[1.950s] Level 1:colcon.colcon_core.environment:checking '/home/mosalam/robot_ws/install/custom_explorer/lib'
[1.950s] Level 1:colcon.colcon_core.environment:checking '/home/mosalam/robot_ws/install/custom_explorer/bin'
[1.950s] Level 1:colcon.colcon_core.environment:checking '/home/mosalam/robot_ws/install/custom_explorer/lib/pkgconfig/custom_explorer.pc'
[1.951s] Level 1:colcon.colcon_core.environment:checking '/home/mosalam/robot_ws/install/custom_explorer/lib/python3.10/site-packages'
[1.951s] Level 1:colcon.colcon_core.shell:create_environment_hook('custom_explorer', 'pythonpath')
[1.951s] INFO:colcon.colcon_core.shell:Creating environment hook '/home/mosalam/robot_ws/install/custom_explorer/share/custom_explorer/hook/pythonpath.ps1'
[1.952s] INFO:colcon.colcon_core.shell:Creating environment descriptor '/home/mosalam/robot_ws/install/custom_explorer/share/custom_explorer/hook/pythonpath.dsv'
[1.953s] INFO:colcon.colcon_core.shell:Creating environment hook '/home/mosalam/robot_ws/install/custom_explorer/share/custom_explorer/hook/pythonpath.sh'
[1.954s] Level 1:colcon.colcon_core.environment:checking '/home/mosalam/robot_ws/install/custom_explorer/bin'
[1.954s] Level 1:colcon.colcon_core.environment:create_environment_scripts_only(custom_explorer)
[1.954s] INFO:colcon.colcon_core.shell:Creating package script '/home/mosalam/robot_ws/install/custom_explorer/share/custom_explorer/package.ps1'
[1.955s] INFO:colcon.colcon_core.shell:Creating package descriptor '/home/mosalam/robot_ws/install/custom_explorer/share/custom_explorer/package.dsv'
[1.956s] INFO:colcon.colcon_core.shell:Creating package script '/home/mosalam/robot_ws/install/custom_explorer/share/custom_explorer/package.sh'
[1.956s] INFO:colcon.colcon_core.shell:Creating package script '/home/mosalam/robot_ws/install/custom_explorer/share/custom_explorer/package.bash'
[1.957s] INFO:colcon.colcon_core.shell:Creating package script '/home/mosalam/robot_ws/install/custom_explorer/share/custom_explorer/package.zsh'
[1.958s] Level 1:colcon.colcon_core.environment:create_file_with_runtime_dependencies(/home/mosalam/robot_ws/install/custom_explorer/share/colcon-core/packages/custom_explorer)
[2.043s] DEBUG:colcon.colcon_core.event_handler.log_command:Invoking command in '/home/mosalam/robot_ws/src/serial_motor_demo/serial_motor_demo': CMAKE_PREFIX_PATH=/home/mosalam/robot_ws/install/serial_motor_demo_msgs:/home/mosalam/robot_ws/install/robot:/home/mosalam/robot_ws/install/urdf_tutorial:/home/mosalam/robot_ws/install/serial:/home/mosalam/robot_ws/install/rplidar_ros:/home/mosalam/robot_ws/install/multirobot_map_merge:/home/mosalam/robot_ws/install/explore_lite:/home/mosalam/robot_ws/install/diffdrive_arduino PYTHONPATH=/home/mosalam/robot_ws/build/serial_motor_demo/prefix_override:/usr/lib/python3/dist-packages/colcon_core/task/python/colcon_distutils_commands:/home/mosalam/robot_ws/install/serial_motor_demo/lib/python3.10/site-packages:${PYTHONPATH} /usr/bin/python3 -W ignore:setup.py install is deprecated -W ignore:easy_install command is deprecated setup.py egg_info --egg-base ../../../build/serial_motor_demo build --build-base /home/mosalam/robot_ws/build/serial_motor_demo/build install --record /home/mosalam/robot_ws/build/serial_motor_demo/install.log --single-version-externally-managed install_data
[2.332s] Level 1:colcon.colcon_core.environment:checking '/home/mosalam/robot_ws/install/serial_motor_demo' for CMake module files
[2.333s] DEBUG:colcon.colcon_core.event_handler.log_command:Invoked command in '/home/mosalam/robot_ws/src/serial_motor_demo/serial_motor_demo' returned '0': CMAKE_PREFIX_PATH=/home/mosalam/robot_ws/install/serial_motor_demo_msgs:/home/mosalam/robot_ws/install/robot:/home/mosalam/robot_ws/install/urdf_tutorial:/home/mosalam/robot_ws/install/serial:/home/mosalam/robot_ws/install/rplidar_ros:/home/mosalam/robot_ws/install/multirobot_map_merge:/home/mosalam/robot_ws/install/explore_lite:/home/mosalam/robot_ws/install/diffdrive_arduino PYTHONPATH=/home/mosalam/robot_ws/build/serial_motor_demo/prefix_override:/usr/lib/python3/dist-packages/colcon_core/task/python/colcon_distutils_commands:/home/mosalam/robot_ws/install/serial_motor_demo/lib/python3.10/site-packages:${PYTHONPATH} /usr/bin/python3 -W ignore:setup.py install is deprecated -W ignore:easy_install command is deprecated setup.py egg_info --egg-base ../../../build/serial_motor_demo build --build-base /home/mosalam/robot_ws/build/serial_motor_demo/build install --record /home/mosalam/robot_ws/build/serial_motor_demo/install.log --single-version-externally-managed install_data
[2.333s] Level 1:colcon.colcon_core.environment:checking '/home/mosalam/robot_ws/install/serial_motor_demo' for CMake config files
[2.334s] Level 1:colcon.colcon_core.environment:checking '/home/mosalam/robot_ws/install/serial_motor_demo/lib'
[2.334s] Level 1:colcon.colcon_core.environment:checking '/home/mosalam/robot_ws/install/serial_motor_demo/bin'
[2.334s] Level 1:colcon.colcon_core.environment:checking '/home/mosalam/robot_ws/install/serial_motor_demo/lib/pkgconfig/serial_motor_demo.pc'
[2.334s] Level 1:colcon.colcon_core.environment:checking '/home/mosalam/robot_ws/install/serial_motor_demo/lib/python3.10/site-packages'
[2.334s] Level 1:colcon.colcon_core.shell:create_environment_hook('serial_motor_demo', 'pythonpath')
[2.335s] INFO:colcon.colcon_core.shell:Creating environment hook '/home/mosalam/robot_ws/install/serial_motor_demo/share/serial_motor_demo/hook/pythonpath.ps1'
[2.335s] INFO:colcon.colcon_core.shell:Creating environment descriptor '/home/mosalam/robot_ws/install/serial_motor_demo/share/serial_motor_demo/hook/pythonpath.dsv'
[2.336s] INFO:colcon.colcon_core.shell:Creating environment hook '/home/mosalam/robot_ws/install/serial_motor_demo/share/serial_motor_demo/hook/pythonpath.sh'
[2.336s] Level 1:colcon.colcon_core.environment:checking '/home/mosalam/robot_ws/install/serial_motor_demo/bin'
[2.337s] Level 1:colcon.colcon_core.environment:create_environment_scripts_only(serial_motor_demo)
[2.337s] INFO:colcon.colcon_core.shell:Creating package script '/home/mosalam/robot_ws/install/serial_motor_demo/share/serial_motor_demo/package.ps1'
[2.337s] INFO:colcon.colcon_core.shell:Creating package descriptor '/home/mosalam/robot_ws/install/serial_motor_demo/share/serial_motor_demo/package.dsv'
[2.338s] INFO:colcon.colcon_core.shell:Creating package script '/home/mosalam/robot_ws/install/serial_motor_demo/share/serial_motor_demo/package.sh'
[2.339s] INFO:colcon.colcon_core.shell:Creating package script '/home/mosalam/robot_ws/install/serial_motor_demo/share/serial_motor_demo/package.bash'
[2.339s] INFO:colcon.colcon_core.shell:Creating package script '/home/mosalam/robot_ws/install/serial_motor_demo/share/serial_motor_demo/package.zsh'
[2.339s] Level 1:colcon.colcon_core.environment:create_file_with_runtime_dependencies(/home/mosalam/robot_ws/install/serial_motor_demo/share/colcon-core/packages/serial_motor_demo)
[2.340s] DEBUG:colcon.colcon_parallel_executor.executor.parallel:closing loop
[2.340s] DEBUG:colcon.colcon_parallel_executor.executor.parallel:loop closed
[2.340s] DEBUG:colcon.colcon_parallel_executor.executor.parallel:run_until_complete finished with '0'
[2.340s] DEBUG:colcon.colcon_core.event_reactor:joining thread
[2.346s] INFO:colcon.colcon_core.plugin_system:Skipping extension 'colcon_notification.desktop_notification.terminal_notifier': Not used on non-Darwin systems
[2.346s] INFO:colcon.colcon_core.plugin_system:Skipping extension 'colcon_notification.desktop_notification.win32': Not used on non-Windows systems
[2.346s] INFO:colcon.colcon_notification.desktop_notification:Sending desktop notification using 'notify2'
[2.348s] DEBUG:colcon.colcon_notification.desktop_notification.notify2:Failed to initialize notify2: org.freedesktop.DBus.Error.ServiceUnknown: The name org.freedesktop.Notifications was not provided by any .service files
[2.348s] DEBUG:colcon.colcon_core.event_reactor:joined thread
[2.348s] INFO:colcon.colcon_core.shell:Creating prefix script '/home/mosalam/robot_ws/install/local_setup.ps1'
[2.349s] INFO:colcon.colcon_core.shell:Creating prefix util module '/home/mosalam/robot_ws/install/_local_setup_util_ps1.py'
[2.350s] INFO:colcon.colcon_core.shell:Creating prefix chain script '/home/mosalam/robot_ws/install/setup.ps1'
[2.352s] INFO:colcon.colcon_core.shell:Creating prefix script '/home/mosalam/robot_ws/install/local_setup.sh'
[2.352s] INFO:colcon.colcon_core.shell:Creating prefix util module '/home/mosalam/robot_ws/install/_local_setup_util_sh.py'
[2.353s] INFO:colcon.colcon_core.shell:Creating prefix chain script '/home/mosalam/robot_ws/install/setup.sh'
[2.354s] INFO:colcon.colcon_core.shell:Creating prefix script '/home/mosalam/robot_ws/install/local_setup.bash'
[2.355s] INFO:colcon.colcon_core.shell:Creating prefix chain script '/home/mosalam/robot_ws/install/setup.bash'
[2.356s] INFO:colcon.colcon_core.shell:Creating prefix script '/home/mosalam/robot_ws/install/local_setup.zsh'
[2.357s] INFO:colcon.colcon_core.shell:Creating prefix chain script '/home/mosalam/robot_ws/install/setup.zsh'
