[0.013s] Invoking command in '/home/mosalam/robot_ws/build/rplidar_ros': CMAKE_PREFIX_PATH=${CMAKE_PREFIX_PATH}:/home/mosalam/robot_ws/install/serial_motor_demo:/home/mosalam/robot_ws/install/custom_explorer:/opt/ros/humble /usr/bin/cmake --build /home/mosalam/robot_ws/build/rplidar_ros -- -j4 -l4
[0.152s] [ 77%] Built target rplidar_composition_node
[0.215s] [100%] Built target rplidar_composition
[0.251s] Invoked command in '/home/mosalam/robot_ws/build/rplidar_ros' returned '0': CMAKE_PREFIX_PATH=${CMAKE_PREFIX_PATH}:/home/mosalam/robot_ws/install/serial_motor_demo:/home/mosalam/robot_ws/install/custom_explorer:/opt/ros/humble /usr/bin/cmake --build /home/mosalam/robot_ws/build/rplidar_ros -- -j4 -l4
[0.254s] Invoking command in '/home/mosalam/robot_ws/build/rplidar_ros': CMAKE_PREFIX_PATH=${CMAKE_PREFIX_PATH}:/home/mosalam/robot_ws/install/serial_motor_demo:/home/mosalam/robot_ws/install/custom_explorer:/opt/ros/humble /usr/bin/cmake --install /home/mosalam/robot_ws/build/rplidar_ros
[0.275s] -- Install configuration: ""
[0.275s] -- Execute custom install script
[0.275s] -- Up-to-date symlink: /home/mosalam/robot_ws/install/rplidar_ros/lib/rplidar_ros/rplidar_composition
[0.276s] -- Up-to-date symlink: /home/mosalam/robot_ws/install/rplidar_ros/share/rplidar_ros/launch/rplidar.launch.py
[0.278s] -- Up-to-date symlink: /home/mosalam/robot_ws/install/rplidar_ros/share/rplidar_ros/launch/rplidar_a3.launch.py
[0.279s] -- Up-to-date symlink: /home/mosalam/robot_ws/install/rplidar_ros/share/rplidar_ros/launch/rplidar_s1.launch.py
[0.279s] -- Up-to-date symlink: /home/mosalam/robot_ws/install/rplidar_ros/share/rplidar_ros/launch/rplidar_s1_tcp.launch.py
[0.281s] -- Up-to-date symlink: /home/mosalam/robot_ws/install/rplidar_ros/share/rplidar_ros/launch/test_rplidar_a3.launch.py
[0.281s] -- Up-to-date symlink: /home/mosalam/robot_ws/install/rplidar_ros/share/rplidar_ros/launch/view_rplidar.launch.py
[0.281s] -- Up-to-date symlink: /home/mosalam/robot_ws/install/rplidar_ros/share/rplidar_ros/launch/view_rplidar_a3.launch.py
[0.283s] -- Up-to-date symlink: /home/mosalam/robot_ws/install/rplidar_ros/share/rplidar_ros/launch/view_rplidar_s1.launch.py
[0.284s] -- Up-to-date symlink: /home/mosalam/robot_ws/install/rplidar_ros/share/rplidar_ros/launch/view_rplidar_s1_tcp.launch.py
[0.285s] -- Up-to-date symlink: /home/mosalam/robot_ws/install/rplidar_ros/share/rplidar_ros/rviz/rplidar.rviz
[0.286s] -- Up-to-date symlink: /home/mosalam/robot_ws/install/rplidar_ros/lib/librplidar_composition_node.so
[0.287s] -- Up-to-date symlink: /home/mosalam/robot_ws/install/rplidar_ros/include/rplidar_node.hpp
[0.288s] -- Up-to-date symlink: /home/mosalam/robot_ws/install/rplidar_ros/include/visibility.h
[0.289s] -- Up-to-date symlink: /home/mosalam/robot_ws/install/rplidar_ros/lib/rplidar_ros/rplidar_composition
[0.291s] -- Up-to-date symlink: /home/mosalam/robot_ws/install/rplidar_ros/share/ament_index/resource_index/package_run_dependencies/rplidar_ros
[0.292s] -- Up-to-date symlink: /home/mosalam/robot_ws/install/rplidar_ros/share/ament_index/resource_index/parent_prefix_path/rplidar_ros
[0.293s] -- Up-to-date symlink: /home/mosalam/robot_ws/install/rplidar_ros/share/rplidar_ros/environment/ament_prefix_path.sh
[0.294s] -- Up-to-date symlink: /home/mosalam/robot_ws/install/rplidar_ros/share/rplidar_ros/environment/ament_prefix_path.dsv
[0.296s] -- Up-to-date symlink: /home/mosalam/robot_ws/install/rplidar_ros/share/rplidar_ros/environment/path.sh
[0.297s] -- Up-to-date symlink: /home/mosalam/robot_ws/install/rplidar_ros/share/rplidar_ros/environment/path.dsv
[0.298s] -- Up-to-date symlink: /home/mosalam/robot_ws/install/rplidar_ros/share/rplidar_ros/local_setup.bash
[0.307s] -- Up-to-date symlink: /home/mosalam/robot_ws/install/rplidar_ros/share/rplidar_ros/local_setup.sh
[0.308s] -- Up-to-date symlink: /home/mosalam/robot_ws/install/rplidar_ros/share/rplidar_ros/local_setup.zsh
[0.308s] -- Up-to-date symlink: /home/mosalam/robot_ws/install/rplidar_ros/share/rplidar_ros/local_setup.dsv
[0.309s] -- Symlinking: /home/mosalam/robot_ws/install/rplidar_ros/share/rplidar_ros/package.dsv
[0.330s] -- Up-to-date symlink: /home/mosalam/robot_ws/install/rplidar_ros/share/ament_index/resource_index/packages/rplidar_ros
[0.331s] -- Up-to-date symlink: /home/mosalam/robot_ws/install/rplidar_ros/share/ament_index/resource_index/rclcpp_components/rplidar_ros
[0.331s] -- Up-to-date symlink: /home/mosalam/robot_ws/install/rplidar_ros/share/rplidar_ros/cmake/ament_cmake_export_dependencies-extras.cmake
[0.331s] -- Up-to-date symlink: /home/mosalam/robot_ws/install/rplidar_ros/share/rplidar_ros/cmake/ament_cmake_export_include_directories-extras.cmake
[0.331s] -- Up-to-date symlink: /home/mosalam/robot_ws/install/rplidar_ros/share/rplidar_ros/cmake/rplidar_rosConfig.cmake
[0.339s] -- Up-to-date symlink: /home/mosalam/robot_ws/install/rplidar_ros/share/rplidar_ros/cmake/rplidar_rosConfig-version.cmake
[0.340s] -- Up-to-date symlink: /home/mosalam/robot_ws/install/rplidar_ros/share/rplidar_ros/package.xml
[0.375s] Invoked command in '/home/mosalam/robot_ws/build/rplidar_ros' returned '0': CMAKE_PREFIX_PATH=${CMAKE_PREFIX_PATH}:/home/mosalam/robot_ws/install/serial_motor_demo:/home/mosalam/robot_ws/install/custom_explorer:/opt/ros/humble /usr/bin/cmake --install /home/mosalam/robot_ws/build/rplidar_ros
