[1.262s] Invoking command in '/home/mosalam/robot_ws/src/ROS2-FrontierBaseExplorationForAutonomousRobot/autonomous_exploration': PYTHONPATH=/home/mosalam/robot_ws/build/autonomous_exploration/prefix_override:/usr/lib/python3/dist-packages/colcon_core/task/python/colcon_distutils_commands:/home/mosalam/robot_ws/install/autonomous_exploration/lib/python3.10/site-packages:${PYTHONPATH} /usr/bin/python3 -W ignore:setup.py install is deprecated -W ignore:easy_install command is deprecated setup.py egg_info --egg-base ../../../build/autonomous_exploration build --build-base /home/mosalam/robot_ws/build/autonomous_exploration/build install --record /home/mosalam/robot_ws/build/autonomous_exploration/install.log --single-version-externally-managed install_data
[1.732s] running egg_info
[1.733s] writing ../../../build/autonomous_exploration/autonomous_exploration.egg-info/PKG-INFO
[1.735s] writing dependency_links to ../../../build/autonomous_exploration/autonomous_exploration.egg-info/dependency_links.txt
[1.736s] writing entry points to ../../../build/autonomous_exploration/autonomous_exploration.egg-info/entry_points.txt
[1.737s] writing requirements to ../../../build/autonomous_exploration/autonomous_exploration.egg-info/requires.txt
[1.739s] writing top-level names to ../../../build/autonomous_exploration/autonomous_exploration.egg-info/top_level.txt
[1.743s] reading manifest file '../../../build/autonomous_exploration/autonomous_exploration.egg-info/SOURCES.txt'
[1.746s] writing manifest file '../../../build/autonomous_exploration/autonomous_exploration.egg-info/SOURCES.txt'
[1.748s] running build
[1.749s] running build_py
[1.750s] running install
[1.754s] running install_lib
[1.755s] running install_data
[1.756s] running install_egg_info
[1.762s] removing '/home/mosalam/robot_ws/install/autonomous_exploration/lib/python3.10/site-packages/autonomous_exploration-0.0.0-py3.10.egg-info' (and everything under it)
[1.773s] Copying ../../../build/autonomous_exploration/autonomous_exploration.egg-info to /home/mosalam/robot_ws/install/autonomous_exploration/lib/python3.10/site-packages/autonomous_exploration-0.0.0-py3.10.egg-info
[1.773s] running install_scripts
[1.816s] Installing control script to /home/mosalam/robot_ws/install/autonomous_exploration/lib/autonomous_exploration
[1.816s] writing list of installed files to '/home/mosalam/robot_ws/build/autonomous_exploration/install.log'
[1.876s] Invoked command in '/home/mosalam/robot_ws/src/ROS2-FrontierBaseExplorationForAutonomousRobot/autonomous_exploration' returned '0': PYTHONPATH=/home/mosalam/robot_ws/build/autonomous_exploration/prefix_override:/usr/lib/python3/dist-packages/colcon_core/task/python/colcon_distutils_commands:/home/mosalam/robot_ws/install/autonomous_exploration/lib/python3.10/site-packages:${PYTHONPATH} /usr/bin/python3 -W ignore:setup.py install is deprecated -W ignore:easy_install command is deprecated setup.py egg_info --egg-base ../../../build/autonomous_exploration build --build-base /home/mosalam/robot_ws/build/autonomous_exploration/build install --record /home/mosalam/robot_ws/build/autonomous_exploration/install.log --single-version-externally-managed install_data
