[1.371s] Invoking command in '/home/mosalam/robot_ws/src/Autonomous-Explorer-and-Mapper-ros2-nav2': PYTHONPATH=/home/mosalam/robot_ws/build/custom_explorer/prefix_override:/usr/lib/python3/dist-packages/colcon_core/task/python/colcon_distutils_commands:/home/mosalam/robot_ws/install/custom_explorer/lib/python3.10/site-packages:${PYTHONPATH} /usr/bin/python3 -W ignore:setup.py install is deprecated -W ignore:easy_install command is deprecated setup.py egg_info --egg-base ../../build/custom_explorer build --build-base /home/mosalam/robot_ws/build/custom_explorer/build install --record /home/mosalam/robot_ws/build/custom_explorer/install.log --single-version-externally-managed install_data
[1.669s] running egg_info
[1.670s] writing ../../build/custom_explorer/custom_explorer.egg-info/PKG-INFO
[1.671s] writing dependency_links to ../../build/custom_explorer/custom_explorer.egg-info/dependency_links.txt
[1.671s] writing entry points to ../../build/custom_explorer/custom_explorer.egg-info/entry_points.txt
[1.671s] writing requirements to ../../build/custom_explorer/custom_explorer.egg-info/requires.txt
[1.672s] writing top-level names to ../../build/custom_explorer/custom_explorer.egg-info/top_level.txt
[1.674s] reading manifest file '../../build/custom_explorer/custom_explorer.egg-info/SOURCES.txt'
[1.675s] writing manifest file '../../build/custom_explorer/custom_explorer.egg-info/SOURCES.txt'
[1.676s] running build
[1.676s] running build_py
[1.678s] running install
[1.678s] running install_lib
[1.679s] running install_data
[1.679s] running install_egg_info
[1.681s] removing '/home/mosalam/robot_ws/install/custom_explorer/lib/python3.10/site-packages/custom_explorer-0.0.0-py3.10.egg-info' (and everything under it)
[1.681s] Copying ../../build/custom_explorer/custom_explorer.egg-info to /home/mosalam/robot_ws/install/custom_explorer/lib/python3.10/site-packages/custom_explorer-0.0.0-py3.10.egg-info
[1.682s] running install_scripts
[1.707s] Installing explorer script to /home/mosalam/robot_ws/install/custom_explorer/lib/custom_explorer
[1.707s] writing list of installed files to '/home/mosalam/robot_ws/build/custom_explorer/install.log'
[1.749s] Invoked command in '/home/mosalam/robot_ws/src/Autonomous-Explorer-and-Mapper-ros2-nav2' returned '0': PYTHONPATH=/home/mosalam/robot_ws/build/custom_explorer/prefix_override:/usr/lib/python3/dist-packages/colcon_core/task/python/colcon_distutils_commands:/home/mosalam/robot_ws/install/custom_explorer/lib/python3.10/site-packages:${PYTHONPATH} /usr/bin/python3 -W ignore:setup.py install is deprecated -W ignore:easy_install command is deprecated setup.py egg_info --egg-base ../../build/custom_explorer build --build-base /home/mosalam/robot_ws/build/custom_explorer/build install --record /home/mosalam/robot_ws/build/custom_explorer/install.log --single-version-externally-managed install_data
