[0.015s] Invoking command in '/home/mosalam/robot_ws/build/rplidar_ros': CMAKE_PREFIX_PATH=${CMAKE_PREFIX_PATH}:/home/mosalam/robot_ws/install/serial_motor_demo:/home/mosalam/robot_ws/install/custom_explorer:/home/mosalam/robot_ws/install/autonomous_exploration:/opt/ros/humble /usr/bin/cmake --build /home/mosalam/robot_ws/build/rplidar_ros -- -j4 -l4
[0.254s] [ 77%] Built target rplidar_composition_node
[0.313s] [100%] Built target rplidar_composition
[0.348s] Invoked command in '/home/mosalam/robot_ws/build/rplidar_ros' returned '0': CMAKE_PREFIX_PATH=${CMAKE_PREFIX_PATH}:/home/mosalam/robot_ws/install/serial_motor_demo:/home/mosalam/robot_ws/install/custom_explorer:/home/mosalam/robot_ws/install/autonomous_exploration:/opt/ros/humble /usr/bin/cmake --build /home/mosalam/robot_ws/build/rplidar_ros -- -j4 -l4
[0.351s] Invoking command in '/home/mosalam/robot_ws/build/rplidar_ros': CMAKE_PREFIX_PATH=${CMAKE_PREFIX_PATH}:/home/mosalam/robot_ws/install/serial_motor_demo:/home/mosalam/robot_ws/install/custom_explorer:/home/mosalam/robot_ws/install/autonomous_exploration:/opt/ros/humble /usr/bin/cmake --install /home/mosalam/robot_ws/build/rplidar_ros
[0.368s] -- Install configuration: ""
[0.369s] -- Execute custom install script
[0.369s] -- Up-to-date symlink: /home/mosalam/robot_ws/install/rplidar_ros/lib/rplidar_ros/rplidar_composition
[0.372s] -- Up-to-date symlink: /home/mosalam/robot_ws/install/rplidar_ros/share/rplidar_ros/launch/rplidar.launch.py
[0.372s] -- Up-to-date symlink: /home/mosalam/robot_ws/install/rplidar_ros/share/rplidar_ros/launch/rplidar_a3.launch.py
[0.373s] -- Up-to-date symlink: /home/mosalam/robot_ws/install/rplidar_ros/share/rplidar_ros/launch/rplidar_s1.launch.py
[0.374s] -- Up-to-date symlink: /home/mosalam/robot_ws/install/rplidar_ros/share/rplidar_ros/launch/rplidar_s1_tcp.launch.py
[0.375s] -- Up-to-date symlink: /home/mosalam/robot_ws/install/rplidar_ros/share/rplidar_ros/launch/test_rplidar_a3.launch.py
[0.376s] -- Up-to-date symlink: /home/mosalam/robot_ws/install/rplidar_ros/share/rplidar_ros/launch/view_rplidar.launch.py
[0.376s] -- Up-to-date symlink: /home/mosalam/robot_ws/install/rplidar_ros/share/rplidar_ros/launch/view_rplidar_a3.launch.py
[0.376s] -- Up-to-date symlink: /home/mosalam/robot_ws/install/rplidar_ros/share/rplidar_ros/launch/view_rplidar_s1.launch.py
[0.379s] -- Up-to-date symlink: /home/mosalam/robot_ws/install/rplidar_ros/share/rplidar_ros/launch/view_rplidar_s1_tcp.launch.py
[0.380s] -- Up-to-date symlink: /home/mosalam/robot_ws/install/rplidar_ros/share/rplidar_ros/rviz/rplidar.rviz
[0.381s] -- Up-to-date symlink: /home/mosalam/robot_ws/install/rplidar_ros/lib/librplidar_composition_node.so
[0.381s] -- Up-to-date symlink: /home/mosalam/robot_ws/install/rplidar_ros/include/rplidar_node.hpp
[0.385s] -- Up-to-date symlink: /home/mosalam/robot_ws/install/rplidar_ros/include/visibility.h
[0.386s] -- Up-to-date symlink: /home/mosalam/robot_ws/install/rplidar_ros/lib/rplidar_ros/rplidar_composition
[0.387s] -- Up-to-date symlink: /home/mosalam/robot_ws/install/rplidar_ros/share/ament_index/resource_index/package_run_dependencies/rplidar_ros
[0.390s] -- Up-to-date symlink: /home/mosalam/robot_ws/install/rplidar_ros/share/ament_index/resource_index/parent_prefix_path/rplidar_ros
[0.391s] -- Up-to-date symlink: /home/mosalam/robot_ws/install/rplidar_ros/share/rplidar_ros/environment/ament_prefix_path.sh
[0.392s] -- Up-to-date symlink: /home/mosalam/robot_ws/install/rplidar_ros/share/rplidar_ros/environment/ament_prefix_path.dsv
[0.393s] -- Up-to-date symlink: /home/mosalam/robot_ws/install/rplidar_ros/share/rplidar_ros/environment/path.sh
[0.393s] -- Up-to-date symlink: /home/mosalam/robot_ws/install/rplidar_ros/share/rplidar_ros/environment/path.dsv
[0.395s] -- Up-to-date symlink: /home/mosalam/robot_ws/install/rplidar_ros/share/rplidar_ros/local_setup.bash
[0.395s] -- Up-to-date symlink: /home/mosalam/robot_ws/install/rplidar_ros/share/rplidar_ros/local_setup.sh
[0.395s] -- Up-to-date symlink: /home/mosalam/robot_ws/install/rplidar_ros/share/rplidar_ros/local_setup.zsh
[0.397s] -- Up-to-date symlink: /home/mosalam/robot_ws/install/rplidar_ros/share/rplidar_ros/local_setup.dsv
[0.398s] -- Symlinking: /home/mosalam/robot_ws/install/rplidar_ros/share/rplidar_ros/package.dsv
[0.421s] -- Up-to-date symlink: /home/mosalam/robot_ws/install/rplidar_ros/share/ament_index/resource_index/packages/rplidar_ros
[0.423s] -- Up-to-date symlink: /home/mosalam/robot_ws/install/rplidar_ros/share/ament_index/resource_index/rclcpp_components/rplidar_ros
[0.424s] -- Up-to-date symlink: /home/mosalam/robot_ws/install/rplidar_ros/share/rplidar_ros/cmake/ament_cmake_export_dependencies-extras.cmake
[0.427s] -- Up-to-date symlink: /home/mosalam/robot_ws/install/rplidar_ros/share/rplidar_ros/cmake/ament_cmake_export_include_directories-extras.cmake
[0.428s] -- Up-to-date symlink: /home/mosalam/robot_ws/install/rplidar_ros/share/rplidar_ros/cmake/rplidar_rosConfig.cmake
[0.428s] -- Up-to-date symlink: /home/mosalam/robot_ws/install/rplidar_ros/share/rplidar_ros/cmake/rplidar_rosConfig-version.cmake
[0.429s] -- Up-to-date symlink: /home/mosalam/robot_ws/install/rplidar_ros/share/rplidar_ros/package.xml
[0.435s] Invoked command in '/home/mosalam/robot_ws/build/rplidar_ros' returned '0': CMAKE_PREFIX_PATH=${CMAKE_PREFIX_PATH}:/home/mosalam/robot_ws/install/serial_motor_demo:/home/mosalam/robot_ws/install/custom_explorer:/home/mosalam/robot_ws/install/autonomous_exploration:/opt/ros/humble /usr/bin/cmake --install /home/mosalam/robot_ws/build/rplidar_ros
