-- Install configuration: ""
-- Execute custom install script
-- Up-to-date symlink: /home/mosalam/robot_ws/install/robot/share/robot/config/dfdf.yaml
-- Up-to-date symlink: /home/mosalam/robot_ws/install/robot/share/robot/config/ekf.yaml
-- Up-to-date symlink: /home/mosalam/robot_ws/install/robot/share/robot/config/lidar_filter.yaml
-- Up-to-date symlink: /home/mosalam/robot_ws/install/robot/share/robot/config/mapper_params_online_async.yaml
-- Up-to-date symlink: /home/mosalam/robot_ws/install/robot/share/robot/config/mpu_params.yaml
-- Up-to-date symlink: /home/mosalam/robot_ws/install/robot/share/robot/config/my_controllers.yaml
-- Up-to-date symlink: /home/mosalam/robot_ws/install/robot/share/robot/config/my_map_save.pgm
-- Up-to-date symlink: /home/mosalam/robot_ws/install/robot/share/robot/config/my_map_save.yaml
-- Up-to-date symlink: /home/mosalam/robot_ws/install/robot/share/robot/config/nav2_params.yaml
-- Up-to-date symlink: /home/mosalam/robot_ws/install/robot/share/robot/config/twist_mux.yaml
-- Up-to-date symlink: /home/mosalam/robot_ws/install/robot/share/robot/description/colors.xacro
-- Up-to-date symlink: /home/mosalam/robot_ws/install/robot/share/robot/description/gazebo_control.xacro
-- Up-to-date symlink: /home/mosalam/robot_ws/install/robot/share/robot/description/imu_sensor.xacro
-- Up-to-date symlink: /home/mosalam/robot_ws/install/robot/share/robot/description/inertial_macros.xacro
-- Up-to-date symlink: /home/mosalam/robot_ws/install/robot/share/robot/description/lidar.xacro
-- Up-to-date symlink: /home/mosalam/robot_ws/install/robot/share/robot/description/robot.urdf.xacro
-- Up-to-date symlink: /home/mosalam/robot_ws/install/robot/share/robot/description/robot_core.xacro
-- Up-to-date symlink: /home/mosalam/robot_ws/install/robot/share/robot/launch/bringup_launch.py
-- Up-to-date symlink: /home/mosalam/robot_ws/install/robot/share/robot/launch/filter_lidar.launch.py
-- Up-to-date symlink: /home/mosalam/robot_ws/install/robot/share/robot/launch/launch_robot.launch.py
-- Up-to-date symlink: /home/mosalam/robot_ws/install/robot/share/robot/launch/launch_sim.launch.py
-- Up-to-date symlink: /home/mosalam/robot_ws/install/robot/share/robot/launch/localization_launch.py
-- Up-to-date symlink: /home/mosalam/robot_ws/install/robot/share/robot/launch/navigation_launch.py
-- Up-to-date symlink: /home/mosalam/robot_ws/install/robot/share/robot/launch/online_async_launch.py
-- Up-to-date symlink: /home/mosalam/robot_ws/install/robot/share/robot/launch/ros2_mpu6050.launch.py
-- Up-to-date symlink: /home/mosalam/robot_ws/install/robot/share/robot/launch/rplidar.launch.py
-- Up-to-date symlink: /home/mosalam/robot_ws/install/robot/share/robot/launch/rsp.launch.py
-- Up-to-date symlink: /home/mosalam/robot_ws/install/robot/share/robot/launch/slam_launch.py
-- Up-to-date symlink: /home/mosalam/robot_ws/install/robot/share/robot/worlds/myworld.world
-- Up-to-date symlink: /home/mosalam/robot_ws/install/robot/share/robot/worlds/obstacles.world
-- Up-to-date symlink: /home/mosalam/robot_ws/install/robot/share/robot/rviz/main.rviz
-- Up-to-date symlink: /home/mosalam/robot_ws/install/robot/share/robot/rviz/urdf_config.rviz
-- Symlinking: /home/mosalam/robot_ws/install/robot/share/robot/maps/musa_room_180_save.pgm
-- Symlinking: /home/mosalam/robot_ws/install/robot/share/robot/maps/musa_room_180_save.yaml
-- Symlinking: /home/mosalam/robot_ws/install/robot/share/robot/maps/musa_room_180_serial.data
-- Symlinking: /home/mosalam/robot_ws/install/robot/share/robot/maps/musa_room_180_serial.posegraph
-- Symlinking: /home/mosalam/robot_ws/install/robot/share/robot/maps/musa_room_save.pgm
-- Symlinking: /home/mosalam/robot_ws/install/robot/share/robot/maps/musa_room_save.yaml
-- Symlinking: /home/mosalam/robot_ws/install/robot/share/robot/maps/musa_room_serial.data
-- Symlinking: /home/mosalam/robot_ws/install/robot/share/robot/maps/musa_room_serial.posegraph
-- Up-to-date symlink: /home/mosalam/robot_ws/install/robot/share/robot/meshes/LEFT_wheel_drive.STL
-- Up-to-date symlink: /home/mosalam/robot_ws/install/robot/share/robot/meshes/LF_caster.STL
-- Up-to-date symlink: /home/mosalam/robot_ws/install/robot/share/robot/meshes/LR_Caster.STL
-- Up-to-date symlink: /home/mosalam/robot_ws/install/robot/share/robot/meshes/Left_motor.STL
-- Up-to-date symlink: /home/mosalam/robot_ws/install/robot/share/robot/meshes/Lidar.STL
-- Up-to-date symlink: /home/mosalam/robot_ws/install/robot/share/robot/meshes/RF_caster.STL
-- Up-to-date symlink: /home/mosalam/robot_ws/install/robot/share/robot/meshes/RR_caster.STL
-- Up-to-date symlink: /home/mosalam/robot_ws/install/robot/share/robot/meshes/Right_motor.STL
-- Up-to-date symlink: /home/mosalam/robot_ws/install/robot/share/robot/meshes/Right_wheel_drive.STL
-- Up-to-date symlink: /home/mosalam/robot_ws/install/robot/share/robot/meshes/base_link.STL
-- Up-to-date symlink: /home/mosalam/robot_ws/install/robot/share/robot/urdf/Chassis_diffrential_assembly_Lidar_low.csv
-- Up-to-date symlink: /home/mosalam/robot_ws/install/robot/share/robot/urdf/Chassis_diffrential_assembly_Lidar_low.urdf
-- Up-to-date symlink: /home/mosalam/robot_ws/install/robot/share/robot/urdf/robot.urdf.xacro
-- Up-to-date symlink: /home/mosalam/robot_ws/install/robot/share/robot/urdf/ros2_control.xacro
-- Up-to-date symlink: /home/mosalam/robot_ws/install/robot/share/robot/src/simple_scan_filter.py
-- Up-to-date symlink: /home/mosalam/robot_ws/install/robot/share/robot/src/test_mechanism.py
-- Up-to-date symlink: /home/mosalam/robot_ws/install/robot/lib/robot/simple_scan_filter.py
-- Up-to-date symlink: /home/mosalam/robot_ws/install/robot/lib/robot/test_mechanism.py
-- Up-to-date symlink: /home/mosalam/robot_ws/install/robot/share/ament_index/resource_index/package_run_dependencies/robot
-- Up-to-date symlink: /home/mosalam/robot_ws/install/robot/share/ament_index/resource_index/parent_prefix_path/robot
-- Up-to-date symlink: /home/mosalam/robot_ws/install/robot/share/robot/environment/ament_prefix_path.sh
-- Up-to-date symlink: /home/mosalam/robot_ws/install/robot/share/robot/environment/ament_prefix_path.dsv
-- Up-to-date symlink: /home/mosalam/robot_ws/install/robot/share/robot/environment/path.sh
-- Up-to-date symlink: /home/mosalam/robot_ws/install/robot/share/robot/environment/path.dsv
-- Up-to-date symlink: /home/mosalam/robot_ws/install/robot/share/robot/local_setup.bash
-- Up-to-date symlink: /home/mosalam/robot_ws/install/robot/share/robot/local_setup.sh
-- Up-to-date symlink: /home/mosalam/robot_ws/install/robot/share/robot/local_setup.zsh
-- Up-to-date symlink: /home/mosalam/robot_ws/install/robot/share/robot/local_setup.dsv
-- Symlinking: /home/mosalam/robot_ws/install/robot/share/robot/package.dsv
-- Up-to-date symlink: /home/mosalam/robot_ws/install/robot/share/ament_index/resource_index/packages/robot
-- Up-to-date symlink: /home/mosalam/robot_ws/install/robot/share/robot/cmake/robotConfig.cmake
-- Up-to-date symlink: /home/mosalam/robot_ws/install/robot/share/robot/cmake/robotConfig-version.cmake
-- Up-to-date symlink: /home/mosalam/robot_ws/install/robot/share/robot/package.xml
