[1.632s] Invoking command in '/home/mosalam/robot_ws/src/Autonomous-Explorer-and-Mapper-ros2-nav2': PYTHONPATH=/home/mosalam/robot_ws/build/custom_explorer/prefix_override:/usr/lib/python3/dist-packages/colcon_core/task/python/colcon_distutils_commands:/home/mosalam/robot_ws/install/custom_explorer/lib/python3.10/site-packages:${PYTHONPATH} /usr/bin/python3 -W ignore:setup.py install is deprecated -W ignore:easy_install command is deprecated setup.py egg_info --egg-base ../../build/custom_explorer build --build-base /home/mosalam/robot_ws/build/custom_explorer/build install --record /home/mosalam/robot_ws/build/custom_explorer/install.log --single-version-externally-managed install_data
[2.017s] running egg_info
[2.020s] writing ../../build/custom_explorer/custom_explorer.egg-info/PKG-INFO
[2.021s] writing dependency_links to ../../build/custom_explorer/custom_explorer.egg-info/dependency_links.txt
[2.021s] writing entry points to ../../build/custom_explorer/custom_explorer.egg-info/entry_points.txt
[2.021s] writing requirements to ../../build/custom_explorer/custom_explorer.egg-info/requires.txt
[2.021s] writing top-level names to ../../build/custom_explorer/custom_explorer.egg-info/top_level.txt
[2.023s] reading manifest file '../../build/custom_explorer/custom_explorer.egg-info/SOURCES.txt'
[2.024s] writing manifest file '../../build/custom_explorer/custom_explorer.egg-info/SOURCES.txt'
[2.025s] running build
[2.025s] running build_py
[2.025s] running install
[2.025s] running install_lib
[2.027s] running install_data
[2.027s] running install_egg_info
[2.030s] removing '/home/mosalam/robot_ws/install/custom_explorer/lib/python3.10/site-packages/custom_explorer-0.0.0-py3.10.egg-info' (and everything under it)
[2.030s] Copying ../../build/custom_explorer/custom_explorer.egg-info to /home/mosalam/robot_ws/install/custom_explorer/lib/python3.10/site-packages/custom_explorer-0.0.0-py3.10.egg-info
[2.031s] running install_scripts
[2.059s] Installing explorer script to /home/mosalam/robot_ws/install/custom_explorer/lib/custom_explorer
[2.060s] writing list of installed files to '/home/mosalam/robot_ws/build/custom_explorer/install.log'
[2.101s] Invoked command in '/home/mosalam/robot_ws/src/Autonomous-Explorer-and-Mapper-ros2-nav2' returned '0': PYTHONPATH=/home/mosalam/robot_ws/build/custom_explorer/prefix_override:/usr/lib/python3/dist-packages/colcon_core/task/python/colcon_distutils_commands:/home/mosalam/robot_ws/install/custom_explorer/lib/python3.10/site-packages:${PYTHONPATH} /usr/bin/python3 -W ignore:setup.py install is deprecated -W ignore:easy_install command is deprecated setup.py egg_info --egg-base ../../build/custom_explorer build --build-base /home/mosalam/robot_ws/build/custom_explorer/build install --record /home/mosalam/robot_ws/build/custom_explorer/install.log --single-version-externally-managed install_data
