[0.050s] Invoking command in '/home/mosalam/robot_ws/build/vizanti_cpp': CMAKE_PREFIX_PATH=${CMAKE_PREFIX_PATH}:/home/mosalam/robot_ws/install/serial_motor_demo:/home/mosalam/robot_ws/install/custom_explorer:/home/mosalam/robot_ws/install/autonomous_exploration:/opt/ros/humble /usr/bin/cmake --build /home/mosalam/robot_ws/build/vizanti_cpp -- -j4 -l4
[0.137s] [100%] Built target tf_consolidator
[0.433s] Invoked command in '/home/mosalam/robot_ws/build/vizanti_cpp' returned '0': CMAKE_PREFIX_PATH=${CMAKE_PREFIX_PATH}:/home/mosalam/robot_ws/install/serial_motor_demo:/home/mosalam/robot_ws/install/custom_explorer:/home/mosalam/robot_ws/install/autonomous_exploration:/opt/ros/humble /usr/bin/cmake --build /home/mosalam/robot_ws/build/vizanti_cpp -- -j4 -l4
[0.440s] Invoking command in '/home/mosalam/robot_ws/build/vizanti_cpp': CMAKE_PREFIX_PATH=${CMAKE_PREFIX_PATH}:/home/mosalam/robot_ws/install/serial_motor_demo:/home/mosalam/robot_ws/install/custom_explorer:/home/mosalam/robot_ws/install/autonomous_exploration:/opt/ros/humble /usr/bin/cmake --install /home/mosalam/robot_ws/build/vizanti_cpp
[0.444s] -- Install configuration: ""
[0.444s] -- Up-to-date: /home/mosalam/robot_ws/install/vizanti_cpp/lib/vizanti_cpp/tf_consolidator
[0.444s] -- Up-to-date: /home/mosalam/robot_ws/install/vizanti_cpp/share/ament_index/resource_index/package_run_dependencies/vizanti_cpp
[0.445s] -- Up-to-date: /home/mosalam/robot_ws/install/vizanti_cpp/share/ament_index/resource_index/parent_prefix_path/vizanti_cpp
[0.445s] -- Up-to-date: /home/mosalam/robot_ws/install/vizanti_cpp/share/vizanti_cpp/environment/ament_prefix_path.sh
[0.450s] -- Up-to-date: /home/mosalam/robot_ws/install/vizanti_cpp/share/vizanti_cpp/environment/ament_prefix_path.dsv
[0.456s] -- Up-to-date: /home/mosalam/robot_ws/install/vizanti_cpp/share/vizanti_cpp/environment/path.sh
[0.458s] -- Up-to-date: /home/mosalam/robot_ws/install/vizanti_cpp/share/vizanti_cpp/environment/path.dsv
[0.461s] -- Up-to-date: /home/mosalam/robot_ws/install/vizanti_cpp/share/vizanti_cpp/local_setup.bash
[0.463s] -- Up-to-date: /home/mosalam/robot_ws/install/vizanti_cpp/share/vizanti_cpp/local_setup.sh
[0.464s] -- Up-to-date: /home/mosalam/robot_ws/install/vizanti_cpp/share/vizanti_cpp/local_setup.zsh
[0.465s] -- Up-to-date: /home/mosalam/robot_ws/install/vizanti_cpp/share/vizanti_cpp/local_setup.dsv
[0.465s] -- Installing: /home/mosalam/robot_ws/install/vizanti_cpp/share/vizanti_cpp/package.dsv
[0.466s] -- Up-to-date: /home/mosalam/robot_ws/install/vizanti_cpp/share/ament_index/resource_index/packages/vizanti_cpp
[0.466s] -- Up-to-date: /home/mosalam/robot_ws/install/vizanti_cpp/share/vizanti_cpp/cmake/vizanti_cppConfig.cmake
[0.466s] -- Up-to-date: /home/mosalam/robot_ws/install/vizanti_cpp/share/vizanti_cpp/cmake/vizanti_cppConfig-version.cmake
[0.466s] -- Up-to-date: /home/mosalam/robot_ws/install/vizanti_cpp/share/vizanti_cpp/package.xml
[0.482s] Invoked command in '/home/mosalam/robot_ws/build/vizanti_cpp' returned '0': CMAKE_PREFIX_PATH=${CMAKE_PREFIX_PATH}:/home/mosalam/robot_ws/install/serial_motor_demo:/home/mosalam/robot_ws/install/custom_explorer:/home/mosalam/robot_ws/install/autonomous_exploration:/opt/ros/humble /usr/bin/cmake --install /home/mosalam/robot_ws/build/vizanti_cpp
