[0.025s] Invoking command in '/home/mosalam/robot_ws/build/diffdrive_arduino': CMAKE_PREFIX_PATH=${CMAKE_PREFIX_PATH}:/home/mosalam/robot_ws/install/serial_motor_demo:/opt/ros/humble /usr/bin/cmake /home/mosalam/robot_ws/src/diffdrive_arduino -DCMAKE_INSTALL_PREFIX=/home/mosalam/robot_ws/install/diffdrive_arduino
[0.065s] -- Found ament_cmake: 1.3.11 (/opt/ros/humble/share/ament_cmake/cmake)
[0.301s] -- Override CMake install command with custom implementation using symlinks instead of copying resources
[0.327s] -- Found hardware_interface: 2.49.0 (/opt/ros/humble/share/hardware_interface/cmake)
[0.393s] -- Found rosidl_generator_c: 3.1.6 (/opt/ros/humble/share/rosidl_generator_c/cmake)
[0.397s] -- Found rosidl_adapter: 3.1.6 (/opt/ros/humble/share/rosidl_adapter/cmake)
[0.412s] -- Found rosidl_generator_cpp: 3.1.6 (/opt/ros/humble/share/rosidl_generator_cpp/cmake)
[0.437s] -- Using all available rosidl_typesupport_c: rosidl_typesupport_fastrtps_c;rosidl_typesupport_introspection_c
[0.465s] -- Using all available rosidl_typesupport_cpp: rosidl_typesupport_fastrtps_cpp;rosidl_typesupport_introspection_cpp
[0.856s] -- Found rmw_implementation_cmake: 6.1.2 (/opt/ros/humble/share/rmw_implementation_cmake/cmake)
[0.858s] -- Found rmw_fastrtps_cpp: 6.2.7 (/opt/ros/humble/share/rmw_fastrtps_cpp/cmake)
[0.895s] -- Found TinyXML2 via Config file: TinyXML2_DIR-NOTFOUND
[0.908s] -- Found TinyXML2 via Config file: TinyXML2_DIR-NOTFOUND
[0.938s] -- Found TinyXML2 via Config file: TinyXML2_DIR-NOTFOUND
[0.950s] -- Found TinyXML2 via Config file: TinyXML2_DIR-NOTFOUND
[0.970s] -- Using RMW implementation 'rmw_fastrtps_cpp' as default
[1.080s] -- Found ament_cmake_gtest: 1.3.11 (/opt/ros/humble/share/ament_cmake_gtest/cmake)
[1.222s] -- Configuring done
[1.334s] -- Generating done
[1.343s] -- Build files have been written to: /home/mosalam/robot_ws/build/diffdrive_arduino
[1.369s] Invoked command in '/home/mosalam/robot_ws/build/diffdrive_arduino' returned '0': CMAKE_PREFIX_PATH=${CMAKE_PREFIX_PATH}:/home/mosalam/robot_ws/install/serial_motor_demo:/opt/ros/humble /usr/bin/cmake /home/mosalam/robot_ws/src/diffdrive_arduino -DCMAKE_INSTALL_PREFIX=/home/mosalam/robot_ws/install/diffdrive_arduino
[1.370s] Invoking command in '/home/mosalam/robot_ws/build/diffdrive_arduino': CMAKE_PREFIX_PATH=${CMAKE_PREFIX_PATH}:/home/mosalam/robot_ws/install/serial_motor_demo:/opt/ros/humble /usr/bin/cmake --build /home/mosalam/robot_ws/build/diffdrive_arduino -- -j4 -l4
[1.435s] [35m[1mConsolidate compiler generated dependencies of target diffdrive_arduino[0m
[1.464s] [100%] Built target diffdrive_arduino
[1.482s] Invoked command in '/home/mosalam/robot_ws/build/diffdrive_arduino' returned '0': CMAKE_PREFIX_PATH=${CMAKE_PREFIX_PATH}:/home/mosalam/robot_ws/install/serial_motor_demo:/opt/ros/humble /usr/bin/cmake --build /home/mosalam/robot_ws/build/diffdrive_arduino -- -j4 -l4
[1.484s] Invoking command in '/home/mosalam/robot_ws/build/diffdrive_arduino': CMAKE_PREFIX_PATH=${CMAKE_PREFIX_PATH}:/home/mosalam/robot_ws/install/serial_motor_demo:/opt/ros/humble /usr/bin/cmake --install /home/mosalam/robot_ws/build/diffdrive_arduino
[1.496s] -- Install configuration: ""
[1.497s] -- Execute custom install script
[1.498s] -- Up-to-date symlink: /home/mosalam/robot_ws/install/diffdrive_arduino/share/diffdrive_arduino//diffdrive_arduino.xml
[1.499s] -- Up-to-date symlink: /home/mosalam/robot_ws/install/diffdrive_arduino/include/diffdrive_arduino/diffdrive_arduino/arduino_comms.hpp
[1.499s] -- Up-to-date symlink: /home/mosalam/robot_ws/install/diffdrive_arduino/include/diffdrive_arduino/diffdrive_arduino/diffbot_system.hpp
[1.500s] -- Up-to-date symlink: /home/mosalam/robot_ws/install/diffdrive_arduino/include/diffdrive_arduino/diffdrive_arduino/visibility_control.h
[1.500s] -- Up-to-date symlink: /home/mosalam/robot_ws/install/diffdrive_arduino/include/diffdrive_arduino/diffdrive_arduino/wheel.hpp
[1.501s] -- Up-to-date symlink: /home/mosalam/robot_ws/install/diffdrive_arduino/share/diffdrive_arduino/launch/view_robot.launch.py
[1.502s] -- Up-to-date symlink: /home/mosalam/robot_ws/install/diffdrive_arduino/share/diffdrive_arduino/ros2_control/diffbot.ros2_control.xacro
[1.503s] -- Up-to-date symlink: /home/mosalam/robot_ws/install/diffdrive_arduino/share/diffdrive_arduino/urdf/diffbot.materials.xacro
[1.503s] -- Up-to-date symlink: /home/mosalam/robot_ws/install/diffdrive_arduino/share/diffdrive_arduino/urdf/diffbot.urdf.xacro
[1.504s] -- Up-to-date symlink: /home/mosalam/robot_ws/install/diffdrive_arduino/share/diffdrive_arduino/urdf/diffbot_description.urdf.xacro
[1.505s] -- Up-to-date symlink: /home/mosalam/robot_ws/install/diffdrive_arduino/share/diffdrive_arduino/rviz/diffbot.rviz
[1.505s] -- Up-to-date symlink: /home/mosalam/robot_ws/install/diffdrive_arduino/share/diffdrive_arduino/rviz/diffbot_view.rviz
[1.506s] -- Up-to-date symlink: /home/mosalam/robot_ws/install/diffdrive_arduino/share/diffdrive_arduino/launch/diffbot.launch.py
[1.507s] -- Up-to-date symlink: /home/mosalam/robot_ws/install/diffdrive_arduino/share/diffdrive_arduino/config/diffbot_controllers.yaml
[1.507s] -- Up-to-date symlink: /home/mosalam/robot_ws/install/diffdrive_arduino/share/diffdrive_arduino/environment/library_path.sh
[1.508s] -- Up-to-date symlink: /home/mosalam/robot_ws/install/diffdrive_arduino/share/diffdrive_arduino/environment/library_path.dsv
[1.508s] -- Up-to-date symlink: /home/mosalam/robot_ws/install/diffdrive_arduino/share/ament_index/resource_index/package_run_dependencies/diffdrive_arduino
[1.509s] -- Up-to-date symlink: /home/mosalam/robot_ws/install/diffdrive_arduino/share/ament_index/resource_index/parent_prefix_path/diffdrive_arduino
[1.509s] -- Up-to-date symlink: /home/mosalam/robot_ws/install/diffdrive_arduino/share/diffdrive_arduino/environment/ament_prefix_path.sh
[1.509s] -- Up-to-date symlink: /home/mosalam/robot_ws/install/diffdrive_arduino/share/diffdrive_arduino/environment/ament_prefix_path.dsv
[1.510s] -- Up-to-date symlink: /home/mosalam/robot_ws/install/diffdrive_arduino/share/diffdrive_arduino/environment/path.sh
[1.510s] -- Up-to-date symlink: /home/mosalam/robot_ws/install/diffdrive_arduino/share/diffdrive_arduino/environment/path.dsv
[1.510s] -- Up-to-date symlink: /home/mosalam/robot_ws/install/diffdrive_arduino/share/diffdrive_arduino/local_setup.bash
[1.511s] -- Up-to-date symlink: /home/mosalam/robot_ws/install/diffdrive_arduino/share/diffdrive_arduino/local_setup.sh
[1.511s] -- Up-to-date symlink: /home/mosalam/robot_ws/install/diffdrive_arduino/share/diffdrive_arduino/local_setup.zsh
[1.512s] -- Up-to-date symlink: /home/mosalam/robot_ws/install/diffdrive_arduino/share/diffdrive_arduino/local_setup.dsv
[1.512s] -- Symlinking: /home/mosalam/robot_ws/install/diffdrive_arduino/share/diffdrive_arduino/package.dsv
[1.527s] -- Up-to-date symlink: /home/mosalam/robot_ws/install/diffdrive_arduino/share/ament_index/resource_index/packages/diffdrive_arduino
[1.527s] -- Up-to-date symlink: /home/mosalam/robot_ws/install/diffdrive_arduino/share/ament_index/resource_index/hardware_interface__pluginlib__plugin/diffdrive_arduino
[1.528s] -- Up-to-date symlink: /home/mosalam/robot_ws/install/diffdrive_arduino/share/diffdrive_arduino/cmake/ament_cmake_export_targets-extras.cmake
[1.528s] -- Up-to-date symlink: /home/mosalam/robot_ws/install/diffdrive_arduino/share/diffdrive_arduino/cmake/ament_cmake_export_dependencies-extras.cmake
[1.529s] -- Up-to-date symlink: /home/mosalam/robot_ws/install/diffdrive_arduino/share/diffdrive_arduino/cmake/diffdrive_arduinoConfig.cmake
[1.529s] -- Up-to-date symlink: /home/mosalam/robot_ws/install/diffdrive_arduino/share/diffdrive_arduino/cmake/diffdrive_arduinoConfig-version.cmake
[1.529s] -- Up-to-date symlink: /home/mosalam/robot_ws/install/diffdrive_arduino/share/diffdrive_arduino/package.xml
[1.530s] -- Up-to-date: /home/mosalam/robot_ws/install/diffdrive_arduino/lib/libdiffdrive_arduino.so
[1.531s] -- Up-to-date: /home/mosalam/robot_ws/install/diffdrive_arduino/share/diffdrive_arduino/cmake/export_diffdrive_arduinoExport.cmake
[1.531s] -- Up-to-date: /home/mosalam/robot_ws/install/diffdrive_arduino/share/diffdrive_arduino/cmake/export_diffdrive_arduinoExport-noconfig.cmake
[1.535s] Invoked command in '/home/mosalam/robot_ws/build/diffdrive_arduino' returned '0': CMAKE_PREFIX_PATH=${CMAKE_PREFIX_PATH}:/home/mosalam/robot_ws/install/serial_motor_demo:/opt/ros/humble /usr/bin/cmake --install /home/mosalam/robot_ws/build/diffdrive_arduino
