[0.086s] Invoking command in '/home/mosalam/robot_ws/build/robot': CMAKE_PREFIX_PATH=/home/mosalam/robot_ws/install/urdf_tutorial:/home/mosalam/robot_ws/install/robot:/home/mosalam/robot_ws/install/serial_motor_demo_msgs:/home/mosalam/robot_ws/install/serial:/home/mosalam/robot_ws/install/rplidar_ros:/home/mosalam/robot_ws/install/multirobot_map_merge:/home/mosalam/robot_ws/install/explore_lite:/home/mosalam/robot_ws/install/diffdrive_arduino:/home/mosalam/robot_ws/install/serial_motor_demo:/home/mosalam/robot_ws/install/custom_explorer:/opt/ros/humble /usr/bin/cmake --build /home/mosalam/robot_ws/build/robot -- -j4 -l4
[0.454s] Invoked command in '/home/mosalam/robot_ws/build/robot' returned '0': CMAKE_PREFIX_PATH=/home/mosalam/robot_ws/install/urdf_tutorial:/home/mosalam/robot_ws/install/robot:/home/mosalam/robot_ws/install/serial_motor_demo_msgs:/home/mosalam/robot_ws/install/serial:/home/mosalam/robot_ws/install/rplidar_ros:/home/mosalam/robot_ws/install/multirobot_map_merge:/home/mosalam/robot_ws/install/explore_lite:/home/mosalam/robot_ws/install/diffdrive_arduino:/home/mosalam/robot_ws/install/serial_motor_demo:/home/mosalam/robot_ws/install/custom_explorer:/opt/ros/humble /usr/bin/cmake --build /home/mosalam/robot_ws/build/robot -- -j4 -l4
[0.456s] Invoking command in '/home/mosalam/robot_ws/build/robot': CMAKE_PREFIX_PATH=/home/mosalam/robot_ws/install/urdf_tutorial:/home/mosalam/robot_ws/install/robot:/home/mosalam/robot_ws/install/serial_motor_demo_msgs:/home/mosalam/robot_ws/install/serial:/home/mosalam/robot_ws/install/rplidar_ros:/home/mosalam/robot_ws/install/multirobot_map_merge:/home/mosalam/robot_ws/install/explore_lite:/home/mosalam/robot_ws/install/diffdrive_arduino:/home/mosalam/robot_ws/install/serial_motor_demo:/home/mosalam/robot_ws/install/custom_explorer:/opt/ros/humble /usr/bin/cmake --install /home/mosalam/robot_ws/build/robot
[0.468s] -- Install configuration: ""
[0.468s] -- Execute custom install script
[0.469s] -- Up-to-date symlink: /home/mosalam/robot_ws/install/robot/share/robot/config/dfdf.yaml
[0.470s] -- Up-to-date symlink: /home/mosalam/robot_ws/install/robot/share/robot/config/ekf.yaml
[0.471s] -- Up-to-date symlink: /home/mosalam/robot_ws/install/robot/share/robot/config/lidar_filter.yaml
[0.471s] -- Up-to-date symlink: /home/mosalam/robot_ws/install/robot/share/robot/config/mapper_params_online_async.yaml
[0.471s] -- Up-to-date symlink: /home/mosalam/robot_ws/install/robot/share/robot/config/mpu_params.yaml
[0.471s] -- Up-to-date symlink: /home/mosalam/robot_ws/install/robot/share/robot/config/my_controllers.yaml
[0.471s] -- Up-to-date symlink: /home/mosalam/robot_ws/install/robot/share/robot/config/my_map_save.pgm
[0.471s] -- Up-to-date symlink: /home/mosalam/robot_ws/install/robot/share/robot/config/my_map_save.yaml
[0.471s] -- Up-to-date symlink: /home/mosalam/robot_ws/install/robot/share/robot/config/nav2_params.yaml
[0.471s] -- Up-to-date symlink: /home/mosalam/robot_ws/install/robot/share/robot/config/twist_mux.yaml
[0.475s] -- Up-to-date symlink: /home/mosalam/robot_ws/install/robot/share/robot/description/colors.xacro
[0.476s] -- Up-to-date symlink: /home/mosalam/robot_ws/install/robot/share/robot/description/gazebo_control.xacro
[0.477s] -- Up-to-date symlink: /home/mosalam/robot_ws/install/robot/share/robot/description/imu_sensor.xacro
[0.477s] -- Up-to-date symlink: /home/mosalam/robot_ws/install/robot/share/robot/description/inertial_macros.xacro
[0.478s] -- Up-to-date symlink: /home/mosalam/robot_ws/install/robot/share/robot/description/lidar.xacro
[0.479s] -- Up-to-date symlink: /home/mosalam/robot_ws/install/robot/share/robot/description/robot.urdf.xacro
[0.479s] -- Up-to-date symlink: /home/mosalam/robot_ws/install/robot/share/robot/description/robot_core.xacro
[0.480s] -- Up-to-date symlink: /home/mosalam/robot_ws/install/robot/share/robot/launch/bringup_launch.py
[0.480s] -- Up-to-date symlink: /home/mosalam/robot_ws/install/robot/share/robot/launch/filter_lidar.launch.py
[0.480s] -- Up-to-date symlink: /home/mosalam/robot_ws/install/robot/share/robot/launch/launch_robot.launch.py
[0.480s] -- Up-to-date symlink: /home/mosalam/robot_ws/install/robot/share/robot/launch/launch_sim.launch.py
[0.480s] -- Up-to-date symlink: /home/mosalam/robot_ws/install/robot/share/robot/launch/localization_launch.py
[0.480s] -- Up-to-date symlink: /home/mosalam/robot_ws/install/robot/share/robot/launch/navigation_launch.py
[0.481s] -- Up-to-date symlink: /home/mosalam/robot_ws/install/robot/share/robot/launch/online_async_launch.py
[0.481s] -- Up-to-date symlink: /home/mosalam/robot_ws/install/robot/share/robot/launch/ros2_mpu6050.launch.py
[0.481s] -- Up-to-date symlink: /home/mosalam/robot_ws/install/robot/share/robot/launch/rplidar.launch.py
[0.481s] -- Up-to-date symlink: /home/mosalam/robot_ws/install/robot/share/robot/launch/rsp.launch.py
[0.481s] -- Up-to-date symlink: /home/mosalam/robot_ws/install/robot/share/robot/launch/slam_launch.py
[0.481s] -- Up-to-date symlink: /home/mosalam/robot_ws/install/robot/share/robot/worlds/myworld.world
[0.481s] -- Up-to-date symlink: /home/mosalam/robot_ws/install/robot/share/robot/worlds/obstacles.world
[0.482s] -- Up-to-date symlink: /home/mosalam/robot_ws/install/robot/share/robot/rviz/main.rviz
[0.485s] -- Up-to-date symlink: /home/mosalam/robot_ws/install/robot/share/robot/rviz/urdf_config.rviz
[0.485s] -- Up-to-date symlink: /home/mosalam/robot_ws/install/robot/share/robot/maps/musa_room_180_save.pgm
[0.486s] -- Up-to-date symlink: /home/mosalam/robot_ws/install/robot/share/robot/maps/musa_room_180_save.yaml
[0.486s] -- Up-to-date symlink: /home/mosalam/robot_ws/install/robot/share/robot/maps/musa_room_180_serial.data
[0.487s] -- Up-to-date symlink: /home/mosalam/robot_ws/install/robot/share/robot/maps/musa_room_180_serial.posegraph
[0.487s] -- Up-to-date symlink: /home/mosalam/robot_ws/install/robot/share/robot/maps/musa_room_save.pgm
[0.487s] -- Up-to-date symlink: /home/mosalam/robot_ws/install/robot/share/robot/maps/musa_room_save.yaml
[0.487s] -- Up-to-date symlink: /home/mosalam/robot_ws/install/robot/share/robot/maps/musa_room_serial.data
[0.487s] -- Up-to-date symlink: /home/mosalam/robot_ws/install/robot/share/robot/maps/musa_room_serial.posegraph
[0.489s] -- Up-to-date symlink: /home/mosalam/robot_ws/install/robot/share/robot/meshes/LEFT_wheel_drive.STL
[0.489s] -- Up-to-date symlink: /home/mosalam/robot_ws/install/robot/share/robot/meshes/LF_caster.STL
[0.489s] -- Up-to-date symlink: /home/mosalam/robot_ws/install/robot/share/robot/meshes/LR_Caster.STL
[0.489s] -- Up-to-date symlink: /home/mosalam/robot_ws/install/robot/share/robot/meshes/Left_motor.STL
[0.489s] -- Up-to-date symlink: /home/mosalam/robot_ws/install/robot/share/robot/meshes/Lidar.STL
[0.489s] -- Up-to-date symlink: /home/mosalam/robot_ws/install/robot/share/robot/meshes/RF_caster.STL
[0.489s] -- Up-to-date symlink: /home/mosalam/robot_ws/install/robot/share/robot/meshes/RR_caster.STL
[0.490s] -- Up-to-date symlink: /home/mosalam/robot_ws/install/robot/share/robot/meshes/Right_motor.STL
[0.492s] -- Up-to-date symlink: /home/mosalam/robot_ws/install/robot/share/robot/meshes/Right_wheel_drive.STL
[0.492s] -- Up-to-date symlink: /home/mosalam/robot_ws/install/robot/share/robot/meshes/base_link.STL
[0.492s] -- Up-to-date symlink: /home/mosalam/robot_ws/install/robot/share/robot/urdf/Chassis_diffrential_assembly_Lidar_low.csv
[0.492s] -- Up-to-date symlink: /home/mosalam/robot_ws/install/robot/share/robot/urdf/Chassis_diffrential_assembly_Lidar_low.urdf
[0.492s] -- Up-to-date symlink: /home/mosalam/robot_ws/install/robot/share/robot/urdf/robot.urdf.xacro
[0.492s] -- Up-to-date symlink: /home/mosalam/robot_ws/install/robot/share/robot/urdf/ros2_control.xacro
[0.493s] -- Up-to-date symlink: /home/mosalam/robot_ws/install/robot/share/robot/src/get_current_pose.py
[0.493s] -- Up-to-date symlink: /home/mosalam/robot_ws/install/robot/share/robot/src/mqtt_goal_mechanism.py
[0.493s] -- Up-to-date symlink: /home/mosalam/robot_ws/install/robot/share/robot/src/simple_scan_filter.py
[0.493s] -- Up-to-date symlink: /home/mosalam/robot_ws/install/robot/share/robot/src/smart_navigation.py
[0.493s] -- Up-to-date symlink: /home/mosalam/robot_ws/install/robot/share/robot/src/test_mechanism.py
[0.493s] -- Up-to-date symlink: /home/mosalam/robot_ws/install/robot/lib/robot/simple_scan_filter.py
[0.494s] -- Up-to-date symlink: /home/mosalam/robot_ws/install/robot/lib/robot/test_mechanism.py
[0.495s] -- Up-to-date symlink: /home/mosalam/robot_ws/install/robot/lib/robot/get_current_pose.py
[0.495s] -- Up-to-date symlink: /home/mosalam/robot_ws/install/robot/lib/robot/mqtt_goal_mechanism.py
[0.495s] -- Up-to-date symlink: /home/mosalam/robot_ws/install/robot/lib/robot/smart_navigation.py
[0.495s] -- Up-to-date symlink: /home/mosalam/robot_ws/install/robot/share/ament_index/resource_index/package_run_dependencies/robot
[0.496s] -- Up-to-date symlink: /home/mosalam/robot_ws/install/robot/share/ament_index/resource_index/parent_prefix_path/robot
[0.496s] -- Up-to-date symlink: /home/mosalam/robot_ws/install/robot/share/robot/environment/ament_prefix_path.sh
[0.496s] -- Up-to-date symlink: /home/mosalam/robot_ws/install/robot/share/robot/environment/ament_prefix_path.dsv
[0.496s] -- Up-to-date symlink: /home/mosalam/robot_ws/install/robot/share/robot/environment/path.sh
[0.497s] -- Up-to-date symlink: /home/mosalam/robot_ws/install/robot/share/robot/environment/path.dsv
[0.497s] -- Up-to-date symlink: /home/mosalam/robot_ws/install/robot/share/robot/local_setup.bash
[0.497s] -- Up-to-date symlink: /home/mosalam/robot_ws/install/robot/share/robot/local_setup.sh
[0.497s] -- Up-to-date symlink: /home/mosalam/robot_ws/install/robot/share/robot/local_setup.zsh
[0.497s] -- Up-to-date symlink: /home/mosalam/robot_ws/install/robot/share/robot/local_setup.dsv
[0.497s] -- Symlinking: /home/mosalam/robot_ws/install/robot/share/robot/package.dsv
[0.504s] -- Up-to-date symlink: /home/mosalam/robot_ws/install/robot/share/ament_index/resource_index/packages/robot
[0.504s] -- Up-to-date symlink: /home/mosalam/robot_ws/install/robot/share/robot/cmake/robotConfig.cmake
[0.505s] -- Up-to-date symlink: /home/mosalam/robot_ws/install/robot/share/robot/cmake/robotConfig-version.cmake
[0.506s] -- Up-to-date symlink: /home/mosalam/robot_ws/install/robot/share/robot/package.xml
[0.508s] Invoked command in '/home/mosalam/robot_ws/build/robot' returned '0': CMAKE_PREFIX_PATH=/home/mosalam/robot_ws/install/urdf_tutorial:/home/mosalam/robot_ws/install/robot:/home/mosalam/robot_ws/install/serial_motor_demo_msgs:/home/mosalam/robot_ws/install/serial:/home/mosalam/robot_ws/install/rplidar_ros:/home/mosalam/robot_ws/install/multirobot_map_merge:/home/mosalam/robot_ws/install/explore_lite:/home/mosalam/robot_ws/install/diffdrive_arduino:/home/mosalam/robot_ws/install/serial_motor_demo:/home/mosalam/robot_ws/install/custom_explorer:/opt/ros/humble /usr/bin/cmake --install /home/mosalam/robot_ws/build/robot
