[0.026s] Invoking command in '/home/mosalam/robot_ws/build/serial': CMAKE_PREFIX_PATH=${CMAKE_PREFIX_PATH}:/home/mosalam/robot_ws/install/serial_motor_demo:/opt/ros/humble /usr/bin/cmake --build /home/mosalam/robot_ws/build/serial -- -j4 -l4
[0.156s] [ 14%] Built target gtest_main
[0.165s] [ 42%] Built target serial
[0.170s] [ 57%] Built target gtest
[0.237s] [ 71%] Built target serial-test
[0.237s] [ 85%] Built target serial_example
[0.249s] [100%] Built target serial-test-timer
[0.275s] Invoked command in '/home/mosalam/robot_ws/build/serial' returned '0': CMAKE_PREFIX_PATH=${CMAKE_PREFIX_PATH}:/home/mosalam/robot_ws/install/serial_motor_demo:/opt/ros/humble /usr/bin/cmake --build /home/mosalam/robot_ws/build/serial -- -j4 -l4
[0.278s] Invoking command in '/home/mosalam/robot_ws/build/serial': CMAKE_PREFIX_PATH=${CMAKE_PREFIX_PATH}:/home/mosalam/robot_ws/install/serial_motor_demo:/opt/ros/humble /usr/bin/cmake --install /home/mosalam/robot_ws/build/serial
[0.286s] -- Install configuration: ""
[0.287s] -- Execute custom install script
[0.287s] -- Up-to-date symlink: /home/mosalam/robot_ws/install/serial/lib/libserial.a
[0.287s] -- Up-to-date symlink: /home/mosalam/robot_ws/install/serial/include/serial/serial.h
[0.287s] -- Up-to-date symlink: /home/mosalam/robot_ws/install/serial/include/serial/v8stdint.h
[0.288s] -- Up-to-date symlink: /home/mosalam/robot_ws/install/serial/share/serial/environment/library_path.sh
[0.288s] -- Up-to-date symlink: /home/mosalam/robot_ws/install/serial/share/serial/environment/library_path.dsv
[0.288s] -- Up-to-date symlink: /home/mosalam/robot_ws/install/serial/share/ament_index/resource_index/package_run_dependencies/serial
[0.289s] -- Up-to-date symlink: /home/mosalam/robot_ws/install/serial/share/ament_index/resource_index/parent_prefix_path/serial
[0.289s] -- Up-to-date symlink: /home/mosalam/robot_ws/install/serial/share/serial/environment/ament_prefix_path.sh
[0.289s] -- Up-to-date symlink: /home/mosalam/robot_ws/install/serial/share/serial/environment/ament_prefix_path.dsv
[0.289s] -- Up-to-date symlink: /home/mosalam/robot_ws/install/serial/share/serial/environment/path.sh
[0.290s] -- Up-to-date symlink: /home/mosalam/robot_ws/install/serial/share/serial/environment/path.dsv
[0.290s] -- Up-to-date symlink: /home/mosalam/robot_ws/install/serial/share/serial/local_setup.bash
[0.290s] -- Up-to-date symlink: /home/mosalam/robot_ws/install/serial/share/serial/local_setup.sh
[0.290s] -- Up-to-date symlink: /home/mosalam/robot_ws/install/serial/share/serial/local_setup.zsh
[0.291s] -- Up-to-date symlink: /home/mosalam/robot_ws/install/serial/share/serial/local_setup.dsv
[0.291s] -- Symlinking: /home/mosalam/robot_ws/install/serial/share/serial/package.dsv
[0.303s] -- Up-to-date symlink: /home/mosalam/robot_ws/install/serial/share/ament_index/resource_index/packages/serial
[0.303s] -- Up-to-date symlink: /home/mosalam/robot_ws/install/serial/share/serial/cmake/ament_cmake_export_include_directories-extras.cmake
[0.303s] -- Up-to-date symlink: /home/mosalam/robot_ws/install/serial/share/serial/cmake/ament_cmake_export_libraries-extras.cmake
[0.303s] -- Up-to-date symlink: /home/mosalam/robot_ws/install/serial/share/serial/cmake/serialConfig.cmake
[0.303s] -- Up-to-date symlink: /home/mosalam/robot_ws/install/serial/share/serial/cmake/serialConfig-version.cmake
[0.304s] -- Up-to-date symlink: /home/mosalam/robot_ws/install/serial/share/serial/package.xml
[0.321s] Invoked command in '/home/mosalam/robot_ws/build/serial' returned '0': CMAKE_PREFIX_PATH=${CMAKE_PREFIX_PATH}:/home/mosalam/robot_ws/install/serial_motor_demo:/opt/ros/humble /usr/bin/cmake --install /home/mosalam/robot_ws/build/serial
