[0.103s] DEBUG:colcon:Command line arguments: ['/usr/bin/colcon', 'build']
[0.103s] DEBUG:colcon:Parsed command line arguments: Namespace(log_base=None, log_level=None, verb_name='build', build_base='build', install_base='install', merge_install=False, symlink_install=False, test_result_base=None, continue_on_error=False, executor='parallel', parallel_workers=4, event_handlers=None, ignore_user_meta=False, metas=['./colcon.meta'], base_paths=['.'], packages_ignore=None, packages_ignore_regex=None, paths=None, packages_up_to=None, packages_up_to_regex=None, packages_above=None, packages_above_and_dependencies=None, packages_above_depth=None, packages_select_by_dep=None, packages_skip_by_dep=None, packages_skip_up_to=None, packages_select_build_failed=False, packages_skip_build_finished=False, packages_select_test_failures=False, packages_skip_test_passed=False, packages_select=None, packages_skip=None, packages_select_regex=None, packages_skip_regex=None, packages_start=None, packages_end=None, allow_overriding=[], cmake_args=None, cmake_target=None, cmake_target_skip_unavailable=False, cmake_clean_cache=False, cmake_clean_first=False, cmake_force_configure=False, ament_cmake_args=None, catkin_cmake_args=None, catkin_skip_building_tests=False, verb_parser=<colcon_defaults.argument_parser.defaults.DefaultArgumentsDecorator object at 0x7079ab254670>, verb_extension=<colcon_core.verb.build.BuildVerb object at 0x7079ab254220>, main=<bound method BuildVerb.main of <colcon_core.verb.build.BuildVerb object at 0x7079ab254220>>)
[0.262s] Level 1:colcon.colcon_core.package_discovery:discover_packages(colcon_meta) check parameters
[0.262s] Level 1:colcon.colcon_core.package_discovery:discover_packages(recursive) check parameters
[0.262s] Level 1:colcon.colcon_core.package_discovery:discover_packages(ignore) check parameters
[0.262s] Level 1:colcon.colcon_core.package_discovery:discover_packages(path) check parameters
[0.262s] Level 1:colcon.colcon_core.package_discovery:discover_packages(colcon_meta) discover
[0.262s] Level 1:colcon.colcon_core.package_discovery:discover_packages(recursive) discover
[0.262s] INFO:colcon.colcon_core.package_discovery:Crawling recursively for packages in '/home/mosalam/robot_ws'
[0.262s] Level 1:colcon.colcon_core.package_identification:_identify(.) by extensions ['ignore', 'ignore_ament_install']
[0.262s] Level 1:colcon.colcon_core.package_identification:_identify(.) by extension 'ignore'
[0.262s] Level 1:colcon.colcon_core.package_identification:_identify(.) by extension 'ignore_ament_install'
[0.262s] Level 1:colcon.colcon_core.package_identification:_identify(.) by extensions ['colcon_pkg']
[0.263s] Level 1:colcon.colcon_core.package_identification:_identify(.) by extension 'colcon_pkg'
[0.263s] Level 1:colcon.colcon_core.package_identification:_identify(.) by extensions ['colcon_meta']
[0.263s] Level 1:colcon.colcon_core.package_identification:_identify(.) by extension 'colcon_meta'
[0.263s] Level 1:colcon.colcon_core.package_identification:_identify(.) by extensions ['ros']
[0.263s] Level 1:colcon.colcon_core.package_identification:_identify(.) by extension 'ros'
[0.273s] Level 1:colcon.colcon_core.package_identification:_identify(.) by extensions ['cmake', 'python']
[0.273s] Level 1:colcon.colcon_core.package_identification:_identify(.) by extension 'cmake'
[0.273s] Level 1:colcon.colcon_core.package_identification:_identify(.) by extension 'python'
[0.274s] Level 1:colcon.colcon_core.package_identification:_identify(.) by extensions ['python_setup_py']
[0.274s] Level 1:colcon.colcon_core.package_identification:_identify(.) by extension 'python_setup_py'
[0.274s] Level 1:colcon.colcon_core.package_identification:_identify(build) by extensions ['ignore', 'ignore_ament_install']
[0.274s] Level 1:colcon.colcon_core.package_identification:_identify(build) by extension 'ignore'
[0.274s] Level 1:colcon.colcon_core.package_identification:_identify(build) ignored
[0.274s] Level 1:colcon.colcon_core.package_identification:_identify(install) by extensions ['ignore', 'ignore_ament_install']
[0.274s] Level 1:colcon.colcon_core.package_identification:_identify(install) by extension 'ignore'
[0.274s] Level 1:colcon.colcon_core.package_identification:_identify(install) ignored
[0.274s] Level 1:colcon.colcon_core.package_identification:_identify(log) by extensions ['ignore', 'ignore_ament_install']
[0.274s] Level 1:colcon.colcon_core.package_identification:_identify(log) by extension 'ignore'
[0.274s] Level 1:colcon.colcon_core.package_identification:_identify(log) ignored
[0.274s] Level 1:colcon.colcon_core.package_identification:_identify(src) by extensions ['ignore', 'ignore_ament_install']
[0.275s] Level 1:colcon.colcon_core.package_identification:_identify(src) by extension 'ignore'
[0.275s] Level 1:colcon.colcon_core.package_identification:_identify(src) by extension 'ignore_ament_install'
[0.275s] Level 1:colcon.colcon_core.package_identification:_identify(src) by extensions ['colcon_pkg']
[0.275s] Level 1:colcon.colcon_core.package_identification:_identify(src) by extension 'colcon_pkg'
[0.275s] Level 1:colcon.colcon_core.package_identification:_identify(src) by extensions ['colcon_meta']
[0.275s] Level 1:colcon.colcon_core.package_identification:_identify(src) by extension 'colcon_meta'
[0.275s] Level 1:colcon.colcon_core.package_identification:_identify(src) by extensions ['ros']
[0.275s] Level 1:colcon.colcon_core.package_identification:_identify(src) by extension 'ros'
[0.275s] Level 1:colcon.colcon_core.package_identification:_identify(src) by extensions ['cmake', 'python']
[0.275s] Level 1:colcon.colcon_core.package_identification:_identify(src) by extension 'cmake'
[0.275s] Level 1:colcon.colcon_core.package_identification:_identify(src) by extension 'python'
[0.275s] Level 1:colcon.colcon_core.package_identification:_identify(src) by extensions ['python_setup_py']
[0.275s] Level 1:colcon.colcon_core.package_identification:_identify(src) by extension 'python_setup_py'
[0.275s] Level 1:colcon.colcon_core.package_identification:_identify(src/diffdrive_arduino) by extensions ['ignore', 'ignore_ament_install']
[0.275s] Level 1:colcon.colcon_core.package_identification:_identify(src/diffdrive_arduino) by extension 'ignore'
[0.275s] Level 1:colcon.colcon_core.package_identification:_identify(src/diffdrive_arduino) by extension 'ignore_ament_install'
[0.275s] Level 1:colcon.colcon_core.package_identification:_identify(src/diffdrive_arduino) by extensions ['colcon_pkg']
[0.275s] Level 1:colcon.colcon_core.package_identification:_identify(src/diffdrive_arduino) by extension 'colcon_pkg'
[0.275s] Level 1:colcon.colcon_core.package_identification:_identify(src/diffdrive_arduino) by extensions ['colcon_meta']
[0.275s] Level 1:colcon.colcon_core.package_identification:_identify(src/diffdrive_arduino) by extension 'colcon_meta'
[0.275s] Level 1:colcon.colcon_core.package_identification:_identify(src/diffdrive_arduino) by extensions ['ros']
[0.275s] Level 1:colcon.colcon_core.package_identification:_identify(src/diffdrive_arduino) by extension 'ros'
[0.278s] DEBUG:colcon.colcon_core.package_identification:Package 'src/diffdrive_arduino' with type 'ros.ament_cmake' and name 'diffdrive_arduino'
[0.278s] Level 1:colcon.colcon_core.package_identification:_identify(src/robot) by extensions ['ignore', 'ignore_ament_install']
[0.278s] Level 1:colcon.colcon_core.package_identification:_identify(src/robot) by extension 'ignore'
[0.278s] Level 1:colcon.colcon_core.package_identification:_identify(src/robot) by extension 'ignore_ament_install'
[0.278s] Level 1:colcon.colcon_core.package_identification:_identify(src/robot) by extensions ['colcon_pkg']
[0.278s] Level 1:colcon.colcon_core.package_identification:_identify(src/robot) by extension 'colcon_pkg'
[0.278s] Level 1:colcon.colcon_core.package_identification:_identify(src/robot) by extensions ['colcon_meta']
[0.279s] Level 1:colcon.colcon_core.package_identification:_identify(src/robot) by extension 'colcon_meta'
[0.279s] Level 1:colcon.colcon_core.package_identification:_identify(src/robot) by extensions ['ros']
[0.279s] Level 1:colcon.colcon_core.package_identification:_identify(src/robot) by extension 'ros'
[0.279s] DEBUG:colcon.colcon_core.package_identification:Package 'src/robot' with type 'ros.ament_cmake' and name 'robot'
[0.279s] Level 1:colcon.colcon_core.package_identification:_identify(src/rplidar_ros2) by extensions ['ignore', 'ignore_ament_install']
[0.279s] Level 1:colcon.colcon_core.package_identification:_identify(src/rplidar_ros2) by extension 'ignore'
[0.279s] Level 1:colcon.colcon_core.package_identification:_identify(src/rplidar_ros2) by extension 'ignore_ament_install'
[0.280s] Level 1:colcon.colcon_core.package_identification:_identify(src/rplidar_ros2) by extensions ['colcon_pkg']
[0.280s] Level 1:colcon.colcon_core.package_identification:_identify(src/rplidar_ros2) by extension 'colcon_pkg'
[0.280s] Level 1:colcon.colcon_core.package_identification:_identify(src/rplidar_ros2) by extensions ['colcon_meta']
[0.280s] Level 1:colcon.colcon_core.package_identification:_identify(src/rplidar_ros2) by extension 'colcon_meta'
[0.280s] Level 1:colcon.colcon_core.package_identification:_identify(src/rplidar_ros2) by extensions ['ros']
[0.280s] Level 1:colcon.colcon_core.package_identification:_identify(src/rplidar_ros2) by extension 'ros'
[0.280s] DEBUG:colcon.colcon_core.package_identification:Package 'src/rplidar_ros2' with type 'ros.ament_cmake' and name 'rplidar_ros'
[0.280s] Level 1:colcon.colcon_core.package_identification:_identify(src/serial) by extensions ['ignore', 'ignore_ament_install']
[0.280s] Level 1:colcon.colcon_core.package_identification:_identify(src/serial) by extension 'ignore'
[0.280s] Level 1:colcon.colcon_core.package_identification:_identify(src/serial) by extension 'ignore_ament_install'
[0.281s] Level 1:colcon.colcon_core.package_identification:_identify(src/serial) by extensions ['colcon_pkg']
[0.281s] Level 1:colcon.colcon_core.package_identification:_identify(src/serial) by extension 'colcon_pkg'
[0.281s] Level 1:colcon.colcon_core.package_identification:_identify(src/serial) by extensions ['colcon_meta']
[0.281s] Level 1:colcon.colcon_core.package_identification:_identify(src/serial) by extension 'colcon_meta'
[0.281s] Level 1:colcon.colcon_core.package_identification:_identify(src/serial) by extensions ['ros']
[0.281s] Level 1:colcon.colcon_core.package_identification:_identify(src/serial) by extension 'ros'
[0.281s] DEBUG:colcon.colcon_core.package_identification:Package 'src/serial' with type 'ros.ament_cmake' and name 'serial'
[0.281s] Level 1:colcon.colcon_core.package_identification:_identify(src/serial_motor_demo) by extensions ['ignore', 'ignore_ament_install']
[0.281s] Level 1:colcon.colcon_core.package_identification:_identify(src/serial_motor_demo) by extension 'ignore'
[0.281s] Level 1:colcon.colcon_core.package_identification:_identify(src/serial_motor_demo) by extension 'ignore_ament_install'
[0.281s] Level 1:colcon.colcon_core.package_identification:_identify(src/serial_motor_demo) by extensions ['colcon_pkg']
[0.282s] Level 1:colcon.colcon_core.package_identification:_identify(src/serial_motor_demo) by extension 'colcon_pkg'
[0.282s] Level 1:colcon.colcon_core.package_identification:_identify(src/serial_motor_demo) by extensions ['colcon_meta']
[0.282s] Level 1:colcon.colcon_core.package_identification:_identify(src/serial_motor_demo) by extension 'colcon_meta'
[0.282s] Level 1:colcon.colcon_core.package_identification:_identify(src/serial_motor_demo) by extensions ['ros']
[0.282s] Level 1:colcon.colcon_core.package_identification:_identify(src/serial_motor_demo) by extension 'ros'
[0.282s] Level 1:colcon.colcon_core.package_identification:_identify(src/serial_motor_demo) by extensions ['cmake', 'python']
[0.282s] Level 1:colcon.colcon_core.package_identification:_identify(src/serial_motor_demo) by extension 'cmake'
[0.282s] Level 1:colcon.colcon_core.package_identification:_identify(src/serial_motor_demo) by extension 'python'
[0.282s] Level 1:colcon.colcon_core.package_identification:_identify(src/serial_motor_demo) by extensions ['python_setup_py']
[0.282s] Level 1:colcon.colcon_core.package_identification:_identify(src/serial_motor_demo) by extension 'python_setup_py'
[0.282s] Level 1:colcon.colcon_core.package_identification:_identify(src/serial_motor_demo/serial_motor_demo) by extensions ['ignore', 'ignore_ament_install']
[0.282s] Level 1:colcon.colcon_core.package_identification:_identify(src/serial_motor_demo/serial_motor_demo) by extension 'ignore'
[0.282s] Level 1:colcon.colcon_core.package_identification:_identify(src/serial_motor_demo/serial_motor_demo) by extension 'ignore_ament_install'
[0.282s] Level 1:colcon.colcon_core.package_identification:_identify(src/serial_motor_demo/serial_motor_demo) by extensions ['colcon_pkg']
[0.282s] Level 1:colcon.colcon_core.package_identification:_identify(src/serial_motor_demo/serial_motor_demo) by extension 'colcon_pkg'
[0.282s] Level 1:colcon.colcon_core.package_identification:_identify(src/serial_motor_demo/serial_motor_demo) by extensions ['colcon_meta']
[0.282s] Level 1:colcon.colcon_core.package_identification:_identify(src/serial_motor_demo/serial_motor_demo) by extension 'colcon_meta'
[0.282s] Level 1:colcon.colcon_core.package_identification:_identify(src/serial_motor_demo/serial_motor_demo) by extensions ['ros']
[0.282s] Level 1:colcon.colcon_core.package_identification:_identify(src/serial_motor_demo/serial_motor_demo) by extension 'ros'
[0.283s] DEBUG:colcon.colcon_core.package_identification:Package 'src/serial_motor_demo/serial_motor_demo' with type 'ros.ament_python' and name 'serial_motor_demo'
[0.283s] Level 1:colcon.colcon_core.package_identification:_identify(src/serial_motor_demo/serial_motor_demo_msgs) by extensions ['ignore', 'ignore_ament_install']
[0.283s] Level 1:colcon.colcon_core.package_identification:_identify(src/serial_motor_demo/serial_motor_demo_msgs) by extension 'ignore'
[0.283s] Level 1:colcon.colcon_core.package_identification:_identify(src/serial_motor_demo/serial_motor_demo_msgs) by extension 'ignore_ament_install'
[0.283s] Level 1:colcon.colcon_core.package_identification:_identify(src/serial_motor_demo/serial_motor_demo_msgs) by extensions ['colcon_pkg']
[0.283s] Level 1:colcon.colcon_core.package_identification:_identify(src/serial_motor_demo/serial_motor_demo_msgs) by extension 'colcon_pkg'
[0.283s] Level 1:colcon.colcon_core.package_identification:_identify(src/serial_motor_demo/serial_motor_demo_msgs) by extensions ['colcon_meta']
[0.283s] Level 1:colcon.colcon_core.package_identification:_identify(src/serial_motor_demo/serial_motor_demo_msgs) by extension 'colcon_meta'
[0.283s] Level 1:colcon.colcon_core.package_identification:_identify(src/serial_motor_demo/serial_motor_demo_msgs) by extensions ['ros']
[0.283s] Level 1:colcon.colcon_core.package_identification:_identify(src/serial_motor_demo/serial_motor_demo_msgs) by extension 'ros'
[0.284s] DEBUG:colcon.colcon_core.package_identification:Package 'src/serial_motor_demo/serial_motor_demo_msgs' with type 'ros.ament_cmake' and name 'serial_motor_demo_msgs'
[0.284s] Level 1:colcon.colcon_core.package_identification:_identify(src/urdf_tutorial) by extensions ['ignore', 'ignore_ament_install']
[0.284s] Level 1:colcon.colcon_core.package_identification:_identify(src/urdf_tutorial) by extension 'ignore'
[0.284s] Level 1:colcon.colcon_core.package_identification:_identify(src/urdf_tutorial) by extension 'ignore_ament_install'
[0.284s] Level 1:colcon.colcon_core.package_identification:_identify(src/urdf_tutorial) by extensions ['colcon_pkg']
[0.284s] Level 1:colcon.colcon_core.package_identification:_identify(src/urdf_tutorial) by extension 'colcon_pkg'
[0.284s] Level 1:colcon.colcon_core.package_identification:_identify(src/urdf_tutorial) by extensions ['colcon_meta']
[0.284s] Level 1:colcon.colcon_core.package_identification:_identify(src/urdf_tutorial) by extension 'colcon_meta'
[0.284s] Level 1:colcon.colcon_core.package_identification:_identify(src/urdf_tutorial) by extensions ['ros']
[0.284s] Level 1:colcon.colcon_core.package_identification:_identify(src/urdf_tutorial) by extension 'ros'
[0.285s] DEBUG:colcon.colcon_core.package_identification:Package 'src/urdf_tutorial' with type 'ros.ament_cmake' and name 'urdf_tutorial'
[0.285s] Level 1:colcon.colcon_core.package_discovery:discover_packages(recursive) using defaults
[0.285s] Level 1:colcon.colcon_core.package_discovery:discover_packages(ignore) discover
[0.285s] Level 1:colcon.colcon_core.package_discovery:discover_packages(ignore) using defaults
[0.285s] Level 1:colcon.colcon_core.package_discovery:discover_packages(path) discover
[0.285s] Level 1:colcon.colcon_core.package_discovery:discover_packages(path) using defaults
[0.318s] Level 1:colcon.colcon_core.package_discovery:discover_packages(prefix_path) check parameters
[0.318s] Level 1:colcon.colcon_core.package_discovery:discover_packages(prefix_path) discover
[0.320s] DEBUG:colcon.colcon_installed_package_information.package_discovery:Found 7 installed packages in /home/mosalam/robot_ws/install
[0.321s] DEBUG:colcon.colcon_installed_package_information.package_discovery:Found 368 installed packages in /opt/ros/humble
[0.323s] Level 1:colcon.colcon_core.package_discovery:discover_packages(prefix_path) using defaults
[0.371s] Level 5:colcon.colcon_core.verb:set package 'diffdrive_arduino' build argument 'cmake_args' from command line to 'None'
[0.371s] Level 5:colcon.colcon_core.verb:set package 'diffdrive_arduino' build argument 'cmake_target' from command line to 'None'
[0.371s] Level 5:colcon.colcon_core.verb:set package 'diffdrive_arduino' build argument 'cmake_target_skip_unavailable' from command line to 'False'
[0.371s] Level 5:colcon.colcon_core.verb:set package 'diffdrive_arduino' build argument 'cmake_clean_cache' from command line to 'False'
[0.371s] Level 5:colcon.colcon_core.verb:set package 'diffdrive_arduino' build argument 'cmake_clean_first' from command line to 'False'
[0.371s] Level 5:colcon.colcon_core.verb:set package 'diffdrive_arduino' build argument 'cmake_force_configure' from command line to 'False'
[0.371s] Level 5:colcon.colcon_core.verb:set package 'diffdrive_arduino' build argument 'ament_cmake_args' from command line to 'None'
[0.371s] Level 5:colcon.colcon_core.verb:set package 'diffdrive_arduino' build argument 'catkin_cmake_args' from command line to 'None'
[0.371s] Level 5:colcon.colcon_core.verb:set package 'diffdrive_arduino' build argument 'catkin_skip_building_tests' from command line to 'False'
[0.371s] DEBUG:colcon.colcon_core.verb:Building package 'diffdrive_arduino' with the following arguments: {'ament_cmake_args': None, 'build_base': '/home/mosalam/robot_ws/build/diffdrive_arduino', 'catkin_cmake_args': None, 'catkin_skip_building_tests': False, 'cmake_args': None, 'cmake_clean_cache': False, 'cmake_clean_first': False, 'cmake_force_configure': False, 'cmake_target': None, 'cmake_target_skip_unavailable': False, 'install_base': '/home/mosalam/robot_ws/install/diffdrive_arduino', 'merge_install': False, 'path': '/home/mosalam/robot_ws/src/diffdrive_arduino', 'symlink_install': False, 'test_result_base': None}
[0.372s] Level 5:colcon.colcon_core.verb:set package 'rplidar_ros' build argument 'cmake_args' from command line to 'None'
[0.372s] Level 5:colcon.colcon_core.verb:set package 'rplidar_ros' build argument 'cmake_target' from command line to 'None'
[0.372s] Level 5:colcon.colcon_core.verb:set package 'rplidar_ros' build argument 'cmake_target_skip_unavailable' from command line to 'False'
[0.372s] Level 5:colcon.colcon_core.verb:set package 'rplidar_ros' build argument 'cmake_clean_cache' from command line to 'False'
[0.372s] Level 5:colcon.colcon_core.verb:set package 'rplidar_ros' build argument 'cmake_clean_first' from command line to 'False'
[0.372s] Level 5:colcon.colcon_core.verb:set package 'rplidar_ros' build argument 'cmake_force_configure' from command line to 'False'
[0.372s] Level 5:colcon.colcon_core.verb:set package 'rplidar_ros' build argument 'ament_cmake_args' from command line to 'None'
[0.372s] Level 5:colcon.colcon_core.verb:set package 'rplidar_ros' build argument 'catkin_cmake_args' from command line to 'None'
[0.372s] Level 5:colcon.colcon_core.verb:set package 'rplidar_ros' build argument 'catkin_skip_building_tests' from command line to 'False'
[0.372s] DEBUG:colcon.colcon_core.verb:Building package 'rplidar_ros' with the following arguments: {'ament_cmake_args': None, 'build_base': '/home/mosalam/robot_ws/build/rplidar_ros', 'catkin_cmake_args': None, 'catkin_skip_building_tests': False, 'cmake_args': None, 'cmake_clean_cache': False, 'cmake_clean_first': False, 'cmake_force_configure': False, 'cmake_target': None, 'cmake_target_skip_unavailable': False, 'install_base': '/home/mosalam/robot_ws/install/rplidar_ros', 'merge_install': False, 'path': '/home/mosalam/robot_ws/src/rplidar_ros2', 'symlink_install': False, 'test_result_base': None}
[0.372s] Level 5:colcon.colcon_core.verb:set package 'serial' build argument 'cmake_args' from command line to 'None'
[0.372s] Level 5:colcon.colcon_core.verb:set package 'serial' build argument 'cmake_target' from command line to 'None'
[0.372s] Level 5:colcon.colcon_core.verb:set package 'serial' build argument 'cmake_target_skip_unavailable' from command line to 'False'
[0.372s] Level 5:colcon.colcon_core.verb:set package 'serial' build argument 'cmake_clean_cache' from command line to 'False'
[0.372s] Level 5:colcon.colcon_core.verb:set package 'serial' build argument 'cmake_clean_first' from command line to 'False'
[0.373s] Level 5:colcon.colcon_core.verb:set package 'serial' build argument 'cmake_force_configure' from command line to 'False'
[0.373s] Level 5:colcon.colcon_core.verb:set package 'serial' build argument 'ament_cmake_args' from command line to 'None'
[0.373s] Level 5:colcon.colcon_core.verb:set package 'serial' build argument 'catkin_cmake_args' from command line to 'None'
[0.373s] Level 5:colcon.colcon_core.verb:set package 'serial' build argument 'catkin_skip_building_tests' from command line to 'False'
[0.373s] DEBUG:colcon.colcon_core.verb:Building package 'serial' with the following arguments: {'ament_cmake_args': None, 'build_base': '/home/mosalam/robot_ws/build/serial', 'catkin_cmake_args': None, 'catkin_skip_building_tests': False, 'cmake_args': None, 'cmake_clean_cache': False, 'cmake_clean_first': False, 'cmake_force_configure': False, 'cmake_target': None, 'cmake_target_skip_unavailable': False, 'install_base': '/home/mosalam/robot_ws/install/serial', 'merge_install': False, 'path': '/home/mosalam/robot_ws/src/serial', 'symlink_install': False, 'test_result_base': None}
[0.373s] Level 5:colcon.colcon_core.verb:set package 'serial_motor_demo_msgs' build argument 'cmake_args' from command line to 'None'
[0.373s] Level 5:colcon.colcon_core.verb:set package 'serial_motor_demo_msgs' build argument 'cmake_target' from command line to 'None'
[0.373s] Level 5:colcon.colcon_core.verb:set package 'serial_motor_demo_msgs' build argument 'cmake_target_skip_unavailable' from command line to 'False'
[0.373s] Level 5:colcon.colcon_core.verb:set package 'serial_motor_demo_msgs' build argument 'cmake_clean_cache' from command line to 'False'
[0.373s] Level 5:colcon.colcon_core.verb:set package 'serial_motor_demo_msgs' build argument 'cmake_clean_first' from command line to 'False'
[0.373s] Level 5:colcon.colcon_core.verb:set package 'serial_motor_demo_msgs' build argument 'cmake_force_configure' from command line to 'False'
[0.373s] Level 5:colcon.colcon_core.verb:set package 'serial_motor_demo_msgs' build argument 'ament_cmake_args' from command line to 'None'
[0.373s] Level 5:colcon.colcon_core.verb:set package 'serial_motor_demo_msgs' build argument 'catkin_cmake_args' from command line to 'None'
[0.373s] Level 5:colcon.colcon_core.verb:set package 'serial_motor_demo_msgs' build argument 'catkin_skip_building_tests' from command line to 'False'
[0.373s] DEBUG:colcon.colcon_core.verb:Building package 'serial_motor_demo_msgs' with the following arguments: {'ament_cmake_args': None, 'build_base': '/home/mosalam/robot_ws/build/serial_motor_demo_msgs', 'catkin_cmake_args': None, 'catkin_skip_building_tests': False, 'cmake_args': None, 'cmake_clean_cache': False, 'cmake_clean_first': False, 'cmake_force_configure': False, 'cmake_target': None, 'cmake_target_skip_unavailable': False, 'install_base': '/home/mosalam/robot_ws/install/serial_motor_demo_msgs', 'merge_install': False, 'path': '/home/mosalam/robot_ws/src/serial_motor_demo/serial_motor_demo_msgs', 'symlink_install': False, 'test_result_base': None}
[0.373s] Level 5:colcon.colcon_core.verb:set package 'urdf_tutorial' build argument 'cmake_args' from command line to 'None'
[0.373s] Level 5:colcon.colcon_core.verb:set package 'urdf_tutorial' build argument 'cmake_target' from command line to 'None'
[0.374s] Level 5:colcon.colcon_core.verb:set package 'urdf_tutorial' build argument 'cmake_target_skip_unavailable' from command line to 'False'
[0.374s] Level 5:colcon.colcon_core.verb:set package 'urdf_tutorial' build argument 'cmake_clean_cache' from command line to 'False'
[0.374s] Level 5:colcon.colcon_core.verb:set package 'urdf_tutorial' build argument 'cmake_clean_first' from command line to 'False'
[0.374s] Level 5:colcon.colcon_core.verb:set package 'urdf_tutorial' build argument 'cmake_force_configure' from command line to 'False'
[0.374s] Level 5:colcon.colcon_core.verb:set package 'urdf_tutorial' build argument 'ament_cmake_args' from command line to 'None'
[0.374s] Level 5:colcon.colcon_core.verb:set package 'urdf_tutorial' build argument 'catkin_cmake_args' from command line to 'None'
[0.374s] Level 5:colcon.colcon_core.verb:set package 'urdf_tutorial' build argument 'catkin_skip_building_tests' from command line to 'False'
[0.374s] DEBUG:colcon.colcon_core.verb:Building package 'urdf_tutorial' with the following arguments: {'ament_cmake_args': None, 'build_base': '/home/mosalam/robot_ws/build/urdf_tutorial', 'catkin_cmake_args': None, 'catkin_skip_building_tests': False, 'cmake_args': None, 'cmake_clean_cache': False, 'cmake_clean_first': False, 'cmake_force_configure': False, 'cmake_target': None, 'cmake_target_skip_unavailable': False, 'install_base': '/home/mosalam/robot_ws/install/urdf_tutorial', 'merge_install': False, 'path': '/home/mosalam/robot_ws/src/urdf_tutorial', 'symlink_install': False, 'test_result_base': None}
[0.374s] Level 5:colcon.colcon_core.verb:set package 'robot' build argument 'cmake_args' from command line to 'None'
[0.374s] Level 5:colcon.colcon_core.verb:set package 'robot' build argument 'cmake_target' from command line to 'None'
[0.374s] Level 5:colcon.colcon_core.verb:set package 'robot' build argument 'cmake_target_skip_unavailable' from command line to 'False'
[0.374s] Level 5:colcon.colcon_core.verb:set package 'robot' build argument 'cmake_clean_cache' from command line to 'False'
[0.374s] Level 5:colcon.colcon_core.verb:set package 'robot' build argument 'cmake_clean_first' from command line to 'False'
[0.374s] Level 5:colcon.colcon_core.verb:set package 'robot' build argument 'cmake_force_configure' from command line to 'False'
[0.374s] Level 5:colcon.colcon_core.verb:set package 'robot' build argument 'ament_cmake_args' from command line to 'None'
[0.374s] Level 5:colcon.colcon_core.verb:set package 'robot' build argument 'catkin_cmake_args' from command line to 'None'
[0.374s] Level 5:colcon.colcon_core.verb:set package 'robot' build argument 'catkin_skip_building_tests' from command line to 'False'
[0.374s] DEBUG:colcon.colcon_core.verb:Building package 'robot' with the following arguments: {'ament_cmake_args': None, 'build_base': '/home/mosalam/robot_ws/build/robot', 'catkin_cmake_args': None, 'catkin_skip_building_tests': False, 'cmake_args': None, 'cmake_clean_cache': False, 'cmake_clean_first': False, 'cmake_force_configure': False, 'cmake_target': None, 'cmake_target_skip_unavailable': False, 'install_base': '/home/mosalam/robot_ws/install/robot', 'merge_install': False, 'path': '/home/mosalam/robot_ws/src/robot', 'symlink_install': False, 'test_result_base': None}
[0.375s] Level 5:colcon.colcon_core.verb:set package 'serial_motor_demo' build argument 'cmake_args' from command line to 'None'
[0.375s] Level 5:colcon.colcon_core.verb:set package 'serial_motor_demo' build argument 'cmake_target' from command line to 'None'
[0.375s] Level 5:colcon.colcon_core.verb:set package 'serial_motor_demo' build argument 'cmake_target_skip_unavailable' from command line to 'False'
[0.375s] Level 5:colcon.colcon_core.verb:set package 'serial_motor_demo' build argument 'cmake_clean_cache' from command line to 'False'
[0.375s] Level 5:colcon.colcon_core.verb:set package 'serial_motor_demo' build argument 'cmake_clean_first' from command line to 'False'
[0.375s] Level 5:colcon.colcon_core.verb:set package 'serial_motor_demo' build argument 'cmake_force_configure' from command line to 'False'
[0.375s] Level 5:colcon.colcon_core.verb:set package 'serial_motor_demo' build argument 'ament_cmake_args' from command line to 'None'
[0.375s] Level 5:colcon.colcon_core.verb:set package 'serial_motor_demo' build argument 'catkin_cmake_args' from command line to 'None'
[0.375s] Level 5:colcon.colcon_core.verb:set package 'serial_motor_demo' build argument 'catkin_skip_building_tests' from command line to 'False'
[0.375s] DEBUG:colcon.colcon_core.verb:Building package 'serial_motor_demo' with the following arguments: {'ament_cmake_args': None, 'build_base': '/home/mosalam/robot_ws/build/serial_motor_demo', 'catkin_cmake_args': None, 'catkin_skip_building_tests': False, 'cmake_args': None, 'cmake_clean_cache': False, 'cmake_clean_first': False, 'cmake_force_configure': False, 'cmake_target': None, 'cmake_target_skip_unavailable': False, 'install_base': '/home/mosalam/robot_ws/install/serial_motor_demo', 'merge_install': False, 'path': '/home/mosalam/robot_ws/src/serial_motor_demo/serial_motor_demo', 'symlink_install': False, 'test_result_base': None}
[0.375s] INFO:colcon.colcon_core.executor:Executing jobs using 'parallel' executor
[0.376s] DEBUG:colcon.colcon_parallel_executor.executor.parallel:run_until_complete
[0.376s] INFO:colcon.colcon_ros.task.ament_cmake.build:Building ROS package in '/home/mosalam/robot_ws/src/serial_motor_demo/serial_motor_demo_msgs' with build type 'ament_cmake'
[0.376s] INFO:colcon.colcon_cmake.task.cmake.build:Building CMake package in '/home/mosalam/robot_ws/src/serial_motor_demo/serial_motor_demo_msgs'
[0.379s] INFO:colcon.colcon_core.plugin_system:Skipping extension 'colcon_core.shell.bat': Not used on non-Windows systems
[0.379s] INFO:colcon.colcon_core.shell:Skip shell extension 'powershell' for command environment: Not usable outside of PowerShell
[0.379s] DEBUG:colcon.colcon_core.shell:Skip shell extension 'dsv' for command environment
[0.383s] INFO:colcon.colcon_ros.task.ament_cmake.build:Building ROS package in '/home/mosalam/robot_ws/src/urdf_tutorial' with build type 'ament_cmake'
[0.383s] INFO:colcon.colcon_cmake.task.cmake.build:Building CMake package in '/home/mosalam/robot_ws/src/urdf_tutorial'
[0.383s] INFO:colcon.colcon_core.shell:Skip shell extension 'powershell' for command environment: Not usable outside of PowerShell
[0.383s] DEBUG:colcon.colcon_core.shell:Skip shell extension 'dsv' for command environment
[0.387s] INFO:colcon.colcon_ros.task.ament_cmake.build:Building ROS package in '/home/mosalam/robot_ws/src/diffdrive_arduino' with build type 'ament_cmake'
[0.387s] INFO:colcon.colcon_cmake.task.cmake.build:Building CMake package in '/home/mosalam/robot_ws/src/diffdrive_arduino'
[0.387s] INFO:colcon.colcon_core.shell:Skip shell extension 'powershell' for command environment: Not usable outside of PowerShell
[0.387s] DEBUG:colcon.colcon_core.shell:Skip shell extension 'dsv' for command environment
[0.391s] INFO:colcon.colcon_ros.task.ament_cmake.build:Building ROS package in '/home/mosalam/robot_ws/src/rplidar_ros2' with build type 'ament_cmake'
[0.391s] INFO:colcon.colcon_cmake.task.cmake.build:Building CMake package in '/home/mosalam/robot_ws/src/rplidar_ros2'
[0.391s] INFO:colcon.colcon_core.shell:Skip shell extension 'powershell' for command environment: Not usable outside of PowerShell
[0.391s] DEBUG:colcon.colcon_core.shell:Skip shell extension 'dsv' for command environment
[0.400s] DEBUG:colcon.colcon_core.event_handler.log_command:Invoking command in '/home/mosalam/robot_ws/build/serial_motor_demo_msgs': CMAKE_PREFIX_PATH=${CMAKE_PREFIX_PATH}:/home/mosalam/robot_ws/install/serial_motor_demo:/opt/ros/humble /usr/bin/cmake --build /home/mosalam/robot_ws/build/serial_motor_demo_msgs -- -j4 -l4
[0.404s] DEBUG:colcon.colcon_core.event_handler.log_command:Invoking command in '/home/mosalam/robot_ws/build/urdf_tutorial': CMAKE_PREFIX_PATH=${CMAKE_PREFIX_PATH}:/home/mosalam/robot_ws/install/serial_motor_demo:/opt/ros/humble /usr/bin/cmake --build /home/mosalam/robot_ws/build/urdf_tutorial -- -j4 -l4
[0.415s] DEBUG:colcon.colcon_core.event_handler.log_command:Invoking command in '/home/mosalam/robot_ws/build/diffdrive_arduino': CMAKE_PREFIX_PATH=${CMAKE_PREFIX_PATH}:/home/mosalam/robot_ws/install/serial_motor_demo:/opt/ros/humble /usr/bin/cmake --build /home/mosalam/robot_ws/build/diffdrive_arduino -- -j4 -l4
[0.416s] DEBUG:colcon.colcon_core.event_handler.log_command:Invoking command in '/home/mosalam/robot_ws/build/rplidar_ros': CMAKE_PREFIX_PATH=${CMAKE_PREFIX_PATH}:/home/mosalam/robot_ws/install/serial_motor_demo:/opt/ros/humble /usr/bin/cmake --build /home/mosalam/robot_ws/build/rplidar_ros -- -j4 -l4
[0.469s] DEBUG:colcon.colcon_core.event_handler.log_command:Invoked command in '/home/mosalam/robot_ws/build/urdf_tutorial' returned '0': CMAKE_PREFIX_PATH=${CMAKE_PREFIX_PATH}:/home/mosalam/robot_ws/install/serial_motor_demo:/opt/ros/humble /usr/bin/cmake --build /home/mosalam/robot_ws/build/urdf_tutorial -- -j4 -l4
[0.482s] DEBUG:colcon.colcon_core.event_handler.log_command:Invoking command in '/home/mosalam/robot_ws/build/urdf_tutorial': CMAKE_PREFIX_PATH=${CMAKE_PREFIX_PATH}:/home/mosalam/robot_ws/install/serial_motor_demo:/opt/ros/humble /usr/bin/cmake --install /home/mosalam/robot_ws/build/urdf_tutorial
[0.550s] DEBUG:colcon.colcon_core.event_handler.log_command:Invoked command in '/home/mosalam/robot_ws/build/diffdrive_arduino' returned '0': CMAKE_PREFIX_PATH=${CMAKE_PREFIX_PATH}:/home/mosalam/robot_ws/install/serial_motor_demo:/opt/ros/humble /usr/bin/cmake --build /home/mosalam/robot_ws/build/diffdrive_arduino -- -j4 -l4
[0.551s] DEBUG:colcon.colcon_core.event_handler.log_command:Invoking command in '/home/mosalam/robot_ws/build/diffdrive_arduino': CMAKE_PREFIX_PATH=${CMAKE_PREFIX_PATH}:/home/mosalam/robot_ws/install/serial_motor_demo:/opt/ros/humble /usr/bin/cmake --install /home/mosalam/robot_ws/build/diffdrive_arduino
[0.553s] Level 1:colcon.colcon_core.environment:create_environment_scripts_only(urdf_tutorial)
[0.554s] DEBUG:colcon.colcon_core.event_handler.log_command:Invoked command in '/home/mosalam/robot_ws/build/urdf_tutorial' returned '0': CMAKE_PREFIX_PATH=${CMAKE_PREFIX_PATH}:/home/mosalam/robot_ws/install/serial_motor_demo:/opt/ros/humble /usr/bin/cmake --install /home/mosalam/robot_ws/build/urdf_tutorial
[0.558s] Level 1:colcon.colcon_core.environment:checking '/home/mosalam/robot_ws/install/urdf_tutorial' for CMake module files
[0.558s] Level 1:colcon.colcon_core.environment:checking '/home/mosalam/robot_ws/install/urdf_tutorial' for CMake config files
[0.559s] Level 1:colcon.colcon_core.shell:create_environment_hook('urdf_tutorial', 'cmake_prefix_path')
[0.559s] INFO:colcon.colcon_core.shell:Creating environment hook '/home/mosalam/robot_ws/install/urdf_tutorial/share/urdf_tutorial/hook/cmake_prefix_path.ps1'
[0.561s] INFO:colcon.colcon_core.shell:Creating environment descriptor '/home/mosalam/robot_ws/install/urdf_tutorial/share/urdf_tutorial/hook/cmake_prefix_path.dsv'
[0.561s] INFO:colcon.colcon_core.shell:Creating environment hook '/home/mosalam/robot_ws/install/urdf_tutorial/share/urdf_tutorial/hook/cmake_prefix_path.sh'
[0.563s] Level 1:colcon.colcon_core.environment:checking '/home/mosalam/robot_ws/install/urdf_tutorial/bin'
[0.563s] Level 1:colcon.colcon_core.environment:checking '/home/mosalam/robot_ws/install/urdf_tutorial/lib/pkgconfig/urdf_tutorial.pc'
[0.564s] Level 1:colcon.colcon_core.environment:checking '/home/mosalam/robot_ws/install/urdf_tutorial/lib/python3.10/site-packages'
[0.564s] Level 1:colcon.colcon_core.environment:checking '/home/mosalam/robot_ws/install/urdf_tutorial/bin'
[0.565s] INFO:colcon.colcon_core.shell:Creating package script '/home/mosalam/robot_ws/install/urdf_tutorial/share/urdf_tutorial/package.ps1'
[0.567s] INFO:colcon.colcon_core.shell:Creating package descriptor '/home/mosalam/robot_ws/install/urdf_tutorial/share/urdf_tutorial/package.dsv'
[0.568s] INFO:colcon.colcon_core.shell:Creating package script '/home/mosalam/robot_ws/install/urdf_tutorial/share/urdf_tutorial/package.sh'
[0.570s] INFO:colcon.colcon_core.shell:Creating package script '/home/mosalam/robot_ws/install/urdf_tutorial/share/urdf_tutorial/package.bash'
[0.572s] INFO:colcon.colcon_core.shell:Creating package script '/home/mosalam/robot_ws/install/urdf_tutorial/share/urdf_tutorial/package.zsh'
[0.573s] Level 1:colcon.colcon_core.environment:create_file_with_runtime_dependencies(/home/mosalam/robot_ws/install/urdf_tutorial/share/colcon-core/packages/urdf_tutorial)
[0.577s] Level 1:colcon.colcon_core.environment:create_environment_scripts_only(urdf_tutorial)
[0.577s] Level 1:colcon.colcon_core.environment:checking '/home/mosalam/robot_ws/install/urdf_tutorial' for CMake module files
[0.581s] Level 1:colcon.colcon_core.environment:checking '/home/mosalam/robot_ws/install/urdf_tutorial' for CMake config files
[0.582s] Level 1:colcon.colcon_core.shell:create_environment_hook('urdf_tutorial', 'cmake_prefix_path')
[0.583s] INFO:colcon.colcon_core.shell:Creating environment hook '/home/mosalam/robot_ws/install/urdf_tutorial/share/urdf_tutorial/hook/cmake_prefix_path.ps1'
[0.585s] INFO:colcon.colcon_core.shell:Creating environment descriptor '/home/mosalam/robot_ws/install/urdf_tutorial/share/urdf_tutorial/hook/cmake_prefix_path.dsv'
[0.586s] INFO:colcon.colcon_core.shell:Creating environment hook '/home/mosalam/robot_ws/install/urdf_tutorial/share/urdf_tutorial/hook/cmake_prefix_path.sh'
[0.588s] Level 1:colcon.colcon_core.environment:checking '/home/mosalam/robot_ws/install/urdf_tutorial/bin'
[0.588s] Level 1:colcon.colcon_core.environment:checking '/home/mosalam/robot_ws/install/urdf_tutorial/lib/pkgconfig/urdf_tutorial.pc'
[0.589s] Level 1:colcon.colcon_core.environment:checking '/home/mosalam/robot_ws/install/urdf_tutorial/lib/python3.10/site-packages'
[0.589s] Level 1:colcon.colcon_core.environment:checking '/home/mosalam/robot_ws/install/urdf_tutorial/bin'
[0.590s] INFO:colcon.colcon_core.shell:Creating package script '/home/mosalam/robot_ws/install/urdf_tutorial/share/urdf_tutorial/package.ps1'
[0.591s] INFO:colcon.colcon_core.shell:Creating package descriptor '/home/mosalam/robot_ws/install/urdf_tutorial/share/urdf_tutorial/package.dsv'
[0.592s] INFO:colcon.colcon_core.shell:Creating package script '/home/mosalam/robot_ws/install/urdf_tutorial/share/urdf_tutorial/package.sh'
[0.593s] INFO:colcon.colcon_core.shell:Creating package script '/home/mosalam/robot_ws/install/urdf_tutorial/share/urdf_tutorial/package.bash'
[0.593s] INFO:colcon.colcon_core.shell:Creating package script '/home/mosalam/robot_ws/install/urdf_tutorial/share/urdf_tutorial/package.zsh'
[0.594s] Level 1:colcon.colcon_core.environment:create_file_with_runtime_dependencies(/home/mosalam/robot_ws/install/urdf_tutorial/share/colcon-core/packages/urdf_tutorial)
[0.594s] INFO:colcon.colcon_ros.task.ament_cmake.build:Building ROS package in '/home/mosalam/robot_ws/src/serial' with build type 'ament_cmake'
[0.595s] INFO:colcon.colcon_cmake.task.cmake.build:Building CMake package in '/home/mosalam/robot_ws/src/serial'
[0.595s] INFO:colcon.colcon_core.shell:Skip shell extension 'powershell' for command environment: Not usable outside of PowerShell
[0.596s] DEBUG:colcon.colcon_core.shell:Skip shell extension 'dsv' for command environment
[0.617s] DEBUG:colcon.colcon_core.event_handler.log_command:Invoking command in '/home/mosalam/robot_ws/build/serial': CMAKE_PREFIX_PATH=${CMAKE_PREFIX_PATH}:/home/mosalam/robot_ws/install/serial_motor_demo:/opt/ros/humble /usr/bin/cmake --build /home/mosalam/robot_ws/build/serial -- -j4 -l4
[0.623s] Level 1:colcon.colcon_core.environment:create_environment_scripts_only(diffdrive_arduino)
[0.624s] Level 1:colcon.colcon_core.environment:checking '/home/mosalam/robot_ws/install/diffdrive_arduino' for CMake module files
[0.624s] Level 1:colcon.colcon_core.environment:checking '/home/mosalam/robot_ws/install/diffdrive_arduino' for CMake config files
[0.625s] DEBUG:colcon.colcon_core.event_handler.log_command:Invoked command in '/home/mosalam/robot_ws/build/diffdrive_arduino' returned '0': CMAKE_PREFIX_PATH=${CMAKE_PREFIX_PATH}:/home/mosalam/robot_ws/install/serial_motor_demo:/opt/ros/humble /usr/bin/cmake --install /home/mosalam/robot_ws/build/diffdrive_arduino
[0.626s] Level 1:colcon.colcon_core.shell:create_environment_hook('diffdrive_arduino', 'cmake_prefix_path')
[0.626s] INFO:colcon.colcon_core.shell:Creating environment hook '/home/mosalam/robot_ws/install/diffdrive_arduino/share/diffdrive_arduino/hook/cmake_prefix_path.ps1'
[0.627s] INFO:colcon.colcon_core.shell:Creating environment descriptor '/home/mosalam/robot_ws/install/diffdrive_arduino/share/diffdrive_arduino/hook/cmake_prefix_path.dsv'
[0.628s] INFO:colcon.colcon_core.shell:Creating environment hook '/home/mosalam/robot_ws/install/diffdrive_arduino/share/diffdrive_arduino/hook/cmake_prefix_path.sh'
[0.629s] Level 1:colcon.colcon_core.environment:checking '/home/mosalam/robot_ws/install/diffdrive_arduino/lib'
[0.629s] Level 1:colcon.colcon_core.shell:create_environment_hook('diffdrive_arduino', 'ld_library_path_lib')
[0.629s] INFO:colcon.colcon_core.shell:Creating environment hook '/home/mosalam/robot_ws/install/diffdrive_arduino/share/diffdrive_arduino/hook/ld_library_path_lib.ps1'
[0.630s] INFO:colcon.colcon_core.shell:Creating environment descriptor '/home/mosalam/robot_ws/install/diffdrive_arduino/share/diffdrive_arduino/hook/ld_library_path_lib.dsv'
[0.631s] INFO:colcon.colcon_core.shell:Creating environment hook '/home/mosalam/robot_ws/install/diffdrive_arduino/share/diffdrive_arduino/hook/ld_library_path_lib.sh'
[0.631s] Level 1:colcon.colcon_core.environment:checking '/home/mosalam/robot_ws/install/diffdrive_arduino/bin'
[0.632s] Level 1:colcon.colcon_core.environment:checking '/home/mosalam/robot_ws/install/diffdrive_arduino/lib/pkgconfig/diffdrive_arduino.pc'
[0.632s] Level 1:colcon.colcon_core.environment:checking '/home/mosalam/robot_ws/install/diffdrive_arduino/lib/python3.10/site-packages'
[0.632s] Level 1:colcon.colcon_core.environment:checking '/home/mosalam/robot_ws/install/diffdrive_arduino/bin'
[0.633s] INFO:colcon.colcon_core.shell:Creating package script '/home/mosalam/robot_ws/install/diffdrive_arduino/share/diffdrive_arduino/package.ps1'
[0.635s] INFO:colcon.colcon_core.shell:Creating package descriptor '/home/mosalam/robot_ws/install/diffdrive_arduino/share/diffdrive_arduino/package.dsv'
[0.636s] INFO:colcon.colcon_core.shell:Creating package script '/home/mosalam/robot_ws/install/diffdrive_arduino/share/diffdrive_arduino/package.sh'
[0.637s] INFO:colcon.colcon_core.shell:Creating package script '/home/mosalam/robot_ws/install/diffdrive_arduino/share/diffdrive_arduino/package.bash'
[0.637s] INFO:colcon.colcon_core.shell:Creating package script '/home/mosalam/robot_ws/install/diffdrive_arduino/share/diffdrive_arduino/package.zsh'
[0.638s] Level 1:colcon.colcon_core.environment:create_file_with_runtime_dependencies(/home/mosalam/robot_ws/install/diffdrive_arduino/share/colcon-core/packages/diffdrive_arduino)
[0.639s] Level 1:colcon.colcon_core.environment:create_environment_scripts_only(diffdrive_arduino)
[0.640s] Level 1:colcon.colcon_core.environment:checking '/home/mosalam/robot_ws/install/diffdrive_arduino' for CMake module files
[0.640s] Level 1:colcon.colcon_core.environment:checking '/home/mosalam/robot_ws/install/diffdrive_arduino' for CMake config files
[0.641s] Level 1:colcon.colcon_core.shell:create_environment_hook('diffdrive_arduino', 'cmake_prefix_path')
[0.642s] INFO:colcon.colcon_core.shell:Creating environment hook '/home/mosalam/robot_ws/install/diffdrive_arduino/share/diffdrive_arduino/hook/cmake_prefix_path.ps1'
[0.642s] INFO:colcon.colcon_core.shell:Creating environment descriptor '/home/mosalam/robot_ws/install/diffdrive_arduino/share/diffdrive_arduino/hook/cmake_prefix_path.dsv'
[0.643s] INFO:colcon.colcon_core.shell:Creating environment hook '/home/mosalam/robot_ws/install/diffdrive_arduino/share/diffdrive_arduino/hook/cmake_prefix_path.sh'
[0.644s] Level 1:colcon.colcon_core.environment:checking '/home/mosalam/robot_ws/install/diffdrive_arduino/lib'
[0.644s] Level 1:colcon.colcon_core.shell:create_environment_hook('diffdrive_arduino', 'ld_library_path_lib')
[0.644s] INFO:colcon.colcon_core.shell:Creating environment hook '/home/mosalam/robot_ws/install/diffdrive_arduino/share/diffdrive_arduino/hook/ld_library_path_lib.ps1'
[0.645s] INFO:colcon.colcon_core.shell:Creating environment descriptor '/home/mosalam/robot_ws/install/diffdrive_arduino/share/diffdrive_arduino/hook/ld_library_path_lib.dsv'
[0.646s] INFO:colcon.colcon_core.shell:Creating environment hook '/home/mosalam/robot_ws/install/diffdrive_arduino/share/diffdrive_arduino/hook/ld_library_path_lib.sh'
[0.646s] Level 1:colcon.colcon_core.environment:checking '/home/mosalam/robot_ws/install/diffdrive_arduino/bin'
[0.646s] Level 1:colcon.colcon_core.environment:checking '/home/mosalam/robot_ws/install/diffdrive_arduino/lib/pkgconfig/diffdrive_arduino.pc'
[0.647s] Level 1:colcon.colcon_core.environment:checking '/home/mosalam/robot_ws/install/diffdrive_arduino/lib/python3.10/site-packages'
[0.647s] Level 1:colcon.colcon_core.environment:checking '/home/mosalam/robot_ws/install/diffdrive_arduino/bin'
[0.648s] INFO:colcon.colcon_core.shell:Creating package script '/home/mosalam/robot_ws/install/diffdrive_arduino/share/diffdrive_arduino/package.ps1'
[0.649s] INFO:colcon.colcon_core.shell:Creating package descriptor '/home/mosalam/robot_ws/install/diffdrive_arduino/share/diffdrive_arduino/package.dsv'
[0.650s] INFO:colcon.colcon_core.shell:Creating package script '/home/mosalam/robot_ws/install/diffdrive_arduino/share/diffdrive_arduino/package.sh'
[0.651s] INFO:colcon.colcon_core.shell:Creating package script '/home/mosalam/robot_ws/install/diffdrive_arduino/share/diffdrive_arduino/package.bash'
[0.651s] INFO:colcon.colcon_core.shell:Creating package script '/home/mosalam/robot_ws/install/diffdrive_arduino/share/diffdrive_arduino/package.zsh'
[0.652s] Level 1:colcon.colcon_core.environment:create_file_with_runtime_dependencies(/home/mosalam/robot_ws/install/diffdrive_arduino/share/colcon-core/packages/diffdrive_arduino)
[0.653s] INFO:colcon.colcon_ros.task.ament_cmake.build:Building ROS package in '/home/mosalam/robot_ws/src/robot' with build type 'ament_cmake'
[0.654s] INFO:colcon.colcon_cmake.task.cmake.build:Building CMake package in '/home/mosalam/robot_ws/src/robot'
[0.654s] INFO:colcon.colcon_core.shell:Skip shell extension 'powershell' for command environment: Not usable outside of PowerShell
[0.655s] DEBUG:colcon.colcon_core.shell:Skip shell extension 'dsv' for command environment
[0.670s] DEBUG:colcon.colcon_core.event_handler.log_command:Invoked command in '/home/mosalam/robot_ws/build/rplidar_ros' returned '0': CMAKE_PREFIX_PATH=${CMAKE_PREFIX_PATH}:/home/mosalam/robot_ws/install/serial_motor_demo:/opt/ros/humble /usr/bin/cmake --build /home/mosalam/robot_ws/build/rplidar_ros -- -j4 -l4
[0.670s] DEBUG:colcon.colcon_core.event_handler.log_command:Invoking command in '/home/mosalam/robot_ws/build/rplidar_ros': CMAKE_PREFIX_PATH=${CMAKE_PREFIX_PATH}:/home/mosalam/robot_ws/install/serial_motor_demo:/opt/ros/humble /usr/bin/cmake --install /home/mosalam/robot_ws/build/rplidar_ros
[0.682s] DEBUG:colcon.colcon_core.event_handler.log_command:Invoking command in '/home/mosalam/robot_ws/build/robot': CMAKE_PREFIX_PATH=/home/mosalam/robot_ws/install/urdf_tutorial:/home/mosalam/robot_ws/install/robot:/home/mosalam/robot_ws/install/serial_motor_demo_msgs:/home/mosalam/robot_ws/install/serial:/home/mosalam/robot_ws/install/rplidar_ros:/home/mosalam/robot_ws/install/diffdrive_arduino:/home/mosalam/robot_ws/install/serial_motor_demo:/opt/ros/humble /usr/bin/cmake --build /home/mosalam/robot_ws/build/robot -- -j4 -l4
[0.711s] Level 1:colcon.colcon_core.environment:create_environment_scripts_only(rplidar_ros)
[0.712s] Level 1:colcon.colcon_core.environment:checking '/home/mosalam/robot_ws/install/rplidar_ros' for CMake module files
[0.713s] Level 1:colcon.colcon_core.environment:checking '/home/mosalam/robot_ws/install/rplidar_ros' for CMake config files
[0.713s] Level 1:colcon.colcon_core.shell:create_environment_hook('rplidar_ros', 'cmake_prefix_path')
[0.714s] INFO:colcon.colcon_core.shell:Creating environment hook '/home/mosalam/robot_ws/install/rplidar_ros/share/rplidar_ros/hook/cmake_prefix_path.ps1'
[0.719s] DEBUG:colcon.colcon_core.event_handler.log_command:Invoked command in '/home/mosalam/robot_ws/build/rplidar_ros' returned '0': CMAKE_PREFIX_PATH=${CMAKE_PREFIX_PATH}:/home/mosalam/robot_ws/install/serial_motor_demo:/opt/ros/humble /usr/bin/cmake --install /home/mosalam/robot_ws/build/rplidar_ros
[0.720s] INFO:colcon.colcon_core.shell:Creating environment descriptor '/home/mosalam/robot_ws/install/rplidar_ros/share/rplidar_ros/hook/cmake_prefix_path.dsv'
[0.720s] INFO:colcon.colcon_core.shell:Creating environment hook '/home/mosalam/robot_ws/install/rplidar_ros/share/rplidar_ros/hook/cmake_prefix_path.sh'
[0.721s] Level 1:colcon.colcon_core.environment:checking '/home/mosalam/robot_ws/install/rplidar_ros/lib'
[0.721s] Level 1:colcon.colcon_core.shell:create_environment_hook('rplidar_ros', 'ld_library_path_lib')
[0.723s] INFO:colcon.colcon_core.shell:Creating environment hook '/home/mosalam/robot_ws/install/rplidar_ros/share/rplidar_ros/hook/ld_library_path_lib.ps1'
[0.724s] INFO:colcon.colcon_core.shell:Creating environment descriptor '/home/mosalam/robot_ws/install/rplidar_ros/share/rplidar_ros/hook/ld_library_path_lib.dsv'
[0.725s] INFO:colcon.colcon_core.shell:Creating environment hook '/home/mosalam/robot_ws/install/rplidar_ros/share/rplidar_ros/hook/ld_library_path_lib.sh'
[0.727s] Level 1:colcon.colcon_core.environment:checking '/home/mosalam/robot_ws/install/rplidar_ros/bin'
[0.727s] Level 1:colcon.colcon_core.environment:checking '/home/mosalam/robot_ws/install/rplidar_ros/lib/pkgconfig/rplidar_ros.pc'
[0.727s] Level 1:colcon.colcon_core.environment:checking '/home/mosalam/robot_ws/install/rplidar_ros/lib/python3.10/site-packages'
[0.728s] Level 1:colcon.colcon_core.environment:checking '/home/mosalam/robot_ws/install/rplidar_ros/bin'
[0.731s] INFO:colcon.colcon_core.shell:Creating package script '/home/mosalam/robot_ws/install/rplidar_ros/share/rplidar_ros/package.ps1'
[0.735s] INFO:colcon.colcon_core.shell:Creating package descriptor '/home/mosalam/robot_ws/install/rplidar_ros/share/rplidar_ros/package.dsv'
[0.736s] INFO:colcon.colcon_core.shell:Creating package script '/home/mosalam/robot_ws/install/rplidar_ros/share/rplidar_ros/package.sh'
[0.737s] INFO:colcon.colcon_core.shell:Creating package script '/home/mosalam/robot_ws/install/rplidar_ros/share/rplidar_ros/package.bash'
[0.738s] INFO:colcon.colcon_core.shell:Creating package script '/home/mosalam/robot_ws/install/rplidar_ros/share/rplidar_ros/package.zsh'
[0.739s] Level 1:colcon.colcon_core.environment:create_file_with_runtime_dependencies(/home/mosalam/robot_ws/install/rplidar_ros/share/colcon-core/packages/rplidar_ros)
[0.741s] Level 1:colcon.colcon_core.environment:create_environment_scripts_only(rplidar_ros)
[0.744s] Level 1:colcon.colcon_core.environment:checking '/home/mosalam/robot_ws/install/rplidar_ros' for CMake module files
[0.745s] Level 1:colcon.colcon_core.environment:checking '/home/mosalam/robot_ws/install/rplidar_ros' for CMake config files
[0.746s] Level 1:colcon.colcon_core.shell:create_environment_hook('rplidar_ros', 'cmake_prefix_path')
[0.746s] INFO:colcon.colcon_core.shell:Creating environment hook '/home/mosalam/robot_ws/install/rplidar_ros/share/rplidar_ros/hook/cmake_prefix_path.ps1'
[0.747s] INFO:colcon.colcon_core.shell:Creating environment descriptor '/home/mosalam/robot_ws/install/rplidar_ros/share/rplidar_ros/hook/cmake_prefix_path.dsv'
[0.751s] INFO:colcon.colcon_core.shell:Creating environment hook '/home/mosalam/robot_ws/install/rplidar_ros/share/rplidar_ros/hook/cmake_prefix_path.sh'
[0.752s] Level 1:colcon.colcon_core.environment:checking '/home/mosalam/robot_ws/install/rplidar_ros/lib'
[0.752s] Level 1:colcon.colcon_core.shell:create_environment_hook('rplidar_ros', 'ld_library_path_lib')
[0.754s] INFO:colcon.colcon_core.shell:Creating environment hook '/home/mosalam/robot_ws/install/rplidar_ros/share/rplidar_ros/hook/ld_library_path_lib.ps1'
[0.757s] INFO:colcon.colcon_core.shell:Creating environment descriptor '/home/mosalam/robot_ws/install/rplidar_ros/share/rplidar_ros/hook/ld_library_path_lib.dsv'
[0.757s] INFO:colcon.colcon_core.shell:Creating environment hook '/home/mosalam/robot_ws/install/rplidar_ros/share/rplidar_ros/hook/ld_library_path_lib.sh'
[0.759s] Level 1:colcon.colcon_core.environment:checking '/home/mosalam/robot_ws/install/rplidar_ros/bin'
[0.760s] Level 1:colcon.colcon_core.environment:checking '/home/mosalam/robot_ws/install/rplidar_ros/lib/pkgconfig/rplidar_ros.pc'
[0.760s] Level 1:colcon.colcon_core.environment:checking '/home/mosalam/robot_ws/install/rplidar_ros/lib/python3.10/site-packages'
[0.761s] Level 1:colcon.colcon_core.environment:checking '/home/mosalam/robot_ws/install/rplidar_ros/bin'
[0.761s] INFO:colcon.colcon_core.shell:Creating package script '/home/mosalam/robot_ws/install/rplidar_ros/share/rplidar_ros/package.ps1'
[0.768s] INFO:colcon.colcon_core.shell:Creating package descriptor '/home/mosalam/robot_ws/install/rplidar_ros/share/rplidar_ros/package.dsv'
[0.769s] INFO:colcon.colcon_core.shell:Creating package script '/home/mosalam/robot_ws/install/rplidar_ros/share/rplidar_ros/package.sh'
[0.770s] INFO:colcon.colcon_core.shell:Creating package script '/home/mosalam/robot_ws/install/rplidar_ros/share/rplidar_ros/package.bash'
[0.772s] INFO:colcon.colcon_core.shell:Creating package script '/home/mosalam/robot_ws/install/rplidar_ros/share/rplidar_ros/package.zsh'
[0.773s] Level 1:colcon.colcon_core.environment:create_file_with_runtime_dependencies(/home/mosalam/robot_ws/install/rplidar_ros/share/colcon-core/packages/rplidar_ros)
[0.785s] DEBUG:colcon.colcon_core.event_handler.log_command:Invoked command in '/home/mosalam/robot_ws/build/robot' returned '0': CMAKE_PREFIX_PATH=/home/mosalam/robot_ws/install/urdf_tutorial:/home/mosalam/robot_ws/install/robot:/home/mosalam/robot_ws/install/serial_motor_demo_msgs:/home/mosalam/robot_ws/install/serial:/home/mosalam/robot_ws/install/rplidar_ros:/home/mosalam/robot_ws/install/diffdrive_arduino:/home/mosalam/robot_ws/install/serial_motor_demo:/opt/ros/humble /usr/bin/cmake --build /home/mosalam/robot_ws/build/robot -- -j4 -l4
[0.785s] DEBUG:colcon.colcon_core.event_handler.log_command:Invoking command in '/home/mosalam/robot_ws/build/robot': CMAKE_PREFIX_PATH=/home/mosalam/robot_ws/install/urdf_tutorial:/home/mosalam/robot_ws/install/robot:/home/mosalam/robot_ws/install/serial_motor_demo_msgs:/home/mosalam/robot_ws/install/serial:/home/mosalam/robot_ws/install/rplidar_ros:/home/mosalam/robot_ws/install/diffdrive_arduino:/home/mosalam/robot_ws/install/serial_motor_demo:/opt/ros/humble /usr/bin/cmake --install /home/mosalam/robot_ws/build/robot
[0.833s] DEBUG:colcon.colcon_core.event_handler.log_command:Invoked command in '/home/mosalam/robot_ws/build/serial' returned '0': CMAKE_PREFIX_PATH=${CMAKE_PREFIX_PATH}:/home/mosalam/robot_ws/install/serial_motor_demo:/opt/ros/humble /usr/bin/cmake --build /home/mosalam/robot_ws/build/serial -- -j4 -l4
[0.835s] DEBUG:colcon.colcon_core.event_handler.log_command:Invoking command in '/home/mosalam/robot_ws/build/serial': CMAKE_PREFIX_PATH=${CMAKE_PREFIX_PATH}:/home/mosalam/robot_ws/install/serial_motor_demo:/opt/ros/humble /usr/bin/cmake --install /home/mosalam/robot_ws/build/serial
[0.850s] Level 1:colcon.colcon_core.environment:create_environment_scripts_only(robot)
[0.851s] Level 1:colcon.colcon_core.environment:checking '/home/mosalam/robot_ws/install/robot' for CMake module files
[0.852s] Level 1:colcon.colcon_core.environment:checking '/home/mosalam/robot_ws/install/robot' for CMake config files
[0.853s] Level 1:colcon.colcon_core.shell:create_environment_hook('robot', 'cmake_prefix_path')
[0.859s] INFO:colcon.colcon_core.shell:Creating environment hook '/home/mosalam/robot_ws/install/robot/share/robot/hook/cmake_prefix_path.ps1'
[0.859s] DEBUG:colcon.colcon_core.event_handler.log_command:Invoked command in '/home/mosalam/robot_ws/build/robot' returned '0': CMAKE_PREFIX_PATH=/home/mosalam/robot_ws/install/urdf_tutorial:/home/mosalam/robot_ws/install/robot:/home/mosalam/robot_ws/install/serial_motor_demo_msgs:/home/mosalam/robot_ws/install/serial:/home/mosalam/robot_ws/install/rplidar_ros:/home/mosalam/robot_ws/install/diffdrive_arduino:/home/mosalam/robot_ws/install/serial_motor_demo:/opt/ros/humble /usr/bin/cmake --install /home/mosalam/robot_ws/build/robot
[0.862s] INFO:colcon.colcon_core.shell:Creating environment descriptor '/home/mosalam/robot_ws/install/robot/share/robot/hook/cmake_prefix_path.dsv'
[0.863s] INFO:colcon.colcon_core.shell:Creating environment hook '/home/mosalam/robot_ws/install/robot/share/robot/hook/cmake_prefix_path.sh'
[0.864s] Level 1:colcon.colcon_core.environment:checking '/home/mosalam/robot_ws/install/robot/lib'
[0.864s] Level 1:colcon.colcon_core.environment:checking '/home/mosalam/robot_ws/install/robot/bin'
[0.864s] Level 1:colcon.colcon_core.environment:checking '/home/mosalam/robot_ws/install/robot/lib/pkgconfig/robot.pc'
[0.865s] Level 1:colcon.colcon_core.environment:checking '/home/mosalam/robot_ws/install/robot/lib/python3.10/site-packages'
[0.865s] Level 1:colcon.colcon_core.environment:checking '/home/mosalam/robot_ws/install/robot/bin'
[0.866s] INFO:colcon.colcon_core.shell:Creating package script '/home/mosalam/robot_ws/install/robot/share/robot/package.ps1'
[0.869s] INFO:colcon.colcon_core.shell:Creating package descriptor '/home/mosalam/robot_ws/install/robot/share/robot/package.dsv'
[0.869s] INFO:colcon.colcon_core.shell:Creating package script '/home/mosalam/robot_ws/install/robot/share/robot/package.sh'
[0.870s] INFO:colcon.colcon_core.shell:Creating package script '/home/mosalam/robot_ws/install/robot/share/robot/package.bash'
[0.871s] INFO:colcon.colcon_core.shell:Creating package script '/home/mosalam/robot_ws/install/robot/share/robot/package.zsh'
[0.872s] Level 1:colcon.colcon_core.environment:create_file_with_runtime_dependencies(/home/mosalam/robot_ws/install/robot/share/colcon-core/packages/robot)
[0.873s] Level 1:colcon.colcon_core.environment:create_environment_scripts_only(robot)
[0.873s] Level 1:colcon.colcon_core.environment:checking '/home/mosalam/robot_ws/install/robot' for CMake module files
[0.874s] Level 1:colcon.colcon_core.environment:checking '/home/mosalam/robot_ws/install/robot' for CMake config files
[0.875s] Level 1:colcon.colcon_core.shell:create_environment_hook('robot', 'cmake_prefix_path')
[0.875s] INFO:colcon.colcon_core.shell:Creating environment hook '/home/mosalam/robot_ws/install/robot/share/robot/hook/cmake_prefix_path.ps1'
[0.876s] INFO:colcon.colcon_core.shell:Creating environment descriptor '/home/mosalam/robot_ws/install/robot/share/robot/hook/cmake_prefix_path.dsv'
[0.877s] INFO:colcon.colcon_core.shell:Creating environment hook '/home/mosalam/robot_ws/install/robot/share/robot/hook/cmake_prefix_path.sh'
[0.878s] Level 1:colcon.colcon_core.environment:checking '/home/mosalam/robot_ws/install/robot/lib'
[0.878s] Level 1:colcon.colcon_core.environment:checking '/home/mosalam/robot_ws/install/robot/bin'
[0.878s] Level 1:colcon.colcon_core.environment:checking '/home/mosalam/robot_ws/install/robot/lib/pkgconfig/robot.pc'
[0.878s] Level 1:colcon.colcon_core.environment:checking '/home/mosalam/robot_ws/install/robot/lib/python3.10/site-packages'
[0.879s] Level 1:colcon.colcon_core.environment:checking '/home/mosalam/robot_ws/install/robot/bin'
[0.879s] INFO:colcon.colcon_core.shell:Creating package script '/home/mosalam/robot_ws/install/robot/share/robot/package.ps1'
[0.881s] INFO:colcon.colcon_core.shell:Creating package descriptor '/home/mosalam/robot_ws/install/robot/share/robot/package.dsv'
[0.882s] INFO:colcon.colcon_core.shell:Creating package script '/home/mosalam/robot_ws/install/robot/share/robot/package.sh'
[0.884s] INFO:colcon.colcon_core.shell:Creating package script '/home/mosalam/robot_ws/install/robot/share/robot/package.bash'
[0.885s] INFO:colcon.colcon_core.shell:Creating package script '/home/mosalam/robot_ws/install/robot/share/robot/package.zsh'
[0.886s] Level 1:colcon.colcon_core.environment:create_file_with_runtime_dependencies(/home/mosalam/robot_ws/install/robot/share/colcon-core/packages/robot)
[0.887s] Level 1:colcon.colcon_core.environment:create_environment_scripts_only(serial)
[0.888s] Level 1:colcon.colcon_core.environment:checking '/home/mosalam/robot_ws/install/serial' for CMake module files
[0.888s] DEBUG:colcon.colcon_core.event_handler.log_command:Invoked command in '/home/mosalam/robot_ws/build/serial' returned '0': CMAKE_PREFIX_PATH=${CMAKE_PREFIX_PATH}:/home/mosalam/robot_ws/install/serial_motor_demo:/opt/ros/humble /usr/bin/cmake --install /home/mosalam/robot_ws/build/serial
[0.889s] Level 1:colcon.colcon_core.environment:checking '/home/mosalam/robot_ws/install/serial' for CMake config files
[0.889s] Level 1:colcon.colcon_core.shell:create_environment_hook('serial', 'cmake_prefix_path')
[0.889s] INFO:colcon.colcon_core.shell:Creating environment hook '/home/mosalam/robot_ws/install/serial/share/serial/hook/cmake_prefix_path.ps1'
[0.890s] INFO:colcon.colcon_core.shell:Creating environment descriptor '/home/mosalam/robot_ws/install/serial/share/serial/hook/cmake_prefix_path.dsv'
[0.890s] INFO:colcon.colcon_core.shell:Creating environment hook '/home/mosalam/robot_ws/install/serial/share/serial/hook/cmake_prefix_path.sh'
[0.891s] Level 1:colcon.colcon_core.environment:checking '/home/mosalam/robot_ws/install/serial/lib'
[0.891s] Level 1:colcon.colcon_core.environment:checking '/home/mosalam/robot_ws/install/serial/bin'
[0.891s] Level 1:colcon.colcon_core.environment:checking '/home/mosalam/robot_ws/install/serial/lib/pkgconfig/serial.pc'
[0.891s] Level 1:colcon.colcon_core.environment:checking '/home/mosalam/robot_ws/install/serial/lib/python3.10/site-packages'
[0.891s] Level 1:colcon.colcon_core.environment:checking '/home/mosalam/robot_ws/install/serial/bin'
[0.892s] INFO:colcon.colcon_core.shell:Creating package script '/home/mosalam/robot_ws/install/serial/share/serial/package.ps1'
[0.892s] INFO:colcon.colcon_core.shell:Creating package descriptor '/home/mosalam/robot_ws/install/serial/share/serial/package.dsv'
[0.892s] INFO:colcon.colcon_core.shell:Creating package script '/home/mosalam/robot_ws/install/serial/share/serial/package.sh'
[0.893s] INFO:colcon.colcon_core.shell:Creating package script '/home/mosalam/robot_ws/install/serial/share/serial/package.bash'
[0.893s] INFO:colcon.colcon_core.shell:Creating package script '/home/mosalam/robot_ws/install/serial/share/serial/package.zsh'
[0.894s] Level 1:colcon.colcon_core.environment:create_file_with_runtime_dependencies(/home/mosalam/robot_ws/install/serial/share/colcon-core/packages/serial)
[0.894s] Level 1:colcon.colcon_core.environment:create_environment_scripts_only(serial)
[0.894s] Level 1:colcon.colcon_core.environment:checking '/home/mosalam/robot_ws/install/serial' for CMake module files
[0.895s] Level 1:colcon.colcon_core.environment:checking '/home/mosalam/robot_ws/install/serial' for CMake config files
[0.895s] Level 1:colcon.colcon_core.shell:create_environment_hook('serial', 'cmake_prefix_path')
[0.895s] INFO:colcon.colcon_core.shell:Creating environment hook '/home/mosalam/robot_ws/install/serial/share/serial/hook/cmake_prefix_path.ps1'
[0.896s] INFO:colcon.colcon_core.shell:Creating environment descriptor '/home/mosalam/robot_ws/install/serial/share/serial/hook/cmake_prefix_path.dsv'
[0.896s] INFO:colcon.colcon_core.shell:Creating environment hook '/home/mosalam/robot_ws/install/serial/share/serial/hook/cmake_prefix_path.sh'
[0.897s] Level 1:colcon.colcon_core.environment:checking '/home/mosalam/robot_ws/install/serial/lib'
[0.897s] Level 1:colcon.colcon_core.environment:checking '/home/mosalam/robot_ws/install/serial/bin'
[0.897s] Level 1:colcon.colcon_core.environment:checking '/home/mosalam/robot_ws/install/serial/lib/pkgconfig/serial.pc'
[0.897s] Level 1:colcon.colcon_core.environment:checking '/home/mosalam/robot_ws/install/serial/lib/python3.10/site-packages'
[0.897s] Level 1:colcon.colcon_core.environment:checking '/home/mosalam/robot_ws/install/serial/bin'
[0.898s] INFO:colcon.colcon_core.shell:Creating package script '/home/mosalam/robot_ws/install/serial/share/serial/package.ps1'
[0.898s] INFO:colcon.colcon_core.shell:Creating package descriptor '/home/mosalam/robot_ws/install/serial/share/serial/package.dsv'
[0.899s] INFO:colcon.colcon_core.shell:Creating package script '/home/mosalam/robot_ws/install/serial/share/serial/package.sh'
[0.899s] INFO:colcon.colcon_core.shell:Creating package script '/home/mosalam/robot_ws/install/serial/share/serial/package.bash'
[0.899s] INFO:colcon.colcon_core.shell:Creating package script '/home/mosalam/robot_ws/install/serial/share/serial/package.zsh'
[0.900s] Level 1:colcon.colcon_core.environment:create_file_with_runtime_dependencies(/home/mosalam/robot_ws/install/serial/share/colcon-core/packages/serial)
[1.044s] DEBUG:colcon.colcon_core.event_handler.log_command:Invoked command in '/home/mosalam/robot_ws/build/serial_motor_demo_msgs' returned '0': CMAKE_PREFIX_PATH=${CMAKE_PREFIX_PATH}:/home/mosalam/robot_ws/install/serial_motor_demo:/opt/ros/humble /usr/bin/cmake --build /home/mosalam/robot_ws/build/serial_motor_demo_msgs -- -j4 -l4
[1.046s] DEBUG:colcon.colcon_core.event_handler.log_command:Invoking command in '/home/mosalam/robot_ws/build/serial_motor_demo_msgs': CMAKE_PREFIX_PATH=${CMAKE_PREFIX_PATH}:/home/mosalam/robot_ws/install/serial_motor_demo:/opt/ros/humble /usr/bin/cmake --install /home/mosalam/robot_ws/build/serial_motor_demo_msgs
[1.129s] Level 1:colcon.colcon_core.environment:create_environment_scripts_only(serial_motor_demo_msgs)
[1.129s] Level 1:colcon.colcon_core.environment:checking '/home/mosalam/robot_ws/install/serial_motor_demo_msgs' for CMake module files
[1.130s] DEBUG:colcon.colcon_core.event_handler.log_command:Invoked command in '/home/mosalam/robot_ws/build/serial_motor_demo_msgs' returned '0': CMAKE_PREFIX_PATH=${CMAKE_PREFIX_PATH}:/home/mosalam/robot_ws/install/serial_motor_demo:/opt/ros/humble /usr/bin/cmake --install /home/mosalam/robot_ws/build/serial_motor_demo_msgs
[1.130s] Level 1:colcon.colcon_core.environment:checking '/home/mosalam/robot_ws/install/serial_motor_demo_msgs' for CMake config files
[1.131s] Level 1:colcon.colcon_core.shell:create_environment_hook('serial_motor_demo_msgs', 'cmake_prefix_path')
[1.131s] INFO:colcon.colcon_core.shell:Creating environment hook '/home/mosalam/robot_ws/install/serial_motor_demo_msgs/share/serial_motor_demo_msgs/hook/cmake_prefix_path.ps1'
[1.132s] INFO:colcon.colcon_core.shell:Creating environment descriptor '/home/mosalam/robot_ws/install/serial_motor_demo_msgs/share/serial_motor_demo_msgs/hook/cmake_prefix_path.dsv'
[1.132s] INFO:colcon.colcon_core.shell:Creating environment hook '/home/mosalam/robot_ws/install/serial_motor_demo_msgs/share/serial_motor_demo_msgs/hook/cmake_prefix_path.sh'
[1.133s] Level 1:colcon.colcon_core.environment:checking '/home/mosalam/robot_ws/install/serial_motor_demo_msgs/lib'
[1.133s] Level 1:colcon.colcon_core.shell:create_environment_hook('serial_motor_demo_msgs', 'ld_library_path_lib')
[1.133s] INFO:colcon.colcon_core.shell:Creating environment hook '/home/mosalam/robot_ws/install/serial_motor_demo_msgs/share/serial_motor_demo_msgs/hook/ld_library_path_lib.ps1'
[1.134s] INFO:colcon.colcon_core.shell:Creating environment descriptor '/home/mosalam/robot_ws/install/serial_motor_demo_msgs/share/serial_motor_demo_msgs/hook/ld_library_path_lib.dsv'
[1.134s] INFO:colcon.colcon_core.shell:Creating environment hook '/home/mosalam/robot_ws/install/serial_motor_demo_msgs/share/serial_motor_demo_msgs/hook/ld_library_path_lib.sh'
[1.134s] Level 1:colcon.colcon_core.environment:checking '/home/mosalam/robot_ws/install/serial_motor_demo_msgs/bin'
[1.134s] Level 1:colcon.colcon_core.environment:checking '/home/mosalam/robot_ws/install/serial_motor_demo_msgs/lib/pkgconfig/serial_motor_demo_msgs.pc'
[1.135s] Level 1:colcon.colcon_core.environment:checking '/home/mosalam/robot_ws/install/serial_motor_demo_msgs/lib/python3.10/site-packages'
[1.135s] Level 1:colcon.colcon_core.environment:checking '/home/mosalam/robot_ws/install/serial_motor_demo_msgs/bin'
[1.135s] INFO:colcon.colcon_core.shell:Creating package script '/home/mosalam/robot_ws/install/serial_motor_demo_msgs/share/serial_motor_demo_msgs/package.ps1'
[1.136s] INFO:colcon.colcon_core.shell:Creating package descriptor '/home/mosalam/robot_ws/install/serial_motor_demo_msgs/share/serial_motor_demo_msgs/package.dsv'
[1.136s] INFO:colcon.colcon_core.shell:Creating package script '/home/mosalam/robot_ws/install/serial_motor_demo_msgs/share/serial_motor_demo_msgs/package.sh'
[1.136s] INFO:colcon.colcon_core.shell:Creating package script '/home/mosalam/robot_ws/install/serial_motor_demo_msgs/share/serial_motor_demo_msgs/package.bash'
[1.137s] INFO:colcon.colcon_core.shell:Creating package script '/home/mosalam/robot_ws/install/serial_motor_demo_msgs/share/serial_motor_demo_msgs/package.zsh'
[1.137s] Level 1:colcon.colcon_core.environment:create_file_with_runtime_dependencies(/home/mosalam/robot_ws/install/serial_motor_demo_msgs/share/colcon-core/packages/serial_motor_demo_msgs)
[1.138s] Level 1:colcon.colcon_core.environment:create_environment_scripts_only(serial_motor_demo_msgs)
[1.138s] Level 1:colcon.colcon_core.environment:checking '/home/mosalam/robot_ws/install/serial_motor_demo_msgs' for CMake module files
[1.139s] Level 1:colcon.colcon_core.environment:checking '/home/mosalam/robot_ws/install/serial_motor_demo_msgs' for CMake config files
[1.139s] Level 1:colcon.colcon_core.shell:create_environment_hook('serial_motor_demo_msgs', 'cmake_prefix_path')
[1.140s] INFO:colcon.colcon_core.shell:Creating environment hook '/home/mosalam/robot_ws/install/serial_motor_demo_msgs/share/serial_motor_demo_msgs/hook/cmake_prefix_path.ps1'
[1.140s] INFO:colcon.colcon_core.shell:Creating environment descriptor '/home/mosalam/robot_ws/install/serial_motor_demo_msgs/share/serial_motor_demo_msgs/hook/cmake_prefix_path.dsv'
[1.140s] INFO:colcon.colcon_core.shell:Creating environment hook '/home/mosalam/robot_ws/install/serial_motor_demo_msgs/share/serial_motor_demo_msgs/hook/cmake_prefix_path.sh'
[1.141s] Level 1:colcon.colcon_core.environment:checking '/home/mosalam/robot_ws/install/serial_motor_demo_msgs/lib'
[1.141s] Level 1:colcon.colcon_core.shell:create_environment_hook('serial_motor_demo_msgs', 'ld_library_path_lib')
[1.141s] INFO:colcon.colcon_core.shell:Creating environment hook '/home/mosalam/robot_ws/install/serial_motor_demo_msgs/share/serial_motor_demo_msgs/hook/ld_library_path_lib.ps1'
[1.141s] INFO:colcon.colcon_core.shell:Creating environment descriptor '/home/mosalam/robot_ws/install/serial_motor_demo_msgs/share/serial_motor_demo_msgs/hook/ld_library_path_lib.dsv'
[1.142s] INFO:colcon.colcon_core.shell:Creating environment hook '/home/mosalam/robot_ws/install/serial_motor_demo_msgs/share/serial_motor_demo_msgs/hook/ld_library_path_lib.sh'
[1.142s] Level 1:colcon.colcon_core.environment:checking '/home/mosalam/robot_ws/install/serial_motor_demo_msgs/bin'
[1.142s] Level 1:colcon.colcon_core.environment:checking '/home/mosalam/robot_ws/install/serial_motor_demo_msgs/lib/pkgconfig/serial_motor_demo_msgs.pc'
[1.143s] Level 1:colcon.colcon_core.environment:checking '/home/mosalam/robot_ws/install/serial_motor_demo_msgs/lib/python3.10/site-packages'
[1.143s] Level 1:colcon.colcon_core.environment:checking '/home/mosalam/robot_ws/install/serial_motor_demo_msgs/bin'
[1.143s] INFO:colcon.colcon_core.shell:Creating package script '/home/mosalam/robot_ws/install/serial_motor_demo_msgs/share/serial_motor_demo_msgs/package.ps1'
[1.144s] INFO:colcon.colcon_core.shell:Creating package descriptor '/home/mosalam/robot_ws/install/serial_motor_demo_msgs/share/serial_motor_demo_msgs/package.dsv'
[1.144s] INFO:colcon.colcon_core.shell:Creating package script '/home/mosalam/robot_ws/install/serial_motor_demo_msgs/share/serial_motor_demo_msgs/package.sh'
[1.144s] INFO:colcon.colcon_core.shell:Creating package script '/home/mosalam/robot_ws/install/serial_motor_demo_msgs/share/serial_motor_demo_msgs/package.bash'
[1.145s] INFO:colcon.colcon_core.shell:Creating package script '/home/mosalam/robot_ws/install/serial_motor_demo_msgs/share/serial_motor_demo_msgs/package.zsh'
[1.145s] Level 1:colcon.colcon_core.environment:create_file_with_runtime_dependencies(/home/mosalam/robot_ws/install/serial_motor_demo_msgs/share/colcon-core/packages/serial_motor_demo_msgs)
[1.146s] INFO:colcon.colcon_ros.task.ament_python.build:Building ROS package in '/home/mosalam/robot_ws/src/serial_motor_demo/serial_motor_demo' with build type 'ament_python'
[1.146s] Level 1:colcon.colcon_core.shell:create_environment_hook('serial_motor_demo', 'ament_prefix_path')
[1.146s] INFO:colcon.colcon_core.shell:Creating environment hook '/home/mosalam/robot_ws/install/serial_motor_demo/share/serial_motor_demo/hook/ament_prefix_path.ps1'
[1.147s] INFO:colcon.colcon_core.shell:Creating environment descriptor '/home/mosalam/robot_ws/install/serial_motor_demo/share/serial_motor_demo/hook/ament_prefix_path.dsv'
[1.147s] INFO:colcon.colcon_core.shell:Creating environment hook '/home/mosalam/robot_ws/install/serial_motor_demo/share/serial_motor_demo/hook/ament_prefix_path.sh'
[1.148s] INFO:colcon.colcon_core.shell:Skip shell extension 'powershell' for command environment: Not usable outside of PowerShell
[1.148s] DEBUG:colcon.colcon_core.shell:Skip shell extension 'dsv' for command environment
[1.399s] INFO:colcon.colcon_core.task.python.build:Building Python package in '/home/mosalam/robot_ws/src/serial_motor_demo/serial_motor_demo'
[1.399s] INFO:colcon.colcon_core.shell:Skip shell extension 'powershell' for command environment: Not usable outside of PowerShell
[1.400s] DEBUG:colcon.colcon_core.shell:Skip shell extension 'dsv' for command environment
[1.761s] DEBUG:colcon.colcon_core.event_handler.log_command:Invoking command in '/home/mosalam/robot_ws/src/serial_motor_demo/serial_motor_demo': CMAKE_PREFIX_PATH=/home/mosalam/robot_ws/install/serial_motor_demo_msgs:/home/mosalam/robot_ws/install/robot:/home/mosalam/robot_ws/install/urdf_tutorial:/home/mosalam/robot_ws/install/serial:/home/mosalam/robot_ws/install/rplidar_ros:/home/mosalam/robot_ws/install/diffdrive_arduino PYTHONPATH=/home/mosalam/robot_ws/build/serial_motor_demo/prefix_override:/usr/lib/python3/dist-packages/colcon_core/task/python/colcon_distutils_commands:/home/mosalam/robot_ws/install/serial_motor_demo/lib/python3.10/site-packages:${PYTHONPATH} /usr/bin/python3 -W ignore:setup.py install is deprecated -W ignore:easy_install command is deprecated setup.py egg_info --egg-base ../../../build/serial_motor_demo build --build-base /home/mosalam/robot_ws/build/serial_motor_demo/build install --record /home/mosalam/robot_ws/build/serial_motor_demo/install.log --single-version-externally-managed install_data
[2.047s] Level 1:colcon.colcon_core.environment:checking '/home/mosalam/robot_ws/install/serial_motor_demo' for CMake module files
[2.048s] DEBUG:colcon.colcon_core.event_handler.log_command:Invoked command in '/home/mosalam/robot_ws/src/serial_motor_demo/serial_motor_demo' returned '0': CMAKE_PREFIX_PATH=/home/mosalam/robot_ws/install/serial_motor_demo_msgs:/home/mosalam/robot_ws/install/robot:/home/mosalam/robot_ws/install/urdf_tutorial:/home/mosalam/robot_ws/install/serial:/home/mosalam/robot_ws/install/rplidar_ros:/home/mosalam/robot_ws/install/diffdrive_arduino PYTHONPATH=/home/mosalam/robot_ws/build/serial_motor_demo/prefix_override:/usr/lib/python3/dist-packages/colcon_core/task/python/colcon_distutils_commands:/home/mosalam/robot_ws/install/serial_motor_demo/lib/python3.10/site-packages:${PYTHONPATH} /usr/bin/python3 -W ignore:setup.py install is deprecated -W ignore:easy_install command is deprecated setup.py egg_info --egg-base ../../../build/serial_motor_demo build --build-base /home/mosalam/robot_ws/build/serial_motor_demo/build install --record /home/mosalam/robot_ws/build/serial_motor_demo/install.log --single-version-externally-managed install_data
[2.048s] Level 1:colcon.colcon_core.environment:checking '/home/mosalam/robot_ws/install/serial_motor_demo' for CMake config files
[2.048s] Level 1:colcon.colcon_core.environment:checking '/home/mosalam/robot_ws/install/serial_motor_demo/lib'
[2.048s] Level 1:colcon.colcon_core.environment:checking '/home/mosalam/robot_ws/install/serial_motor_demo/bin'
[2.049s] Level 1:colcon.colcon_core.environment:checking '/home/mosalam/robot_ws/install/serial_motor_demo/lib/pkgconfig/serial_motor_demo.pc'
[2.049s] Level 1:colcon.colcon_core.environment:checking '/home/mosalam/robot_ws/install/serial_motor_demo/lib/python3.10/site-packages'
[2.049s] Level 1:colcon.colcon_core.shell:create_environment_hook('serial_motor_demo', 'pythonpath')
[2.049s] INFO:colcon.colcon_core.shell:Creating environment hook '/home/mosalam/robot_ws/install/serial_motor_demo/share/serial_motor_demo/hook/pythonpath.ps1'
[2.050s] INFO:colcon.colcon_core.shell:Creating environment descriptor '/home/mosalam/robot_ws/install/serial_motor_demo/share/serial_motor_demo/hook/pythonpath.dsv'
[2.050s] INFO:colcon.colcon_core.shell:Creating environment hook '/home/mosalam/robot_ws/install/serial_motor_demo/share/serial_motor_demo/hook/pythonpath.sh'
[2.050s] Level 1:colcon.colcon_core.environment:checking '/home/mosalam/robot_ws/install/serial_motor_demo/bin'
[2.050s] Level 1:colcon.colcon_core.environment:create_environment_scripts_only(serial_motor_demo)
[2.051s] INFO:colcon.colcon_core.shell:Creating package script '/home/mosalam/robot_ws/install/serial_motor_demo/share/serial_motor_demo/package.ps1'
[2.051s] INFO:colcon.colcon_core.shell:Creating package descriptor '/home/mosalam/robot_ws/install/serial_motor_demo/share/serial_motor_demo/package.dsv'
[2.052s] INFO:colcon.colcon_core.shell:Creating package script '/home/mosalam/robot_ws/install/serial_motor_demo/share/serial_motor_demo/package.sh'
[2.052s] INFO:colcon.colcon_core.shell:Creating package script '/home/mosalam/robot_ws/install/serial_motor_demo/share/serial_motor_demo/package.bash'
[2.052s] INFO:colcon.colcon_core.shell:Creating package script '/home/mosalam/robot_ws/install/serial_motor_demo/share/serial_motor_demo/package.zsh'
[2.053s] Level 1:colcon.colcon_core.environment:create_file_with_runtime_dependencies(/home/mosalam/robot_ws/install/serial_motor_demo/share/colcon-core/packages/serial_motor_demo)
[2.053s] DEBUG:colcon.colcon_parallel_executor.executor.parallel:closing loop
[2.054s] DEBUG:colcon.colcon_parallel_executor.executor.parallel:loop closed
[2.054s] DEBUG:colcon.colcon_parallel_executor.executor.parallel:run_until_complete finished with '0'
[2.054s] DEBUG:colcon.colcon_core.event_reactor:joining thread
[2.059s] INFO:colcon.colcon_core.plugin_system:Skipping extension 'colcon_notification.desktop_notification.terminal_notifier': Not used on non-Darwin systems
[2.059s] INFO:colcon.colcon_core.plugin_system:Skipping extension 'colcon_notification.desktop_notification.win32': Not used on non-Windows systems
[2.059s] INFO:colcon.colcon_notification.desktop_notification:Sending desktop notification using 'notify2'
[2.060s] DEBUG:colcon.colcon_notification.desktop_notification.notify2:Failed to initialize notify2: org.freedesktop.DBus.Error.ServiceUnknown: The name org.freedesktop.Notifications was not provided by any .service files
[2.060s] DEBUG:colcon.colcon_core.event_reactor:joined thread
[2.061s] INFO:colcon.colcon_core.shell:Creating prefix script '/home/mosalam/robot_ws/install/local_setup.ps1'
[2.062s] INFO:colcon.colcon_core.shell:Creating prefix util module '/home/mosalam/robot_ws/install/_local_setup_util_ps1.py'
[2.063s] INFO:colcon.colcon_core.shell:Creating prefix chain script '/home/mosalam/robot_ws/install/setup.ps1'
[2.064s] INFO:colcon.colcon_core.shell:Creating prefix script '/home/mosalam/robot_ws/install/local_setup.sh'
[2.065s] INFO:colcon.colcon_core.shell:Creating prefix util module '/home/mosalam/robot_ws/install/_local_setup_util_sh.py'
[2.065s] INFO:colcon.colcon_core.shell:Creating prefix chain script '/home/mosalam/robot_ws/install/setup.sh'
[2.066s] INFO:colcon.colcon_core.shell:Creating prefix script '/home/mosalam/robot_ws/install/local_setup.bash'
[2.067s] INFO:colcon.colcon_core.shell:Creating prefix chain script '/home/mosalam/robot_ws/install/setup.bash'
[2.068s] INFO:colcon.colcon_core.shell:Creating prefix script '/home/mosalam/robot_ws/install/local_setup.zsh'
[2.069s] INFO:colcon.colcon_core.shell:Creating prefix chain script '/home/mosalam/robot_ws/install/setup.zsh'
