[0.042s] Invoking command in '/home/mosalam/robot_ws/build/vizanti': CMAKE_PREFIX_PATH=/home/mosalam/robot_ws/install/vizanti_server:/home/mosalam/robot_ws/install/vizanti_msgs:/home/mosalam/robot_ws/install/vizanti:/home/mosalam/robot_ws/install/vizanti_demos:/home/mosalam/robot_ws/install/vizanti_cpp:/home/mosalam/robot_ws/install/robot:/home/mosalam/robot_ws/install/urdf_tutorial:/home/mosalam/robot_ws/install/serial_motor_demo_msgs:/home/mosalam/robot_ws/install/serial:/home/mosalam/robot_ws/install/rplidar_ros:/home/mosalam/robot_ws/install/multirobot_map_merge:/home/mosalam/robot_ws/install/explore_lite:/home/mosalam/robot_ws/install/diffdrive_arduino:/home/mosalam/robot_ws/install/serial_motor_demo:/home/mosalam/robot_ws/install/custom_explorer:/home/mosalam/robot_ws/install/autonomous_exploration:/opt/ros/humble /usr/bin/cmake --build /home/mosalam/robot_ws/build/vizanti -- -j4 -l4
[0.092s] Invoked command in '/home/mosalam/robot_ws/build/vizanti' returned '0': CMAKE_PREFIX_PATH=/home/mosalam/robot_ws/install/vizanti_server:/home/mosalam/robot_ws/install/vizanti_msgs:/home/mosalam/robot_ws/install/vizanti:/home/mosalam/robot_ws/install/vizanti_demos:/home/mosalam/robot_ws/install/vizanti_cpp:/home/mosalam/robot_ws/install/robot:/home/mosalam/robot_ws/install/urdf_tutorial:/home/mosalam/robot_ws/install/serial_motor_demo_msgs:/home/mosalam/robot_ws/install/serial:/home/mosalam/robot_ws/install/rplidar_ros:/home/mosalam/robot_ws/install/multirobot_map_merge:/home/mosalam/robot_ws/install/explore_lite:/home/mosalam/robot_ws/install/diffdrive_arduino:/home/mosalam/robot_ws/install/serial_motor_demo:/home/mosalam/robot_ws/install/custom_explorer:/home/mosalam/robot_ws/install/autonomous_exploration:/opt/ros/humble /usr/bin/cmake --build /home/mosalam/robot_ws/build/vizanti -- -j4 -l4
[0.094s] Invoking command in '/home/mosalam/robot_ws/build/vizanti': CMAKE_PREFIX_PATH=/home/mosalam/robot_ws/install/vizanti_server:/home/mosalam/robot_ws/install/vizanti_msgs:/home/mosalam/robot_ws/install/vizanti:/home/mosalam/robot_ws/install/vizanti_demos:/home/mosalam/robot_ws/install/vizanti_cpp:/home/mosalam/robot_ws/install/robot:/home/mosalam/robot_ws/install/urdf_tutorial:/home/mosalam/robot_ws/install/serial_motor_demo_msgs:/home/mosalam/robot_ws/install/serial:/home/mosalam/robot_ws/install/rplidar_ros:/home/mosalam/robot_ws/install/multirobot_map_merge:/home/mosalam/robot_ws/install/explore_lite:/home/mosalam/robot_ws/install/diffdrive_arduino:/home/mosalam/robot_ws/install/serial_motor_demo:/home/mosalam/robot_ws/install/custom_explorer:/home/mosalam/robot_ws/install/autonomous_exploration:/opt/ros/humble /usr/bin/cmake --install /home/mosalam/robot_ws/build/vizanti
[0.103s] -- Install configuration: ""
[0.103s] -- Up-to-date: /home/mosalam/robot_ws/install/vizanti/share/ament_index/resource_index/package_run_dependencies/vizanti
[0.104s] -- Up-to-date: /home/mosalam/robot_ws/install/vizanti/share/ament_index/resource_index/parent_prefix_path/vizanti
[0.104s] -- Up-to-date: /home/mosalam/robot_ws/install/vizanti/share/vizanti/environment/ament_prefix_path.sh
[0.104s] -- Up-to-date: /home/mosalam/robot_ws/install/vizanti/share/vizanti/environment/ament_prefix_path.dsv
[0.104s] -- Up-to-date: /home/mosalam/robot_ws/install/vizanti/share/vizanti/environment/path.sh
[0.104s] -- Up-to-date: /home/mosalam/robot_ws/install/vizanti/share/vizanti/environment/path.dsv
[0.104s] -- Up-to-date: /home/mosalam/robot_ws/install/vizanti/share/vizanti/local_setup.bash
[0.104s] -- Up-to-date: /home/mosalam/robot_ws/install/vizanti/share/vizanti/local_setup.sh
[0.104s] -- Up-to-date: /home/mosalam/robot_ws/install/vizanti/share/vizanti/local_setup.zsh
[0.105s] -- Up-to-date: /home/mosalam/robot_ws/install/vizanti/share/vizanti/local_setup.dsv
[0.105s] -- Installing: /home/mosalam/robot_ws/install/vizanti/share/vizanti/package.dsv
[0.105s] -- Up-to-date: /home/mosalam/robot_ws/install/vizanti/share/ament_index/resource_index/packages/vizanti
[0.105s] -- Up-to-date: /home/mosalam/robot_ws/install/vizanti/share/vizanti/cmake/vizantiConfig.cmake
[0.105s] -- Up-to-date: /home/mosalam/robot_ws/install/vizanti/share/vizanti/cmake/vizantiConfig-version.cmake
[0.105s] -- Up-to-date: /home/mosalam/robot_ws/install/vizanti/share/vizanti/package.xml
[0.107s] Invoked command in '/home/mosalam/robot_ws/build/vizanti' returned '0': CMAKE_PREFIX_PATH=/home/mosalam/robot_ws/install/vizanti_server:/home/mosalam/robot_ws/install/vizanti_msgs:/home/mosalam/robot_ws/install/vizanti:/home/mosalam/robot_ws/install/vizanti_demos:/home/mosalam/robot_ws/install/vizanti_cpp:/home/mosalam/robot_ws/install/robot:/home/mosalam/robot_ws/install/urdf_tutorial:/home/mosalam/robot_ws/install/serial_motor_demo_msgs:/home/mosalam/robot_ws/install/serial:/home/mosalam/robot_ws/install/rplidar_ros:/home/mosalam/robot_ws/install/multirobot_map_merge:/home/mosalam/robot_ws/install/explore_lite:/home/mosalam/robot_ws/install/diffdrive_arduino:/home/mosalam/robot_ws/install/serial_motor_demo:/home/mosalam/robot_ws/install/custom_explorer:/home/mosalam/robot_ws/install/autonomous_exploration:/opt/ros/humble /usr/bin/cmake --install /home/mosalam/robot_ws/build/vizanti
