[1.684s] Invoking command in '/home/mosalam/robot_ws/src/ROS2-FrontierBaseExplorationForAutonomousRobot/autonomous_exploration': PYTHONPATH=/home/mosalam/robot_ws/build/autonomous_exploration/prefix_override:/usr/lib/python3/dist-packages/colcon_core/task/python/colcon_distutils_commands:/home/mosalam/robot_ws/install/autonomous_exploration/lib/python3.10/site-packages:${PYTHONPATH} /usr/bin/python3 -W ignore:setup.py install is deprecated -W ignore:easy_install command is deprecated setup.py egg_info --egg-base ../../../build/autonomous_exploration build --build-base /home/mosalam/robot_ws/build/autonomous_exploration/build install --record /home/mosalam/robot_ws/build/autonomous_exploration/install.log --single-version-externally-managed install_data
[2.132s] running egg_info
[2.133s] writing ../../../build/autonomous_exploration/autonomous_exploration.egg-info/PKG-INFO
[2.135s] writing dependency_links to ../../../build/autonomous_exploration/autonomous_exploration.egg-info/dependency_links.txt
[2.135s] writing entry points to ../../../build/autonomous_exploration/autonomous_exploration.egg-info/entry_points.txt
[2.135s] writing requirements to ../../../build/autonomous_exploration/autonomous_exploration.egg-info/requires.txt
[2.135s] writing top-level names to ../../../build/autonomous_exploration/autonomous_exploration.egg-info/top_level.txt
[2.138s] reading manifest file '../../../build/autonomous_exploration/autonomous_exploration.egg-info/SOURCES.txt'
[2.139s] writing manifest file '../../../build/autonomous_exploration/autonomous_exploration.egg-info/SOURCES.txt'
[2.141s] running build
[2.141s] running build_py
[2.141s] running install
[2.141s] running install_lib
[2.144s] running install_data
[2.145s] running install_egg_info
[2.146s] removing '/home/mosalam/robot_ws/install/autonomous_exploration/lib/python3.10/site-packages/autonomous_exploration-0.0.0-py3.10.egg-info' (and everything under it)
[2.149s] Copying ../../../build/autonomous_exploration/autonomous_exploration.egg-info to /home/mosalam/robot_ws/install/autonomous_exploration/lib/python3.10/site-packages/autonomous_exploration-0.0.0-py3.10.egg-info
[2.149s] running install_scripts
[2.185s] Installing control script to /home/mosalam/robot_ws/install/autonomous_exploration/lib/autonomous_exploration
[2.185s] writing list of installed files to '/home/mosalam/robot_ws/build/autonomous_exploration/install.log'
[2.252s] Invoked command in '/home/mosalam/robot_ws/src/ROS2-FrontierBaseExplorationForAutonomousRobot/autonomous_exploration' returned '0': PYTHONPATH=/home/mosalam/robot_ws/build/autonomous_exploration/prefix_override:/usr/lib/python3/dist-packages/colcon_core/task/python/colcon_distutils_commands:/home/mosalam/robot_ws/install/autonomous_exploration/lib/python3.10/site-packages:${PYTHONPATH} /usr/bin/python3 -W ignore:setup.py install is deprecated -W ignore:easy_install command is deprecated setup.py egg_info --egg-base ../../../build/autonomous_exploration build --build-base /home/mosalam/robot_ws/build/autonomous_exploration/build install --record /home/mosalam/robot_ws/build/autonomous_exploration/install.log --single-version-externally-managed install_data
