[0.022s] Invoking command in '/home/mosalam/robot_ws/build/explore_lite': CMAKE_PREFIX_PATH=${CMAKE_PREFIX_PATH}:/home/mosalam/robot_ws/install/serial_motor_demo:/opt/ros/humble /usr/bin/cmake --build /home/mosalam/robot_ws/build/explore_lite -- -j4 -l4
[0.097s] [35m[1mConsolidate compiler generated dependencies of target gtest_main[0m
[0.113s] [35m[1mConsolidate compiler generated dependencies of target explore[0m
[0.138s] [35m[1mConsolidate compiler generated dependencies of target gtest[0m
[0.145s] [ 20%] Built target gtest_main
[0.178s] [ 40%] Built target gtest
[0.198s] [ 80%] Built target explore
[0.211s] [35m[1mConsolidate compiler generated dependencies of target test_explore[0m
[0.236s] [100%] Built target test_explore
[0.263s] Invoked command in '/home/mosalam/robot_ws/build/explore_lite' returned '0': CMAKE_PREFIX_PATH=${CMAKE_PREFIX_PATH}:/home/mosalam/robot_ws/install/serial_motor_demo:/opt/ros/humble /usr/bin/cmake --build /home/mosalam/robot_ws/build/explore_lite -- -j4 -l4
[0.269s] Invoking command in '/home/mosalam/robot_ws/build/explore_lite': CMAKE_PREFIX_PATH=${CMAKE_PREFIX_PATH}:/home/mosalam/robot_ws/install/serial_motor_demo:/opt/ros/humble /usr/bin/cmake --install /home/mosalam/robot_ws/build/explore_lite
[0.286s] -- Install configuration: ""
[0.287s] -- Up-to-date: /home/mosalam/robot_ws/install/explore_lite/include/explore/
[0.287s] -- Up-to-date: /home/mosalam/robot_ws/install/explore_lite/include/explore//costmap_client.h
[0.287s] -- Up-to-date: /home/mosalam/robot_ws/install/explore_lite/include/explore//frontier_search.h
[0.288s] -- Up-to-date: /home/mosalam/robot_ws/install/explore_lite/include/explore//costmap_tools.h
[0.289s] -- Up-to-date: /home/mosalam/robot_ws/install/explore_lite/include/explore//explore.h
[0.289s] -- Up-to-date: /home/mosalam/robot_ws/install/explore_lite/share/explore_lite/config
[0.289s] -- Up-to-date: /home/mosalam/robot_ws/install/explore_lite/share/explore_lite/config/params.yaml
[0.289s] -- Up-to-date: /home/mosalam/robot_ws/install/explore_lite/share/explore_lite/config/params_costmap.yaml
[0.292s] -- Up-to-date: /home/mosalam/robot_ws/install/explore_lite/share/explore_lite/launch
[0.293s] -- Up-to-date: /home/mosalam/robot_ws/install/explore_lite/share/explore_lite/launch/explore.launch.py
[0.293s] -- Up-to-date: /home/mosalam/robot_ws/install/explore_lite/lib/explore_lite/explore
[0.293s] -- Up-to-date: /home/mosalam/robot_ws/install/explore_lite/share/ament_index/resource_index/package_run_dependencies/explore_lite
[0.293s] -- Up-to-date: /home/mosalam/robot_ws/install/explore_lite/share/ament_index/resource_index/parent_prefix_path/explore_lite
[0.293s] -- Up-to-date: /home/mosalam/robot_ws/install/explore_lite/share/explore_lite/environment/ament_prefix_path.sh
[0.293s] -- Up-to-date: /home/mosalam/robot_ws/install/explore_lite/share/explore_lite/environment/ament_prefix_path.dsv
[0.294s] -- Up-to-date: /home/mosalam/robot_ws/install/explore_lite/share/explore_lite/environment/path.sh
[0.294s] -- Up-to-date: /home/mosalam/robot_ws/install/explore_lite/share/explore_lite/environment/path.dsv
[0.294s] -- Up-to-date: /home/mosalam/robot_ws/install/explore_lite/share/explore_lite/local_setup.bash
[0.294s] -- Up-to-date: /home/mosalam/robot_ws/install/explore_lite/share/explore_lite/local_setup.sh
[0.294s] -- Up-to-date: /home/mosalam/robot_ws/install/explore_lite/share/explore_lite/local_setup.zsh
[0.294s] -- Up-to-date: /home/mosalam/robot_ws/install/explore_lite/share/explore_lite/local_setup.dsv
[0.294s] -- Installing: /home/mosalam/robot_ws/install/explore_lite/share/explore_lite/package.dsv
[0.295s] -- Up-to-date: /home/mosalam/robot_ws/install/explore_lite/share/ament_index/resource_index/packages/explore_lite
[0.295s] -- Up-to-date: /home/mosalam/robot_ws/install/explore_lite/share/explore_lite/cmake/ament_cmake_export_include_directories-extras.cmake
[0.295s] -- Up-to-date: /home/mosalam/robot_ws/install/explore_lite/share/explore_lite/cmake/explore_liteConfig.cmake
[0.295s] -- Up-to-date: /home/mosalam/robot_ws/install/explore_lite/share/explore_lite/cmake/explore_liteConfig-version.cmake
[0.295s] -- Up-to-date: /home/mosalam/robot_ws/install/explore_lite/share/explore_lite/package.xml
[0.301s] Invoked command in '/home/mosalam/robot_ws/build/explore_lite' returned '0': CMAKE_PREFIX_PATH=${CMAKE_PREFIX_PATH}:/home/mosalam/robot_ws/install/serial_motor_demo:/opt/ros/humble /usr/bin/cmake --install /home/mosalam/robot_ws/build/explore_lite
