[1.635s] Invoking command in '/home/mosalam/robot_ws/build/serial_motor_demo': AMENT_PREFIX_PATH=/home/mosalam/robot_ws/install/serial_motor_demo_msgs:${AMENT_PREFIX_PATH} CMAKE_PREFIX_PATH=/home/mosalam/robot_ws/install/serial_motor_demo_msgs:/home/mosalam/robot_ws/install/robot:/home/mosalam/robot_ws/install/urdf_tutorial:/home/mosalam/robot_ws/install/serial:/home/mosalam/robot_ws/install/rplidar_ros:/home/mosalam/robot_ws/install/diffdrive_arduino PYTHONPATH=/home/mosalam/robot_ws/build/serial_motor_demo/prefix_override:/usr/lib/python3/dist-packages/colcon_core/task/python/colcon_distutils_commands:/home/mosalam/robot_ws/install/serial_motor_demo/lib/python3.10/site-packages:/home/mosalam/robot_ws/install/serial_motor_demo_msgs/local/lib/python3.10/dist-packages:${PYTHONPATH} /usr/bin/python3 -W ignore:setup.py install is deprecated -W ignore:easy_install command is deprecated setup.py develop --editable --build-directory /home/mosalam/robot_ws/build/serial_motor_demo/build --no-deps symlink_data
[2.020s] running develop
[2.189s] running egg_info
[2.189s] creating serial_motor_demo.egg-info
[2.189s] writing serial_motor_demo.egg-info/PKG-INFO
[2.189s] writing dependency_links to serial_motor_demo.egg-info/dependency_links.txt
[2.189s] writing entry points to serial_motor_demo.egg-info/entry_points.txt
[2.190s] writing requirements to serial_motor_demo.egg-info/requires.txt
[2.190s] writing top-level names to serial_motor_demo.egg-info/top_level.txt
[2.190s] writing manifest file 'serial_motor_demo.egg-info/SOURCES.txt'
[2.192s] reading manifest file 'serial_motor_demo.egg-info/SOURCES.txt'
[2.192s] writing manifest file 'serial_motor_demo.egg-info/SOURCES.txt'
[2.194s] running build_ext
[2.194s] Creating /home/mosalam/robot_ws/install/serial_motor_demo/lib/python3.10/site-packages/serial-motor-demo.egg-link (link to .)
[2.195s] Installing driver script to /home/mosalam/robot_ws/install/serial_motor_demo/lib/serial_motor_demo
[2.195s] Installing gui script to /home/mosalam/robot_ws/install/serial_motor_demo/lib/serial_motor_demo
[2.195s] 
[2.196s] Installed /home/mosalam/robot_ws/build/serial_motor_demo
[2.196s] running symlink_data
[2.196s] creating /home/mosalam/robot_ws/install/serial_motor_demo/share/ament_index
[2.196s] creating /home/mosalam/robot_ws/install/serial_motor_demo/share/ament_index/resource_index
[2.196s] creating /home/mosalam/robot_ws/install/serial_motor_demo/share/ament_index/resource_index/packages
[2.196s] symbolically linking /home/mosalam/robot_ws/build/serial_motor_demo/resource/serial_motor_demo -> /home/mosalam/robot_ws/install/serial_motor_demo/share/ament_index/resource_index/packages
[2.196s] symbolically linking /home/mosalam/robot_ws/build/serial_motor_demo/package.xml -> /home/mosalam/robot_ws/install/serial_motor_demo/share/serial_motor_demo
[2.234s] Invoked command in '/home/mosalam/robot_ws/build/serial_motor_demo' returned '0': AMENT_PREFIX_PATH=/home/mosalam/robot_ws/install/serial_motor_demo_msgs:${AMENT_PREFIX_PATH} CMAKE_PREFIX_PATH=/home/mosalam/robot_ws/install/serial_motor_demo_msgs:/home/mosalam/robot_ws/install/robot:/home/mosalam/robot_ws/install/urdf_tutorial:/home/mosalam/robot_ws/install/serial:/home/mosalam/robot_ws/install/rplidar_ros:/home/mosalam/robot_ws/install/diffdrive_arduino PYTHONPATH=/home/mosalam/robot_ws/build/serial_motor_demo/prefix_override:/usr/lib/python3/dist-packages/colcon_core/task/python/colcon_distutils_commands:/home/mosalam/robot_ws/install/serial_motor_demo/lib/python3.10/site-packages:/home/mosalam/robot_ws/install/serial_motor_demo_msgs/local/lib/python3.10/dist-packages:${PYTHONPATH} /usr/bin/python3 -W ignore:setup.py install is deprecated -W ignore:easy_install command is deprecated setup.py develop --editable --build-directory /home/mosalam/robot_ws/build/serial_motor_demo/build --no-deps symlink_data
