[0.432s] Invoking command in '/home/mosalam/robot_ws/build/diffdrive_arduino': CMAKE_PREFIX_PATH=${CMAKE_PREFIX_PATH}:/home/mosalam/robot_ws/install/serial_motor_demo:/home/mosalam/robot_ws/install/custom_explorer:/opt/ros/humble /usr/bin/cmake --build /home/mosalam/robot_ws/build/diffdrive_arduino -- -j4 -l4
[0.576s] [ 50%] [32mBuilding CXX object CMakeFiles/diffdrive_arduino.dir/hardware/diffbot_system.cpp.o[0m
[10.286s] [100%] [32m[1mLinking CXX shared library libdiffdrive_arduino.so[0m
[11.022s] [100%] Built target diffdrive_arduino
[11.033s] Invoked command in '/home/mosalam/robot_ws/build/diffdrive_arduino' returned '0': CMAKE_PREFIX_PATH=${CMAKE_PREFIX_PATH}:/home/mosalam/robot_ws/install/serial_motor_demo:/home/mosalam/robot_ws/install/custom_explorer:/opt/ros/humble /usr/bin/cmake --build /home/mosalam/robot_ws/build/diffdrive_arduino -- -j4 -l4
[11.035s] Invoking command in '/home/mosalam/robot_ws/build/diffdrive_arduino': CMAKE_PREFIX_PATH=${CMAKE_PREFIX_PATH}:/home/mosalam/robot_ws/install/serial_motor_demo:/home/mosalam/robot_ws/install/custom_explorer:/opt/ros/humble /usr/bin/cmake --install /home/mosalam/robot_ws/build/diffdrive_arduino
[11.043s] -- Install configuration: ""
[11.044s] -- Execute custom install script
[11.044s] -- Up-to-date symlink: /home/mosalam/robot_ws/install/diffdrive_arduino/share/diffdrive_arduino//diffdrive_arduino.xml
[11.045s] -- Up-to-date symlink: /home/mosalam/robot_ws/install/diffdrive_arduino/include/diffdrive_arduino/diffdrive_arduino/arduino_comms.hpp
[11.045s] -- Up-to-date symlink: /home/mosalam/robot_ws/install/diffdrive_arduino/include/diffdrive_arduino/diffdrive_arduino/diffbot_system.hpp
[11.045s] -- Up-to-date symlink: /home/mosalam/robot_ws/install/diffdrive_arduino/include/diffdrive_arduino/diffdrive_arduino/visibility_control.h
[11.045s] -- Up-to-date symlink: /home/mosalam/robot_ws/install/diffdrive_arduino/include/diffdrive_arduino/diffdrive_arduino/wheel.hpp
[11.046s] -- Up-to-date symlink: /home/mosalam/robot_ws/install/diffdrive_arduino/share/diffdrive_arduino/launch/view_robot.launch.py
[11.046s] -- Up-to-date symlink: /home/mosalam/robot_ws/install/diffdrive_arduino/share/diffdrive_arduino/ros2_control/diffbot.ros2_control.xacro
[11.047s] -- Up-to-date symlink: /home/mosalam/robot_ws/install/diffdrive_arduino/share/diffdrive_arduino/urdf/diffbot.materials.xacro
[11.047s] -- Up-to-date symlink: /home/mosalam/robot_ws/install/diffdrive_arduino/share/diffdrive_arduino/urdf/diffbot.urdf.xacro
[11.047s] -- Up-to-date symlink: /home/mosalam/robot_ws/install/diffdrive_arduino/share/diffdrive_arduino/urdf/diffbot_description.urdf.xacro
[11.048s] -- Up-to-date symlink: /home/mosalam/robot_ws/install/diffdrive_arduino/share/diffdrive_arduino/rviz/diffbot.rviz
[11.048s] -- Up-to-date symlink: /home/mosalam/robot_ws/install/diffdrive_arduino/share/diffdrive_arduino/rviz/diffbot_view.rviz
[11.048s] -- Up-to-date symlink: /home/mosalam/robot_ws/install/diffdrive_arduino/share/diffdrive_arduino/launch/diffbot.launch.py
[11.049s] -- Up-to-date symlink: /home/mosalam/robot_ws/install/diffdrive_arduino/share/diffdrive_arduino/config/diffbot_controllers.yaml
[11.049s] -- Up-to-date symlink: /home/mosalam/robot_ws/install/diffdrive_arduino/share/diffdrive_arduino/environment/library_path.sh
[11.049s] -- Up-to-date symlink: /home/mosalam/robot_ws/install/diffdrive_arduino/share/diffdrive_arduino/environment/library_path.dsv
[11.049s] -- Up-to-date symlink: /home/mosalam/robot_ws/install/diffdrive_arduino/share/ament_index/resource_index/package_run_dependencies/diffdrive_arduino
[11.050s] -- Up-to-date symlink: /home/mosalam/robot_ws/install/diffdrive_arduino/share/ament_index/resource_index/parent_prefix_path/diffdrive_arduino
[11.050s] -- Up-to-date symlink: /home/mosalam/robot_ws/install/diffdrive_arduino/share/diffdrive_arduino/environment/ament_prefix_path.sh
[11.050s] -- Up-to-date symlink: /home/mosalam/robot_ws/install/diffdrive_arduino/share/diffdrive_arduino/environment/ament_prefix_path.dsv
[11.051s] -- Up-to-date symlink: /home/mosalam/robot_ws/install/diffdrive_arduino/share/diffdrive_arduino/environment/path.sh
[11.051s] -- Up-to-date symlink: /home/mosalam/robot_ws/install/diffdrive_arduino/share/diffdrive_arduino/environment/path.dsv
[11.051s] -- Up-to-date symlink: /home/mosalam/robot_ws/install/diffdrive_arduino/share/diffdrive_arduino/local_setup.bash
[11.051s] -- Up-to-date symlink: /home/mosalam/robot_ws/install/diffdrive_arduino/share/diffdrive_arduino/local_setup.sh
[11.052s] -- Up-to-date symlink: /home/mosalam/robot_ws/install/diffdrive_arduino/share/diffdrive_arduino/local_setup.zsh
[11.052s] -- Up-to-date symlink: /home/mosalam/robot_ws/install/diffdrive_arduino/share/diffdrive_arduino/local_setup.dsv
[11.052s] -- Symlinking: /home/mosalam/robot_ws/install/diffdrive_arduino/share/diffdrive_arduino/package.dsv
[11.062s] -- Up-to-date symlink: /home/mosalam/robot_ws/install/diffdrive_arduino/share/ament_index/resource_index/packages/diffdrive_arduino
[11.062s] -- Up-to-date symlink: /home/mosalam/robot_ws/install/diffdrive_arduino/share/ament_index/resource_index/hardware_interface__pluginlib__plugin/diffdrive_arduino
[11.062s] -- Up-to-date symlink: /home/mosalam/robot_ws/install/diffdrive_arduino/share/diffdrive_arduino/cmake/ament_cmake_export_targets-extras.cmake
[11.062s] -- Up-to-date symlink: /home/mosalam/robot_ws/install/diffdrive_arduino/share/diffdrive_arduino/cmake/ament_cmake_export_dependencies-extras.cmake
[11.063s] -- Up-to-date symlink: /home/mosalam/robot_ws/install/diffdrive_arduino/share/diffdrive_arduino/cmake/diffdrive_arduinoConfig.cmake
[11.063s] -- Up-to-date symlink: /home/mosalam/robot_ws/install/diffdrive_arduino/share/diffdrive_arduino/cmake/diffdrive_arduinoConfig-version.cmake
[11.063s] -- Up-to-date symlink: /home/mosalam/robot_ws/install/diffdrive_arduino/share/diffdrive_arduino/package.xml
[11.064s] -- Installing: /home/mosalam/robot_ws/install/diffdrive_arduino/lib/libdiffdrive_arduino.so
[11.074s] -- Set runtime path of "/home/mosalam/robot_ws/install/diffdrive_arduino/lib/libdiffdrive_arduino.so" to ""
[11.075s] -- Up-to-date: /home/mosalam/robot_ws/install/diffdrive_arduino/share/diffdrive_arduino/cmake/export_diffdrive_arduinoExport.cmake
[11.075s] -- Up-to-date: /home/mosalam/robot_ws/install/diffdrive_arduino/share/diffdrive_arduino/cmake/export_diffdrive_arduinoExport-noconfig.cmake
[11.078s] Invoked command in '/home/mosalam/robot_ws/build/diffdrive_arduino' returned '0': CMAKE_PREFIX_PATH=${CMAKE_PREFIX_PATH}:/home/mosalam/robot_ws/install/serial_motor_demo:/home/mosalam/robot_ws/install/custom_explorer:/opt/ros/humble /usr/bin/cmake --install /home/mosalam/robot_ws/build/diffdrive_arduino
