[0.033s] Invoking command in '/home/mosalam/robot_ws/build/vizanti_cpp': CMAKE_PREFIX_PATH=${CMAKE_PREFIX_PATH}:/home/mosalam/robot_ws/install/serial_motor_demo:/home/mosalam/robot_ws/install/custom_explorer:/home/mosalam/robot_ws/install/autonomous_exploration:/opt/ros/humble /usr/bin/cmake --build /home/mosalam/robot_ws/build/vizanti_cpp -- -j4 -l4
[0.137s] [100%] Built target tf_consolidator
[0.163s] Invoked command in '/home/mosalam/robot_ws/build/vizanti_cpp' returned '0': CMAKE_PREFIX_PATH=${CMAKE_PREFIX_PATH}:/home/mosalam/robot_ws/install/serial_motor_demo:/home/mosalam/robot_ws/install/custom_explorer:/home/mosalam/robot_ws/install/autonomous_exploration:/opt/ros/humble /usr/bin/cmake --build /home/mosalam/robot_ws/build/vizanti_cpp -- -j4 -l4
[0.164s] Invoking command in '/home/mosalam/robot_ws/build/vizanti_cpp': CMAKE_PREFIX_PATH=${CMAKE_PREFIX_PATH}:/home/mosalam/robot_ws/install/serial_motor_demo:/home/mosalam/robot_ws/install/custom_explorer:/home/mosalam/robot_ws/install/autonomous_exploration:/opt/ros/humble /usr/bin/cmake --install /home/mosalam/robot_ws/build/vizanti_cpp
[0.179s] -- Install configuration: ""
[0.180s] -- Up-to-date: /home/mosalam/robot_ws/install/vizanti_cpp/lib/vizanti_cpp/tf_consolidator
[0.181s] -- Up-to-date: /home/mosalam/robot_ws/install/vizanti_cpp/share/ament_index/resource_index/package_run_dependencies/vizanti_cpp
[0.181s] -- Up-to-date: /home/mosalam/robot_ws/install/vizanti_cpp/share/ament_index/resource_index/parent_prefix_path/vizanti_cpp
[0.181s] -- Up-to-date: /home/mosalam/robot_ws/install/vizanti_cpp/share/vizanti_cpp/environment/ament_prefix_path.sh
[0.182s] -- Up-to-date: /home/mosalam/robot_ws/install/vizanti_cpp/share/vizanti_cpp/environment/ament_prefix_path.dsv
[0.182s] -- Up-to-date: /home/mosalam/robot_ws/install/vizanti_cpp/share/vizanti_cpp/environment/path.sh
[0.182s] -- Up-to-date: /home/mosalam/robot_ws/install/vizanti_cpp/share/vizanti_cpp/environment/path.dsv
[0.182s] -- Up-to-date: /home/mosalam/robot_ws/install/vizanti_cpp/share/vizanti_cpp/local_setup.bash
[0.182s] -- Up-to-date: /home/mosalam/robot_ws/install/vizanti_cpp/share/vizanti_cpp/local_setup.sh
[0.183s] -- Up-to-date: /home/mosalam/robot_ws/install/vizanti_cpp/share/vizanti_cpp/local_setup.zsh
[0.183s] -- Up-to-date: /home/mosalam/robot_ws/install/vizanti_cpp/share/vizanti_cpp/local_setup.dsv
[0.183s] -- Installing: /home/mosalam/robot_ws/install/vizanti_cpp/share/vizanti_cpp/package.dsv
[0.183s] -- Up-to-date: /home/mosalam/robot_ws/install/vizanti_cpp/share/ament_index/resource_index/packages/vizanti_cpp
[0.183s] -- Up-to-date: /home/mosalam/robot_ws/install/vizanti_cpp/share/vizanti_cpp/cmake/vizanti_cppConfig.cmake
[0.183s] -- Up-to-date: /home/mosalam/robot_ws/install/vizanti_cpp/share/vizanti_cpp/cmake/vizanti_cppConfig-version.cmake
[0.183s] -- Up-to-date: /home/mosalam/robot_ws/install/vizanti_cpp/share/vizanti_cpp/package.xml
[0.485s] Invoked command in '/home/mosalam/robot_ws/build/vizanti_cpp' returned '0': CMAKE_PREFIX_PATH=${CMAKE_PREFIX_PATH}:/home/mosalam/robot_ws/install/serial_motor_demo:/home/mosalam/robot_ws/install/custom_explorer:/home/mosalam/robot_ws/install/autonomous_exploration:/opt/ros/humble /usr/bin/cmake --install /home/mosalam/robot_ws/build/vizanti_cpp
