[0.035s] Invoking command in '/home/mosalam/robot_ws/build/vizanti_msgs': CMAKE_PREFIX_PATH=${CMAKE_PREFIX_PATH}:/home/mosalam/robot_ws/install/serial_motor_demo:/home/mosalam/robot_ws/install/custom_explorer:/home/mosalam/robot_ws/install/autonomous_exploration:/opt/ros/humble /usr/bin/cmake --build /home/mosalam/robot_ws/build/vizanti_msgs -- -j4 -l4
[0.187s] [ 11%] Built target vizanti_msgs__rosidl_generator_c
[0.187s] [ 12%] Built target vizanti_msgs__cpp
[0.245s] [ 12%] Built target ament_cmake_python_copy_vizanti_msgs
[0.286s] [ 24%] Built target vizanti_msgs__rosidl_typesupport_cpp
[0.294s] [ 35%] Built target vizanti_msgs__rosidl_typesupport_introspection_c
[0.312s] [ 47%] Built target vizanti_msgs__rosidl_typesupport_fastrtps_c
[0.358s] [ 58%] Built target vizanti_msgs__rosidl_typesupport_c
[0.368s] [ 70%] Built target vizanti_msgs__rosidl_typesupport_fastrtps_cpp
[0.394s] [ 82%] Built target vizanti_msgs__rosidl_typesupport_introspection_cpp
[0.452s] [ 82%] Built target vizanti_msgs
[0.494s] [ 83%] Built target vizanti_msgs__py
[0.565s] [ 93%] Built target vizanti_msgs__rosidl_generator_py
[0.647s] [ 95%] Built target vizanti_msgs__rosidl_typesupport_introspection_c__pyext
[0.683s] [ 97%] Built target vizanti_msgs__rosidl_typesupport_c__pyext
[0.684s] [100%] Built target vizanti_msgs__rosidl_typesupport_fastrtps_c__pyext
[1.022s] running egg_info
[1.023s] writing vizanti_msgs.egg-info/PKG-INFO
[1.026s] writing dependency_links to vizanti_msgs.egg-info/dependency_links.txt
[1.026s] writing top-level names to vizanti_msgs.egg-info/top_level.txt
[1.029s] reading manifest file 'vizanti_msgs.egg-info/SOURCES.txt'
[1.030s] writing manifest file 'vizanti_msgs.egg-info/SOURCES.txt'
[1.101s] [100%] Built target ament_cmake_python_build_vizanti_msgs_egg
[1.424s] Invoked command in '/home/mosalam/robot_ws/build/vizanti_msgs' returned '0': CMAKE_PREFIX_PATH=${CMAKE_PREFIX_PATH}:/home/mosalam/robot_ws/install/serial_motor_demo:/home/mosalam/robot_ws/install/custom_explorer:/home/mosalam/robot_ws/install/autonomous_exploration:/opt/ros/humble /usr/bin/cmake --build /home/mosalam/robot_ws/build/vizanti_msgs -- -j4 -l4
[1.427s] Invoking command in '/home/mosalam/robot_ws/build/vizanti_msgs': CMAKE_PREFIX_PATH=${CMAKE_PREFIX_PATH}:/home/mosalam/robot_ws/install/serial_motor_demo:/home/mosalam/robot_ws/install/custom_explorer:/home/mosalam/robot_ws/install/autonomous_exploration:/opt/ros/humble /usr/bin/cmake --install /home/mosalam/robot_ws/build/vizanti_msgs
[1.445s] -- Install configuration: ""
[1.445s] -- Up-to-date: /home/mosalam/robot_ws/install/vizanti_msgs/share/ament_index/resource_index/rosidl_interfaces/vizanti_msgs
[1.453s] -- Up-to-date: /home/mosalam/robot_ws/install/vizanti_msgs/include/vizanti_msgs/vizanti_msgs
[1.453s] -- Up-to-date: /home/mosalam/robot_ws/install/vizanti_msgs/include/vizanti_msgs/vizanti_msgs/msg
[1.453s] -- Up-to-date: /home/mosalam/robot_ws/install/vizanti_msgs/include/vizanti_msgs/vizanti_msgs/msg/rosidl_generator_c__visibility_control.h
[1.453s] -- Up-to-date: /home/mosalam/robot_ws/install/vizanti_msgs/include/vizanti_msgs/vizanti_msgs/srv
[1.454s] -- Up-to-date: /home/mosalam/robot_ws/install/vizanti_msgs/include/vizanti_msgs/vizanti_msgs/srv/set_node_parameter.h
[1.455s] -- Up-to-date: /home/mosalam/robot_ws/install/vizanti_msgs/include/vizanti_msgs/vizanti_msgs/srv/record_rosbag.h
[1.455s] -- Up-to-date: /home/mosalam/robot_ws/install/vizanti_msgs/include/vizanti_msgs/vizanti_msgs/srv/list_lifecycles.h
[1.455s] -- Up-to-date: /home/mosalam/robot_ws/install/vizanti_msgs/include/vizanti_msgs/vizanti_msgs/srv/list_executables.h
[1.455s] -- Up-to-date: /home/mosalam/robot_ws/install/vizanti_msgs/include/vizanti_msgs/vizanti_msgs/srv/manage_node.h
[1.457s] -- Up-to-date: /home/mosalam/robot_ws/install/vizanti_msgs/include/vizanti_msgs/vizanti_msgs/srv/load_map.h
[1.457s] -- Up-to-date: /home/mosalam/robot_ws/install/vizanti_msgs/include/vizanti_msgs/vizanti_msgs/srv/get_node_parameters.h
[1.457s] -- Up-to-date: /home/mosalam/robot_ws/install/vizanti_msgs/include/vizanti_msgs/vizanti_msgs/srv/list_packages.h
[1.458s] -- Up-to-date: /home/mosalam/robot_ws/install/vizanti_msgs/include/vizanti_msgs/vizanti_msgs/srv/save_map.h
[1.458s] -- Up-to-date: /home/mosalam/robot_ws/install/vizanti_msgs/include/vizanti_msgs/vizanti_msgs/srv/detail
[1.459s] -- Up-to-date: /home/mosalam/robot_ws/install/vizanti_msgs/include/vizanti_msgs/vizanti_msgs/srv/detail/load_map__functions.c
[1.459s] -- Up-to-date: /home/mosalam/robot_ws/install/vizanti_msgs/include/vizanti_msgs/vizanti_msgs/srv/detail/save_map__struct.h
[1.460s] -- Up-to-date: /home/mosalam/robot_ws/install/vizanti_msgs/include/vizanti_msgs/vizanti_msgs/srv/detail/save_map__functions.c
[1.460s] -- Up-to-date: /home/mosalam/robot_ws/install/vizanti_msgs/include/vizanti_msgs/vizanti_msgs/srv/detail/save_map__type_support.h
[1.461s] -- Up-to-date: /home/mosalam/robot_ws/install/vizanti_msgs/include/vizanti_msgs/vizanti_msgs/srv/detail/list_executables__struct.h
[1.461s] -- Up-to-date: /home/mosalam/robot_ws/install/vizanti_msgs/include/vizanti_msgs/vizanti_msgs/srv/detail/save_map__functions.h
[1.463s] -- Up-to-date: /home/mosalam/robot_ws/install/vizanti_msgs/include/vizanti_msgs/vizanti_msgs/srv/detail/list_packages__type_support.h
[1.464s] -- Up-to-date: /home/mosalam/robot_ws/install/vizanti_msgs/include/vizanti_msgs/vizanti_msgs/srv/detail/manage_node__functions.h
[1.464s] -- Up-to-date: /home/mosalam/robot_ws/install/vizanti_msgs/include/vizanti_msgs/vizanti_msgs/srv/detail/list_lifecycles__struct.h
[1.464s] -- Up-to-date: /home/mosalam/robot_ws/install/vizanti_msgs/include/vizanti_msgs/vizanti_msgs/srv/detail/get_node_parameters__type_support.h
[1.464s] -- Up-to-date: /home/mosalam/robot_ws/install/vizanti_msgs/include/vizanti_msgs/vizanti_msgs/srv/detail/load_map__struct.h
[1.465s] -- Up-to-date: /home/mosalam/robot_ws/install/vizanti_msgs/include/vizanti_msgs/vizanti_msgs/srv/detail/list_lifecycles__functions.h
[1.466s] -- Up-to-date: /home/mosalam/robot_ws/install/vizanti_msgs/include/vizanti_msgs/vizanti_msgs/srv/detail/get_node_parameters__functions.h
[1.468s] -- Up-to-date: /home/mosalam/robot_ws/install/vizanti_msgs/include/vizanti_msgs/vizanti_msgs/srv/detail/list_lifecycles__functions.c
[1.468s] -- Up-to-date: /home/mosalam/robot_ws/install/vizanti_msgs/include/vizanti_msgs/vizanti_msgs/srv/detail/get_node_parameters__functions.c
[1.468s] -- Up-to-date: /home/mosalam/robot_ws/install/vizanti_msgs/include/vizanti_msgs/vizanti_msgs/srv/detail/set_node_parameter__functions.c
[1.469s] -- Up-to-date: /home/mosalam/robot_ws/install/vizanti_msgs/include/vizanti_msgs/vizanti_msgs/srv/detail/set_node_parameter__functions.h
[1.469s] -- Up-to-date: /home/mosalam/robot_ws/install/vizanti_msgs/include/vizanti_msgs/vizanti_msgs/srv/detail/load_map__functions.h
[1.470s] -- Up-to-date: /home/mosalam/robot_ws/install/vizanti_msgs/include/vizanti_msgs/vizanti_msgs/srv/detail/get_node_parameters__struct.h
[1.470s] -- Up-to-date: /home/mosalam/robot_ws/install/vizanti_msgs/include/vizanti_msgs/vizanti_msgs/srv/detail/list_executables__functions.h
[1.470s] -- Up-to-date: /home/mosalam/robot_ws/install/vizanti_msgs/include/vizanti_msgs/vizanti_msgs/srv/detail/list_executables__functions.c
[1.470s] -- Up-to-date: /home/mosalam/robot_ws/install/vizanti_msgs/include/vizanti_msgs/vizanti_msgs/srv/detail/set_node_parameter__type_support.h
[1.470s] -- Up-to-date: /home/mosalam/robot_ws/install/vizanti_msgs/include/vizanti_msgs/vizanti_msgs/srv/detail/record_rosbag__functions.c
[1.471s] -- Up-to-date: /home/mosalam/robot_ws/install/vizanti_msgs/include/vizanti_msgs/vizanti_msgs/srv/detail/record_rosbag__type_support.h
[1.471s] -- Up-to-date: /home/mosalam/robot_ws/install/vizanti_msgs/include/vizanti_msgs/vizanti_msgs/srv/detail/list_packages__struct.h
[1.471s] -- Up-to-date: /home/mosalam/robot_ws/install/vizanti_msgs/include/vizanti_msgs/vizanti_msgs/srv/detail/list_executables__type_support.h
[1.471s] -- Up-to-date: /home/mosalam/robot_ws/install/vizanti_msgs/include/vizanti_msgs/vizanti_msgs/srv/detail/manage_node__struct.h
[1.471s] -- Up-to-date: /home/mosalam/robot_ws/install/vizanti_msgs/include/vizanti_msgs/vizanti_msgs/srv/detail/load_map__type_support.h
[1.472s] -- Up-to-date: /home/mosalam/robot_ws/install/vizanti_msgs/include/vizanti_msgs/vizanti_msgs/srv/detail/list_packages__functions.h
[1.472s] -- Up-to-date: /home/mosalam/robot_ws/install/vizanti_msgs/include/vizanti_msgs/vizanti_msgs/srv/detail/manage_node__functions.c
[1.473s] -- Up-to-date: /home/mosalam/robot_ws/install/vizanti_msgs/include/vizanti_msgs/vizanti_msgs/srv/detail/manage_node__type_support.h
[1.473s] -- Up-to-date: /home/mosalam/robot_ws/install/vizanti_msgs/include/vizanti_msgs/vizanti_msgs/srv/detail/list_lifecycles__type_support.h
[1.474s] -- Up-to-date: /home/mosalam/robot_ws/install/vizanti_msgs/include/vizanti_msgs/vizanti_msgs/srv/detail/list_packages__functions.c
[1.474s] -- Up-to-date: /home/mosalam/robot_ws/install/vizanti_msgs/include/vizanti_msgs/vizanti_msgs/srv/detail/record_rosbag__functions.h
[1.474s] -- Up-to-date: /home/mosalam/robot_ws/install/vizanti_msgs/include/vizanti_msgs/vizanti_msgs/srv/detail/record_rosbag__struct.h
[1.474s] -- Up-to-date: /home/mosalam/robot_ws/install/vizanti_msgs/include/vizanti_msgs/vizanti_msgs/srv/detail/set_node_parameter__struct.h
[1.474s] -- Up-to-date: /home/mosalam/robot_ws/install/vizanti_msgs/share/vizanti_msgs/environment/library_path.sh
[1.475s] -- Up-to-date: /home/mosalam/robot_ws/install/vizanti_msgs/share/vizanti_msgs/environment/library_path.dsv
[1.475s] -- Up-to-date: /home/mosalam/robot_ws/install/vizanti_msgs/lib/libvizanti_msgs__rosidl_generator_c.so
[1.475s] -- Up-to-date: /home/mosalam/robot_ws/install/vizanti_msgs/include/vizanti_msgs/vizanti_msgs
[1.475s] -- Up-to-date: /home/mosalam/robot_ws/install/vizanti_msgs/include/vizanti_msgs/vizanti_msgs/msg
[1.475s] -- Up-to-date: /home/mosalam/robot_ws/install/vizanti_msgs/include/vizanti_msgs/vizanti_msgs/msg/rosidl_typesupport_fastrtps_c__visibility_control.h
[1.475s] -- Up-to-date: /home/mosalam/robot_ws/install/vizanti_msgs/include/vizanti_msgs/vizanti_msgs/srv
[1.476s] -- Up-to-date: /home/mosalam/robot_ws/install/vizanti_msgs/include/vizanti_msgs/vizanti_msgs/srv/detail
[1.476s] -- Up-to-date: /home/mosalam/robot_ws/install/vizanti_msgs/include/vizanti_msgs/vizanti_msgs/srv/detail/load_map__rosidl_typesupport_fastrtps_c.h
[1.476s] -- Up-to-date: /home/mosalam/robot_ws/install/vizanti_msgs/include/vizanti_msgs/vizanti_msgs/srv/detail/manage_node__rosidl_typesupport_fastrtps_c.h
[1.476s] -- Up-to-date: /home/mosalam/robot_ws/install/vizanti_msgs/include/vizanti_msgs/vizanti_msgs/srv/detail/set_node_parameter__rosidl_typesupport_fastrtps_c.h
[1.476s] -- Up-to-date: /home/mosalam/robot_ws/install/vizanti_msgs/include/vizanti_msgs/vizanti_msgs/srv/detail/list_packages__rosidl_typesupport_fastrtps_c.h
[1.476s] -- Up-to-date: /home/mosalam/robot_ws/install/vizanti_msgs/include/vizanti_msgs/vizanti_msgs/srv/detail/save_map__rosidl_typesupport_fastrtps_c.h
[1.476s] -- Up-to-date: /home/mosalam/robot_ws/install/vizanti_msgs/include/vizanti_msgs/vizanti_msgs/srv/detail/record_rosbag__rosidl_typesupport_fastrtps_c.h
[1.477s] -- Up-to-date: /home/mosalam/robot_ws/install/vizanti_msgs/include/vizanti_msgs/vizanti_msgs/srv/detail/list_executables__rosidl_typesupport_fastrtps_c.h
[1.477s] -- Up-to-date: /home/mosalam/robot_ws/install/vizanti_msgs/include/vizanti_msgs/vizanti_msgs/srv/detail/list_lifecycles__rosidl_typesupport_fastrtps_c.h
[1.477s] -- Up-to-date: /home/mosalam/robot_ws/install/vizanti_msgs/include/vizanti_msgs/vizanti_msgs/srv/detail/get_node_parameters__rosidl_typesupport_fastrtps_c.h
[1.478s] -- Up-to-date: /home/mosalam/robot_ws/install/vizanti_msgs/lib/libvizanti_msgs__rosidl_typesupport_fastrtps_c.so
[1.479s] -- Up-to-date: /home/mosalam/robot_ws/install/vizanti_msgs/include/vizanti_msgs/vizanti_msgs
[1.479s] -- Up-to-date: /home/mosalam/robot_ws/install/vizanti_msgs/include/vizanti_msgs/vizanti_msgs/msg
[1.479s] -- Up-to-date: /home/mosalam/robot_ws/install/vizanti_msgs/include/vizanti_msgs/vizanti_msgs/msg/rosidl_typesupport_introspection_c__visibility_control.h
[1.479s] -- Up-to-date: /home/mosalam/robot_ws/install/vizanti_msgs/include/vizanti_msgs/vizanti_msgs/srv
[1.479s] -- Up-to-date: /home/mosalam/robot_ws/install/vizanti_msgs/include/vizanti_msgs/vizanti_msgs/srv/detail
[1.479s] -- Up-to-date: /home/mosalam/robot_ws/install/vizanti_msgs/include/vizanti_msgs/vizanti_msgs/srv/detail/save_map__type_support.c
[1.479s] -- Up-to-date: /home/mosalam/robot_ws/install/vizanti_msgs/include/vizanti_msgs/vizanti_msgs/srv/detail/list_lifecycles__type_support.c
[1.479s] -- Up-to-date: /home/mosalam/robot_ws/install/vizanti_msgs/include/vizanti_msgs/vizanti_msgs/srv/detail/load_map__rosidl_typesupport_introspection_c.h
[1.479s] -- Up-to-date: /home/mosalam/robot_ws/install/vizanti_msgs/include/vizanti_msgs/vizanti_msgs/srv/detail/get_node_parameters__rosidl_typesupport_introspection_c.h
[1.480s] -- Up-to-date: /home/mosalam/robot_ws/install/vizanti_msgs/include/vizanti_msgs/vizanti_msgs/srv/detail/record_rosbag__rosidl_typesupport_introspection_c.h
[1.480s] -- Up-to-date: /home/mosalam/robot_ws/install/vizanti_msgs/include/vizanti_msgs/vizanti_msgs/srv/detail/manage_node__type_support.c
[1.480s] -- Up-to-date: /home/mosalam/robot_ws/install/vizanti_msgs/include/vizanti_msgs/vizanti_msgs/srv/detail/list_packages__type_support.c
[1.480s] -- Up-to-date: /home/mosalam/robot_ws/install/vizanti_msgs/include/vizanti_msgs/vizanti_msgs/srv/detail/manage_node__rosidl_typesupport_introspection_c.h
[1.480s] -- Up-to-date: /home/mosalam/robot_ws/install/vizanti_msgs/include/vizanti_msgs/vizanti_msgs/srv/detail/list_lifecycles__rosidl_typesupport_introspection_c.h
[1.480s] -- Up-to-date: /home/mosalam/robot_ws/install/vizanti_msgs/include/vizanti_msgs/vizanti_msgs/srv/detail/record_rosbag__type_support.c
[1.480s] -- Up-to-date: /home/mosalam/robot_ws/install/vizanti_msgs/include/vizanti_msgs/vizanti_msgs/srv/detail/load_map__type_support.c
[1.483s] -- Up-to-date: /home/mosalam/robot_ws/install/vizanti_msgs/include/vizanti_msgs/vizanti_msgs/srv/detail/save_map__rosidl_typesupport_introspection_c.h
[1.483s] -- Up-to-date: /home/mosalam/robot_ws/install/vizanti_msgs/include/vizanti_msgs/vizanti_msgs/srv/detail/get_node_parameters__type_support.c
[1.483s] -- Up-to-date: /home/mosalam/robot_ws/install/vizanti_msgs/include/vizanti_msgs/vizanti_msgs/srv/detail/list_executables__type_support.c
[1.484s] -- Up-to-date: /home/mosalam/robot_ws/install/vizanti_msgs/include/vizanti_msgs/vizanti_msgs/srv/detail/list_executables__rosidl_typesupport_introspection_c.h
[1.484s] -- Up-to-date: /home/mosalam/robot_ws/install/vizanti_msgs/include/vizanti_msgs/vizanti_msgs/srv/detail/set_node_parameter__type_support.c
[1.484s] -- Up-to-date: /home/mosalam/robot_ws/install/vizanti_msgs/include/vizanti_msgs/vizanti_msgs/srv/detail/set_node_parameter__rosidl_typesupport_introspection_c.h
[1.484s] -- Up-to-date: /home/mosalam/robot_ws/install/vizanti_msgs/include/vizanti_msgs/vizanti_msgs/srv/detail/list_packages__rosidl_typesupport_introspection_c.h
[1.488s] -- Up-to-date: /home/mosalam/robot_ws/install/vizanti_msgs/lib/libvizanti_msgs__rosidl_typesupport_introspection_c.so
[1.488s] -- Up-to-date: /home/mosalam/robot_ws/install/vizanti_msgs/lib/libvizanti_msgs__rosidl_typesupport_c.so
[1.489s] -- Up-to-date: /home/mosalam/robot_ws/install/vizanti_msgs/include/vizanti_msgs/vizanti_msgs
[1.489s] -- Up-to-date: /home/mosalam/robot_ws/install/vizanti_msgs/include/vizanti_msgs/vizanti_msgs/msg
[1.489s] -- Up-to-date: /home/mosalam/robot_ws/install/vizanti_msgs/include/vizanti_msgs/vizanti_msgs/msg/rosidl_generator_cpp__visibility_control.hpp
[1.489s] -- Up-to-date: /home/mosalam/robot_ws/install/vizanti_msgs/include/vizanti_msgs/vizanti_msgs/srv
[1.489s] -- Up-to-date: /home/mosalam/robot_ws/install/vizanti_msgs/include/vizanti_msgs/vizanti_msgs/srv/list_lifecycles.hpp
[1.490s] -- Up-to-date: /home/mosalam/robot_ws/install/vizanti_msgs/include/vizanti_msgs/vizanti_msgs/srv/record_rosbag.hpp
[1.493s] -- Up-to-date: /home/mosalam/robot_ws/install/vizanti_msgs/include/vizanti_msgs/vizanti_msgs/srv/get_node_parameters.hpp
[1.493s] -- Up-to-date: /home/mosalam/robot_ws/install/vizanti_msgs/include/vizanti_msgs/vizanti_msgs/srv/list_executables.hpp
[1.494s] -- Up-to-date: /home/mosalam/robot_ws/install/vizanti_msgs/include/vizanti_msgs/vizanti_msgs/srv/load_map.hpp
[1.494s] -- Up-to-date: /home/mosalam/robot_ws/install/vizanti_msgs/include/vizanti_msgs/vizanti_msgs/srv/set_node_parameter.hpp
[1.494s] -- Up-to-date: /home/mosalam/robot_ws/install/vizanti_msgs/include/vizanti_msgs/vizanti_msgs/srv/list_packages.hpp
[1.494s] -- Up-to-date: /home/mosalam/robot_ws/install/vizanti_msgs/include/vizanti_msgs/vizanti_msgs/srv/manage_node.hpp
[1.494s] -- Up-to-date: /home/mosalam/robot_ws/install/vizanti_msgs/include/vizanti_msgs/vizanti_msgs/srv/save_map.hpp
[1.494s] -- Up-to-date: /home/mosalam/robot_ws/install/vizanti_msgs/include/vizanti_msgs/vizanti_msgs/srv/detail
[1.495s] -- Up-to-date: /home/mosalam/robot_ws/install/vizanti_msgs/include/vizanti_msgs/vizanti_msgs/srv/detail/list_packages__struct.hpp
[1.495s] -- Up-to-date: /home/mosalam/robot_ws/install/vizanti_msgs/include/vizanti_msgs/vizanti_msgs/srv/detail/record_rosbag__struct.hpp
[1.495s] -- Up-to-date: /home/mosalam/robot_ws/install/vizanti_msgs/include/vizanti_msgs/vizanti_msgs/srv/detail/record_rosbag__type_support.hpp
[1.495s] -- Up-to-date: /home/mosalam/robot_ws/install/vizanti_msgs/include/vizanti_msgs/vizanti_msgs/srv/detail/set_node_parameter__builder.hpp
[1.495s] -- Up-to-date: /home/mosalam/robot_ws/install/vizanti_msgs/include/vizanti_msgs/vizanti_msgs/srv/detail/get_node_parameters__struct.hpp
[1.496s] -- Up-to-date: /home/mosalam/robot_ws/install/vizanti_msgs/include/vizanti_msgs/vizanti_msgs/srv/detail/list_packages__type_support.hpp
[1.497s] -- Up-to-date: /home/mosalam/robot_ws/install/vizanti_msgs/include/vizanti_msgs/vizanti_msgs/srv/detail/set_node_parameter__type_support.hpp
[1.498s] -- Up-to-date: /home/mosalam/robot_ws/install/vizanti_msgs/include/vizanti_msgs/vizanti_msgs/srv/detail/manage_node__type_support.hpp
[1.498s] -- Up-to-date: /home/mosalam/robot_ws/install/vizanti_msgs/include/vizanti_msgs/vizanti_msgs/srv/detail/list_lifecycles__builder.hpp
[1.498s] -- Up-to-date: /home/mosalam/robot_ws/install/vizanti_msgs/include/vizanti_msgs/vizanti_msgs/srv/detail/manage_node__builder.hpp
[1.501s] -- Up-to-date: /home/mosalam/robot_ws/install/vizanti_msgs/include/vizanti_msgs/vizanti_msgs/srv/detail/save_map__type_support.hpp
[1.501s] -- Up-to-date: /home/mosalam/robot_ws/install/vizanti_msgs/include/vizanti_msgs/vizanti_msgs/srv/detail/get_node_parameters__traits.hpp
[1.501s] -- Up-to-date: /home/mosalam/robot_ws/install/vizanti_msgs/include/vizanti_msgs/vizanti_msgs/srv/detail/list_executables__builder.hpp
[1.501s] -- Up-to-date: /home/mosalam/robot_ws/install/vizanti_msgs/include/vizanti_msgs/vizanti_msgs/srv/detail/load_map__struct.hpp
[1.501s] -- Up-to-date: /home/mosalam/robot_ws/install/vizanti_msgs/include/vizanti_msgs/vizanti_msgs/srv/detail/list_lifecycles__type_support.hpp
[1.501s] -- Up-to-date: /home/mosalam/robot_ws/install/vizanti_msgs/include/vizanti_msgs/vizanti_msgs/srv/detail/get_node_parameters__type_support.hpp
[1.501s] -- Up-to-date: /home/mosalam/robot_ws/install/vizanti_msgs/include/vizanti_msgs/vizanti_msgs/srv/detail/list_executables__struct.hpp
[1.501s] -- Up-to-date: /home/mosalam/robot_ws/install/vizanti_msgs/include/vizanti_msgs/vizanti_msgs/srv/detail/list_packages__traits.hpp
[1.501s] -- Up-to-date: /home/mosalam/robot_ws/install/vizanti_msgs/include/vizanti_msgs/vizanti_msgs/srv/detail/list_lifecycles__struct.hpp
[1.502s] -- Up-to-date: /home/mosalam/robot_ws/install/vizanti_msgs/include/vizanti_msgs/vizanti_msgs/srv/detail/load_map__builder.hpp
[1.502s] -- Up-to-date: /home/mosalam/robot_ws/install/vizanti_msgs/include/vizanti_msgs/vizanti_msgs/srv/detail/list_executables__type_support.hpp
[1.502s] -- Up-to-date: /home/mosalam/robot_ws/install/vizanti_msgs/include/vizanti_msgs/vizanti_msgs/srv/detail/manage_node__struct.hpp
[1.502s] -- Up-to-date: /home/mosalam/robot_ws/install/vizanti_msgs/include/vizanti_msgs/vizanti_msgs/srv/detail/save_map__builder.hpp
[1.502s] -- Up-to-date: /home/mosalam/robot_ws/install/vizanti_msgs/include/vizanti_msgs/vizanti_msgs/srv/detail/load_map__type_support.hpp
[1.503s] -- Up-to-date: /home/mosalam/robot_ws/install/vizanti_msgs/include/vizanti_msgs/vizanti_msgs/srv/detail/save_map__struct.hpp
[1.503s] -- Up-to-date: /home/mosalam/robot_ws/install/vizanti_msgs/include/vizanti_msgs/vizanti_msgs/srv/detail/list_packages__builder.hpp
[1.503s] -- Up-to-date: /home/mosalam/robot_ws/install/vizanti_msgs/include/vizanti_msgs/vizanti_msgs/srv/detail/record_rosbag__traits.hpp
[1.504s] -- Up-to-date: /home/mosalam/robot_ws/install/vizanti_msgs/include/vizanti_msgs/vizanti_msgs/srv/detail/record_rosbag__builder.hpp
[1.504s] -- Up-to-date: /home/mosalam/robot_ws/install/vizanti_msgs/include/vizanti_msgs/vizanti_msgs/srv/detail/list_executables__traits.hpp
[1.504s] -- Up-to-date: /home/mosalam/robot_ws/install/vizanti_msgs/include/vizanti_msgs/vizanti_msgs/srv/detail/set_node_parameter__traits.hpp
[1.504s] -- Up-to-date: /home/mosalam/robot_ws/install/vizanti_msgs/include/vizanti_msgs/vizanti_msgs/srv/detail/set_node_parameter__struct.hpp
[1.504s] -- Up-to-date: /home/mosalam/robot_ws/install/vizanti_msgs/include/vizanti_msgs/vizanti_msgs/srv/detail/load_map__traits.hpp
[1.504s] -- Up-to-date: /home/mosalam/robot_ws/install/vizanti_msgs/include/vizanti_msgs/vizanti_msgs/srv/detail/save_map__traits.hpp
[1.504s] -- Up-to-date: /home/mosalam/robot_ws/install/vizanti_msgs/include/vizanti_msgs/vizanti_msgs/srv/detail/manage_node__traits.hpp
[1.504s] -- Up-to-date: /home/mosalam/robot_ws/install/vizanti_msgs/include/vizanti_msgs/vizanti_msgs/srv/detail/get_node_parameters__builder.hpp
[1.504s] -- Up-to-date: /home/mosalam/robot_ws/install/vizanti_msgs/include/vizanti_msgs/vizanti_msgs/srv/detail/list_lifecycles__traits.hpp
[1.505s] -- Up-to-date: /home/mosalam/robot_ws/install/vizanti_msgs/include/vizanti_msgs/vizanti_msgs
[1.505s] -- Up-to-date: /home/mosalam/robot_ws/install/vizanti_msgs/include/vizanti_msgs/vizanti_msgs/msg
[1.509s] -- Up-to-date: /home/mosalam/robot_ws/install/vizanti_msgs/include/vizanti_msgs/vizanti_msgs/msg/rosidl_typesupport_fastrtps_cpp__visibility_control.h
[1.509s] -- Up-to-date: /home/mosalam/robot_ws/install/vizanti_msgs/include/vizanti_msgs/vizanti_msgs/srv
[1.510s] -- Up-to-date: /home/mosalam/robot_ws/install/vizanti_msgs/include/vizanti_msgs/vizanti_msgs/srv/detail
[1.510s] -- Up-to-date: /home/mosalam/robot_ws/install/vizanti_msgs/include/vizanti_msgs/vizanti_msgs/srv/detail/list_executables__rosidl_typesupport_fastrtps_cpp.hpp
[1.510s] -- Up-to-date: /home/mosalam/robot_ws/install/vizanti_msgs/include/vizanti_msgs/vizanti_msgs/srv/detail/record_rosbag__rosidl_typesupport_fastrtps_cpp.hpp
[1.513s] -- Up-to-date: /home/mosalam/robot_ws/install/vizanti_msgs/include/vizanti_msgs/vizanti_msgs/srv/detail/dds_fastrtps
[1.513s] -- Up-to-date: /home/mosalam/robot_ws/install/vizanti_msgs/include/vizanti_msgs/vizanti_msgs/srv/detail/save_map__rosidl_typesupport_fastrtps_cpp.hpp
[1.513s] -- Up-to-date: /home/mosalam/robot_ws/install/vizanti_msgs/include/vizanti_msgs/vizanti_msgs/srv/detail/load_map__rosidl_typesupport_fastrtps_cpp.hpp
[1.513s] -- Up-to-date: /home/mosalam/robot_ws/install/vizanti_msgs/include/vizanti_msgs/vizanti_msgs/srv/detail/set_node_parameter__rosidl_typesupport_fastrtps_cpp.hpp
[1.513s] -- Up-to-date: /home/mosalam/robot_ws/install/vizanti_msgs/include/vizanti_msgs/vizanti_msgs/srv/detail/get_node_parameters__rosidl_typesupport_fastrtps_cpp.hpp
[1.513s] -- Up-to-date: /home/mosalam/robot_ws/install/vizanti_msgs/include/vizanti_msgs/vizanti_msgs/srv/detail/list_packages__rosidl_typesupport_fastrtps_cpp.hpp
[1.514s] -- Up-to-date: /home/mosalam/robot_ws/install/vizanti_msgs/include/vizanti_msgs/vizanti_msgs/srv/detail/list_lifecycles__rosidl_typesupport_fastrtps_cpp.hpp
[1.514s] -- Up-to-date: /home/mosalam/robot_ws/install/vizanti_msgs/include/vizanti_msgs/vizanti_msgs/srv/detail/manage_node__rosidl_typesupport_fastrtps_cpp.hpp
[1.514s] -- Up-to-date: /home/mosalam/robot_ws/install/vizanti_msgs/lib/libvizanti_msgs__rosidl_typesupport_fastrtps_cpp.so
[1.514s] -- Up-to-date: /home/mosalam/robot_ws/install/vizanti_msgs/include/vizanti_msgs/vizanti_msgs
[1.514s] -- Up-to-date: /home/mosalam/robot_ws/install/vizanti_msgs/include/vizanti_msgs/vizanti_msgs/srv
[1.514s] -- Up-to-date: /home/mosalam/robot_ws/install/vizanti_msgs/include/vizanti_msgs/vizanti_msgs/srv/detail
[1.514s] -- Up-to-date: /home/mosalam/robot_ws/install/vizanti_msgs/include/vizanti_msgs/vizanti_msgs/srv/detail/get_node_parameters__rosidl_typesupport_introspection_cpp.hpp
[1.514s] -- Up-to-date: /home/mosalam/robot_ws/install/vizanti_msgs/include/vizanti_msgs/vizanti_msgs/srv/detail/list_executables__type_support.cpp
[1.514s] -- Up-to-date: /home/mosalam/robot_ws/install/vizanti_msgs/include/vizanti_msgs/vizanti_msgs/srv/detail/list_lifecycles__rosidl_typesupport_introspection_cpp.hpp
[1.515s] -- Up-to-date: /home/mosalam/robot_ws/install/vizanti_msgs/include/vizanti_msgs/vizanti_msgs/srv/detail/set_node_parameter__type_support.cpp
[1.515s] -- Up-to-date: /home/mosalam/robot_ws/install/vizanti_msgs/include/vizanti_msgs/vizanti_msgs/srv/detail/load_map__type_support.cpp
[1.515s] -- Up-to-date: /home/mosalam/robot_ws/install/vizanti_msgs/include/vizanti_msgs/vizanti_msgs/srv/detail/record_rosbag__rosidl_typesupport_introspection_cpp.hpp
[1.515s] -- Up-to-date: /home/mosalam/robot_ws/install/vizanti_msgs/include/vizanti_msgs/vizanti_msgs/srv/detail/list_packages__type_support.cpp
[1.515s] -- Up-to-date: /home/mosalam/robot_ws/install/vizanti_msgs/include/vizanti_msgs/vizanti_msgs/srv/detail/set_node_parameter__rosidl_typesupport_introspection_cpp.hpp
[1.515s] -- Up-to-date: /home/mosalam/robot_ws/install/vizanti_msgs/include/vizanti_msgs/vizanti_msgs/srv/detail/get_node_parameters__type_support.cpp
[1.515s] -- Up-to-date: /home/mosalam/robot_ws/install/vizanti_msgs/include/vizanti_msgs/vizanti_msgs/srv/detail/save_map__type_support.cpp
[1.515s] -- Up-to-date: /home/mosalam/robot_ws/install/vizanti_msgs/include/vizanti_msgs/vizanti_msgs/srv/detail/list_executables__rosidl_typesupport_introspection_cpp.hpp
[1.520s] -- Up-to-date: /home/mosalam/robot_ws/install/vizanti_msgs/include/vizanti_msgs/vizanti_msgs/srv/detail/manage_node__type_support.cpp
[1.521s] -- Up-to-date: /home/mosalam/robot_ws/install/vizanti_msgs/include/vizanti_msgs/vizanti_msgs/srv/detail/load_map__rosidl_typesupport_introspection_cpp.hpp
[1.521s] -- Up-to-date: /home/mosalam/robot_ws/install/vizanti_msgs/include/vizanti_msgs/vizanti_msgs/srv/detail/manage_node__rosidl_typesupport_introspection_cpp.hpp
[1.521s] -- Up-to-date: /home/mosalam/robot_ws/install/vizanti_msgs/include/vizanti_msgs/vizanti_msgs/srv/detail/save_map__rosidl_typesupport_introspection_cpp.hpp
[1.524s] -- Up-to-date: /home/mosalam/robot_ws/install/vizanti_msgs/include/vizanti_msgs/vizanti_msgs/srv/detail/record_rosbag__type_support.cpp
[1.524s] -- Up-to-date: /home/mosalam/robot_ws/install/vizanti_msgs/include/vizanti_msgs/vizanti_msgs/srv/detail/list_lifecycles__type_support.cpp
[1.524s] -- Up-to-date: /home/mosalam/robot_ws/install/vizanti_msgs/include/vizanti_msgs/vizanti_msgs/srv/detail/list_packages__rosidl_typesupport_introspection_cpp.hpp
[1.524s] -- Up-to-date: /home/mosalam/robot_ws/install/vizanti_msgs/lib/libvizanti_msgs__rosidl_typesupport_introspection_cpp.so
[1.525s] -- Up-to-date: /home/mosalam/robot_ws/install/vizanti_msgs/lib/libvizanti_msgs__rosidl_typesupport_cpp.so
[1.525s] -- Up-to-date: /home/mosalam/robot_ws/install/vizanti_msgs/share/vizanti_msgs/environment/pythonpath.sh
[1.525s] -- Up-to-date: /home/mosalam/robot_ws/install/vizanti_msgs/share/vizanti_msgs/environment/pythonpath.dsv
[1.525s] -- Up-to-date: /home/mosalam/robot_ws/install/vizanti_msgs/local/lib/python3.10/dist-packages/vizanti_msgs-0.1.0-py3.10.egg-info
[1.525s] -- Installing: /home/mosalam/robot_ws/install/vizanti_msgs/local/lib/python3.10/dist-packages/vizanti_msgs-0.1.0-py3.10.egg-info/dependency_links.txt
[1.526s] -- Installing: /home/mosalam/robot_ws/install/vizanti_msgs/local/lib/python3.10/dist-packages/vizanti_msgs-0.1.0-py3.10.egg-info/SOURCES.txt
[1.526s] -- Installing: /home/mosalam/robot_ws/install/vizanti_msgs/local/lib/python3.10/dist-packages/vizanti_msgs-0.1.0-py3.10.egg-info/PKG-INFO
[1.526s] -- Installing: /home/mosalam/robot_ws/install/vizanti_msgs/local/lib/python3.10/dist-packages/vizanti_msgs-0.1.0-py3.10.egg-info/top_level.txt
[1.526s] -- Up-to-date: /home/mosalam/robot_ws/install/vizanti_msgs/local/lib/python3.10/dist-packages/vizanti_msgs
[1.526s] -- Up-to-date: /home/mosalam/robot_ws/install/vizanti_msgs/local/lib/python3.10/dist-packages/vizanti_msgs/vizanti_msgs_s__rosidl_typesupport_fastrtps_c.cpython-310-x86_64-linux-gnu.so
[1.529s] -- Up-to-date: /home/mosalam/robot_ws/install/vizanti_msgs/local/lib/python3.10/dist-packages/vizanti_msgs/libvizanti_msgs__rosidl_generator_py.so
[1.529s] -- Up-to-date: /home/mosalam/robot_ws/install/vizanti_msgs/local/lib/python3.10/dist-packages/vizanti_msgs/_vizanti_msgs_s.ep.rosidl_typesupport_introspection_c.c
[1.529s] -- Up-to-date: /home/mosalam/robot_ws/install/vizanti_msgs/local/lib/python3.10/dist-packages/vizanti_msgs/_vizanti_msgs_s.ep.rosidl_typesupport_fastrtps_c.c
[1.529s] -- Up-to-date: /home/mosalam/robot_ws/install/vizanti_msgs/local/lib/python3.10/dist-packages/vizanti_msgs/vizanti_msgs_s__rosidl_typesupport_c.cpython-310-x86_64-linux-gnu.so
[1.529s] -- Up-to-date: /home/mosalam/robot_ws/install/vizanti_msgs/local/lib/python3.10/dist-packages/vizanti_msgs/__init__.py
[1.529s] -- Up-to-date: /home/mosalam/robot_ws/install/vizanti_msgs/local/lib/python3.10/dist-packages/vizanti_msgs/vizanti_msgs_s__rosidl_typesupport_introspection_c.cpython-310-x86_64-linux-gnu.so
[1.530s] -- Up-to-date: /home/mosalam/robot_ws/install/vizanti_msgs/local/lib/python3.10/dist-packages/vizanti_msgs/_vizanti_msgs_s.ep.rosidl_typesupport_c.c
[1.530s] -- Up-to-date: /home/mosalam/robot_ws/install/vizanti_msgs/local/lib/python3.10/dist-packages/vizanti_msgs/srv
[1.530s] -- Up-to-date: /home/mosalam/robot_ws/install/vizanti_msgs/local/lib/python3.10/dist-packages/vizanti_msgs/srv/_get_node_parameters_s.c
[1.530s] -- Up-to-date: /home/mosalam/robot_ws/install/vizanti_msgs/local/lib/python3.10/dist-packages/vizanti_msgs/srv/_record_rosbag_s.c
[1.530s] -- Up-to-date: /home/mosalam/robot_ws/install/vizanti_msgs/local/lib/python3.10/dist-packages/vizanti_msgs/srv/_manage_node_s.c
[1.530s] -- Up-to-date: /home/mosalam/robot_ws/install/vizanti_msgs/local/lib/python3.10/dist-packages/vizanti_msgs/srv/_set_node_parameter_s.c
[1.530s] -- Up-to-date: /home/mosalam/robot_ws/install/vizanti_msgs/local/lib/python3.10/dist-packages/vizanti_msgs/srv/_list_executables_s.c
[1.530s] -- Up-to-date: /home/mosalam/robot_ws/install/vizanti_msgs/local/lib/python3.10/dist-packages/vizanti_msgs/srv/_set_node_parameter.py
[1.530s] -- Up-to-date: /home/mosalam/robot_ws/install/vizanti_msgs/local/lib/python3.10/dist-packages/vizanti_msgs/srv/_record_rosbag.py
[1.531s] -- Up-to-date: /home/mosalam/robot_ws/install/vizanti_msgs/local/lib/python3.10/dist-packages/vizanti_msgs/srv/_list_packages_s.c
[1.532s] -- Up-to-date: /home/mosalam/robot_ws/install/vizanti_msgs/local/lib/python3.10/dist-packages/vizanti_msgs/srv/_load_map.py
[1.534s] -- Up-to-date: /home/mosalam/robot_ws/install/vizanti_msgs/local/lib/python3.10/dist-packages/vizanti_msgs/srv/_list_executables.py
[1.534s] -- Up-to-date: /home/mosalam/robot_ws/install/vizanti_msgs/local/lib/python3.10/dist-packages/vizanti_msgs/srv/__init__.py
[1.534s] -- Up-to-date: /home/mosalam/robot_ws/install/vizanti_msgs/local/lib/python3.10/dist-packages/vizanti_msgs/srv/_manage_node.py
[1.535s] -- Up-to-date: /home/mosalam/robot_ws/install/vizanti_msgs/local/lib/python3.10/dist-packages/vizanti_msgs/srv/_get_node_parameters.py
[1.535s] -- Up-to-date: /home/mosalam/robot_ws/install/vizanti_msgs/local/lib/python3.10/dist-packages/vizanti_msgs/srv/_save_map.py
[1.536s] -- Up-to-date: /home/mosalam/robot_ws/install/vizanti_msgs/local/lib/python3.10/dist-packages/vizanti_msgs/srv/_list_lifecycles.py
[1.536s] -- Up-to-date: /home/mosalam/robot_ws/install/vizanti_msgs/local/lib/python3.10/dist-packages/vizanti_msgs/srv/_load_map_s.c
[1.536s] -- Up-to-date: /home/mosalam/robot_ws/install/vizanti_msgs/local/lib/python3.10/dist-packages/vizanti_msgs/srv/_list_packages.py
[1.536s] -- Up-to-date: /home/mosalam/robot_ws/install/vizanti_msgs/local/lib/python3.10/dist-packages/vizanti_msgs/srv/_save_map_s.c
[1.539s] -- Up-to-date: /home/mosalam/robot_ws/install/vizanti_msgs/local/lib/python3.10/dist-packages/vizanti_msgs/srv/_list_lifecycles_s.c
[1.583s] Listing '/home/mosalam/robot_ws/install/vizanti_msgs/local/lib/python3.10/dist-packages/vizanti_msgs'...
[1.583s] Listing '/home/mosalam/robot_ws/install/vizanti_msgs/local/lib/python3.10/dist-packages/vizanti_msgs/srv'...
[1.604s] -- Up-to-date: /home/mosalam/robot_ws/install/vizanti_msgs/local/lib/python3.10/dist-packages/vizanti_msgs/vizanti_msgs_s__rosidl_typesupport_fastrtps_c.cpython-310-x86_64-linux-gnu.so
[1.608s] -- Up-to-date: /home/mosalam/robot_ws/install/vizanti_msgs/local/lib/python3.10/dist-packages/vizanti_msgs/vizanti_msgs_s__rosidl_typesupport_introspection_c.cpython-310-x86_64-linux-gnu.so
[1.608s] -- Up-to-date: /home/mosalam/robot_ws/install/vizanti_msgs/local/lib/python3.10/dist-packages/vizanti_msgs/vizanti_msgs_s__rosidl_typesupport_c.cpython-310-x86_64-linux-gnu.so
[1.611s] -- Up-to-date: /home/mosalam/robot_ws/install/vizanti_msgs/lib/libvizanti_msgs__rosidl_generator_py.so
[1.611s] -- Up-to-date: /home/mosalam/robot_ws/install/vizanti_msgs/share/vizanti_msgs/srv/GetNodeParameters.idl
[1.611s] -- Up-to-date: /home/mosalam/robot_ws/install/vizanti_msgs/share/vizanti_msgs/srv/SetNodeParameter.idl
[1.611s] -- Up-to-date: /home/mosalam/robot_ws/install/vizanti_msgs/share/vizanti_msgs/srv/SaveMap.idl
[1.612s] -- Up-to-date: /home/mosalam/robot_ws/install/vizanti_msgs/share/vizanti_msgs/srv/LoadMap.idl
[1.612s] -- Up-to-date: /home/mosalam/robot_ws/install/vizanti_msgs/share/vizanti_msgs/srv/RecordRosbag.idl
[1.612s] -- Up-to-date: /home/mosalam/robot_ws/install/vizanti_msgs/share/vizanti_msgs/srv/ManageNode.idl
[1.612s] -- Up-to-date: /home/mosalam/robot_ws/install/vizanti_msgs/share/vizanti_msgs/srv/ListPackages.idl
[1.612s] -- Up-to-date: /home/mosalam/robot_ws/install/vizanti_msgs/share/vizanti_msgs/srv/ListExecutables.idl
[1.613s] -- Up-to-date: /home/mosalam/robot_ws/install/vizanti_msgs/share/vizanti_msgs/srv/ListLifecycles.idl
[1.613s] -- Up-to-date: /home/mosalam/robot_ws/install/vizanti_msgs/share/vizanti_msgs/srv/GetNodeParameters.srv
[1.613s] -- Up-to-date: /home/mosalam/robot_ws/install/vizanti_msgs/share/vizanti_msgs/srv/GetNodeParameters_Request.msg
[1.616s] -- Up-to-date: /home/mosalam/robot_ws/install/vizanti_msgs/share/vizanti_msgs/srv/GetNodeParameters_Response.msg
[1.616s] -- Up-to-date: /home/mosalam/robot_ws/install/vizanti_msgs/share/vizanti_msgs/srv/SetNodeParameter.srv
[1.616s] -- Up-to-date: /home/mosalam/robot_ws/install/vizanti_msgs/share/vizanti_msgs/srv/SetNodeParameter_Request.msg
[1.617s] -- Up-to-date: /home/mosalam/robot_ws/install/vizanti_msgs/share/vizanti_msgs/srv/SetNodeParameter_Response.msg
[1.618s] -- Up-to-date: /home/mosalam/robot_ws/install/vizanti_msgs/share/vizanti_msgs/srv/SaveMap.srv
[1.618s] -- Up-to-date: /home/mosalam/robot_ws/install/vizanti_msgs/share/vizanti_msgs/srv/SaveMap_Request.msg
[1.618s] -- Up-to-date: /home/mosalam/robot_ws/install/vizanti_msgs/share/vizanti_msgs/srv/SaveMap_Response.msg
[1.618s] -- Up-to-date: /home/mosalam/robot_ws/install/vizanti_msgs/share/vizanti_msgs/srv/LoadMap.srv
[1.618s] -- Up-to-date: /home/mosalam/robot_ws/install/vizanti_msgs/share/vizanti_msgs/srv/LoadMap_Request.msg
[1.618s] -- Up-to-date: /home/mosalam/robot_ws/install/vizanti_msgs/share/vizanti_msgs/srv/LoadMap_Response.msg
[1.618s] -- Up-to-date: /home/mosalam/robot_ws/install/vizanti_msgs/share/vizanti_msgs/srv/RecordRosbag.srv
[1.618s] -- Up-to-date: /home/mosalam/robot_ws/install/vizanti_msgs/share/vizanti_msgs/srv/RecordRosbag_Request.msg
[1.619s] -- Up-to-date: /home/mosalam/robot_ws/install/vizanti_msgs/share/vizanti_msgs/srv/RecordRosbag_Response.msg
[1.619s] -- Up-to-date: /home/mosalam/robot_ws/install/vizanti_msgs/share/vizanti_msgs/srv/ManageNode.srv
[1.623s] -- Up-to-date: /home/mosalam/robot_ws/install/vizanti_msgs/share/vizanti_msgs/srv/ManageNode_Request.msg
[1.623s] -- Up-to-date: /home/mosalam/robot_ws/install/vizanti_msgs/share/vizanti_msgs/srv/ManageNode_Response.msg
[1.623s] -- Up-to-date: /home/mosalam/robot_ws/install/vizanti_msgs/share/vizanti_msgs/srv/ListPackages.srv
[1.623s] -- Up-to-date: /home/mosalam/robot_ws/install/vizanti_msgs/share/vizanti_msgs/srv/ListPackages_Request.msg
[1.623s] -- Up-to-date: /home/mosalam/robot_ws/install/vizanti_msgs/share/vizanti_msgs/srv/ListPackages_Response.msg
[1.623s] -- Up-to-date: /home/mosalam/robot_ws/install/vizanti_msgs/share/vizanti_msgs/srv/ListExecutables.srv
[1.624s] -- Up-to-date: /home/mosalam/robot_ws/install/vizanti_msgs/share/vizanti_msgs/srv/ListExecutables_Request.msg
[1.624s] -- Up-to-date: /home/mosalam/robot_ws/install/vizanti_msgs/share/vizanti_msgs/srv/ListExecutables_Response.msg
[1.624s] -- Up-to-date: /home/mosalam/robot_ws/install/vizanti_msgs/share/vizanti_msgs/srv/ListLifecycles.srv
[1.624s] -- Up-to-date: /home/mosalam/robot_ws/install/vizanti_msgs/share/vizanti_msgs/srv/ListLifecycles_Request.msg
[1.624s] -- Up-to-date: /home/mosalam/robot_ws/install/vizanti_msgs/share/vizanti_msgs/srv/ListLifecycles_Response.msg
[1.626s] -- Up-to-date: /home/mosalam/robot_ws/install/vizanti_msgs/share/ament_index/resource_index/package_run_dependencies/vizanti_msgs
[1.626s] -- Up-to-date: /home/mosalam/robot_ws/install/vizanti_msgs/share/ament_index/resource_index/parent_prefix_path/vizanti_msgs
[1.627s] -- Up-to-date: /home/mosalam/robot_ws/install/vizanti_msgs/share/vizanti_msgs/environment/ament_prefix_path.sh
[1.627s] -- Up-to-date: /home/mosalam/robot_ws/install/vizanti_msgs/share/vizanti_msgs/environment/ament_prefix_path.dsv
[1.627s] -- Up-to-date: /home/mosalam/robot_ws/install/vizanti_msgs/share/vizanti_msgs/environment/path.sh
[1.627s] -- Up-to-date: /home/mosalam/robot_ws/install/vizanti_msgs/share/vizanti_msgs/environment/path.dsv
[1.628s] -- Up-to-date: /home/mosalam/robot_ws/install/vizanti_msgs/share/vizanti_msgs/local_setup.bash
[1.628s] -- Up-to-date: /home/mosalam/robot_ws/install/vizanti_msgs/share/vizanti_msgs/local_setup.sh
[1.628s] -- Up-to-date: /home/mosalam/robot_ws/install/vizanti_msgs/share/vizanti_msgs/local_setup.zsh
[1.628s] -- Up-to-date: /home/mosalam/robot_ws/install/vizanti_msgs/share/vizanti_msgs/local_setup.dsv
[1.629s] -- Installing: /home/mosalam/robot_ws/install/vizanti_msgs/share/vizanti_msgs/package.dsv
[1.629s] -- Up-to-date: /home/mosalam/robot_ws/install/vizanti_msgs/share/ament_index/resource_index/packages/vizanti_msgs
[1.632s] -- Up-to-date: /home/mosalam/robot_ws/install/vizanti_msgs/share/vizanti_msgs/cmake/export_vizanti_msgs__rosidl_generator_cExport.cmake
[1.633s] -- Up-to-date: /home/mosalam/robot_ws/install/vizanti_msgs/share/vizanti_msgs/cmake/export_vizanti_msgs__rosidl_generator_cExport-noconfig.cmake
[1.633s] -- Up-to-date: /home/mosalam/robot_ws/install/vizanti_msgs/share/vizanti_msgs/cmake/export_vizanti_msgs__rosidl_typesupport_fastrtps_cExport.cmake
[1.633s] -- Up-to-date: /home/mosalam/robot_ws/install/vizanti_msgs/share/vizanti_msgs/cmake/export_vizanti_msgs__rosidl_typesupport_fastrtps_cExport-noconfig.cmake
[1.634s] -- Up-to-date: /home/mosalam/robot_ws/install/vizanti_msgs/share/vizanti_msgs/cmake/vizanti_msgs__rosidl_typesupport_introspection_cExport.cmake
[1.634s] -- Up-to-date: /home/mosalam/robot_ws/install/vizanti_msgs/share/vizanti_msgs/cmake/vizanti_msgs__rosidl_typesupport_introspection_cExport-noconfig.cmake
[1.634s] -- Up-to-date: /home/mosalam/robot_ws/install/vizanti_msgs/share/vizanti_msgs/cmake/vizanti_msgs__rosidl_typesupport_cExport.cmake
[1.634s] -- Up-to-date: /home/mosalam/robot_ws/install/vizanti_msgs/share/vizanti_msgs/cmake/vizanti_msgs__rosidl_typesupport_cExport-noconfig.cmake
[1.634s] -- Up-to-date: /home/mosalam/robot_ws/install/vizanti_msgs/share/vizanti_msgs/cmake/export_vizanti_msgs__rosidl_generator_cppExport.cmake
[1.634s] -- Up-to-date: /home/mosalam/robot_ws/install/vizanti_msgs/share/vizanti_msgs/cmake/export_vizanti_msgs__rosidl_typesupport_fastrtps_cppExport.cmake
[1.634s] -- Up-to-date: /home/mosalam/robot_ws/install/vizanti_msgs/share/vizanti_msgs/cmake/export_vizanti_msgs__rosidl_typesupport_fastrtps_cppExport-noconfig.cmake
[1.634s] -- Up-to-date: /home/mosalam/robot_ws/install/vizanti_msgs/share/vizanti_msgs/cmake/vizanti_msgs__rosidl_typesupport_introspection_cppExport.cmake
[1.635s] -- Up-to-date: /home/mosalam/robot_ws/install/vizanti_msgs/share/vizanti_msgs/cmake/vizanti_msgs__rosidl_typesupport_introspection_cppExport-noconfig.cmake
[1.635s] -- Up-to-date: /home/mosalam/robot_ws/install/vizanti_msgs/share/vizanti_msgs/cmake/vizanti_msgs__rosidl_typesupport_cppExport.cmake
[1.635s] -- Up-to-date: /home/mosalam/robot_ws/install/vizanti_msgs/share/vizanti_msgs/cmake/vizanti_msgs__rosidl_typesupport_cppExport-noconfig.cmake
[1.635s] -- Up-to-date: /home/mosalam/robot_ws/install/vizanti_msgs/share/vizanti_msgs/cmake/export_vizanti_msgs__rosidl_generator_pyExport.cmake
[1.635s] -- Up-to-date: /home/mosalam/robot_ws/install/vizanti_msgs/share/vizanti_msgs/cmake/export_vizanti_msgs__rosidl_generator_pyExport-noconfig.cmake
[1.635s] -- Up-to-date: /home/mosalam/robot_ws/install/vizanti_msgs/share/vizanti_msgs/cmake/rosidl_cmake-extras.cmake
[1.635s] -- Up-to-date: /home/mosalam/robot_ws/install/vizanti_msgs/share/vizanti_msgs/cmake/ament_cmake_export_dependencies-extras.cmake
[1.635s] -- Up-to-date: /home/mosalam/robot_ws/install/vizanti_msgs/share/vizanti_msgs/cmake/ament_cmake_export_include_directories-extras.cmake
[1.640s] -- Up-to-date: /home/mosalam/robot_ws/install/vizanti_msgs/share/vizanti_msgs/cmake/ament_cmake_export_libraries-extras.cmake
[1.640s] -- Up-to-date: /home/mosalam/robot_ws/install/vizanti_msgs/share/vizanti_msgs/cmake/ament_cmake_export_targets-extras.cmake
[1.642s] -- Up-to-date: /home/mosalam/robot_ws/install/vizanti_msgs/share/vizanti_msgs/cmake/rosidl_cmake_export_typesupport_targets-extras.cmake
[1.643s] -- Up-to-date: /home/mosalam/robot_ws/install/vizanti_msgs/share/vizanti_msgs/cmake/rosidl_cmake_export_typesupport_libraries-extras.cmake
[1.643s] -- Up-to-date: /home/mosalam/robot_ws/install/vizanti_msgs/share/vizanti_msgs/cmake/vizanti_msgsConfig.cmake
[1.643s] -- Up-to-date: /home/mosalam/robot_ws/install/vizanti_msgs/share/vizanti_msgs/cmake/vizanti_msgsConfig-version.cmake
[1.644s] -- Up-to-date: /home/mosalam/robot_ws/install/vizanti_msgs/share/vizanti_msgs/package.xml
[1.644s] Invoked command in '/home/mosalam/robot_ws/build/vizanti_msgs' returned '0': CMAKE_PREFIX_PATH=${CMAKE_PREFIX_PATH}:/home/mosalam/robot_ws/install/serial_motor_demo:/home/mosalam/robot_ws/install/custom_explorer:/home/mosalam/robot_ws/install/autonomous_exploration:/opt/ros/humble /usr/bin/cmake --install /home/mosalam/robot_ws/build/vizanti_msgs
