[0.102s] DEBUG:colcon:Command line arguments: ['/usr/bin/colcon', 'build']
[0.102s] DEBUG:colcon:Parsed command line arguments: Namespace(log_base=None, log_level=None, verb_name='build', build_base='build', install_base='install', merge_install=False, symlink_install=False, test_result_base=None, continue_on_error=False, executor='parallel', parallel_workers=4, event_handlers=None, ignore_user_meta=False, metas=['./colcon.meta'], base_paths=['.'], packages_ignore=None, packages_ignore_regex=None, paths=None, packages_up_to=None, packages_up_to_regex=None, packages_above=None, packages_above_and_dependencies=None, packages_above_depth=None, packages_select_by_dep=None, packages_skip_by_dep=None, packages_skip_up_to=None, packages_select_build_failed=False, packages_skip_build_finished=False, packages_select_test_failures=False, packages_skip_test_passed=False, packages_select=None, packages_skip=None, packages_select_regex=None, packages_skip_regex=None, packages_start=None, packages_end=None, allow_overriding=[], cmake_args=None, cmake_target=None, cmake_target_skip_unavailable=False, cmake_clean_cache=False, cmake_clean_first=False, cmake_force_configure=False, ament_cmake_args=None, catkin_cmake_args=None, catkin_skip_building_tests=False, verb_parser=<colcon_defaults.argument_parser.defaults.DefaultArgumentsDecorator object at 0x78b440f50730>, verb_extension=<colcon_core.verb.build.BuildVerb object at 0x78b440f502e0>, main=<bound method BuildVerb.main of <colcon_core.verb.build.BuildVerb object at 0x78b440f502e0>>)
[0.262s] Level 1:colcon.colcon_core.package_discovery:discover_packages(colcon_meta) check parameters
[0.262s] Level 1:colcon.colcon_core.package_discovery:discover_packages(recursive) check parameters
[0.262s] Level 1:colcon.colcon_core.package_discovery:discover_packages(ignore) check parameters
[0.262s] Level 1:colcon.colcon_core.package_discovery:discover_packages(path) check parameters
[0.262s] Level 1:colcon.colcon_core.package_discovery:discover_packages(colcon_meta) discover
[0.262s] Level 1:colcon.colcon_core.package_discovery:discover_packages(recursive) discover
[0.262s] INFO:colcon.colcon_core.package_discovery:Crawling recursively for packages in '/home/mosalam/robot_ws'
[0.262s] Level 1:colcon.colcon_core.package_identification:_identify(.) by extensions ['ignore', 'ignore_ament_install']
[0.263s] Level 1:colcon.colcon_core.package_identification:_identify(.) by extension 'ignore'
[0.263s] Level 1:colcon.colcon_core.package_identification:_identify(.) by extension 'ignore_ament_install'
[0.263s] Level 1:colcon.colcon_core.package_identification:_identify(.) by extensions ['colcon_pkg']
[0.263s] Level 1:colcon.colcon_core.package_identification:_identify(.) by extension 'colcon_pkg'
[0.263s] Level 1:colcon.colcon_core.package_identification:_identify(.) by extensions ['colcon_meta']
[0.263s] Level 1:colcon.colcon_core.package_identification:_identify(.) by extension 'colcon_meta'
[0.263s] Level 1:colcon.colcon_core.package_identification:_identify(.) by extensions ['ros']
[0.263s] Level 1:colcon.colcon_core.package_identification:_identify(.) by extension 'ros'
[0.274s] Level 1:colcon.colcon_core.package_identification:_identify(.) by extensions ['cmake', 'python']
[0.274s] Level 1:colcon.colcon_core.package_identification:_identify(.) by extension 'cmake'
[0.274s] Level 1:colcon.colcon_core.package_identification:_identify(.) by extension 'python'
[0.274s] Level 1:colcon.colcon_core.package_identification:_identify(.) by extensions ['python_setup_py']
[0.274s] Level 1:colcon.colcon_core.package_identification:_identify(.) by extension 'python_setup_py'
[0.274s] Level 1:colcon.colcon_core.package_identification:_identify(build) by extensions ['ignore', 'ignore_ament_install']
[0.274s] Level 1:colcon.colcon_core.package_identification:_identify(build) by extension 'ignore'
[0.274s] Level 1:colcon.colcon_core.package_identification:_identify(build) ignored
[0.275s] Level 1:colcon.colcon_core.package_identification:_identify(install) by extensions ['ignore', 'ignore_ament_install']
[0.275s] Level 1:colcon.colcon_core.package_identification:_identify(install) by extension 'ignore'
[0.275s] Level 1:colcon.colcon_core.package_identification:_identify(install) ignored
[0.275s] Level 1:colcon.colcon_core.package_identification:_identify(log) by extensions ['ignore', 'ignore_ament_install']
[0.275s] Level 1:colcon.colcon_core.package_identification:_identify(log) by extension 'ignore'
[0.275s] Level 1:colcon.colcon_core.package_identification:_identify(log) ignored
[0.275s] Level 1:colcon.colcon_core.package_identification:_identify(src) by extensions ['ignore', 'ignore_ament_install']
[0.275s] Level 1:colcon.colcon_core.package_identification:_identify(src) by extension 'ignore'
[0.275s] Level 1:colcon.colcon_core.package_identification:_identify(src) by extension 'ignore_ament_install'
[0.275s] Level 1:colcon.colcon_core.package_identification:_identify(src) by extensions ['colcon_pkg']
[0.275s] Level 1:colcon.colcon_core.package_identification:_identify(src) by extension 'colcon_pkg'
[0.275s] Level 1:colcon.colcon_core.package_identification:_identify(src) by extensions ['colcon_meta']
[0.276s] Level 1:colcon.colcon_core.package_identification:_identify(src) by extension 'colcon_meta'
[0.276s] Level 1:colcon.colcon_core.package_identification:_identify(src) by extensions ['ros']
[0.276s] Level 1:colcon.colcon_core.package_identification:_identify(src) by extension 'ros'
[0.276s] Level 1:colcon.colcon_core.package_identification:_identify(src) by extensions ['cmake', 'python']
[0.276s] Level 1:colcon.colcon_core.package_identification:_identify(src) by extension 'cmake'
[0.276s] Level 1:colcon.colcon_core.package_identification:_identify(src) by extension 'python'
[0.276s] Level 1:colcon.colcon_core.package_identification:_identify(src) by extensions ['python_setup_py']
[0.276s] Level 1:colcon.colcon_core.package_identification:_identify(src) by extension 'python_setup_py'
[0.276s] Level 1:colcon.colcon_core.package_identification:_identify(src/Autonomous-Explorer-and-Mapper-ros2-nav2) by extensions ['ignore', 'ignore_ament_install']
[0.276s] Level 1:colcon.colcon_core.package_identification:_identify(src/Autonomous-Explorer-and-Mapper-ros2-nav2) by extension 'ignore'
[0.276s] Level 1:colcon.colcon_core.package_identification:_identify(src/Autonomous-Explorer-and-Mapper-ros2-nav2) by extension 'ignore_ament_install'
[0.276s] Level 1:colcon.colcon_core.package_identification:_identify(src/Autonomous-Explorer-and-Mapper-ros2-nav2) by extensions ['colcon_pkg']
[0.276s] Level 1:colcon.colcon_core.package_identification:_identify(src/Autonomous-Explorer-and-Mapper-ros2-nav2) by extension 'colcon_pkg'
[0.276s] Level 1:colcon.colcon_core.package_identification:_identify(src/Autonomous-Explorer-and-Mapper-ros2-nav2) by extensions ['colcon_meta']
[0.276s] Level 1:colcon.colcon_core.package_identification:_identify(src/Autonomous-Explorer-and-Mapper-ros2-nav2) by extension 'colcon_meta'
[0.276s] Level 1:colcon.colcon_core.package_identification:_identify(src/Autonomous-Explorer-and-Mapper-ros2-nav2) by extensions ['ros']
[0.276s] Level 1:colcon.colcon_core.package_identification:_identify(src/Autonomous-Explorer-and-Mapper-ros2-nav2) by extension 'ros'
[0.279s] DEBUG:colcon.colcon_core.package_identification:Package 'src/Autonomous-Explorer-and-Mapper-ros2-nav2' with type 'ros.ament_python' and name 'custom_explorer'
[0.279s] Level 1:colcon.colcon_core.package_identification:_identify(src/diffdrive_arduino) by extensions ['ignore', 'ignore_ament_install']
[0.279s] Level 1:colcon.colcon_core.package_identification:_identify(src/diffdrive_arduino) by extension 'ignore'
[0.279s] Level 1:colcon.colcon_core.package_identification:_identify(src/diffdrive_arduino) by extension 'ignore_ament_install'
[0.279s] Level 1:colcon.colcon_core.package_identification:_identify(src/diffdrive_arduino) by extensions ['colcon_pkg']
[0.279s] Level 1:colcon.colcon_core.package_identification:_identify(src/diffdrive_arduino) by extension 'colcon_pkg'
[0.279s] Level 1:colcon.colcon_core.package_identification:_identify(src/diffdrive_arduino) by extensions ['colcon_meta']
[0.279s] Level 1:colcon.colcon_core.package_identification:_identify(src/diffdrive_arduino) by extension 'colcon_meta'
[0.280s] Level 1:colcon.colcon_core.package_identification:_identify(src/diffdrive_arduino) by extensions ['ros']
[0.280s] Level 1:colcon.colcon_core.package_identification:_identify(src/diffdrive_arduino) by extension 'ros'
[0.281s] DEBUG:colcon.colcon_core.package_identification:Package 'src/diffdrive_arduino' with type 'ros.ament_cmake' and name 'diffdrive_arduino'
[0.281s] Level 1:colcon.colcon_core.package_identification:_identify(src/robot) by extensions ['ignore', 'ignore_ament_install']
[0.281s] Level 1:colcon.colcon_core.package_identification:_identify(src/robot) by extension 'ignore'
[0.281s] Level 1:colcon.colcon_core.package_identification:_identify(src/robot) by extension 'ignore_ament_install'
[0.281s] Level 1:colcon.colcon_core.package_identification:_identify(src/robot) by extensions ['colcon_pkg']
[0.281s] Level 1:colcon.colcon_core.package_identification:_identify(src/robot) by extension 'colcon_pkg'
[0.281s] Level 1:colcon.colcon_core.package_identification:_identify(src/robot) by extensions ['colcon_meta']
[0.281s] Level 1:colcon.colcon_core.package_identification:_identify(src/robot) by extension 'colcon_meta'
[0.281s] Level 1:colcon.colcon_core.package_identification:_identify(src/robot) by extensions ['ros']
[0.281s] Level 1:colcon.colcon_core.package_identification:_identify(src/robot) by extension 'ros'
[0.282s] DEBUG:colcon.colcon_core.package_identification:Package 'src/robot' with type 'ros.ament_cmake' and name 'robot'
[0.282s] Level 1:colcon.colcon_core.package_identification:_identify(src/rplidar_ros2) by extensions ['ignore', 'ignore_ament_install']
[0.282s] Level 1:colcon.colcon_core.package_identification:_identify(src/rplidar_ros2) by extension 'ignore'
[0.282s] Level 1:colcon.colcon_core.package_identification:_identify(src/rplidar_ros2) by extension 'ignore_ament_install'
[0.282s] Level 1:colcon.colcon_core.package_identification:_identify(src/rplidar_ros2) by extensions ['colcon_pkg']
[0.282s] Level 1:colcon.colcon_core.package_identification:_identify(src/rplidar_ros2) by extension 'colcon_pkg'
[0.282s] Level 1:colcon.colcon_core.package_identification:_identify(src/rplidar_ros2) by extensions ['colcon_meta']
[0.282s] Level 1:colcon.colcon_core.package_identification:_identify(src/rplidar_ros2) by extension 'colcon_meta'
[0.282s] Level 1:colcon.colcon_core.package_identification:_identify(src/rplidar_ros2) by extensions ['ros']
[0.282s] Level 1:colcon.colcon_core.package_identification:_identify(src/rplidar_ros2) by extension 'ros'
[0.283s] DEBUG:colcon.colcon_core.package_identification:Package 'src/rplidar_ros2' with type 'ros.ament_cmake' and name 'rplidar_ros'
[0.283s] Level 1:colcon.colcon_core.package_identification:_identify(src/serial) by extensions ['ignore', 'ignore_ament_install']
[0.283s] Level 1:colcon.colcon_core.package_identification:_identify(src/serial) by extension 'ignore'
[0.283s] Level 1:colcon.colcon_core.package_identification:_identify(src/serial) by extension 'ignore_ament_install'
[0.283s] Level 1:colcon.colcon_core.package_identification:_identify(src/serial) by extensions ['colcon_pkg']
[0.283s] Level 1:colcon.colcon_core.package_identification:_identify(src/serial) by extension 'colcon_pkg'
[0.283s] Level 1:colcon.colcon_core.package_identification:_identify(src/serial) by extensions ['colcon_meta']
[0.283s] Level 1:colcon.colcon_core.package_identification:_identify(src/serial) by extension 'colcon_meta'
[0.284s] Level 1:colcon.colcon_core.package_identification:_identify(src/serial) by extensions ['ros']
[0.284s] Level 1:colcon.colcon_core.package_identification:_identify(src/serial) by extension 'ros'
[0.284s] DEBUG:colcon.colcon_core.package_identification:Package 'src/serial' with type 'ros.ament_cmake' and name 'serial'
[0.284s] Level 1:colcon.colcon_core.package_identification:_identify(src/serial_motor_demo) by extensions ['ignore', 'ignore_ament_install']
[0.284s] Level 1:colcon.colcon_core.package_identification:_identify(src/serial_motor_demo) by extension 'ignore'
[0.284s] Level 1:colcon.colcon_core.package_identification:_identify(src/serial_motor_demo) by extension 'ignore_ament_install'
[0.284s] Level 1:colcon.colcon_core.package_identification:_identify(src/serial_motor_demo) by extensions ['colcon_pkg']
[0.285s] Level 1:colcon.colcon_core.package_identification:_identify(src/serial_motor_demo) by extension 'colcon_pkg'
[0.285s] Level 1:colcon.colcon_core.package_identification:_identify(src/serial_motor_demo) by extensions ['colcon_meta']
[0.285s] Level 1:colcon.colcon_core.package_identification:_identify(src/serial_motor_demo) by extension 'colcon_meta'
[0.285s] Level 1:colcon.colcon_core.package_identification:_identify(src/serial_motor_demo) by extensions ['ros']
[0.285s] Level 1:colcon.colcon_core.package_identification:_identify(src/serial_motor_demo) by extension 'ros'
[0.285s] Level 1:colcon.colcon_core.package_identification:_identify(src/serial_motor_demo) by extensions ['cmake', 'python']
[0.285s] Level 1:colcon.colcon_core.package_identification:_identify(src/serial_motor_demo) by extension 'cmake'
[0.285s] Level 1:colcon.colcon_core.package_identification:_identify(src/serial_motor_demo) by extension 'python'
[0.285s] Level 1:colcon.colcon_core.package_identification:_identify(src/serial_motor_demo) by extensions ['python_setup_py']
[0.285s] Level 1:colcon.colcon_core.package_identification:_identify(src/serial_motor_demo) by extension 'python_setup_py'
[0.285s] Level 1:colcon.colcon_core.package_identification:_identify(src/serial_motor_demo/serial_motor_demo) by extensions ['ignore', 'ignore_ament_install']
[0.285s] Level 1:colcon.colcon_core.package_identification:_identify(src/serial_motor_demo/serial_motor_demo) by extension 'ignore'
[0.285s] Level 1:colcon.colcon_core.package_identification:_identify(src/serial_motor_demo/serial_motor_demo) by extension 'ignore_ament_install'
[0.285s] Level 1:colcon.colcon_core.package_identification:_identify(src/serial_motor_demo/serial_motor_demo) by extensions ['colcon_pkg']
[0.285s] Level 1:colcon.colcon_core.package_identification:_identify(src/serial_motor_demo/serial_motor_demo) by extension 'colcon_pkg'
[0.285s] Level 1:colcon.colcon_core.package_identification:_identify(src/serial_motor_demo/serial_motor_demo) by extensions ['colcon_meta']
[0.285s] Level 1:colcon.colcon_core.package_identification:_identify(src/serial_motor_demo/serial_motor_demo) by extension 'colcon_meta'
[0.285s] Level 1:colcon.colcon_core.package_identification:_identify(src/serial_motor_demo/serial_motor_demo) by extensions ['ros']
[0.285s] Level 1:colcon.colcon_core.package_identification:_identify(src/serial_motor_demo/serial_motor_demo) by extension 'ros'
[0.286s] DEBUG:colcon.colcon_core.package_identification:Package 'src/serial_motor_demo/serial_motor_demo' with type 'ros.ament_python' and name 'serial_motor_demo'
[0.286s] Level 1:colcon.colcon_core.package_identification:_identify(src/serial_motor_demo/serial_motor_demo_msgs) by extensions ['ignore', 'ignore_ament_install']
[0.286s] Level 1:colcon.colcon_core.package_identification:_identify(src/serial_motor_demo/serial_motor_demo_msgs) by extension 'ignore'
[0.286s] Level 1:colcon.colcon_core.package_identification:_identify(src/serial_motor_demo/serial_motor_demo_msgs) by extension 'ignore_ament_install'
[0.286s] Level 1:colcon.colcon_core.package_identification:_identify(src/serial_motor_demo/serial_motor_demo_msgs) by extensions ['colcon_pkg']
[0.286s] Level 1:colcon.colcon_core.package_identification:_identify(src/serial_motor_demo/serial_motor_demo_msgs) by extension 'colcon_pkg'
[0.287s] Level 1:colcon.colcon_core.package_identification:_identify(src/serial_motor_demo/serial_motor_demo_msgs) by extensions ['colcon_meta']
[0.287s] Level 1:colcon.colcon_core.package_identification:_identify(src/serial_motor_demo/serial_motor_demo_msgs) by extension 'colcon_meta'
[0.287s] Level 1:colcon.colcon_core.package_identification:_identify(src/serial_motor_demo/serial_motor_demo_msgs) by extensions ['ros']
[0.287s] Level 1:colcon.colcon_core.package_identification:_identify(src/serial_motor_demo/serial_motor_demo_msgs) by extension 'ros'
[0.287s] DEBUG:colcon.colcon_core.package_identification:Package 'src/serial_motor_demo/serial_motor_demo_msgs' with type 'ros.ament_cmake' and name 'serial_motor_demo_msgs'
[0.287s] Level 1:colcon.colcon_core.package_identification:_identify(src/urdf_tutorial) by extensions ['ignore', 'ignore_ament_install']
[0.287s] Level 1:colcon.colcon_core.package_identification:_identify(src/urdf_tutorial) by extension 'ignore'
[0.287s] Level 1:colcon.colcon_core.package_identification:_identify(src/urdf_tutorial) by extension 'ignore_ament_install'
[0.287s] Level 1:colcon.colcon_core.package_identification:_identify(src/urdf_tutorial) by extensions ['colcon_pkg']
[0.288s] Level 1:colcon.colcon_core.package_identification:_identify(src/urdf_tutorial) by extension 'colcon_pkg'
[0.288s] Level 1:colcon.colcon_core.package_identification:_identify(src/urdf_tutorial) by extensions ['colcon_meta']
[0.288s] Level 1:colcon.colcon_core.package_identification:_identify(src/urdf_tutorial) by extension 'colcon_meta'
[0.288s] Level 1:colcon.colcon_core.package_identification:_identify(src/urdf_tutorial) by extensions ['ros']
[0.288s] Level 1:colcon.colcon_core.package_identification:_identify(src/urdf_tutorial) by extension 'ros'
[0.288s] DEBUG:colcon.colcon_core.package_identification:Package 'src/urdf_tutorial' with type 'ros.ament_cmake' and name 'urdf_tutorial'
[0.288s] Level 1:colcon.colcon_core.package_discovery:discover_packages(recursive) using defaults
[0.288s] Level 1:colcon.colcon_core.package_discovery:discover_packages(ignore) discover
[0.288s] Level 1:colcon.colcon_core.package_discovery:discover_packages(ignore) using defaults
[0.289s] Level 1:colcon.colcon_core.package_discovery:discover_packages(path) discover
[0.289s] Level 1:colcon.colcon_core.package_discovery:discover_packages(path) using defaults
[0.322s] Level 1:colcon.colcon_core.package_discovery:discover_packages(prefix_path) check parameters
[0.322s] Level 1:colcon.colcon_core.package_discovery:discover_packages(prefix_path) discover
[0.324s] DEBUG:colcon.colcon_installed_package_information.package_discovery:Found 10 installed packages in /home/mosalam/robot_ws/install
[0.326s] DEBUG:colcon.colcon_installed_package_information.package_discovery:Found 369 installed packages in /opt/ros/humble
[0.328s] Level 1:colcon.colcon_core.package_discovery:discover_packages(prefix_path) using defaults
[0.376s] Level 5:colcon.colcon_core.verb:set package 'custom_explorer' build argument 'cmake_args' from command line to 'None'
[0.376s] Level 5:colcon.colcon_core.verb:set package 'custom_explorer' build argument 'cmake_target' from command line to 'None'
[0.376s] Level 5:colcon.colcon_core.verb:set package 'custom_explorer' build argument 'cmake_target_skip_unavailable' from command line to 'False'
[0.376s] Level 5:colcon.colcon_core.verb:set package 'custom_explorer' build argument 'cmake_clean_cache' from command line to 'False'
[0.376s] Level 5:colcon.colcon_core.verb:set package 'custom_explorer' build argument 'cmake_clean_first' from command line to 'False'
[0.376s] Level 5:colcon.colcon_core.verb:set package 'custom_explorer' build argument 'cmake_force_configure' from command line to 'False'
[0.376s] Level 5:colcon.colcon_core.verb:set package 'custom_explorer' build argument 'ament_cmake_args' from command line to 'None'
[0.376s] Level 5:colcon.colcon_core.verb:set package 'custom_explorer' build argument 'catkin_cmake_args' from command line to 'None'
[0.376s] Level 5:colcon.colcon_core.verb:set package 'custom_explorer' build argument 'catkin_skip_building_tests' from command line to 'False'
[0.376s] DEBUG:colcon.colcon_core.verb:Building package 'custom_explorer' with the following arguments: {'ament_cmake_args': None, 'build_base': '/home/mosalam/robot_ws/build/custom_explorer', 'catkin_cmake_args': None, 'catkin_skip_building_tests': False, 'cmake_args': None, 'cmake_clean_cache': False, 'cmake_clean_first': False, 'cmake_force_configure': False, 'cmake_target': None, 'cmake_target_skip_unavailable': False, 'install_base': '/home/mosalam/robot_ws/install/custom_explorer', 'merge_install': False, 'path': '/home/mosalam/robot_ws/src/Autonomous-Explorer-and-Mapper-ros2-nav2', 'symlink_install': False, 'test_result_base': None}
[0.377s] Level 5:colcon.colcon_core.verb:set package 'diffdrive_arduino' build argument 'cmake_args' from command line to 'None'
[0.377s] Level 5:colcon.colcon_core.verb:set package 'diffdrive_arduino' build argument 'cmake_target' from command line to 'None'
[0.377s] Level 5:colcon.colcon_core.verb:set package 'diffdrive_arduino' build argument 'cmake_target_skip_unavailable' from command line to 'False'
[0.377s] Level 5:colcon.colcon_core.verb:set package 'diffdrive_arduino' build argument 'cmake_clean_cache' from command line to 'False'
[0.377s] Level 5:colcon.colcon_core.verb:set package 'diffdrive_arduino' build argument 'cmake_clean_first' from command line to 'False'
[0.377s] Level 5:colcon.colcon_core.verb:set package 'diffdrive_arduino' build argument 'cmake_force_configure' from command line to 'False'
[0.377s] Level 5:colcon.colcon_core.verb:set package 'diffdrive_arduino' build argument 'ament_cmake_args' from command line to 'None'
[0.377s] Level 5:colcon.colcon_core.verb:set package 'diffdrive_arduino' build argument 'catkin_cmake_args' from command line to 'None'
[0.377s] Level 5:colcon.colcon_core.verb:set package 'diffdrive_arduino' build argument 'catkin_skip_building_tests' from command line to 'False'
[0.377s] DEBUG:colcon.colcon_core.verb:Building package 'diffdrive_arduino' with the following arguments: {'ament_cmake_args': None, 'build_base': '/home/mosalam/robot_ws/build/diffdrive_arduino', 'catkin_cmake_args': None, 'catkin_skip_building_tests': False, 'cmake_args': None, 'cmake_clean_cache': False, 'cmake_clean_first': False, 'cmake_force_configure': False, 'cmake_target': None, 'cmake_target_skip_unavailable': False, 'install_base': '/home/mosalam/robot_ws/install/diffdrive_arduino', 'merge_install': False, 'path': '/home/mosalam/robot_ws/src/diffdrive_arduino', 'symlink_install': False, 'test_result_base': None}
[0.377s] Level 5:colcon.colcon_core.verb:set package 'rplidar_ros' build argument 'cmake_args' from command line to 'None'
[0.377s] Level 5:colcon.colcon_core.verb:set package 'rplidar_ros' build argument 'cmake_target' from command line to 'None'
[0.377s] Level 5:colcon.colcon_core.verb:set package 'rplidar_ros' build argument 'cmake_target_skip_unavailable' from command line to 'False'
[0.377s] Level 5:colcon.colcon_core.verb:set package 'rplidar_ros' build argument 'cmake_clean_cache' from command line to 'False'
[0.378s] Level 5:colcon.colcon_core.verb:set package 'rplidar_ros' build argument 'cmake_clean_first' from command line to 'False'
[0.378s] Level 5:colcon.colcon_core.verb:set package 'rplidar_ros' build argument 'cmake_force_configure' from command line to 'False'
[0.378s] Level 5:colcon.colcon_core.verb:set package 'rplidar_ros' build argument 'ament_cmake_args' from command line to 'None'
[0.378s] Level 5:colcon.colcon_core.verb:set package 'rplidar_ros' build argument 'catkin_cmake_args' from command line to 'None'
[0.378s] Level 5:colcon.colcon_core.verb:set package 'rplidar_ros' build argument 'catkin_skip_building_tests' from command line to 'False'
[0.378s] DEBUG:colcon.colcon_core.verb:Building package 'rplidar_ros' with the following arguments: {'ament_cmake_args': None, 'build_base': '/home/mosalam/robot_ws/build/rplidar_ros', 'catkin_cmake_args': None, 'catkin_skip_building_tests': False, 'cmake_args': None, 'cmake_clean_cache': False, 'cmake_clean_first': False, 'cmake_force_configure': False, 'cmake_target': None, 'cmake_target_skip_unavailable': False, 'install_base': '/home/mosalam/robot_ws/install/rplidar_ros', 'merge_install': False, 'path': '/home/mosalam/robot_ws/src/rplidar_ros2', 'symlink_install': False, 'test_result_base': None}
[0.378s] Level 5:colcon.colcon_core.verb:set package 'serial' build argument 'cmake_args' from command line to 'None'
[0.378s] Level 5:colcon.colcon_core.verb:set package 'serial' build argument 'cmake_target' from command line to 'None'
[0.378s] Level 5:colcon.colcon_core.verb:set package 'serial' build argument 'cmake_target_skip_unavailable' from command line to 'False'
[0.378s] Level 5:colcon.colcon_core.verb:set package 'serial' build argument 'cmake_clean_cache' from command line to 'False'
[0.378s] Level 5:colcon.colcon_core.verb:set package 'serial' build argument 'cmake_clean_first' from command line to 'False'
[0.378s] Level 5:colcon.colcon_core.verb:set package 'serial' build argument 'cmake_force_configure' from command line to 'False'
[0.378s] Level 5:colcon.colcon_core.verb:set package 'serial' build argument 'ament_cmake_args' from command line to 'None'
[0.378s] Level 5:colcon.colcon_core.verb:set package 'serial' build argument 'catkin_cmake_args' from command line to 'None'
[0.378s] Level 5:colcon.colcon_core.verb:set package 'serial' build argument 'catkin_skip_building_tests' from command line to 'False'
[0.378s] DEBUG:colcon.colcon_core.verb:Building package 'serial' with the following arguments: {'ament_cmake_args': None, 'build_base': '/home/mosalam/robot_ws/build/serial', 'catkin_cmake_args': None, 'catkin_skip_building_tests': False, 'cmake_args': None, 'cmake_clean_cache': False, 'cmake_clean_first': False, 'cmake_force_configure': False, 'cmake_target': None, 'cmake_target_skip_unavailable': False, 'install_base': '/home/mosalam/robot_ws/install/serial', 'merge_install': False, 'path': '/home/mosalam/robot_ws/src/serial', 'symlink_install': False, 'test_result_base': None}
[0.379s] Level 5:colcon.colcon_core.verb:set package 'serial_motor_demo_msgs' build argument 'cmake_args' from command line to 'None'
[0.379s] Level 5:colcon.colcon_core.verb:set package 'serial_motor_demo_msgs' build argument 'cmake_target' from command line to 'None'
[0.379s] Level 5:colcon.colcon_core.verb:set package 'serial_motor_demo_msgs' build argument 'cmake_target_skip_unavailable' from command line to 'False'
[0.379s] Level 5:colcon.colcon_core.verb:set package 'serial_motor_demo_msgs' build argument 'cmake_clean_cache' from command line to 'False'
[0.379s] Level 5:colcon.colcon_core.verb:set package 'serial_motor_demo_msgs' build argument 'cmake_clean_first' from command line to 'False'
[0.379s] Level 5:colcon.colcon_core.verb:set package 'serial_motor_demo_msgs' build argument 'cmake_force_configure' from command line to 'False'
[0.379s] Level 5:colcon.colcon_core.verb:set package 'serial_motor_demo_msgs' build argument 'ament_cmake_args' from command line to 'None'
[0.379s] Level 5:colcon.colcon_core.verb:set package 'serial_motor_demo_msgs' build argument 'catkin_cmake_args' from command line to 'None'
[0.379s] Level 5:colcon.colcon_core.verb:set package 'serial_motor_demo_msgs' build argument 'catkin_skip_building_tests' from command line to 'False'
[0.379s] DEBUG:colcon.colcon_core.verb:Building package 'serial_motor_demo_msgs' with the following arguments: {'ament_cmake_args': None, 'build_base': '/home/mosalam/robot_ws/build/serial_motor_demo_msgs', 'catkin_cmake_args': None, 'catkin_skip_building_tests': False, 'cmake_args': None, 'cmake_clean_cache': False, 'cmake_clean_first': False, 'cmake_force_configure': False, 'cmake_target': None, 'cmake_target_skip_unavailable': False, 'install_base': '/home/mosalam/robot_ws/install/serial_motor_demo_msgs', 'merge_install': False, 'path': '/home/mosalam/robot_ws/src/serial_motor_demo/serial_motor_demo_msgs', 'symlink_install': False, 'test_result_base': None}
[0.379s] Level 5:colcon.colcon_core.verb:set package 'urdf_tutorial' build argument 'cmake_args' from command line to 'None'
[0.379s] Level 5:colcon.colcon_core.verb:set package 'urdf_tutorial' build argument 'cmake_target' from command line to 'None'
[0.379s] Level 5:colcon.colcon_core.verb:set package 'urdf_tutorial' build argument 'cmake_target_skip_unavailable' from command line to 'False'
[0.379s] Level 5:colcon.colcon_core.verb:set package 'urdf_tutorial' build argument 'cmake_clean_cache' from command line to 'False'
[0.379s] Level 5:colcon.colcon_core.verb:set package 'urdf_tutorial' build argument 'cmake_clean_first' from command line to 'False'
[0.379s] Level 5:colcon.colcon_core.verb:set package 'urdf_tutorial' build argument 'cmake_force_configure' from command line to 'False'
[0.379s] Level 5:colcon.colcon_core.verb:set package 'urdf_tutorial' build argument 'ament_cmake_args' from command line to 'None'
[0.379s] Level 5:colcon.colcon_core.verb:set package 'urdf_tutorial' build argument 'catkin_cmake_args' from command line to 'None'
[0.379s] Level 5:colcon.colcon_core.verb:set package 'urdf_tutorial' build argument 'catkin_skip_building_tests' from command line to 'False'
[0.379s] DEBUG:colcon.colcon_core.verb:Building package 'urdf_tutorial' with the following arguments: {'ament_cmake_args': None, 'build_base': '/home/mosalam/robot_ws/build/urdf_tutorial', 'catkin_cmake_args': None, 'catkin_skip_building_tests': False, 'cmake_args': None, 'cmake_clean_cache': False, 'cmake_clean_first': False, 'cmake_force_configure': False, 'cmake_target': None, 'cmake_target_skip_unavailable': False, 'install_base': '/home/mosalam/robot_ws/install/urdf_tutorial', 'merge_install': False, 'path': '/home/mosalam/robot_ws/src/urdf_tutorial', 'symlink_install': False, 'test_result_base': None}
[0.380s] Level 5:colcon.colcon_core.verb:set package 'robot' build argument 'cmake_args' from command line to 'None'
[0.380s] Level 5:colcon.colcon_core.verb:set package 'robot' build argument 'cmake_target' from command line to 'None'
[0.380s] Level 5:colcon.colcon_core.verb:set package 'robot' build argument 'cmake_target_skip_unavailable' from command line to 'False'
[0.380s] Level 5:colcon.colcon_core.verb:set package 'robot' build argument 'cmake_clean_cache' from command line to 'False'
[0.380s] Level 5:colcon.colcon_core.verb:set package 'robot' build argument 'cmake_clean_first' from command line to 'False'
[0.380s] Level 5:colcon.colcon_core.verb:set package 'robot' build argument 'cmake_force_configure' from command line to 'False'
[0.380s] Level 5:colcon.colcon_core.verb:set package 'robot' build argument 'ament_cmake_args' from command line to 'None'
[0.380s] Level 5:colcon.colcon_core.verb:set package 'robot' build argument 'catkin_cmake_args' from command line to 'None'
[0.380s] Level 5:colcon.colcon_core.verb:set package 'robot' build argument 'catkin_skip_building_tests' from command line to 'False'
[0.380s] DEBUG:colcon.colcon_core.verb:Building package 'robot' with the following arguments: {'ament_cmake_args': None, 'build_base': '/home/mosalam/robot_ws/build/robot', 'catkin_cmake_args': None, 'catkin_skip_building_tests': False, 'cmake_args': None, 'cmake_clean_cache': False, 'cmake_clean_first': False, 'cmake_force_configure': False, 'cmake_target': None, 'cmake_target_skip_unavailable': False, 'install_base': '/home/mosalam/robot_ws/install/robot', 'merge_install': False, 'path': '/home/mosalam/robot_ws/src/robot', 'symlink_install': False, 'test_result_base': None}
[0.380s] Level 5:colcon.colcon_core.verb:set package 'serial_motor_demo' build argument 'cmake_args' from command line to 'None'
[0.381s] Level 5:colcon.colcon_core.verb:set package 'serial_motor_demo' build argument 'cmake_target' from command line to 'None'
[0.381s] Level 5:colcon.colcon_core.verb:set package 'serial_motor_demo' build argument 'cmake_target_skip_unavailable' from command line to 'False'
[0.381s] Level 5:colcon.colcon_core.verb:set package 'serial_motor_demo' build argument 'cmake_clean_cache' from command line to 'False'
[0.381s] Level 5:colcon.colcon_core.verb:set package 'serial_motor_demo' build argument 'cmake_clean_first' from command line to 'False'
[0.381s] Level 5:colcon.colcon_core.verb:set package 'serial_motor_demo' build argument 'cmake_force_configure' from command line to 'False'
[0.381s] Level 5:colcon.colcon_core.verb:set package 'serial_motor_demo' build argument 'ament_cmake_args' from command line to 'None'
[0.381s] Level 5:colcon.colcon_core.verb:set package 'serial_motor_demo' build argument 'catkin_cmake_args' from command line to 'None'
[0.381s] Level 5:colcon.colcon_core.verb:set package 'serial_motor_demo' build argument 'catkin_skip_building_tests' from command line to 'False'
[0.381s] DEBUG:colcon.colcon_core.verb:Building package 'serial_motor_demo' with the following arguments: {'ament_cmake_args': None, 'build_base': '/home/mosalam/robot_ws/build/serial_motor_demo', 'catkin_cmake_args': None, 'catkin_skip_building_tests': False, 'cmake_args': None, 'cmake_clean_cache': False, 'cmake_clean_first': False, 'cmake_force_configure': False, 'cmake_target': None, 'cmake_target_skip_unavailable': False, 'install_base': '/home/mosalam/robot_ws/install/serial_motor_demo', 'merge_install': False, 'path': '/home/mosalam/robot_ws/src/serial_motor_demo/serial_motor_demo', 'symlink_install': False, 'test_result_base': None}
[0.381s] INFO:colcon.colcon_core.executor:Executing jobs using 'parallel' executor
[0.382s] DEBUG:colcon.colcon_parallel_executor.executor.parallel:run_until_complete
[0.382s] INFO:colcon.colcon_ros.task.ament_cmake.build:Building ROS package in '/home/mosalam/robot_ws/src/serial_motor_demo/serial_motor_demo_msgs' with build type 'ament_cmake'
[0.382s] INFO:colcon.colcon_cmake.task.cmake.build:Building CMake package in '/home/mosalam/robot_ws/src/serial_motor_demo/serial_motor_demo_msgs'
[0.385s] INFO:colcon.colcon_core.plugin_system:Skipping extension 'colcon_core.shell.bat': Not used on non-Windows systems
[0.385s] INFO:colcon.colcon_core.shell:Skip shell extension 'powershell' for command environment: Not usable outside of PowerShell
[0.385s] DEBUG:colcon.colcon_core.shell:Skip shell extension 'dsv' for command environment
[0.389s] INFO:colcon.colcon_ros.task.ament_cmake.build:Building ROS package in '/home/mosalam/robot_ws/src/urdf_tutorial' with build type 'ament_cmake'
[0.389s] INFO:colcon.colcon_cmake.task.cmake.build:Building CMake package in '/home/mosalam/robot_ws/src/urdf_tutorial'
[0.390s] INFO:colcon.colcon_core.shell:Skip shell extension 'powershell' for command environment: Not usable outside of PowerShell
[0.390s] DEBUG:colcon.colcon_core.shell:Skip shell extension 'dsv' for command environment
[0.394s] INFO:colcon.colcon_ros.task.ament_python.build:Building ROS package in '/home/mosalam/robot_ws/src/Autonomous-Explorer-and-Mapper-ros2-nav2' with build type 'ament_python'
[0.394s] Level 1:colcon.colcon_core.shell:create_environment_hook('custom_explorer', 'ament_prefix_path')
[0.395s] INFO:colcon.colcon_core.shell:Creating environment hook '/home/mosalam/robot_ws/install/custom_explorer/share/custom_explorer/hook/ament_prefix_path.ps1'
[0.395s] INFO:colcon.colcon_core.shell:Creating environment descriptor '/home/mosalam/robot_ws/install/custom_explorer/share/custom_explorer/hook/ament_prefix_path.dsv'
[0.396s] INFO:colcon.colcon_core.shell:Creating environment hook '/home/mosalam/robot_ws/install/custom_explorer/share/custom_explorer/hook/ament_prefix_path.sh'
[0.397s] INFO:colcon.colcon_core.shell:Skip shell extension 'powershell' for command environment: Not usable outside of PowerShell
[0.397s] DEBUG:colcon.colcon_core.shell:Skip shell extension 'dsv' for command environment
[0.401s] INFO:colcon.colcon_ros.task.ament_cmake.build:Building ROS package in '/home/mosalam/robot_ws/src/diffdrive_arduino' with build type 'ament_cmake'
[0.401s] INFO:colcon.colcon_cmake.task.cmake.build:Building CMake package in '/home/mosalam/robot_ws/src/diffdrive_arduino'
[0.401s] INFO:colcon.colcon_core.shell:Skip shell extension 'powershell' for command environment: Not usable outside of PowerShell
[0.401s] DEBUG:colcon.colcon_core.shell:Skip shell extension 'dsv' for command environment
[0.410s] DEBUG:colcon.colcon_core.event_handler.log_command:Invoking command in '/home/mosalam/robot_ws/build/serial_motor_demo_msgs': CMAKE_PREFIX_PATH=${CMAKE_PREFIX_PATH}:/home/mosalam/robot_ws/install/serial_motor_demo:/home/mosalam/robot_ws/install/custom_explorer:/opt/ros/humble /usr/bin/cmake --build /home/mosalam/robot_ws/build/serial_motor_demo_msgs -- -j4 -l4
[0.413s] DEBUG:colcon.colcon_core.event_handler.log_command:Invoking command in '/home/mosalam/robot_ws/build/urdf_tutorial': CMAKE_PREFIX_PATH=${CMAKE_PREFIX_PATH}:/home/mosalam/robot_ws/install/serial_motor_demo:/home/mosalam/robot_ws/install/custom_explorer:/opt/ros/humble /usr/bin/cmake --build /home/mosalam/robot_ws/build/urdf_tutorial -- -j4 -l4
[0.824s] INFO:colcon.colcon_core.task.python.build:Building Python package in '/home/mosalam/robot_ws/src/Autonomous-Explorer-and-Mapper-ros2-nav2'
[0.825s] INFO:colcon.colcon_core.shell:Skip shell extension 'powershell' for command environment: Not usable outside of PowerShell
[0.825s] DEBUG:colcon.colcon_core.shell:Skip shell extension 'dsv' for command environment
[0.841s] DEBUG:colcon.colcon_core.event_handler.log_command:Invoking command in '/home/mosalam/robot_ws/build/diffdrive_arduino': CMAKE_PREFIX_PATH=${CMAKE_PREFIX_PATH}:/home/mosalam/robot_ws/install/serial_motor_demo:/home/mosalam/robot_ws/install/custom_explorer:/opt/ros/humble /usr/bin/cmake --build /home/mosalam/robot_ws/build/diffdrive_arduino -- -j4 -l4
[0.842s] DEBUG:colcon.colcon_core.event_handler.log_command:Invoked command in '/home/mosalam/robot_ws/build/urdf_tutorial' returned '0': CMAKE_PREFIX_PATH=${CMAKE_PREFIX_PATH}:/home/mosalam/robot_ws/install/serial_motor_demo:/home/mosalam/robot_ws/install/custom_explorer:/opt/ros/humble /usr/bin/cmake --build /home/mosalam/robot_ws/build/urdf_tutorial -- -j4 -l4
[0.856s] DEBUG:colcon.colcon_core.event_handler.log_command:Invoking command in '/home/mosalam/robot_ws/build/urdf_tutorial': CMAKE_PREFIX_PATH=${CMAKE_PREFIX_PATH}:/home/mosalam/robot_ws/install/serial_motor_demo:/home/mosalam/robot_ws/install/custom_explorer:/opt/ros/humble /usr/bin/cmake --install /home/mosalam/robot_ws/build/urdf_tutorial
[0.904s] Level 1:colcon.colcon_core.environment:create_environment_scripts_only(urdf_tutorial)
[0.904s] DEBUG:colcon.colcon_core.event_handler.log_command:Invoked command in '/home/mosalam/robot_ws/build/urdf_tutorial' returned '0': CMAKE_PREFIX_PATH=${CMAKE_PREFIX_PATH}:/home/mosalam/robot_ws/install/serial_motor_demo:/home/mosalam/robot_ws/install/custom_explorer:/opt/ros/humble /usr/bin/cmake --install /home/mosalam/robot_ws/build/urdf_tutorial
[0.909s] Level 1:colcon.colcon_core.environment:checking '/home/mosalam/robot_ws/install/urdf_tutorial' for CMake module files
[0.910s] Level 1:colcon.colcon_core.environment:checking '/home/mosalam/robot_ws/install/urdf_tutorial' for CMake config files
[0.910s] Level 1:colcon.colcon_core.shell:create_environment_hook('urdf_tutorial', 'cmake_prefix_path')
[0.911s] INFO:colcon.colcon_core.shell:Creating environment hook '/home/mosalam/robot_ws/install/urdf_tutorial/share/urdf_tutorial/hook/cmake_prefix_path.ps1'
[0.911s] INFO:colcon.colcon_core.shell:Creating environment descriptor '/home/mosalam/robot_ws/install/urdf_tutorial/share/urdf_tutorial/hook/cmake_prefix_path.dsv'
[0.912s] INFO:colcon.colcon_core.shell:Creating environment hook '/home/mosalam/robot_ws/install/urdf_tutorial/share/urdf_tutorial/hook/cmake_prefix_path.sh'
[0.914s] Level 1:colcon.colcon_core.environment:checking '/home/mosalam/robot_ws/install/urdf_tutorial/bin'
[0.914s] Level 1:colcon.colcon_core.environment:checking '/home/mosalam/robot_ws/install/urdf_tutorial/lib/pkgconfig/urdf_tutorial.pc'
[0.914s] Level 1:colcon.colcon_core.environment:checking '/home/mosalam/robot_ws/install/urdf_tutorial/lib/python3.10/site-packages'
[0.915s] Level 1:colcon.colcon_core.environment:checking '/home/mosalam/robot_ws/install/urdf_tutorial/bin'
[0.916s] INFO:colcon.colcon_core.shell:Creating package script '/home/mosalam/robot_ws/install/urdf_tutorial/share/urdf_tutorial/package.ps1'
[0.917s] INFO:colcon.colcon_core.shell:Creating package descriptor '/home/mosalam/robot_ws/install/urdf_tutorial/share/urdf_tutorial/package.dsv'
[0.918s] INFO:colcon.colcon_core.shell:Creating package script '/home/mosalam/robot_ws/install/urdf_tutorial/share/urdf_tutorial/package.sh'
[0.920s] INFO:colcon.colcon_core.shell:Creating package script '/home/mosalam/robot_ws/install/urdf_tutorial/share/urdf_tutorial/package.bash'
[0.921s] INFO:colcon.colcon_core.shell:Creating package script '/home/mosalam/robot_ws/install/urdf_tutorial/share/urdf_tutorial/package.zsh'
[0.923s] Level 1:colcon.colcon_core.environment:create_file_with_runtime_dependencies(/home/mosalam/robot_ws/install/urdf_tutorial/share/colcon-core/packages/urdf_tutorial)
[0.924s] Level 1:colcon.colcon_core.environment:create_environment_scripts_only(urdf_tutorial)
[0.924s] Level 1:colcon.colcon_core.environment:checking '/home/mosalam/robot_ws/install/urdf_tutorial' for CMake module files
[0.925s] Level 1:colcon.colcon_core.environment:checking '/home/mosalam/robot_ws/install/urdf_tutorial' for CMake config files
[0.926s] Level 1:colcon.colcon_core.shell:create_environment_hook('urdf_tutorial', 'cmake_prefix_path')
[0.926s] INFO:colcon.colcon_core.shell:Creating environment hook '/home/mosalam/robot_ws/install/urdf_tutorial/share/urdf_tutorial/hook/cmake_prefix_path.ps1'
[0.927s] INFO:colcon.colcon_core.shell:Creating environment descriptor '/home/mosalam/robot_ws/install/urdf_tutorial/share/urdf_tutorial/hook/cmake_prefix_path.dsv'
[0.928s] INFO:colcon.colcon_core.shell:Creating environment hook '/home/mosalam/robot_ws/install/urdf_tutorial/share/urdf_tutorial/hook/cmake_prefix_path.sh'
[0.929s] Level 1:colcon.colcon_core.environment:checking '/home/mosalam/robot_ws/install/urdf_tutorial/bin'
[0.929s] Level 1:colcon.colcon_core.environment:checking '/home/mosalam/robot_ws/install/urdf_tutorial/lib/pkgconfig/urdf_tutorial.pc'
[0.929s] Level 1:colcon.colcon_core.environment:checking '/home/mosalam/robot_ws/install/urdf_tutorial/lib/python3.10/site-packages'
[0.930s] Level 1:colcon.colcon_core.environment:checking '/home/mosalam/robot_ws/install/urdf_tutorial/bin'
[0.930s] INFO:colcon.colcon_core.shell:Creating package script '/home/mosalam/robot_ws/install/urdf_tutorial/share/urdf_tutorial/package.ps1'
[0.932s] INFO:colcon.colcon_core.shell:Creating package descriptor '/home/mosalam/robot_ws/install/urdf_tutorial/share/urdf_tutorial/package.dsv'
[0.932s] INFO:colcon.colcon_core.shell:Creating package script '/home/mosalam/robot_ws/install/urdf_tutorial/share/urdf_tutorial/package.sh'
[0.933s] INFO:colcon.colcon_core.shell:Creating package script '/home/mosalam/robot_ws/install/urdf_tutorial/share/urdf_tutorial/package.bash'
[0.934s] INFO:colcon.colcon_core.shell:Creating package script '/home/mosalam/robot_ws/install/urdf_tutorial/share/urdf_tutorial/package.zsh'
[0.935s] Level 1:colcon.colcon_core.environment:create_file_with_runtime_dependencies(/home/mosalam/robot_ws/install/urdf_tutorial/share/colcon-core/packages/urdf_tutorial)
[0.936s] INFO:colcon.colcon_ros.task.ament_cmake.build:Building ROS package in '/home/mosalam/robot_ws/src/rplidar_ros2' with build type 'ament_cmake'
[0.936s] INFO:colcon.colcon_cmake.task.cmake.build:Building CMake package in '/home/mosalam/robot_ws/src/rplidar_ros2'
[0.937s] INFO:colcon.colcon_core.shell:Skip shell extension 'powershell' for command environment: Not usable outside of PowerShell
[0.937s] DEBUG:colcon.colcon_core.shell:Skip shell extension 'dsv' for command environment
[0.952s] DEBUG:colcon.colcon_core.event_handler.log_command:Invoking command in '/home/mosalam/robot_ws/build/rplidar_ros': CMAKE_PREFIX_PATH=${CMAKE_PREFIX_PATH}:/home/mosalam/robot_ws/install/serial_motor_demo:/home/mosalam/robot_ws/install/custom_explorer:/opt/ros/humble /usr/bin/cmake --build /home/mosalam/robot_ws/build/rplidar_ros -- -j4 -l4
[0.960s] DEBUG:colcon.colcon_core.event_handler.log_command:Invoked command in '/home/mosalam/robot_ws/build/diffdrive_arduino' returned '0': CMAKE_PREFIX_PATH=${CMAKE_PREFIX_PATH}:/home/mosalam/robot_ws/install/serial_motor_demo:/home/mosalam/robot_ws/install/custom_explorer:/opt/ros/humble /usr/bin/cmake --build /home/mosalam/robot_ws/build/diffdrive_arduino -- -j4 -l4
[0.960s] DEBUG:colcon.colcon_core.event_handler.log_command:Invoking command in '/home/mosalam/robot_ws/build/diffdrive_arduino': CMAKE_PREFIX_PATH=${CMAKE_PREFIX_PATH}:/home/mosalam/robot_ws/install/serial_motor_demo:/home/mosalam/robot_ws/install/custom_explorer:/opt/ros/humble /usr/bin/cmake --install /home/mosalam/robot_ws/build/diffdrive_arduino
[1.009s] Level 1:colcon.colcon_core.environment:create_environment_scripts_only(diffdrive_arduino)
[1.010s] DEBUG:colcon.colcon_core.event_handler.log_command:Invoked command in '/home/mosalam/robot_ws/build/diffdrive_arduino' returned '0': CMAKE_PREFIX_PATH=${CMAKE_PREFIX_PATH}:/home/mosalam/robot_ws/install/serial_motor_demo:/home/mosalam/robot_ws/install/custom_explorer:/opt/ros/humble /usr/bin/cmake --install /home/mosalam/robot_ws/build/diffdrive_arduino
[1.010s] Level 1:colcon.colcon_core.environment:checking '/home/mosalam/robot_ws/install/diffdrive_arduino' for CMake module files
[1.011s] Level 1:colcon.colcon_core.environment:checking '/home/mosalam/robot_ws/install/diffdrive_arduino' for CMake config files
[1.012s] Level 1:colcon.colcon_core.shell:create_environment_hook('diffdrive_arduino', 'cmake_prefix_path')
[1.012s] INFO:colcon.colcon_core.shell:Creating environment hook '/home/mosalam/robot_ws/install/diffdrive_arduino/share/diffdrive_arduino/hook/cmake_prefix_path.ps1'
[1.013s] INFO:colcon.colcon_core.shell:Creating environment descriptor '/home/mosalam/robot_ws/install/diffdrive_arduino/share/diffdrive_arduino/hook/cmake_prefix_path.dsv'
[1.013s] INFO:colcon.colcon_core.shell:Creating environment hook '/home/mosalam/robot_ws/install/diffdrive_arduino/share/diffdrive_arduino/hook/cmake_prefix_path.sh'
[1.014s] Level 1:colcon.colcon_core.environment:checking '/home/mosalam/robot_ws/install/diffdrive_arduino/lib'
[1.015s] Level 1:colcon.colcon_core.shell:create_environment_hook('diffdrive_arduino', 'ld_library_path_lib')
[1.015s] INFO:colcon.colcon_core.shell:Creating environment hook '/home/mosalam/robot_ws/install/diffdrive_arduino/share/diffdrive_arduino/hook/ld_library_path_lib.ps1'
[1.016s] INFO:colcon.colcon_core.shell:Creating environment descriptor '/home/mosalam/robot_ws/install/diffdrive_arduino/share/diffdrive_arduino/hook/ld_library_path_lib.dsv'
[1.016s] INFO:colcon.colcon_core.shell:Creating environment hook '/home/mosalam/robot_ws/install/diffdrive_arduino/share/diffdrive_arduino/hook/ld_library_path_lib.sh'
[1.017s] Level 1:colcon.colcon_core.environment:checking '/home/mosalam/robot_ws/install/diffdrive_arduino/bin'
[1.017s] Level 1:colcon.colcon_core.environment:checking '/home/mosalam/robot_ws/install/diffdrive_arduino/lib/pkgconfig/diffdrive_arduino.pc'
[1.017s] Level 1:colcon.colcon_core.environment:checking '/home/mosalam/robot_ws/install/diffdrive_arduino/lib/python3.10/site-packages'
[1.018s] Level 1:colcon.colcon_core.environment:checking '/home/mosalam/robot_ws/install/diffdrive_arduino/bin'
[1.019s] INFO:colcon.colcon_core.shell:Creating package script '/home/mosalam/robot_ws/install/diffdrive_arduino/share/diffdrive_arduino/package.ps1'
[1.020s] INFO:colcon.colcon_core.shell:Creating package descriptor '/home/mosalam/robot_ws/install/diffdrive_arduino/share/diffdrive_arduino/package.dsv'
[1.021s] INFO:colcon.colcon_core.shell:Creating package script '/home/mosalam/robot_ws/install/diffdrive_arduino/share/diffdrive_arduino/package.sh'
[1.022s] INFO:colcon.colcon_core.shell:Creating package script '/home/mosalam/robot_ws/install/diffdrive_arduino/share/diffdrive_arduino/package.bash'
[1.022s] INFO:colcon.colcon_core.shell:Creating package script '/home/mosalam/robot_ws/install/diffdrive_arduino/share/diffdrive_arduino/package.zsh'
[1.023s] Level 1:colcon.colcon_core.environment:create_file_with_runtime_dependencies(/home/mosalam/robot_ws/install/diffdrive_arduino/share/colcon-core/packages/diffdrive_arduino)
[1.024s] Level 1:colcon.colcon_core.environment:create_environment_scripts_only(diffdrive_arduino)
[1.024s] Level 1:colcon.colcon_core.environment:checking '/home/mosalam/robot_ws/install/diffdrive_arduino' for CMake module files
[1.025s] Level 1:colcon.colcon_core.environment:checking '/home/mosalam/robot_ws/install/diffdrive_arduino' for CMake config files
[1.025s] Level 1:colcon.colcon_core.shell:create_environment_hook('diffdrive_arduino', 'cmake_prefix_path')
[1.025s] INFO:colcon.colcon_core.shell:Creating environment hook '/home/mosalam/robot_ws/install/diffdrive_arduino/share/diffdrive_arduino/hook/cmake_prefix_path.ps1'
[1.026s] INFO:colcon.colcon_core.shell:Creating environment descriptor '/home/mosalam/robot_ws/install/diffdrive_arduino/share/diffdrive_arduino/hook/cmake_prefix_path.dsv'
[1.026s] INFO:colcon.colcon_core.shell:Creating environment hook '/home/mosalam/robot_ws/install/diffdrive_arduino/share/diffdrive_arduino/hook/cmake_prefix_path.sh'
[1.027s] Level 1:colcon.colcon_core.environment:checking '/home/mosalam/robot_ws/install/diffdrive_arduino/lib'
[1.027s] Level 1:colcon.colcon_core.shell:create_environment_hook('diffdrive_arduino', 'ld_library_path_lib')
[1.028s] INFO:colcon.colcon_core.shell:Creating environment hook '/home/mosalam/robot_ws/install/diffdrive_arduino/share/diffdrive_arduino/hook/ld_library_path_lib.ps1'
[1.028s] INFO:colcon.colcon_core.shell:Creating environment descriptor '/home/mosalam/robot_ws/install/diffdrive_arduino/share/diffdrive_arduino/hook/ld_library_path_lib.dsv'
[1.029s] INFO:colcon.colcon_core.shell:Creating environment hook '/home/mosalam/robot_ws/install/diffdrive_arduino/share/diffdrive_arduino/hook/ld_library_path_lib.sh'
[1.029s] Level 1:colcon.colcon_core.environment:checking '/home/mosalam/robot_ws/install/diffdrive_arduino/bin'
[1.029s] Level 1:colcon.colcon_core.environment:checking '/home/mosalam/robot_ws/install/diffdrive_arduino/lib/pkgconfig/diffdrive_arduino.pc'
[1.030s] Level 1:colcon.colcon_core.environment:checking '/home/mosalam/robot_ws/install/diffdrive_arduino/lib/python3.10/site-packages'
[1.030s] Level 1:colcon.colcon_core.environment:checking '/home/mosalam/robot_ws/install/diffdrive_arduino/bin'
[1.030s] INFO:colcon.colcon_core.shell:Creating package script '/home/mosalam/robot_ws/install/diffdrive_arduino/share/diffdrive_arduino/package.ps1'
[1.031s] INFO:colcon.colcon_core.shell:Creating package descriptor '/home/mosalam/robot_ws/install/diffdrive_arduino/share/diffdrive_arduino/package.dsv'
[1.032s] INFO:colcon.colcon_core.shell:Creating package script '/home/mosalam/robot_ws/install/diffdrive_arduino/share/diffdrive_arduino/package.sh'
[1.032s] INFO:colcon.colcon_core.shell:Creating package script '/home/mosalam/robot_ws/install/diffdrive_arduino/share/diffdrive_arduino/package.bash'
[1.033s] INFO:colcon.colcon_core.shell:Creating package script '/home/mosalam/robot_ws/install/diffdrive_arduino/share/diffdrive_arduino/package.zsh'
[1.033s] Level 1:colcon.colcon_core.environment:create_file_with_runtime_dependencies(/home/mosalam/robot_ws/install/diffdrive_arduino/share/colcon-core/packages/diffdrive_arduino)
[1.034s] INFO:colcon.colcon_ros.task.ament_cmake.build:Building ROS package in '/home/mosalam/robot_ws/src/serial' with build type 'ament_cmake'
[1.034s] INFO:colcon.colcon_cmake.task.cmake.build:Building CMake package in '/home/mosalam/robot_ws/src/serial'
[1.035s] INFO:colcon.colcon_core.shell:Skip shell extension 'powershell' for command environment: Not usable outside of PowerShell
[1.035s] DEBUG:colcon.colcon_core.shell:Skip shell extension 'dsv' for command environment
[1.043s] DEBUG:colcon.colcon_core.event_handler.log_command:Invoked command in '/home/mosalam/robot_ws/build/serial_motor_demo_msgs' returned '0': CMAKE_PREFIX_PATH=${CMAKE_PREFIX_PATH}:/home/mosalam/robot_ws/install/serial_motor_demo:/home/mosalam/robot_ws/install/custom_explorer:/opt/ros/humble /usr/bin/cmake --build /home/mosalam/robot_ws/build/serial_motor_demo_msgs -- -j4 -l4
[1.044s] DEBUG:colcon.colcon_core.event_handler.log_command:Invoking command in '/home/mosalam/robot_ws/build/serial_motor_demo_msgs': CMAKE_PREFIX_PATH=${CMAKE_PREFIX_PATH}:/home/mosalam/robot_ws/install/serial_motor_demo:/home/mosalam/robot_ws/install/custom_explorer:/opt/ros/humble /usr/bin/cmake --install /home/mosalam/robot_ws/build/serial_motor_demo_msgs
[1.052s] DEBUG:colcon.colcon_core.event_handler.log_command:Invoking command in '/home/mosalam/robot_ws/build/serial': CMAKE_PREFIX_PATH=${CMAKE_PREFIX_PATH}:/home/mosalam/robot_ws/install/serial_motor_demo:/home/mosalam/robot_ws/install/custom_explorer:/opt/ros/humble /usr/bin/cmake --build /home/mosalam/robot_ws/build/serial -- -j4 -l4
[1.141s] DEBUG:colcon.colcon_core.event_handler.log_command:Invoked command in '/home/mosalam/robot_ws/build/rplidar_ros' returned '0': CMAKE_PREFIX_PATH=${CMAKE_PREFIX_PATH}:/home/mosalam/robot_ws/install/serial_motor_demo:/home/mosalam/robot_ws/install/custom_explorer:/opt/ros/humble /usr/bin/cmake --build /home/mosalam/robot_ws/build/rplidar_ros -- -j4 -l4
[1.141s] DEBUG:colcon.colcon_core.event_handler.log_command:Invoking command in '/home/mosalam/robot_ws/build/rplidar_ros': CMAKE_PREFIX_PATH=${CMAKE_PREFIX_PATH}:/home/mosalam/robot_ws/install/serial_motor_demo:/home/mosalam/robot_ws/install/custom_explorer:/opt/ros/humble /usr/bin/cmake --install /home/mosalam/robot_ws/build/rplidar_ros
[1.229s] Level 1:colcon.colcon_core.environment:create_environment_scripts_only(rplidar_ros)
[1.230s] Level 1:colcon.colcon_core.environment:checking '/home/mosalam/robot_ws/install/rplidar_ros' for CMake module files
[1.232s] DEBUG:colcon.colcon_core.event_handler.log_command:Invoked command in '/home/mosalam/robot_ws/build/rplidar_ros' returned '0': CMAKE_PREFIX_PATH=${CMAKE_PREFIX_PATH}:/home/mosalam/robot_ws/install/serial_motor_demo:/home/mosalam/robot_ws/install/custom_explorer:/opt/ros/humble /usr/bin/cmake --install /home/mosalam/robot_ws/build/rplidar_ros
[1.233s] Level 1:colcon.colcon_core.environment:checking '/home/mosalam/robot_ws/install/rplidar_ros' for CMake config files
[1.234s] Level 1:colcon.colcon_core.shell:create_environment_hook('rplidar_ros', 'cmake_prefix_path')
[1.234s] INFO:colcon.colcon_core.shell:Creating environment hook '/home/mosalam/robot_ws/install/rplidar_ros/share/rplidar_ros/hook/cmake_prefix_path.ps1'
[1.235s] INFO:colcon.colcon_core.shell:Creating environment descriptor '/home/mosalam/robot_ws/install/rplidar_ros/share/rplidar_ros/hook/cmake_prefix_path.dsv'
[1.236s] INFO:colcon.colcon_core.shell:Creating environment hook '/home/mosalam/robot_ws/install/rplidar_ros/share/rplidar_ros/hook/cmake_prefix_path.sh'
[1.237s] Level 1:colcon.colcon_core.environment:checking '/home/mosalam/robot_ws/install/rplidar_ros/lib'
[1.237s] Level 1:colcon.colcon_core.shell:create_environment_hook('rplidar_ros', 'ld_library_path_lib')
[1.237s] INFO:colcon.colcon_core.shell:Creating environment hook '/home/mosalam/robot_ws/install/rplidar_ros/share/rplidar_ros/hook/ld_library_path_lib.ps1'
[1.238s] INFO:colcon.colcon_core.shell:Creating environment descriptor '/home/mosalam/robot_ws/install/rplidar_ros/share/rplidar_ros/hook/ld_library_path_lib.dsv'
[1.239s] INFO:colcon.colcon_core.shell:Creating environment hook '/home/mosalam/robot_ws/install/rplidar_ros/share/rplidar_ros/hook/ld_library_path_lib.sh'
[1.239s] Level 1:colcon.colcon_core.environment:checking '/home/mosalam/robot_ws/install/rplidar_ros/bin'
[1.239s] Level 1:colcon.colcon_core.environment:checking '/home/mosalam/robot_ws/install/rplidar_ros/lib/pkgconfig/rplidar_ros.pc'
[1.240s] Level 1:colcon.colcon_core.environment:checking '/home/mosalam/robot_ws/install/rplidar_ros/lib/python3.10/site-packages'
[1.240s] Level 1:colcon.colcon_core.environment:checking '/home/mosalam/robot_ws/install/rplidar_ros/bin'
[1.241s] INFO:colcon.colcon_core.shell:Creating package script '/home/mosalam/robot_ws/install/rplidar_ros/share/rplidar_ros/package.ps1'
[1.242s] INFO:colcon.colcon_core.shell:Creating package descriptor '/home/mosalam/robot_ws/install/rplidar_ros/share/rplidar_ros/package.dsv'
[1.242s] INFO:colcon.colcon_core.shell:Creating package script '/home/mosalam/robot_ws/install/rplidar_ros/share/rplidar_ros/package.sh'
[1.243s] INFO:colcon.colcon_core.shell:Creating package script '/home/mosalam/robot_ws/install/rplidar_ros/share/rplidar_ros/package.bash'
[1.243s] INFO:colcon.colcon_core.shell:Creating package script '/home/mosalam/robot_ws/install/rplidar_ros/share/rplidar_ros/package.zsh'
[1.244s] Level 1:colcon.colcon_core.environment:create_file_with_runtime_dependencies(/home/mosalam/robot_ws/install/rplidar_ros/share/colcon-core/packages/rplidar_ros)
[1.245s] Level 1:colcon.colcon_core.environment:create_environment_scripts_only(rplidar_ros)
[1.245s] Level 1:colcon.colcon_core.environment:checking '/home/mosalam/robot_ws/install/rplidar_ros' for CMake module files
[1.246s] Level 1:colcon.colcon_core.environment:checking '/home/mosalam/robot_ws/install/rplidar_ros' for CMake config files
[1.247s] Level 1:colcon.colcon_core.shell:create_environment_hook('rplidar_ros', 'cmake_prefix_path')
[1.247s] INFO:colcon.colcon_core.shell:Creating environment hook '/home/mosalam/robot_ws/install/rplidar_ros/share/rplidar_ros/hook/cmake_prefix_path.ps1'
[1.248s] INFO:colcon.colcon_core.shell:Creating environment descriptor '/home/mosalam/robot_ws/install/rplidar_ros/share/rplidar_ros/hook/cmake_prefix_path.dsv'
[1.248s] INFO:colcon.colcon_core.shell:Creating environment hook '/home/mosalam/robot_ws/install/rplidar_ros/share/rplidar_ros/hook/cmake_prefix_path.sh'
[1.249s] Level 1:colcon.colcon_core.environment:checking '/home/mosalam/robot_ws/install/rplidar_ros/lib'
[1.249s] Level 1:colcon.colcon_core.shell:create_environment_hook('rplidar_ros', 'ld_library_path_lib')
[1.249s] INFO:colcon.colcon_core.shell:Creating environment hook '/home/mosalam/robot_ws/install/rplidar_ros/share/rplidar_ros/hook/ld_library_path_lib.ps1'
[1.250s] INFO:colcon.colcon_core.shell:Creating environment descriptor '/home/mosalam/robot_ws/install/rplidar_ros/share/rplidar_ros/hook/ld_library_path_lib.dsv'
[1.250s] INFO:colcon.colcon_core.shell:Creating environment hook '/home/mosalam/robot_ws/install/rplidar_ros/share/rplidar_ros/hook/ld_library_path_lib.sh'
[1.251s] Level 1:colcon.colcon_core.environment:checking '/home/mosalam/robot_ws/install/rplidar_ros/bin'
[1.251s] Level 1:colcon.colcon_core.environment:checking '/home/mosalam/robot_ws/install/rplidar_ros/lib/pkgconfig/rplidar_ros.pc'
[1.251s] Level 1:colcon.colcon_core.environment:checking '/home/mosalam/robot_ws/install/rplidar_ros/lib/python3.10/site-packages'
[1.252s] Level 1:colcon.colcon_core.environment:checking '/home/mosalam/robot_ws/install/rplidar_ros/bin'
[1.252s] INFO:colcon.colcon_core.shell:Creating package script '/home/mosalam/robot_ws/install/rplidar_ros/share/rplidar_ros/package.ps1'
[1.253s] INFO:colcon.colcon_core.shell:Creating package descriptor '/home/mosalam/robot_ws/install/rplidar_ros/share/rplidar_ros/package.dsv'
[1.254s] INFO:colcon.colcon_core.shell:Creating package script '/home/mosalam/robot_ws/install/rplidar_ros/share/rplidar_ros/package.sh'
[1.255s] INFO:colcon.colcon_core.shell:Creating package script '/home/mosalam/robot_ws/install/rplidar_ros/share/rplidar_ros/package.bash'
[1.255s] INFO:colcon.colcon_core.shell:Creating package script '/home/mosalam/robot_ws/install/rplidar_ros/share/rplidar_ros/package.zsh'
[1.256s] Level 1:colcon.colcon_core.environment:create_file_with_runtime_dependencies(/home/mosalam/robot_ws/install/rplidar_ros/share/colcon-core/packages/rplidar_ros)
[1.257s] INFO:colcon.colcon_ros.task.ament_cmake.build:Building ROS package in '/home/mosalam/robot_ws/src/robot' with build type 'ament_cmake'
[1.257s] INFO:colcon.colcon_cmake.task.cmake.build:Building CMake package in '/home/mosalam/robot_ws/src/robot'
[1.257s] INFO:colcon.colcon_core.shell:Skip shell extension 'powershell' for command environment: Not usable outside of PowerShell
[1.257s] DEBUG:colcon.colcon_core.shell:Skip shell extension 'dsv' for command environment
[1.263s] Level 1:colcon.colcon_core.environment:create_environment_scripts_only(serial_motor_demo_msgs)
[1.264s] Level 1:colcon.colcon_core.environment:checking '/home/mosalam/robot_ws/install/serial_motor_demo_msgs' for CMake module files
[1.265s] Level 1:colcon.colcon_core.environment:checking '/home/mosalam/robot_ws/install/serial_motor_demo_msgs' for CMake config files
[1.266s] DEBUG:colcon.colcon_core.event_handler.log_command:Invoked command in '/home/mosalam/robot_ws/build/serial_motor_demo_msgs' returned '0': CMAKE_PREFIX_PATH=${CMAKE_PREFIX_PATH}:/home/mosalam/robot_ws/install/serial_motor_demo:/home/mosalam/robot_ws/install/custom_explorer:/opt/ros/humble /usr/bin/cmake --install /home/mosalam/robot_ws/build/serial_motor_demo_msgs
[1.267s] Level 1:colcon.colcon_core.shell:create_environment_hook('serial_motor_demo_msgs', 'cmake_prefix_path')
[1.268s] INFO:colcon.colcon_core.shell:Creating environment hook '/home/mosalam/robot_ws/install/serial_motor_demo_msgs/share/serial_motor_demo_msgs/hook/cmake_prefix_path.ps1'
[1.269s] INFO:colcon.colcon_core.shell:Creating environment descriptor '/home/mosalam/robot_ws/install/serial_motor_demo_msgs/share/serial_motor_demo_msgs/hook/cmake_prefix_path.dsv'
[1.269s] INFO:colcon.colcon_core.shell:Creating environment hook '/home/mosalam/robot_ws/install/serial_motor_demo_msgs/share/serial_motor_demo_msgs/hook/cmake_prefix_path.sh'
[1.270s] Level 1:colcon.colcon_core.environment:checking '/home/mosalam/robot_ws/install/serial_motor_demo_msgs/lib'
[1.270s] Level 1:colcon.colcon_core.shell:create_environment_hook('serial_motor_demo_msgs', 'ld_library_path_lib')
[1.270s] INFO:colcon.colcon_core.shell:Creating environment hook '/home/mosalam/robot_ws/install/serial_motor_demo_msgs/share/serial_motor_demo_msgs/hook/ld_library_path_lib.ps1'
[1.271s] INFO:colcon.colcon_core.shell:Creating environment descriptor '/home/mosalam/robot_ws/install/serial_motor_demo_msgs/share/serial_motor_demo_msgs/hook/ld_library_path_lib.dsv'
[1.271s] INFO:colcon.colcon_core.shell:Creating environment hook '/home/mosalam/robot_ws/install/serial_motor_demo_msgs/share/serial_motor_demo_msgs/hook/ld_library_path_lib.sh'
[1.272s] Level 1:colcon.colcon_core.environment:checking '/home/mosalam/robot_ws/install/serial_motor_demo_msgs/bin'
[1.272s] Level 1:colcon.colcon_core.environment:checking '/home/mosalam/robot_ws/install/serial_motor_demo_msgs/lib/pkgconfig/serial_motor_demo_msgs.pc'
[1.272s] Level 1:colcon.colcon_core.environment:checking '/home/mosalam/robot_ws/install/serial_motor_demo_msgs/lib/python3.10/site-packages'
[1.273s] Level 1:colcon.colcon_core.environment:checking '/home/mosalam/robot_ws/install/serial_motor_demo_msgs/bin'
[1.273s] INFO:colcon.colcon_core.shell:Creating package script '/home/mosalam/robot_ws/install/serial_motor_demo_msgs/share/serial_motor_demo_msgs/package.ps1'
[1.274s] INFO:colcon.colcon_core.shell:Creating package descriptor '/home/mosalam/robot_ws/install/serial_motor_demo_msgs/share/serial_motor_demo_msgs/package.dsv'
[1.274s] INFO:colcon.colcon_core.shell:Creating package script '/home/mosalam/robot_ws/install/serial_motor_demo_msgs/share/serial_motor_demo_msgs/package.sh'
[1.275s] INFO:colcon.colcon_core.shell:Creating package script '/home/mosalam/robot_ws/install/serial_motor_demo_msgs/share/serial_motor_demo_msgs/package.bash'
[1.275s] INFO:colcon.colcon_core.shell:Creating package script '/home/mosalam/robot_ws/install/serial_motor_demo_msgs/share/serial_motor_demo_msgs/package.zsh'
[1.276s] Level 1:colcon.colcon_core.environment:create_file_with_runtime_dependencies(/home/mosalam/robot_ws/install/serial_motor_demo_msgs/share/colcon-core/packages/serial_motor_demo_msgs)
[1.277s] Level 1:colcon.colcon_core.environment:create_environment_scripts_only(serial_motor_demo_msgs)
[1.277s] Level 1:colcon.colcon_core.environment:checking '/home/mosalam/robot_ws/install/serial_motor_demo_msgs' for CMake module files
[1.277s] Level 1:colcon.colcon_core.environment:checking '/home/mosalam/robot_ws/install/serial_motor_demo_msgs' for CMake config files
[1.278s] Level 1:colcon.colcon_core.shell:create_environment_hook('serial_motor_demo_msgs', 'cmake_prefix_path')
[1.279s] INFO:colcon.colcon_core.shell:Creating environment hook '/home/mosalam/robot_ws/install/serial_motor_demo_msgs/share/serial_motor_demo_msgs/hook/cmake_prefix_path.ps1'
[1.279s] INFO:colcon.colcon_core.shell:Creating environment descriptor '/home/mosalam/robot_ws/install/serial_motor_demo_msgs/share/serial_motor_demo_msgs/hook/cmake_prefix_path.dsv'
[1.280s] INFO:colcon.colcon_core.shell:Creating environment hook '/home/mosalam/robot_ws/install/serial_motor_demo_msgs/share/serial_motor_demo_msgs/hook/cmake_prefix_path.sh'
[1.280s] Level 1:colcon.colcon_core.environment:checking '/home/mosalam/robot_ws/install/serial_motor_demo_msgs/lib'
[1.281s] Level 1:colcon.colcon_core.shell:create_environment_hook('serial_motor_demo_msgs', 'ld_library_path_lib')
[1.281s] INFO:colcon.colcon_core.shell:Creating environment hook '/home/mosalam/robot_ws/install/serial_motor_demo_msgs/share/serial_motor_demo_msgs/hook/ld_library_path_lib.ps1'
[1.281s] INFO:colcon.colcon_core.shell:Creating environment descriptor '/home/mosalam/robot_ws/install/serial_motor_demo_msgs/share/serial_motor_demo_msgs/hook/ld_library_path_lib.dsv'
[1.282s] INFO:colcon.colcon_core.shell:Creating environment hook '/home/mosalam/robot_ws/install/serial_motor_demo_msgs/share/serial_motor_demo_msgs/hook/ld_library_path_lib.sh'
[1.282s] Level 1:colcon.colcon_core.environment:checking '/home/mosalam/robot_ws/install/serial_motor_demo_msgs/bin'
[1.282s] Level 1:colcon.colcon_core.environment:checking '/home/mosalam/robot_ws/install/serial_motor_demo_msgs/lib/pkgconfig/serial_motor_demo_msgs.pc'
[1.283s] Level 1:colcon.colcon_core.environment:checking '/home/mosalam/robot_ws/install/serial_motor_demo_msgs/lib/python3.10/site-packages'
[1.283s] Level 1:colcon.colcon_core.environment:checking '/home/mosalam/robot_ws/install/serial_motor_demo_msgs/bin'
[1.283s] INFO:colcon.colcon_core.shell:Creating package script '/home/mosalam/robot_ws/install/serial_motor_demo_msgs/share/serial_motor_demo_msgs/package.ps1'
[1.284s] INFO:colcon.colcon_core.shell:Creating package descriptor '/home/mosalam/robot_ws/install/serial_motor_demo_msgs/share/serial_motor_demo_msgs/package.dsv'
[1.285s] INFO:colcon.colcon_core.shell:Creating package script '/home/mosalam/robot_ws/install/serial_motor_demo_msgs/share/serial_motor_demo_msgs/package.sh'
[1.285s] INFO:colcon.colcon_core.shell:Creating package script '/home/mosalam/robot_ws/install/serial_motor_demo_msgs/share/serial_motor_demo_msgs/package.bash'
[1.286s] INFO:colcon.colcon_core.shell:Creating package script '/home/mosalam/robot_ws/install/serial_motor_demo_msgs/share/serial_motor_demo_msgs/package.zsh'
[1.286s] Level 1:colcon.colcon_core.environment:create_file_with_runtime_dependencies(/home/mosalam/robot_ws/install/serial_motor_demo_msgs/share/colcon-core/packages/serial_motor_demo_msgs)
[1.288s] INFO:colcon.colcon_ros.task.ament_python.build:Building ROS package in '/home/mosalam/robot_ws/src/serial_motor_demo/serial_motor_demo' with build type 'ament_python'
[1.288s] Level 1:colcon.colcon_core.shell:create_environment_hook('serial_motor_demo', 'ament_prefix_path')
[1.288s] INFO:colcon.colcon_core.shell:Creating environment hook '/home/mosalam/robot_ws/install/serial_motor_demo/share/serial_motor_demo/hook/ament_prefix_path.ps1'
[1.289s] INFO:colcon.colcon_core.shell:Creating environment descriptor '/home/mosalam/robot_ws/install/serial_motor_demo/share/serial_motor_demo/hook/ament_prefix_path.dsv'
[1.289s] INFO:colcon.colcon_core.shell:Creating environment hook '/home/mosalam/robot_ws/install/serial_motor_demo/share/serial_motor_demo/hook/ament_prefix_path.sh'
[1.290s] INFO:colcon.colcon_core.shell:Skip shell extension 'powershell' for command environment: Not usable outside of PowerShell
[1.290s] DEBUG:colcon.colcon_core.shell:Skip shell extension 'dsv' for command environment
[1.302s] DEBUG:colcon.colcon_core.event_handler.log_command:Invoking command in '/home/mosalam/robot_ws/build/robot': CMAKE_PREFIX_PATH=/home/mosalam/robot_ws/install/urdf_tutorial:/home/mosalam/robot_ws/install/robot:/home/mosalam/robot_ws/install/serial_motor_demo_msgs:/home/mosalam/robot_ws/install/serial:/home/mosalam/robot_ws/install/rplidar_ros:/home/mosalam/robot_ws/install/multirobot_map_merge:/home/mosalam/robot_ws/install/explore_lite:/home/mosalam/robot_ws/install/diffdrive_arduino:/home/mosalam/robot_ws/install/serial_motor_demo:/home/mosalam/robot_ws/install/custom_explorer:/opt/ros/humble /usr/bin/cmake --build /home/mosalam/robot_ws/build/robot -- -j4 -l4
[1.302s] DEBUG:colcon.colcon_core.event_handler.log_command:Invoked command in '/home/mosalam/robot_ws/build/serial' returned '0': CMAKE_PREFIX_PATH=${CMAKE_PREFIX_PATH}:/home/mosalam/robot_ws/install/serial_motor_demo:/home/mosalam/robot_ws/install/custom_explorer:/opt/ros/humble /usr/bin/cmake --build /home/mosalam/robot_ws/build/serial -- -j4 -l4
[1.303s] DEBUG:colcon.colcon_core.event_handler.log_command:Invoking command in '/home/mosalam/robot_ws/build/serial': CMAKE_PREFIX_PATH=${CMAKE_PREFIX_PATH}:/home/mosalam/robot_ws/install/serial_motor_demo:/home/mosalam/robot_ws/install/custom_explorer:/opt/ros/humble /usr/bin/cmake --install /home/mosalam/robot_ws/build/serial
[1.593s] INFO:colcon.colcon_core.task.python.build:Building Python package in '/home/mosalam/robot_ws/src/serial_motor_demo/serial_motor_demo'
[1.593s] INFO:colcon.colcon_core.shell:Skip shell extension 'powershell' for command environment: Not usable outside of PowerShell
[1.593s] DEBUG:colcon.colcon_core.shell:Skip shell extension 'dsv' for command environment
[1.601s] Level 1:colcon.colcon_core.environment:create_environment_scripts_only(serial)
[1.602s] Level 1:colcon.colcon_core.environment:checking '/home/mosalam/robot_ws/install/serial' for CMake module files
[1.603s] DEBUG:colcon.colcon_core.event_handler.log_command:Invoking command in '/home/mosalam/robot_ws/src/Autonomous-Explorer-and-Mapper-ros2-nav2': PYTHONPATH=/home/mosalam/robot_ws/build/custom_explorer/prefix_override:/usr/lib/python3/dist-packages/colcon_core/task/python/colcon_distutils_commands:/home/mosalam/robot_ws/install/custom_explorer/lib/python3.10/site-packages:${PYTHONPATH} /usr/bin/python3 -W ignore:setup.py install is deprecated -W ignore:easy_install command is deprecated setup.py egg_info --egg-base ../../build/custom_explorer build --build-base /home/mosalam/robot_ws/build/custom_explorer/build install --record /home/mosalam/robot_ws/build/custom_explorer/install.log --single-version-externally-managed install_data
[1.604s] DEBUG:colcon.colcon_core.event_handler.log_command:Invoked command in '/home/mosalam/robot_ws/build/serial' returned '0': CMAKE_PREFIX_PATH=${CMAKE_PREFIX_PATH}:/home/mosalam/robot_ws/install/serial_motor_demo:/home/mosalam/robot_ws/install/custom_explorer:/opt/ros/humble /usr/bin/cmake --install /home/mosalam/robot_ws/build/serial
[1.604s] Level 1:colcon.colcon_core.environment:checking '/home/mosalam/robot_ws/install/serial' for CMake config files
[1.604s] Level 1:colcon.colcon_core.shell:create_environment_hook('serial', 'cmake_prefix_path')
[1.604s] INFO:colcon.colcon_core.shell:Creating environment hook '/home/mosalam/robot_ws/install/serial/share/serial/hook/cmake_prefix_path.ps1'
[1.605s] INFO:colcon.colcon_core.shell:Creating environment descriptor '/home/mosalam/robot_ws/install/serial/share/serial/hook/cmake_prefix_path.dsv'
[1.605s] INFO:colcon.colcon_core.shell:Creating environment hook '/home/mosalam/robot_ws/install/serial/share/serial/hook/cmake_prefix_path.sh'
[1.606s] Level 1:colcon.colcon_core.environment:checking '/home/mosalam/robot_ws/install/serial/lib'
[1.606s] Level 1:colcon.colcon_core.environment:checking '/home/mosalam/robot_ws/install/serial/bin'
[1.606s] Level 1:colcon.colcon_core.environment:checking '/home/mosalam/robot_ws/install/serial/lib/pkgconfig/serial.pc'
[1.607s] Level 1:colcon.colcon_core.environment:checking '/home/mosalam/robot_ws/install/serial/lib/python3.10/site-packages'
[1.607s] Level 1:colcon.colcon_core.environment:checking '/home/mosalam/robot_ws/install/serial/bin'
[1.607s] INFO:colcon.colcon_core.shell:Creating package script '/home/mosalam/robot_ws/install/serial/share/serial/package.ps1'
[1.608s] INFO:colcon.colcon_core.shell:Creating package descriptor '/home/mosalam/robot_ws/install/serial/share/serial/package.dsv'
[1.608s] INFO:colcon.colcon_core.shell:Creating package script '/home/mosalam/robot_ws/install/serial/share/serial/package.sh'
[1.609s] INFO:colcon.colcon_core.shell:Creating package script '/home/mosalam/robot_ws/install/serial/share/serial/package.bash'
[1.609s] INFO:colcon.colcon_core.shell:Creating package script '/home/mosalam/robot_ws/install/serial/share/serial/package.zsh'
[1.610s] Level 1:colcon.colcon_core.environment:create_file_with_runtime_dependencies(/home/mosalam/robot_ws/install/serial/share/colcon-core/packages/serial)
[1.611s] Level 1:colcon.colcon_core.environment:create_environment_scripts_only(serial)
[1.611s] Level 1:colcon.colcon_core.environment:checking '/home/mosalam/robot_ws/install/serial' for CMake module files
[1.611s] Level 1:colcon.colcon_core.environment:checking '/home/mosalam/robot_ws/install/serial' for CMake config files
[1.612s] Level 1:colcon.colcon_core.shell:create_environment_hook('serial', 'cmake_prefix_path')
[1.612s] INFO:colcon.colcon_core.shell:Creating environment hook '/home/mosalam/robot_ws/install/serial/share/serial/hook/cmake_prefix_path.ps1'
[1.613s] INFO:colcon.colcon_core.shell:Creating environment descriptor '/home/mosalam/robot_ws/install/serial/share/serial/hook/cmake_prefix_path.dsv'
[1.613s] INFO:colcon.colcon_core.shell:Creating environment hook '/home/mosalam/robot_ws/install/serial/share/serial/hook/cmake_prefix_path.sh'
[1.614s] Level 1:colcon.colcon_core.environment:checking '/home/mosalam/robot_ws/install/serial/lib'
[1.614s] Level 1:colcon.colcon_core.environment:checking '/home/mosalam/robot_ws/install/serial/bin'
[1.614s] Level 1:colcon.colcon_core.environment:checking '/home/mosalam/robot_ws/install/serial/lib/pkgconfig/serial.pc'
[1.614s] Level 1:colcon.colcon_core.environment:checking '/home/mosalam/robot_ws/install/serial/lib/python3.10/site-packages'
[1.615s] Level 1:colcon.colcon_core.environment:checking '/home/mosalam/robot_ws/install/serial/bin'
[1.615s] INFO:colcon.colcon_core.shell:Creating package script '/home/mosalam/robot_ws/install/serial/share/serial/package.ps1'
[1.616s] INFO:colcon.colcon_core.shell:Creating package descriptor '/home/mosalam/robot_ws/install/serial/share/serial/package.dsv'
[1.616s] INFO:colcon.colcon_core.shell:Creating package script '/home/mosalam/robot_ws/install/serial/share/serial/package.sh'
[1.617s] INFO:colcon.colcon_core.shell:Creating package script '/home/mosalam/robot_ws/install/serial/share/serial/package.bash'
[1.617s] INFO:colcon.colcon_core.shell:Creating package script '/home/mosalam/robot_ws/install/serial/share/serial/package.zsh'
[1.618s] Level 1:colcon.colcon_core.environment:create_file_with_runtime_dependencies(/home/mosalam/robot_ws/install/serial/share/colcon-core/packages/serial)
[1.620s] DEBUG:colcon.colcon_core.event_handler.log_command:Invoked command in '/home/mosalam/robot_ws/build/robot' returned '0': CMAKE_PREFIX_PATH=/home/mosalam/robot_ws/install/urdf_tutorial:/home/mosalam/robot_ws/install/robot:/home/mosalam/robot_ws/install/serial_motor_demo_msgs:/home/mosalam/robot_ws/install/serial:/home/mosalam/robot_ws/install/rplidar_ros:/home/mosalam/robot_ws/install/multirobot_map_merge:/home/mosalam/robot_ws/install/explore_lite:/home/mosalam/robot_ws/install/diffdrive_arduino:/home/mosalam/robot_ws/install/serial_motor_demo:/home/mosalam/robot_ws/install/custom_explorer:/opt/ros/humble /usr/bin/cmake --build /home/mosalam/robot_ws/build/robot -- -j4 -l4
[1.621s] DEBUG:colcon.colcon_core.event_handler.log_command:Invoking command in '/home/mosalam/robot_ws/build/robot': CMAKE_PREFIX_PATH=/home/mosalam/robot_ws/install/urdf_tutorial:/home/mosalam/robot_ws/install/robot:/home/mosalam/robot_ws/install/serial_motor_demo_msgs:/home/mosalam/robot_ws/install/serial:/home/mosalam/robot_ws/install/rplidar_ros:/home/mosalam/robot_ws/install/multirobot_map_merge:/home/mosalam/robot_ws/install/explore_lite:/home/mosalam/robot_ws/install/diffdrive_arduino:/home/mosalam/robot_ws/install/serial_motor_demo:/home/mosalam/robot_ws/install/custom_explorer:/opt/ros/humble /usr/bin/cmake --install /home/mosalam/robot_ws/build/robot
[1.675s] Level 1:colcon.colcon_core.environment:create_environment_scripts_only(robot)
[1.675s] Level 1:colcon.colcon_core.environment:checking '/home/mosalam/robot_ws/install/robot' for CMake module files
[1.676s] DEBUG:colcon.colcon_core.event_handler.log_command:Invoked command in '/home/mosalam/robot_ws/build/robot' returned '0': CMAKE_PREFIX_PATH=/home/mosalam/robot_ws/install/urdf_tutorial:/home/mosalam/robot_ws/install/robot:/home/mosalam/robot_ws/install/serial_motor_demo_msgs:/home/mosalam/robot_ws/install/serial:/home/mosalam/robot_ws/install/rplidar_ros:/home/mosalam/robot_ws/install/multirobot_map_merge:/home/mosalam/robot_ws/install/explore_lite:/home/mosalam/robot_ws/install/diffdrive_arduino:/home/mosalam/robot_ws/install/serial_motor_demo:/home/mosalam/robot_ws/install/custom_explorer:/opt/ros/humble /usr/bin/cmake --install /home/mosalam/robot_ws/build/robot
[1.677s] Level 1:colcon.colcon_core.environment:checking '/home/mosalam/robot_ws/install/robot' for CMake config files
[1.678s] Level 1:colcon.colcon_core.shell:create_environment_hook('robot', 'cmake_prefix_path')
[1.679s] INFO:colcon.colcon_core.shell:Creating environment hook '/home/mosalam/robot_ws/install/robot/share/robot/hook/cmake_prefix_path.ps1'
[1.679s] INFO:colcon.colcon_core.shell:Creating environment descriptor '/home/mosalam/robot_ws/install/robot/share/robot/hook/cmake_prefix_path.dsv'
[1.680s] INFO:colcon.colcon_core.shell:Creating environment hook '/home/mosalam/robot_ws/install/robot/share/robot/hook/cmake_prefix_path.sh'
[1.681s] Level 1:colcon.colcon_core.environment:checking '/home/mosalam/robot_ws/install/robot/lib'
[1.681s] Level 1:colcon.colcon_core.environment:checking '/home/mosalam/robot_ws/install/robot/bin'
[1.681s] Level 1:colcon.colcon_core.environment:checking '/home/mosalam/robot_ws/install/robot/lib/pkgconfig/robot.pc'
[1.682s] Level 1:colcon.colcon_core.environment:checking '/home/mosalam/robot_ws/install/robot/lib/python3.10/site-packages'
[1.682s] Level 1:colcon.colcon_core.environment:checking '/home/mosalam/robot_ws/install/robot/bin'
[1.683s] INFO:colcon.colcon_core.shell:Creating package script '/home/mosalam/robot_ws/install/robot/share/robot/package.ps1'
[1.684s] INFO:colcon.colcon_core.shell:Creating package descriptor '/home/mosalam/robot_ws/install/robot/share/robot/package.dsv'
[1.684s] INFO:colcon.colcon_core.shell:Creating package script '/home/mosalam/robot_ws/install/robot/share/robot/package.sh'
[1.685s] INFO:colcon.colcon_core.shell:Creating package script '/home/mosalam/robot_ws/install/robot/share/robot/package.bash'
[1.686s] INFO:colcon.colcon_core.shell:Creating package script '/home/mosalam/robot_ws/install/robot/share/robot/package.zsh'
[1.687s] Level 1:colcon.colcon_core.environment:create_file_with_runtime_dependencies(/home/mosalam/robot_ws/install/robot/share/colcon-core/packages/robot)
[1.688s] Level 1:colcon.colcon_core.environment:create_environment_scripts_only(robot)
[1.688s] Level 1:colcon.colcon_core.environment:checking '/home/mosalam/robot_ws/install/robot' for CMake module files
[1.689s] Level 1:colcon.colcon_core.environment:checking '/home/mosalam/robot_ws/install/robot' for CMake config files
[1.690s] Level 1:colcon.colcon_core.shell:create_environment_hook('robot', 'cmake_prefix_path')
[1.691s] INFO:colcon.colcon_core.shell:Creating environment hook '/home/mosalam/robot_ws/install/robot/share/robot/hook/cmake_prefix_path.ps1'
[1.692s] INFO:colcon.colcon_core.shell:Creating environment descriptor '/home/mosalam/robot_ws/install/robot/share/robot/hook/cmake_prefix_path.dsv'
[1.692s] INFO:colcon.colcon_core.shell:Creating environment hook '/home/mosalam/robot_ws/install/robot/share/robot/hook/cmake_prefix_path.sh'
[1.693s] Level 1:colcon.colcon_core.environment:checking '/home/mosalam/robot_ws/install/robot/lib'
[1.693s] Level 1:colcon.colcon_core.environment:checking '/home/mosalam/robot_ws/install/robot/bin'
[1.694s] Level 1:colcon.colcon_core.environment:checking '/home/mosalam/robot_ws/install/robot/lib/pkgconfig/robot.pc'
[1.694s] Level 1:colcon.colcon_core.environment:checking '/home/mosalam/robot_ws/install/robot/lib/python3.10/site-packages'
[1.694s] Level 1:colcon.colcon_core.environment:checking '/home/mosalam/robot_ws/install/robot/bin'
[1.695s] INFO:colcon.colcon_core.shell:Creating package script '/home/mosalam/robot_ws/install/robot/share/robot/package.ps1'
[1.696s] INFO:colcon.colcon_core.shell:Creating package descriptor '/home/mosalam/robot_ws/install/robot/share/robot/package.dsv'
[1.697s] INFO:colcon.colcon_core.shell:Creating package script '/home/mosalam/robot_ws/install/robot/share/robot/package.sh'
[1.698s] INFO:colcon.colcon_core.shell:Creating package script '/home/mosalam/robot_ws/install/robot/share/robot/package.bash'
[1.698s] INFO:colcon.colcon_core.shell:Creating package script '/home/mosalam/robot_ws/install/robot/share/robot/package.zsh'
[1.699s] Level 1:colcon.colcon_core.environment:create_file_with_runtime_dependencies(/home/mosalam/robot_ws/install/robot/share/colcon-core/packages/robot)
[1.954s] Level 1:colcon.colcon_core.environment:checking '/home/mosalam/robot_ws/install/custom_explorer' for CMake module files
[1.954s] DEBUG:colcon.colcon_core.event_handler.log_command:Invoked command in '/home/mosalam/robot_ws/src/Autonomous-Explorer-and-Mapper-ros2-nav2' returned '0': PYTHONPATH=/home/mosalam/robot_ws/build/custom_explorer/prefix_override:/usr/lib/python3/dist-packages/colcon_core/task/python/colcon_distutils_commands:/home/mosalam/robot_ws/install/custom_explorer/lib/python3.10/site-packages:${PYTHONPATH} /usr/bin/python3 -W ignore:setup.py install is deprecated -W ignore:easy_install command is deprecated setup.py egg_info --egg-base ../../build/custom_explorer build --build-base /home/mosalam/robot_ws/build/custom_explorer/build install --record /home/mosalam/robot_ws/build/custom_explorer/install.log --single-version-externally-managed install_data
[1.955s] Level 1:colcon.colcon_core.environment:checking '/home/mosalam/robot_ws/install/custom_explorer' for CMake config files
[1.956s] Level 1:colcon.colcon_core.environment:checking '/home/mosalam/robot_ws/install/custom_explorer/lib'
[1.956s] Level 1:colcon.colcon_core.environment:checking '/home/mosalam/robot_ws/install/custom_explorer/bin'
[1.956s] Level 1:colcon.colcon_core.environment:checking '/home/mosalam/robot_ws/install/custom_explorer/lib/pkgconfig/custom_explorer.pc'
[1.957s] Level 1:colcon.colcon_core.environment:checking '/home/mosalam/robot_ws/install/custom_explorer/lib/python3.10/site-packages'
[1.957s] Level 1:colcon.colcon_core.shell:create_environment_hook('custom_explorer', 'pythonpath')
[1.957s] INFO:colcon.colcon_core.shell:Creating environment hook '/home/mosalam/robot_ws/install/custom_explorer/share/custom_explorer/hook/pythonpath.ps1'
[1.958s] INFO:colcon.colcon_core.shell:Creating environment descriptor '/home/mosalam/robot_ws/install/custom_explorer/share/custom_explorer/hook/pythonpath.dsv'
[1.959s] INFO:colcon.colcon_core.shell:Creating environment hook '/home/mosalam/robot_ws/install/custom_explorer/share/custom_explorer/hook/pythonpath.sh'
[1.960s] Level 1:colcon.colcon_core.environment:checking '/home/mosalam/robot_ws/install/custom_explorer/bin'
[1.960s] Level 1:colcon.colcon_core.environment:create_environment_scripts_only(custom_explorer)
[1.961s] INFO:colcon.colcon_core.shell:Creating package script '/home/mosalam/robot_ws/install/custom_explorer/share/custom_explorer/package.ps1'
[1.961s] INFO:colcon.colcon_core.shell:Creating package descriptor '/home/mosalam/robot_ws/install/custom_explorer/share/custom_explorer/package.dsv'
[1.962s] INFO:colcon.colcon_core.shell:Creating package script '/home/mosalam/robot_ws/install/custom_explorer/share/custom_explorer/package.sh'
[1.963s] INFO:colcon.colcon_core.shell:Creating package script '/home/mosalam/robot_ws/install/custom_explorer/share/custom_explorer/package.bash'
[1.964s] INFO:colcon.colcon_core.shell:Creating package script '/home/mosalam/robot_ws/install/custom_explorer/share/custom_explorer/package.zsh'
[1.964s] Level 1:colcon.colcon_core.environment:create_file_with_runtime_dependencies(/home/mosalam/robot_ws/install/custom_explorer/share/colcon-core/packages/custom_explorer)
[2.047s] DEBUG:colcon.colcon_core.event_handler.log_command:Invoking command in '/home/mosalam/robot_ws/src/serial_motor_demo/serial_motor_demo': CMAKE_PREFIX_PATH=/home/mosalam/robot_ws/install/serial_motor_demo_msgs:/home/mosalam/robot_ws/install/robot:/home/mosalam/robot_ws/install/urdf_tutorial:/home/mosalam/robot_ws/install/serial:/home/mosalam/robot_ws/install/rplidar_ros:/home/mosalam/robot_ws/install/multirobot_map_merge:/home/mosalam/robot_ws/install/explore_lite:/home/mosalam/robot_ws/install/diffdrive_arduino PYTHONPATH=/home/mosalam/robot_ws/build/serial_motor_demo/prefix_override:/usr/lib/python3/dist-packages/colcon_core/task/python/colcon_distutils_commands:/home/mosalam/robot_ws/install/serial_motor_demo/lib/python3.10/site-packages:${PYTHONPATH} /usr/bin/python3 -W ignore:setup.py install is deprecated -W ignore:easy_install command is deprecated setup.py egg_info --egg-base ../../../build/serial_motor_demo build --build-base /home/mosalam/robot_ws/build/serial_motor_demo/build install --record /home/mosalam/robot_ws/build/serial_motor_demo/install.log --single-version-externally-managed install_data
[2.334s] Level 1:colcon.colcon_core.environment:checking '/home/mosalam/robot_ws/install/serial_motor_demo' for CMake module files
[2.335s] DEBUG:colcon.colcon_core.event_handler.log_command:Invoked command in '/home/mosalam/robot_ws/src/serial_motor_demo/serial_motor_demo' returned '0': CMAKE_PREFIX_PATH=/home/mosalam/robot_ws/install/serial_motor_demo_msgs:/home/mosalam/robot_ws/install/robot:/home/mosalam/robot_ws/install/urdf_tutorial:/home/mosalam/robot_ws/install/serial:/home/mosalam/robot_ws/install/rplidar_ros:/home/mosalam/robot_ws/install/multirobot_map_merge:/home/mosalam/robot_ws/install/explore_lite:/home/mosalam/robot_ws/install/diffdrive_arduino PYTHONPATH=/home/mosalam/robot_ws/build/serial_motor_demo/prefix_override:/usr/lib/python3/dist-packages/colcon_core/task/python/colcon_distutils_commands:/home/mosalam/robot_ws/install/serial_motor_demo/lib/python3.10/site-packages:${PYTHONPATH} /usr/bin/python3 -W ignore:setup.py install is deprecated -W ignore:easy_install command is deprecated setup.py egg_info --egg-base ../../../build/serial_motor_demo build --build-base /home/mosalam/robot_ws/build/serial_motor_demo/build install --record /home/mosalam/robot_ws/build/serial_motor_demo/install.log --single-version-externally-managed install_data
[2.335s] Level 1:colcon.colcon_core.environment:checking '/home/mosalam/robot_ws/install/serial_motor_demo' for CMake config files
[2.336s] Level 1:colcon.colcon_core.environment:checking '/home/mosalam/robot_ws/install/serial_motor_demo/lib'
[2.336s] Level 1:colcon.colcon_core.environment:checking '/home/mosalam/robot_ws/install/serial_motor_demo/bin'
[2.336s] Level 1:colcon.colcon_core.environment:checking '/home/mosalam/robot_ws/install/serial_motor_demo/lib/pkgconfig/serial_motor_demo.pc'
[2.336s] Level 1:colcon.colcon_core.environment:checking '/home/mosalam/robot_ws/install/serial_motor_demo/lib/python3.10/site-packages'
[2.336s] Level 1:colcon.colcon_core.shell:create_environment_hook('serial_motor_demo', 'pythonpath')
[2.337s] INFO:colcon.colcon_core.shell:Creating environment hook '/home/mosalam/robot_ws/install/serial_motor_demo/share/serial_motor_demo/hook/pythonpath.ps1'
[2.337s] INFO:colcon.colcon_core.shell:Creating environment descriptor '/home/mosalam/robot_ws/install/serial_motor_demo/share/serial_motor_demo/hook/pythonpath.dsv'
[2.337s] INFO:colcon.colcon_core.shell:Creating environment hook '/home/mosalam/robot_ws/install/serial_motor_demo/share/serial_motor_demo/hook/pythonpath.sh'
[2.338s] Level 1:colcon.colcon_core.environment:checking '/home/mosalam/robot_ws/install/serial_motor_demo/bin'
[2.338s] Level 1:colcon.colcon_core.environment:create_environment_scripts_only(serial_motor_demo)
[2.338s] INFO:colcon.colcon_core.shell:Creating package script '/home/mosalam/robot_ws/install/serial_motor_demo/share/serial_motor_demo/package.ps1'
[2.339s] INFO:colcon.colcon_core.shell:Creating package descriptor '/home/mosalam/robot_ws/install/serial_motor_demo/share/serial_motor_demo/package.dsv'
[2.339s] INFO:colcon.colcon_core.shell:Creating package script '/home/mosalam/robot_ws/install/serial_motor_demo/share/serial_motor_demo/package.sh'
[2.340s] INFO:colcon.colcon_core.shell:Creating package script '/home/mosalam/robot_ws/install/serial_motor_demo/share/serial_motor_demo/package.bash'
[2.340s] INFO:colcon.colcon_core.shell:Creating package script '/home/mosalam/robot_ws/install/serial_motor_demo/share/serial_motor_demo/package.zsh'
[2.340s] Level 1:colcon.colcon_core.environment:create_file_with_runtime_dependencies(/home/mosalam/robot_ws/install/serial_motor_demo/share/colcon-core/packages/serial_motor_demo)
[2.341s] DEBUG:colcon.colcon_parallel_executor.executor.parallel:closing loop
[2.341s] DEBUG:colcon.colcon_parallel_executor.executor.parallel:loop closed
[2.341s] DEBUG:colcon.colcon_parallel_executor.executor.parallel:run_until_complete finished with '0'
[2.341s] DEBUG:colcon.colcon_core.event_reactor:joining thread
[2.347s] INFO:colcon.colcon_core.plugin_system:Skipping extension 'colcon_notification.desktop_notification.terminal_notifier': Not used on non-Darwin systems
[2.347s] INFO:colcon.colcon_core.plugin_system:Skipping extension 'colcon_notification.desktop_notification.win32': Not used on non-Windows systems
[2.347s] INFO:colcon.colcon_notification.desktop_notification:Sending desktop notification using 'notify2'
[2.348s] DEBUG:colcon.colcon_notification.desktop_notification.notify2:Failed to initialize notify2: org.freedesktop.DBus.Error.ServiceUnknown: The name org.freedesktop.Notifications was not provided by any .service files
[2.348s] DEBUG:colcon.colcon_core.event_reactor:joined thread
[2.349s] INFO:colcon.colcon_core.shell:Creating prefix script '/home/mosalam/robot_ws/install/local_setup.ps1'
[2.350s] INFO:colcon.colcon_core.shell:Creating prefix util module '/home/mosalam/robot_ws/install/_local_setup_util_ps1.py'
[2.351s] INFO:colcon.colcon_core.shell:Creating prefix chain script '/home/mosalam/robot_ws/install/setup.ps1'
[2.352s] INFO:colcon.colcon_core.shell:Creating prefix script '/home/mosalam/robot_ws/install/local_setup.sh'
[2.353s] INFO:colcon.colcon_core.shell:Creating prefix util module '/home/mosalam/robot_ws/install/_local_setup_util_sh.py'
[2.354s] INFO:colcon.colcon_core.shell:Creating prefix chain script '/home/mosalam/robot_ws/install/setup.sh'
[2.355s] INFO:colcon.colcon_core.shell:Creating prefix script '/home/mosalam/robot_ws/install/local_setup.bash'
[2.355s] INFO:colcon.colcon_core.shell:Creating prefix chain script '/home/mosalam/robot_ws/install/setup.bash'
[2.357s] INFO:colcon.colcon_core.shell:Creating prefix script '/home/mosalam/robot_ws/install/local_setup.zsh'
[2.357s] INFO:colcon.colcon_core.shell:Creating prefix chain script '/home/mosalam/robot_ws/install/setup.zsh'
