[0.124s] DEBUG:colcon:Command line arguments: ['/usr/bin/colcon', 'build']
[0.124s] DEBUG:colcon:Parsed command line arguments: Namespace(log_base=None, log_level=None, verb_name='build', build_base='build', install_base='install', merge_install=False, symlink_install=False, test_result_base=None, continue_on_error=False, executor='parallel', parallel_workers=4, event_handlers=None, ignore_user_meta=False, metas=['./colcon.meta'], base_paths=['.'], packages_ignore=None, packages_ignore_regex=None, paths=None, packages_up_to=None, packages_up_to_regex=None, packages_above=None, packages_above_and_dependencies=None, packages_above_depth=None, packages_select_by_dep=None, packages_skip_by_dep=None, packages_skip_up_to=None, packages_select_build_failed=False, packages_skip_build_finished=False, packages_select_test_failures=False, packages_skip_test_passed=False, packages_select=None, packages_skip=None, packages_select_regex=None, packages_skip_regex=None, packages_start=None, packages_end=None, allow_overriding=[], cmake_args=None, cmake_target=None, cmake_target_skip_unavailable=False, cmake_clean_cache=False, cmake_clean_first=False, cmake_force_configure=False, ament_cmake_args=None, catkin_cmake_args=None, catkin_skip_building_tests=False, verb_parser=<colcon_defaults.argument_parser.defaults.DefaultArgumentsDecorator object at 0x731ee095c9d0>, verb_extension=<colcon_core.verb.build.BuildVerb object at 0x731ee095c580>, main=<bound method BuildVerb.main of <colcon_core.verb.build.BuildVerb object at 0x731ee095c580>>)
[0.314s] Level 1:colcon.colcon_core.package_discovery:discover_packages(colcon_meta) check parameters
[0.314s] Level 1:colcon.colcon_core.package_discovery:discover_packages(recursive) check parameters
[0.314s] Level 1:colcon.colcon_core.package_discovery:discover_packages(ignore) check parameters
[0.314s] Level 1:colcon.colcon_core.package_discovery:discover_packages(path) check parameters
[0.314s] Level 1:colcon.colcon_core.package_discovery:discover_packages(colcon_meta) discover
[0.314s] Level 1:colcon.colcon_core.package_discovery:discover_packages(recursive) discover
[0.314s] INFO:colcon.colcon_core.package_discovery:Crawling recursively for packages in '/home/mosalam/robot_ws'
[0.315s] Level 1:colcon.colcon_core.package_identification:_identify(.) by extensions ['ignore', 'ignore_ament_install']
[0.315s] Level 1:colcon.colcon_core.package_identification:_identify(.) by extension 'ignore'
[0.315s] Level 1:colcon.colcon_core.package_identification:_identify(.) by extension 'ignore_ament_install'
[0.315s] Level 1:colcon.colcon_core.package_identification:_identify(.) by extensions ['colcon_pkg']
[0.315s] Level 1:colcon.colcon_core.package_identification:_identify(.) by extension 'colcon_pkg'
[0.315s] Level 1:colcon.colcon_core.package_identification:_identify(.) by extensions ['colcon_meta']
[0.315s] Level 1:colcon.colcon_core.package_identification:_identify(.) by extension 'colcon_meta'
[0.315s] Level 1:colcon.colcon_core.package_identification:_identify(.) by extensions ['ros']
[0.315s] Level 1:colcon.colcon_core.package_identification:_identify(.) by extension 'ros'
[0.328s] Level 1:colcon.colcon_core.package_identification:_identify(.) by extensions ['cmake', 'python']
[0.328s] Level 1:colcon.colcon_core.package_identification:_identify(.) by extension 'cmake'
[0.328s] Level 1:colcon.colcon_core.package_identification:_identify(.) by extension 'python'
[0.328s] Level 1:colcon.colcon_core.package_identification:_identify(.) by extensions ['python_setup_py']
[0.328s] Level 1:colcon.colcon_core.package_identification:_identify(.) by extension 'python_setup_py'
[0.328s] Level 1:colcon.colcon_core.package_identification:_identify(build) by extensions ['ignore', 'ignore_ament_install']
[0.329s] Level 1:colcon.colcon_core.package_identification:_identify(build) by extension 'ignore'
[0.329s] Level 1:colcon.colcon_core.package_identification:_identify(build) ignored
[0.329s] Level 1:colcon.colcon_core.package_identification:_identify(install) by extensions ['ignore', 'ignore_ament_install']
[0.329s] Level 1:colcon.colcon_core.package_identification:_identify(install) by extension 'ignore'
[0.329s] Level 1:colcon.colcon_core.package_identification:_identify(install) ignored
[0.329s] Level 1:colcon.colcon_core.package_identification:_identify(log) by extensions ['ignore', 'ignore_ament_install']
[0.329s] Level 1:colcon.colcon_core.package_identification:_identify(log) by extension 'ignore'
[0.330s] Level 1:colcon.colcon_core.package_identification:_identify(log) ignored
[0.330s] Level 1:colcon.colcon_core.package_identification:_identify(src) by extensions ['ignore', 'ignore_ament_install']
[0.330s] Level 1:colcon.colcon_core.package_identification:_identify(src) by extension 'ignore'
[0.330s] Level 1:colcon.colcon_core.package_identification:_identify(src) by extension 'ignore_ament_install'
[0.330s] Level 1:colcon.colcon_core.package_identification:_identify(src) by extensions ['colcon_pkg']
[0.330s] Level 1:colcon.colcon_core.package_identification:_identify(src) by extension 'colcon_pkg'
[0.330s] Level 1:colcon.colcon_core.package_identification:_identify(src) by extensions ['colcon_meta']
[0.330s] Level 1:colcon.colcon_core.package_identification:_identify(src) by extension 'colcon_meta'
[0.330s] Level 1:colcon.colcon_core.package_identification:_identify(src) by extensions ['ros']
[0.330s] Level 1:colcon.colcon_core.package_identification:_identify(src) by extension 'ros'
[0.330s] Level 1:colcon.colcon_core.package_identification:_identify(src) by extensions ['cmake', 'python']
[0.331s] Level 1:colcon.colcon_core.package_identification:_identify(src) by extension 'cmake'
[0.331s] Level 1:colcon.colcon_core.package_identification:_identify(src) by extension 'python'
[0.331s] Level 1:colcon.colcon_core.package_identification:_identify(src) by extensions ['python_setup_py']
[0.331s] Level 1:colcon.colcon_core.package_identification:_identify(src) by extension 'python_setup_py'
[0.331s] Level 1:colcon.colcon_core.package_identification:_identify(src/Autonomous-Explorer-and-Mapper-ros2-nav2) by extensions ['ignore', 'ignore_ament_install']
[0.331s] Level 1:colcon.colcon_core.package_identification:_identify(src/Autonomous-Explorer-and-Mapper-ros2-nav2) by extension 'ignore'
[0.331s] Level 1:colcon.colcon_core.package_identification:_identify(src/Autonomous-Explorer-and-Mapper-ros2-nav2) by extension 'ignore_ament_install'
[0.331s] Level 1:colcon.colcon_core.package_identification:_identify(src/Autonomous-Explorer-and-Mapper-ros2-nav2) by extensions ['colcon_pkg']
[0.331s] Level 1:colcon.colcon_core.package_identification:_identify(src/Autonomous-Explorer-and-Mapper-ros2-nav2) by extension 'colcon_pkg'
[0.331s] Level 1:colcon.colcon_core.package_identification:_identify(src/Autonomous-Explorer-and-Mapper-ros2-nav2) by extensions ['colcon_meta']
[0.331s] Level 1:colcon.colcon_core.package_identification:_identify(src/Autonomous-Explorer-and-Mapper-ros2-nav2) by extension 'colcon_meta'
[0.331s] Level 1:colcon.colcon_core.package_identification:_identify(src/Autonomous-Explorer-and-Mapper-ros2-nav2) by extensions ['ros']
[0.332s] Level 1:colcon.colcon_core.package_identification:_identify(src/Autonomous-Explorer-and-Mapper-ros2-nav2) by extension 'ros'
[0.334s] DEBUG:colcon.colcon_core.package_identification:Package 'src/Autonomous-Explorer-and-Mapper-ros2-nav2' with type 'ros.ament_python' and name 'custom_explorer'
[0.335s] Level 1:colcon.colcon_core.package_identification:_identify(src/diffdrive_arduino) by extensions ['ignore', 'ignore_ament_install']
[0.335s] Level 1:colcon.colcon_core.package_identification:_identify(src/diffdrive_arduino) by extension 'ignore'
[0.335s] Level 1:colcon.colcon_core.package_identification:_identify(src/diffdrive_arduino) by extension 'ignore_ament_install'
[0.335s] Level 1:colcon.colcon_core.package_identification:_identify(src/diffdrive_arduino) by extensions ['colcon_pkg']
[0.335s] Level 1:colcon.colcon_core.package_identification:_identify(src/diffdrive_arduino) by extension 'colcon_pkg'
[0.335s] Level 1:colcon.colcon_core.package_identification:_identify(src/diffdrive_arduino) by extensions ['colcon_meta']
[0.335s] Level 1:colcon.colcon_core.package_identification:_identify(src/diffdrive_arduino) by extension 'colcon_meta'
[0.335s] Level 1:colcon.colcon_core.package_identification:_identify(src/diffdrive_arduino) by extensions ['ros']
[0.335s] Level 1:colcon.colcon_core.package_identification:_identify(src/diffdrive_arduino) by extension 'ros'
[0.336s] DEBUG:colcon.colcon_core.package_identification:Package 'src/diffdrive_arduino' with type 'ros.ament_cmake' and name 'diffdrive_arduino'
[0.336s] Level 1:colcon.colcon_core.package_identification:_identify(src/robot) by extensions ['ignore', 'ignore_ament_install']
[0.337s] Level 1:colcon.colcon_core.package_identification:_identify(src/robot) by extension 'ignore'
[0.337s] Level 1:colcon.colcon_core.package_identification:_identify(src/robot) by extension 'ignore_ament_install'
[0.337s] Level 1:colcon.colcon_core.package_identification:_identify(src/robot) by extensions ['colcon_pkg']
[0.337s] Level 1:colcon.colcon_core.package_identification:_identify(src/robot) by extension 'colcon_pkg'
[0.337s] Level 1:colcon.colcon_core.package_identification:_identify(src/robot) by extensions ['colcon_meta']
[0.337s] Level 1:colcon.colcon_core.package_identification:_identify(src/robot) by extension 'colcon_meta'
[0.337s] Level 1:colcon.colcon_core.package_identification:_identify(src/robot) by extensions ['ros']
[0.337s] Level 1:colcon.colcon_core.package_identification:_identify(src/robot) by extension 'ros'
[0.338s] DEBUG:colcon.colcon_core.package_identification:Package 'src/robot' with type 'ros.ament_cmake' and name 'robot'
[0.338s] Level 1:colcon.colcon_core.package_identification:_identify(src/rplidar_ros2) by extensions ['ignore', 'ignore_ament_install']
[0.338s] Level 1:colcon.colcon_core.package_identification:_identify(src/rplidar_ros2) by extension 'ignore'
[0.338s] Level 1:colcon.colcon_core.package_identification:_identify(src/rplidar_ros2) by extension 'ignore_ament_install'
[0.338s] Level 1:colcon.colcon_core.package_identification:_identify(src/rplidar_ros2) by extensions ['colcon_pkg']
[0.338s] Level 1:colcon.colcon_core.package_identification:_identify(src/rplidar_ros2) by extension 'colcon_pkg'
[0.338s] Level 1:colcon.colcon_core.package_identification:_identify(src/rplidar_ros2) by extensions ['colcon_meta']
[0.339s] Level 1:colcon.colcon_core.package_identification:_identify(src/rplidar_ros2) by extension 'colcon_meta'
[0.339s] Level 1:colcon.colcon_core.package_identification:_identify(src/rplidar_ros2) by extensions ['ros']
[0.339s] Level 1:colcon.colcon_core.package_identification:_identify(src/rplidar_ros2) by extension 'ros'
[0.339s] DEBUG:colcon.colcon_core.package_identification:Package 'src/rplidar_ros2' with type 'ros.ament_cmake' and name 'rplidar_ros'
[0.339s] Level 1:colcon.colcon_core.package_identification:_identify(src/serial) by extensions ['ignore', 'ignore_ament_install']
[0.340s] Level 1:colcon.colcon_core.package_identification:_identify(src/serial) by extension 'ignore'
[0.340s] Level 1:colcon.colcon_core.package_identification:_identify(src/serial) by extension 'ignore_ament_install'
[0.340s] Level 1:colcon.colcon_core.package_identification:_identify(src/serial) by extensions ['colcon_pkg']
[0.340s] Level 1:colcon.colcon_core.package_identification:_identify(src/serial) by extension 'colcon_pkg'
[0.340s] Level 1:colcon.colcon_core.package_identification:_identify(src/serial) by extensions ['colcon_meta']
[0.340s] Level 1:colcon.colcon_core.package_identification:_identify(src/serial) by extension 'colcon_meta'
[0.340s] Level 1:colcon.colcon_core.package_identification:_identify(src/serial) by extensions ['ros']
[0.340s] Level 1:colcon.colcon_core.package_identification:_identify(src/serial) by extension 'ros'
[0.341s] DEBUG:colcon.colcon_core.package_identification:Package 'src/serial' with type 'ros.ament_cmake' and name 'serial'
[0.341s] Level 1:colcon.colcon_core.package_identification:_identify(src/serial_motor_demo) by extensions ['ignore', 'ignore_ament_install']
[0.341s] Level 1:colcon.colcon_core.package_identification:_identify(src/serial_motor_demo) by extension 'ignore'
[0.341s] Level 1:colcon.colcon_core.package_identification:_identify(src/serial_motor_demo) by extension 'ignore_ament_install'
[0.341s] Level 1:colcon.colcon_core.package_identification:_identify(src/serial_motor_demo) by extensions ['colcon_pkg']
[0.341s] Level 1:colcon.colcon_core.package_identification:_identify(src/serial_motor_demo) by extension 'colcon_pkg'
[0.341s] Level 1:colcon.colcon_core.package_identification:_identify(src/serial_motor_demo) by extensions ['colcon_meta']
[0.341s] Level 1:colcon.colcon_core.package_identification:_identify(src/serial_motor_demo) by extension 'colcon_meta'
[0.341s] Level 1:colcon.colcon_core.package_identification:_identify(src/serial_motor_demo) by extensions ['ros']
[0.341s] Level 1:colcon.colcon_core.package_identification:_identify(src/serial_motor_demo) by extension 'ros'
[0.341s] Level 1:colcon.colcon_core.package_identification:_identify(src/serial_motor_demo) by extensions ['cmake', 'python']
[0.341s] Level 1:colcon.colcon_core.package_identification:_identify(src/serial_motor_demo) by extension 'cmake'
[0.341s] Level 1:colcon.colcon_core.package_identification:_identify(src/serial_motor_demo) by extension 'python'
[0.341s] Level 1:colcon.colcon_core.package_identification:_identify(src/serial_motor_demo) by extensions ['python_setup_py']
[0.342s] Level 1:colcon.colcon_core.package_identification:_identify(src/serial_motor_demo) by extension 'python_setup_py'
[0.342s] Level 1:colcon.colcon_core.package_identification:_identify(src/serial_motor_demo/serial_motor_demo) by extensions ['ignore', 'ignore_ament_install']
[0.342s] Level 1:colcon.colcon_core.package_identification:_identify(src/serial_motor_demo/serial_motor_demo) by extension 'ignore'
[0.342s] Level 1:colcon.colcon_core.package_identification:_identify(src/serial_motor_demo/serial_motor_demo) by extension 'ignore_ament_install'
[0.342s] Level 1:colcon.colcon_core.package_identification:_identify(src/serial_motor_demo/serial_motor_demo) by extensions ['colcon_pkg']
[0.342s] Level 1:colcon.colcon_core.package_identification:_identify(src/serial_motor_demo/serial_motor_demo) by extension 'colcon_pkg'
[0.342s] Level 1:colcon.colcon_core.package_identification:_identify(src/serial_motor_demo/serial_motor_demo) by extensions ['colcon_meta']
[0.342s] Level 1:colcon.colcon_core.package_identification:_identify(src/serial_motor_demo/serial_motor_demo) by extension 'colcon_meta'
[0.342s] Level 1:colcon.colcon_core.package_identification:_identify(src/serial_motor_demo/serial_motor_demo) by extensions ['ros']
[0.342s] Level 1:colcon.colcon_core.package_identification:_identify(src/serial_motor_demo/serial_motor_demo) by extension 'ros'
[0.343s] DEBUG:colcon.colcon_core.package_identification:Package 'src/serial_motor_demo/serial_motor_demo' with type 'ros.ament_python' and name 'serial_motor_demo'
[0.343s] Level 1:colcon.colcon_core.package_identification:_identify(src/serial_motor_demo/serial_motor_demo_msgs) by extensions ['ignore', 'ignore_ament_install']
[0.343s] Level 1:colcon.colcon_core.package_identification:_identify(src/serial_motor_demo/serial_motor_demo_msgs) by extension 'ignore'
[0.343s] Level 1:colcon.colcon_core.package_identification:_identify(src/serial_motor_demo/serial_motor_demo_msgs) by extension 'ignore_ament_install'
[0.344s] Level 1:colcon.colcon_core.package_identification:_identify(src/serial_motor_demo/serial_motor_demo_msgs) by extensions ['colcon_pkg']
[0.344s] Level 1:colcon.colcon_core.package_identification:_identify(src/serial_motor_demo/serial_motor_demo_msgs) by extension 'colcon_pkg'
[0.344s] Level 1:colcon.colcon_core.package_identification:_identify(src/serial_motor_demo/serial_motor_demo_msgs) by extensions ['colcon_meta']
[0.344s] Level 1:colcon.colcon_core.package_identification:_identify(src/serial_motor_demo/serial_motor_demo_msgs) by extension 'colcon_meta'
[0.344s] Level 1:colcon.colcon_core.package_identification:_identify(src/serial_motor_demo/serial_motor_demo_msgs) by extensions ['ros']
[0.344s] Level 1:colcon.colcon_core.package_identification:_identify(src/serial_motor_demo/serial_motor_demo_msgs) by extension 'ros'
[0.345s] DEBUG:colcon.colcon_core.package_identification:Package 'src/serial_motor_demo/serial_motor_demo_msgs' with type 'ros.ament_cmake' and name 'serial_motor_demo_msgs'
[0.345s] Level 1:colcon.colcon_core.package_identification:_identify(src/urdf_tutorial) by extensions ['ignore', 'ignore_ament_install']
[0.345s] Level 1:colcon.colcon_core.package_identification:_identify(src/urdf_tutorial) by extension 'ignore'
[0.345s] Level 1:colcon.colcon_core.package_identification:_identify(src/urdf_tutorial) by extension 'ignore_ament_install'
[0.345s] Level 1:colcon.colcon_core.package_identification:_identify(src/urdf_tutorial) by extensions ['colcon_pkg']
[0.345s] Level 1:colcon.colcon_core.package_identification:_identify(src/urdf_tutorial) by extension 'colcon_pkg'
[0.345s] Level 1:colcon.colcon_core.package_identification:_identify(src/urdf_tutorial) by extensions ['colcon_meta']
[0.346s] Level 1:colcon.colcon_core.package_identification:_identify(src/urdf_tutorial) by extension 'colcon_meta'
[0.346s] Level 1:colcon.colcon_core.package_identification:_identify(src/urdf_tutorial) by extensions ['ros']
[0.346s] Level 1:colcon.colcon_core.package_identification:_identify(src/urdf_tutorial) by extension 'ros'
[0.346s] DEBUG:colcon.colcon_core.package_identification:Package 'src/urdf_tutorial' with type 'ros.ament_cmake' and name 'urdf_tutorial'
[0.346s] Level 1:colcon.colcon_core.package_discovery:discover_packages(recursive) using defaults
[0.346s] Level 1:colcon.colcon_core.package_discovery:discover_packages(ignore) discover
[0.346s] Level 1:colcon.colcon_core.package_discovery:discover_packages(ignore) using defaults
[0.347s] Level 1:colcon.colcon_core.package_discovery:discover_packages(path) discover
[0.347s] Level 1:colcon.colcon_core.package_discovery:discover_packages(path) using defaults
[0.386s] Level 1:colcon.colcon_core.package_discovery:discover_packages(prefix_path) check parameters
[0.386s] Level 1:colcon.colcon_core.package_discovery:discover_packages(prefix_path) discover
[0.389s] DEBUG:colcon.colcon_installed_package_information.package_discovery:Found 10 installed packages in /home/mosalam/robot_ws/install
[0.391s] DEBUG:colcon.colcon_installed_package_information.package_discovery:Found 369 installed packages in /opt/ros/humble
[0.393s] Level 1:colcon.colcon_core.package_discovery:discover_packages(prefix_path) using defaults
[0.448s] Level 5:colcon.colcon_core.verb:set package 'custom_explorer' build argument 'cmake_args' from command line to 'None'
[0.448s] Level 5:colcon.colcon_core.verb:set package 'custom_explorer' build argument 'cmake_target' from command line to 'None'
[0.448s] Level 5:colcon.colcon_core.verb:set package 'custom_explorer' build argument 'cmake_target_skip_unavailable' from command line to 'False'
[0.448s] Level 5:colcon.colcon_core.verb:set package 'custom_explorer' build argument 'cmake_clean_cache' from command line to 'False'
[0.448s] Level 5:colcon.colcon_core.verb:set package 'custom_explorer' build argument 'cmake_clean_first' from command line to 'False'
[0.448s] Level 5:colcon.colcon_core.verb:set package 'custom_explorer' build argument 'cmake_force_configure' from command line to 'False'
[0.448s] Level 5:colcon.colcon_core.verb:set package 'custom_explorer' build argument 'ament_cmake_args' from command line to 'None'
[0.448s] Level 5:colcon.colcon_core.verb:set package 'custom_explorer' build argument 'catkin_cmake_args' from command line to 'None'
[0.448s] Level 5:colcon.colcon_core.verb:set package 'custom_explorer' build argument 'catkin_skip_building_tests' from command line to 'False'
[0.448s] DEBUG:colcon.colcon_core.verb:Building package 'custom_explorer' with the following arguments: {'ament_cmake_args': None, 'build_base': '/home/mosalam/robot_ws/build/custom_explorer', 'catkin_cmake_args': None, 'catkin_skip_building_tests': False, 'cmake_args': None, 'cmake_clean_cache': False, 'cmake_clean_first': False, 'cmake_force_configure': False, 'cmake_target': None, 'cmake_target_skip_unavailable': False, 'install_base': '/home/mosalam/robot_ws/install/custom_explorer', 'merge_install': False, 'path': '/home/mosalam/robot_ws/src/Autonomous-Explorer-and-Mapper-ros2-nav2', 'symlink_install': False, 'test_result_base': None}
[0.448s] Level 5:colcon.colcon_core.verb:set package 'diffdrive_arduino' build argument 'cmake_args' from command line to 'None'
[0.449s] Level 5:colcon.colcon_core.verb:set package 'diffdrive_arduino' build argument 'cmake_target' from command line to 'None'
[0.449s] Level 5:colcon.colcon_core.verb:set package 'diffdrive_arduino' build argument 'cmake_target_skip_unavailable' from command line to 'False'
[0.449s] Level 5:colcon.colcon_core.verb:set package 'diffdrive_arduino' build argument 'cmake_clean_cache' from command line to 'False'
[0.449s] Level 5:colcon.colcon_core.verb:set package 'diffdrive_arduino' build argument 'cmake_clean_first' from command line to 'False'
[0.449s] Level 5:colcon.colcon_core.verb:set package 'diffdrive_arduino' build argument 'cmake_force_configure' from command line to 'False'
[0.449s] Level 5:colcon.colcon_core.verb:set package 'diffdrive_arduino' build argument 'ament_cmake_args' from command line to 'None'
[0.449s] Level 5:colcon.colcon_core.verb:set package 'diffdrive_arduino' build argument 'catkin_cmake_args' from command line to 'None'
[0.449s] Level 5:colcon.colcon_core.verb:set package 'diffdrive_arduino' build argument 'catkin_skip_building_tests' from command line to 'False'
[0.449s] DEBUG:colcon.colcon_core.verb:Building package 'diffdrive_arduino' with the following arguments: {'ament_cmake_args': None, 'build_base': '/home/mosalam/robot_ws/build/diffdrive_arduino', 'catkin_cmake_args': None, 'catkin_skip_building_tests': False, 'cmake_args': None, 'cmake_clean_cache': False, 'cmake_clean_first': False, 'cmake_force_configure': False, 'cmake_target': None, 'cmake_target_skip_unavailable': False, 'install_base': '/home/mosalam/robot_ws/install/diffdrive_arduino', 'merge_install': False, 'path': '/home/mosalam/robot_ws/src/diffdrive_arduino', 'symlink_install': False, 'test_result_base': None}
[0.449s] Level 5:colcon.colcon_core.verb:set package 'rplidar_ros' build argument 'cmake_args' from command line to 'None'
[0.449s] Level 5:colcon.colcon_core.verb:set package 'rplidar_ros' build argument 'cmake_target' from command line to 'None'
[0.449s] Level 5:colcon.colcon_core.verb:set package 'rplidar_ros' build argument 'cmake_target_skip_unavailable' from command line to 'False'
[0.449s] Level 5:colcon.colcon_core.verb:set package 'rplidar_ros' build argument 'cmake_clean_cache' from command line to 'False'
[0.449s] Level 5:colcon.colcon_core.verb:set package 'rplidar_ros' build argument 'cmake_clean_first' from command line to 'False'
[0.449s] Level 5:colcon.colcon_core.verb:set package 'rplidar_ros' build argument 'cmake_force_configure' from command line to 'False'
[0.449s] Level 5:colcon.colcon_core.verb:set package 'rplidar_ros' build argument 'ament_cmake_args' from command line to 'None'
[0.449s] Level 5:colcon.colcon_core.verb:set package 'rplidar_ros' build argument 'catkin_cmake_args' from command line to 'None'
[0.449s] Level 5:colcon.colcon_core.verb:set package 'rplidar_ros' build argument 'catkin_skip_building_tests' from command line to 'False'
[0.449s] DEBUG:colcon.colcon_core.verb:Building package 'rplidar_ros' with the following arguments: {'ament_cmake_args': None, 'build_base': '/home/mosalam/robot_ws/build/rplidar_ros', 'catkin_cmake_args': None, 'catkin_skip_building_tests': False, 'cmake_args': None, 'cmake_clean_cache': False, 'cmake_clean_first': False, 'cmake_force_configure': False, 'cmake_target': None, 'cmake_target_skip_unavailable': False, 'install_base': '/home/mosalam/robot_ws/install/rplidar_ros', 'merge_install': False, 'path': '/home/mosalam/robot_ws/src/rplidar_ros2', 'symlink_install': False, 'test_result_base': None}
[0.450s] Level 5:colcon.colcon_core.verb:set package 'serial' build argument 'cmake_args' from command line to 'None'
[0.450s] Level 5:colcon.colcon_core.verb:set package 'serial' build argument 'cmake_target' from command line to 'None'
[0.450s] Level 5:colcon.colcon_core.verb:set package 'serial' build argument 'cmake_target_skip_unavailable' from command line to 'False'
[0.450s] Level 5:colcon.colcon_core.verb:set package 'serial' build argument 'cmake_clean_cache' from command line to 'False'
[0.450s] Level 5:colcon.colcon_core.verb:set package 'serial' build argument 'cmake_clean_first' from command line to 'False'
[0.450s] Level 5:colcon.colcon_core.verb:set package 'serial' build argument 'cmake_force_configure' from command line to 'False'
[0.450s] Level 5:colcon.colcon_core.verb:set package 'serial' build argument 'ament_cmake_args' from command line to 'None'
[0.450s] Level 5:colcon.colcon_core.verb:set package 'serial' build argument 'catkin_cmake_args' from command line to 'None'
[0.450s] Level 5:colcon.colcon_core.verb:set package 'serial' build argument 'catkin_skip_building_tests' from command line to 'False'
[0.450s] DEBUG:colcon.colcon_core.verb:Building package 'serial' with the following arguments: {'ament_cmake_args': None, 'build_base': '/home/mosalam/robot_ws/build/serial', 'catkin_cmake_args': None, 'catkin_skip_building_tests': False, 'cmake_args': None, 'cmake_clean_cache': False, 'cmake_clean_first': False, 'cmake_force_configure': False, 'cmake_target': None, 'cmake_target_skip_unavailable': False, 'install_base': '/home/mosalam/robot_ws/install/serial', 'merge_install': False, 'path': '/home/mosalam/robot_ws/src/serial', 'symlink_install': False, 'test_result_base': None}
[0.450s] Level 5:colcon.colcon_core.verb:set package 'serial_motor_demo_msgs' build argument 'cmake_args' from command line to 'None'
[0.450s] Level 5:colcon.colcon_core.verb:set package 'serial_motor_demo_msgs' build argument 'cmake_target' from command line to 'None'
[0.450s] Level 5:colcon.colcon_core.verb:set package 'serial_motor_demo_msgs' build argument 'cmake_target_skip_unavailable' from command line to 'False'
[0.451s] Level 5:colcon.colcon_core.verb:set package 'serial_motor_demo_msgs' build argument 'cmake_clean_cache' from command line to 'False'
[0.451s] Level 5:colcon.colcon_core.verb:set package 'serial_motor_demo_msgs' build argument 'cmake_clean_first' from command line to 'False'
[0.451s] Level 5:colcon.colcon_core.verb:set package 'serial_motor_demo_msgs' build argument 'cmake_force_configure' from command line to 'False'
[0.451s] Level 5:colcon.colcon_core.verb:set package 'serial_motor_demo_msgs' build argument 'ament_cmake_args' from command line to 'None'
[0.451s] Level 5:colcon.colcon_core.verb:set package 'serial_motor_demo_msgs' build argument 'catkin_cmake_args' from command line to 'None'
[0.451s] Level 5:colcon.colcon_core.verb:set package 'serial_motor_demo_msgs' build argument 'catkin_skip_building_tests' from command line to 'False'
[0.451s] DEBUG:colcon.colcon_core.verb:Building package 'serial_motor_demo_msgs' with the following arguments: {'ament_cmake_args': None, 'build_base': '/home/mosalam/robot_ws/build/serial_motor_demo_msgs', 'catkin_cmake_args': None, 'catkin_skip_building_tests': False, 'cmake_args': None, 'cmake_clean_cache': False, 'cmake_clean_first': False, 'cmake_force_configure': False, 'cmake_target': None, 'cmake_target_skip_unavailable': False, 'install_base': '/home/mosalam/robot_ws/install/serial_motor_demo_msgs', 'merge_install': False, 'path': '/home/mosalam/robot_ws/src/serial_motor_demo/serial_motor_demo_msgs', 'symlink_install': False, 'test_result_base': None}
[0.451s] Level 5:colcon.colcon_core.verb:set package 'urdf_tutorial' build argument 'cmake_args' from command line to 'None'
[0.451s] Level 5:colcon.colcon_core.verb:set package 'urdf_tutorial' build argument 'cmake_target' from command line to 'None'
[0.451s] Level 5:colcon.colcon_core.verb:set package 'urdf_tutorial' build argument 'cmake_target_skip_unavailable' from command line to 'False'
[0.451s] Level 5:colcon.colcon_core.verb:set package 'urdf_tutorial' build argument 'cmake_clean_cache' from command line to 'False'
[0.452s] Level 5:colcon.colcon_core.verb:set package 'urdf_tutorial' build argument 'cmake_clean_first' from command line to 'False'
[0.452s] Level 5:colcon.colcon_core.verb:set package 'urdf_tutorial' build argument 'cmake_force_configure' from command line to 'False'
[0.452s] Level 5:colcon.colcon_core.verb:set package 'urdf_tutorial' build argument 'ament_cmake_args' from command line to 'None'
[0.452s] Level 5:colcon.colcon_core.verb:set package 'urdf_tutorial' build argument 'catkin_cmake_args' from command line to 'None'
[0.452s] Level 5:colcon.colcon_core.verb:set package 'urdf_tutorial' build argument 'catkin_skip_building_tests' from command line to 'False'
[0.452s] DEBUG:colcon.colcon_core.verb:Building package 'urdf_tutorial' with the following arguments: {'ament_cmake_args': None, 'build_base': '/home/mosalam/robot_ws/build/urdf_tutorial', 'catkin_cmake_args': None, 'catkin_skip_building_tests': False, 'cmake_args': None, 'cmake_clean_cache': False, 'cmake_clean_first': False, 'cmake_force_configure': False, 'cmake_target': None, 'cmake_target_skip_unavailable': False, 'install_base': '/home/mosalam/robot_ws/install/urdf_tutorial', 'merge_install': False, 'path': '/home/mosalam/robot_ws/src/urdf_tutorial', 'symlink_install': False, 'test_result_base': None}
[0.452s] Level 5:colcon.colcon_core.verb:set package 'robot' build argument 'cmake_args' from command line to 'None'
[0.452s] Level 5:colcon.colcon_core.verb:set package 'robot' build argument 'cmake_target' from command line to 'None'
[0.452s] Level 5:colcon.colcon_core.verb:set package 'robot' build argument 'cmake_target_skip_unavailable' from command line to 'False'
[0.452s] Level 5:colcon.colcon_core.verb:set package 'robot' build argument 'cmake_clean_cache' from command line to 'False'
[0.452s] Level 5:colcon.colcon_core.verb:set package 'robot' build argument 'cmake_clean_first' from command line to 'False'
[0.452s] Level 5:colcon.colcon_core.verb:set package 'robot' build argument 'cmake_force_configure' from command line to 'False'
[0.452s] Level 5:colcon.colcon_core.verb:set package 'robot' build argument 'ament_cmake_args' from command line to 'None'
[0.452s] Level 5:colcon.colcon_core.verb:set package 'robot' build argument 'catkin_cmake_args' from command line to 'None'
[0.452s] Level 5:colcon.colcon_core.verb:set package 'robot' build argument 'catkin_skip_building_tests' from command line to 'False'
[0.452s] DEBUG:colcon.colcon_core.verb:Building package 'robot' with the following arguments: {'ament_cmake_args': None, 'build_base': '/home/mosalam/robot_ws/build/robot', 'catkin_cmake_args': None, 'catkin_skip_building_tests': False, 'cmake_args': None, 'cmake_clean_cache': False, 'cmake_clean_first': False, 'cmake_force_configure': False, 'cmake_target': None, 'cmake_target_skip_unavailable': False, 'install_base': '/home/mosalam/robot_ws/install/robot', 'merge_install': False, 'path': '/home/mosalam/robot_ws/src/robot', 'symlink_install': False, 'test_result_base': None}
[0.453s] Level 5:colcon.colcon_core.verb:set package 'serial_motor_demo' build argument 'cmake_args' from command line to 'None'
[0.453s] Level 5:colcon.colcon_core.verb:set package 'serial_motor_demo' build argument 'cmake_target' from command line to 'None'
[0.453s] Level 5:colcon.colcon_core.verb:set package 'serial_motor_demo' build argument 'cmake_target_skip_unavailable' from command line to 'False'
[0.453s] Level 5:colcon.colcon_core.verb:set package 'serial_motor_demo' build argument 'cmake_clean_cache' from command line to 'False'
[0.453s] Level 5:colcon.colcon_core.verb:set package 'serial_motor_demo' build argument 'cmake_clean_first' from command line to 'False'
[0.453s] Level 5:colcon.colcon_core.verb:set package 'serial_motor_demo' build argument 'cmake_force_configure' from command line to 'False'
[0.453s] Level 5:colcon.colcon_core.verb:set package 'serial_motor_demo' build argument 'ament_cmake_args' from command line to 'None'
[0.453s] Level 5:colcon.colcon_core.verb:set package 'serial_motor_demo' build argument 'catkin_cmake_args' from command line to 'None'
[0.453s] Level 5:colcon.colcon_core.verb:set package 'serial_motor_demo' build argument 'catkin_skip_building_tests' from command line to 'False'
[0.453s] DEBUG:colcon.colcon_core.verb:Building package 'serial_motor_demo' with the following arguments: {'ament_cmake_args': None, 'build_base': '/home/mosalam/robot_ws/build/serial_motor_demo', 'catkin_cmake_args': None, 'catkin_skip_building_tests': False, 'cmake_args': None, 'cmake_clean_cache': False, 'cmake_clean_first': False, 'cmake_force_configure': False, 'cmake_target': None, 'cmake_target_skip_unavailable': False, 'install_base': '/home/mosalam/robot_ws/install/serial_motor_demo', 'merge_install': False, 'path': '/home/mosalam/robot_ws/src/serial_motor_demo/serial_motor_demo', 'symlink_install': False, 'test_result_base': None}
[0.453s] INFO:colcon.colcon_core.executor:Executing jobs using 'parallel' executor
[0.454s] DEBUG:colcon.colcon_parallel_executor.executor.parallel:run_until_complete
[0.455s] INFO:colcon.colcon_ros.task.ament_cmake.build:Building ROS package in '/home/mosalam/robot_ws/src/serial_motor_demo/serial_motor_demo_msgs' with build type 'ament_cmake'
[0.455s] INFO:colcon.colcon_cmake.task.cmake.build:Building CMake package in '/home/mosalam/robot_ws/src/serial_motor_demo/serial_motor_demo_msgs'
[0.458s] INFO:colcon.colcon_core.plugin_system:Skipping extension 'colcon_core.shell.bat': Not used on non-Windows systems
[0.458s] INFO:colcon.colcon_core.shell:Skip shell extension 'powershell' for command environment: Not usable outside of PowerShell
[0.458s] DEBUG:colcon.colcon_core.shell:Skip shell extension 'dsv' for command environment
[0.463s] INFO:colcon.colcon_ros.task.ament_cmake.build:Building ROS package in '/home/mosalam/robot_ws/src/urdf_tutorial' with build type 'ament_cmake'
[0.464s] INFO:colcon.colcon_cmake.task.cmake.build:Building CMake package in '/home/mosalam/robot_ws/src/urdf_tutorial'
[0.464s] INFO:colcon.colcon_core.shell:Skip shell extension 'powershell' for command environment: Not usable outside of PowerShell
[0.464s] DEBUG:colcon.colcon_core.shell:Skip shell extension 'dsv' for command environment
[0.469s] INFO:colcon.colcon_ros.task.ament_python.build:Building ROS package in '/home/mosalam/robot_ws/src/Autonomous-Explorer-and-Mapper-ros2-nav2' with build type 'ament_python'
[0.469s] Level 1:colcon.colcon_core.shell:create_environment_hook('custom_explorer', 'ament_prefix_path')
[0.470s] INFO:colcon.colcon_core.shell:Creating environment hook '/home/mosalam/robot_ws/install/custom_explorer/share/custom_explorer/hook/ament_prefix_path.ps1'
[0.471s] INFO:colcon.colcon_core.shell:Creating environment descriptor '/home/mosalam/robot_ws/install/custom_explorer/share/custom_explorer/hook/ament_prefix_path.dsv'
[0.472s] INFO:colcon.colcon_core.shell:Creating environment hook '/home/mosalam/robot_ws/install/custom_explorer/share/custom_explorer/hook/ament_prefix_path.sh'
[0.473s] INFO:colcon.colcon_core.shell:Skip shell extension 'powershell' for command environment: Not usable outside of PowerShell
[0.473s] DEBUG:colcon.colcon_core.shell:Skip shell extension 'dsv' for command environment
[0.477s] INFO:colcon.colcon_ros.task.ament_cmake.build:Building ROS package in '/home/mosalam/robot_ws/src/diffdrive_arduino' with build type 'ament_cmake'
[0.478s] INFO:colcon.colcon_cmake.task.cmake.build:Building CMake package in '/home/mosalam/robot_ws/src/diffdrive_arduino'
[0.478s] INFO:colcon.colcon_core.shell:Skip shell extension 'powershell' for command environment: Not usable outside of PowerShell
[0.478s] DEBUG:colcon.colcon_core.shell:Skip shell extension 'dsv' for command environment
[0.488s] DEBUG:colcon.colcon_core.event_handler.log_command:Invoking command in '/home/mosalam/robot_ws/build/serial_motor_demo_msgs': CMAKE_PREFIX_PATH=${CMAKE_PREFIX_PATH}:/home/mosalam/robot_ws/install/serial_motor_demo:/home/mosalam/robot_ws/install/custom_explorer:/opt/ros/humble /usr/bin/cmake --build /home/mosalam/robot_ws/build/serial_motor_demo_msgs -- -j4 -l4
[0.494s] DEBUG:colcon.colcon_core.event_handler.log_command:Invoking command in '/home/mosalam/robot_ws/build/urdf_tutorial': CMAKE_PREFIX_PATH=${CMAKE_PREFIX_PATH}:/home/mosalam/robot_ws/install/serial_motor_demo:/home/mosalam/robot_ws/install/custom_explorer:/opt/ros/humble /usr/bin/cmake --build /home/mosalam/robot_ws/build/urdf_tutorial -- -j4 -l4
[0.954s] INFO:colcon.colcon_core.task.python.build:Building Python package in '/home/mosalam/robot_ws/src/Autonomous-Explorer-and-Mapper-ros2-nav2'
[0.954s] INFO:colcon.colcon_core.shell:Skip shell extension 'powershell' for command environment: Not usable outside of PowerShell
[0.954s] DEBUG:colcon.colcon_core.shell:Skip shell extension 'dsv' for command environment
[0.971s] DEBUG:colcon.colcon_core.event_handler.log_command:Invoking command in '/home/mosalam/robot_ws/build/diffdrive_arduino': CMAKE_PREFIX_PATH=${CMAKE_PREFIX_PATH}:/home/mosalam/robot_ws/install/serial_motor_demo:/home/mosalam/robot_ws/install/custom_explorer:/opt/ros/humble /usr/bin/cmake --build /home/mosalam/robot_ws/build/diffdrive_arduino -- -j4 -l4
[0.973s] DEBUG:colcon.colcon_core.event_handler.log_command:Invoked command in '/home/mosalam/robot_ws/build/urdf_tutorial' returned '0': CMAKE_PREFIX_PATH=${CMAKE_PREFIX_PATH}:/home/mosalam/robot_ws/install/serial_motor_demo:/home/mosalam/robot_ws/install/custom_explorer:/opt/ros/humble /usr/bin/cmake --build /home/mosalam/robot_ws/build/urdf_tutorial -- -j4 -l4
[0.988s] DEBUG:colcon.colcon_core.event_handler.log_command:Invoking command in '/home/mosalam/robot_ws/build/urdf_tutorial': CMAKE_PREFIX_PATH=${CMAKE_PREFIX_PATH}:/home/mosalam/robot_ws/install/serial_motor_demo:/home/mosalam/robot_ws/install/custom_explorer:/opt/ros/humble /usr/bin/cmake --install /home/mosalam/robot_ws/build/urdf_tutorial
[1.042s] Level 1:colcon.colcon_core.environment:create_environment_scripts_only(urdf_tutorial)
[1.046s] DEBUG:colcon.colcon_core.event_handler.log_command:Invoked command in '/home/mosalam/robot_ws/build/urdf_tutorial' returned '0': CMAKE_PREFIX_PATH=${CMAKE_PREFIX_PATH}:/home/mosalam/robot_ws/install/serial_motor_demo:/home/mosalam/robot_ws/install/custom_explorer:/opt/ros/humble /usr/bin/cmake --install /home/mosalam/robot_ws/build/urdf_tutorial
[1.047s] Level 1:colcon.colcon_core.environment:checking '/home/mosalam/robot_ws/install/urdf_tutorial' for CMake module files
[1.048s] Level 1:colcon.colcon_core.environment:checking '/home/mosalam/robot_ws/install/urdf_tutorial' for CMake config files
[1.048s] Level 1:colcon.colcon_core.shell:create_environment_hook('urdf_tutorial', 'cmake_prefix_path')
[1.049s] INFO:colcon.colcon_core.shell:Creating environment hook '/home/mosalam/robot_ws/install/urdf_tutorial/share/urdf_tutorial/hook/cmake_prefix_path.ps1'
[1.050s] INFO:colcon.colcon_core.shell:Creating environment descriptor '/home/mosalam/robot_ws/install/urdf_tutorial/share/urdf_tutorial/hook/cmake_prefix_path.dsv'
[1.051s] INFO:colcon.colcon_core.shell:Creating environment hook '/home/mosalam/robot_ws/install/urdf_tutorial/share/urdf_tutorial/hook/cmake_prefix_path.sh'
[1.053s] Level 1:colcon.colcon_core.environment:checking '/home/mosalam/robot_ws/install/urdf_tutorial/bin'
[1.053s] Level 1:colcon.colcon_core.environment:checking '/home/mosalam/robot_ws/install/urdf_tutorial/lib/pkgconfig/urdf_tutorial.pc'
[1.054s] Level 1:colcon.colcon_core.environment:checking '/home/mosalam/robot_ws/install/urdf_tutorial/lib/python3.10/site-packages'
[1.054s] Level 1:colcon.colcon_core.environment:checking '/home/mosalam/robot_ws/install/urdf_tutorial/bin'
[1.055s] INFO:colcon.colcon_core.shell:Creating package script '/home/mosalam/robot_ws/install/urdf_tutorial/share/urdf_tutorial/package.ps1'
[1.057s] INFO:colcon.colcon_core.shell:Creating package descriptor '/home/mosalam/robot_ws/install/urdf_tutorial/share/urdf_tutorial/package.dsv'
[1.059s] INFO:colcon.colcon_core.shell:Creating package script '/home/mosalam/robot_ws/install/urdf_tutorial/share/urdf_tutorial/package.sh'
[1.061s] INFO:colcon.colcon_core.shell:Creating package script '/home/mosalam/robot_ws/install/urdf_tutorial/share/urdf_tutorial/package.bash'
[1.063s] INFO:colcon.colcon_core.shell:Creating package script '/home/mosalam/robot_ws/install/urdf_tutorial/share/urdf_tutorial/package.zsh'
[1.065s] Level 1:colcon.colcon_core.environment:create_file_with_runtime_dependencies(/home/mosalam/robot_ws/install/urdf_tutorial/share/colcon-core/packages/urdf_tutorial)
[1.066s] Level 1:colcon.colcon_core.environment:create_environment_scripts_only(urdf_tutorial)
[1.067s] Level 1:colcon.colcon_core.environment:checking '/home/mosalam/robot_ws/install/urdf_tutorial' for CMake module files
[1.068s] Level 1:colcon.colcon_core.environment:checking '/home/mosalam/robot_ws/install/urdf_tutorial' for CMake config files
[1.068s] Level 1:colcon.colcon_core.shell:create_environment_hook('urdf_tutorial', 'cmake_prefix_path')
[1.069s] INFO:colcon.colcon_core.shell:Creating environment hook '/home/mosalam/robot_ws/install/urdf_tutorial/share/urdf_tutorial/hook/cmake_prefix_path.ps1'
[1.070s] INFO:colcon.colcon_core.shell:Creating environment descriptor '/home/mosalam/robot_ws/install/urdf_tutorial/share/urdf_tutorial/hook/cmake_prefix_path.dsv'
[1.071s] INFO:colcon.colcon_core.shell:Creating environment hook '/home/mosalam/robot_ws/install/urdf_tutorial/share/urdf_tutorial/hook/cmake_prefix_path.sh'
[1.073s] Level 1:colcon.colcon_core.environment:checking '/home/mosalam/robot_ws/install/urdf_tutorial/bin'
[1.073s] Level 1:colcon.colcon_core.environment:checking '/home/mosalam/robot_ws/install/urdf_tutorial/lib/pkgconfig/urdf_tutorial.pc'
[1.074s] Level 1:colcon.colcon_core.environment:checking '/home/mosalam/robot_ws/install/urdf_tutorial/lib/python3.10/site-packages'
[1.074s] Level 1:colcon.colcon_core.environment:checking '/home/mosalam/robot_ws/install/urdf_tutorial/bin'
[1.075s] INFO:colcon.colcon_core.shell:Creating package script '/home/mosalam/robot_ws/install/urdf_tutorial/share/urdf_tutorial/package.ps1'
[1.076s] INFO:colcon.colcon_core.shell:Creating package descriptor '/home/mosalam/robot_ws/install/urdf_tutorial/share/urdf_tutorial/package.dsv'
[1.077s] INFO:colcon.colcon_core.shell:Creating package script '/home/mosalam/robot_ws/install/urdf_tutorial/share/urdf_tutorial/package.sh'
[1.079s] INFO:colcon.colcon_core.shell:Creating package script '/home/mosalam/robot_ws/install/urdf_tutorial/share/urdf_tutorial/package.bash'
[1.080s] INFO:colcon.colcon_core.shell:Creating package script '/home/mosalam/robot_ws/install/urdf_tutorial/share/urdf_tutorial/package.zsh'
[1.081s] Level 1:colcon.colcon_core.environment:create_file_with_runtime_dependencies(/home/mosalam/robot_ws/install/urdf_tutorial/share/colcon-core/packages/urdf_tutorial)
[1.083s] INFO:colcon.colcon_ros.task.ament_cmake.build:Building ROS package in '/home/mosalam/robot_ws/src/rplidar_ros2' with build type 'ament_cmake'
[1.084s] INFO:colcon.colcon_cmake.task.cmake.build:Building CMake package in '/home/mosalam/robot_ws/src/rplidar_ros2'
[1.084s] INFO:colcon.colcon_core.shell:Skip shell extension 'powershell' for command environment: Not usable outside of PowerShell
[1.085s] DEBUG:colcon.colcon_core.shell:Skip shell extension 'dsv' for command environment
[1.105s] DEBUG:colcon.colcon_core.event_handler.log_command:Invoking command in '/home/mosalam/robot_ws/build/rplidar_ros': CMAKE_PREFIX_PATH=${CMAKE_PREFIX_PATH}:/home/mosalam/robot_ws/install/serial_motor_demo:/home/mosalam/robot_ws/install/custom_explorer:/opt/ros/humble /usr/bin/cmake --build /home/mosalam/robot_ws/build/rplidar_ros -- -j4 -l4
[1.114s] DEBUG:colcon.colcon_core.event_handler.log_command:Invoked command in '/home/mosalam/robot_ws/build/diffdrive_arduino' returned '0': CMAKE_PREFIX_PATH=${CMAKE_PREFIX_PATH}:/home/mosalam/robot_ws/install/serial_motor_demo:/home/mosalam/robot_ws/install/custom_explorer:/opt/ros/humble /usr/bin/cmake --build /home/mosalam/robot_ws/build/diffdrive_arduino -- -j4 -l4
[1.115s] DEBUG:colcon.colcon_core.event_handler.log_command:Invoking command in '/home/mosalam/robot_ws/build/diffdrive_arduino': CMAKE_PREFIX_PATH=${CMAKE_PREFIX_PATH}:/home/mosalam/robot_ws/install/serial_motor_demo:/home/mosalam/robot_ws/install/custom_explorer:/opt/ros/humble /usr/bin/cmake --install /home/mosalam/robot_ws/build/diffdrive_arduino
[1.150s] DEBUG:colcon.colcon_core.event_handler.log_command:Invoked command in '/home/mosalam/robot_ws/build/serial_motor_demo_msgs' returned '0': CMAKE_PREFIX_PATH=${CMAKE_PREFIX_PATH}:/home/mosalam/robot_ws/install/serial_motor_demo:/home/mosalam/robot_ws/install/custom_explorer:/opt/ros/humble /usr/bin/cmake --build /home/mosalam/robot_ws/build/serial_motor_demo_msgs -- -j4 -l4
[1.155s] DEBUG:colcon.colcon_core.event_handler.log_command:Invoking command in '/home/mosalam/robot_ws/build/serial_motor_demo_msgs': CMAKE_PREFIX_PATH=${CMAKE_PREFIX_PATH}:/home/mosalam/robot_ws/install/serial_motor_demo:/home/mosalam/robot_ws/install/custom_explorer:/opt/ros/humble /usr/bin/cmake --install /home/mosalam/robot_ws/build/serial_motor_demo_msgs
[1.170s] Level 1:colcon.colcon_core.environment:create_environment_scripts_only(diffdrive_arduino)
[1.171s] Level 1:colcon.colcon_core.environment:checking '/home/mosalam/robot_ws/install/diffdrive_arduino' for CMake module files
[1.173s] Level 1:colcon.colcon_core.environment:checking '/home/mosalam/robot_ws/install/diffdrive_arduino' for CMake config files
[1.172s] DEBUG:colcon.colcon_core.event_handler.log_command:Invoked command in '/home/mosalam/robot_ws/build/diffdrive_arduino' returned '0': CMAKE_PREFIX_PATH=${CMAKE_PREFIX_PATH}:/home/mosalam/robot_ws/install/serial_motor_demo:/home/mosalam/robot_ws/install/custom_explorer:/opt/ros/humble /usr/bin/cmake --install /home/mosalam/robot_ws/build/diffdrive_arduino
[1.175s] Level 1:colcon.colcon_core.shell:create_environment_hook('diffdrive_arduino', 'cmake_prefix_path')
[1.176s] INFO:colcon.colcon_core.shell:Creating environment hook '/home/mosalam/robot_ws/install/diffdrive_arduino/share/diffdrive_arduino/hook/cmake_prefix_path.ps1'
[1.177s] INFO:colcon.colcon_core.shell:Creating environment descriptor '/home/mosalam/robot_ws/install/diffdrive_arduino/share/diffdrive_arduino/hook/cmake_prefix_path.dsv'
[1.179s] INFO:colcon.colcon_core.shell:Creating environment hook '/home/mosalam/robot_ws/install/diffdrive_arduino/share/diffdrive_arduino/hook/cmake_prefix_path.sh'
[1.180s] Level 1:colcon.colcon_core.environment:checking '/home/mosalam/robot_ws/install/diffdrive_arduino/lib'
[1.180s] Level 1:colcon.colcon_core.shell:create_environment_hook('diffdrive_arduino', 'ld_library_path_lib')
[1.181s] INFO:colcon.colcon_core.shell:Creating environment hook '/home/mosalam/robot_ws/install/diffdrive_arduino/share/diffdrive_arduino/hook/ld_library_path_lib.ps1'
[1.182s] INFO:colcon.colcon_core.shell:Creating environment descriptor '/home/mosalam/robot_ws/install/diffdrive_arduino/share/diffdrive_arduino/hook/ld_library_path_lib.dsv'
[1.182s] INFO:colcon.colcon_core.shell:Creating environment hook '/home/mosalam/robot_ws/install/diffdrive_arduino/share/diffdrive_arduino/hook/ld_library_path_lib.sh'
[1.183s] Level 1:colcon.colcon_core.environment:checking '/home/mosalam/robot_ws/install/diffdrive_arduino/bin'
[1.183s] Level 1:colcon.colcon_core.environment:checking '/home/mosalam/robot_ws/install/diffdrive_arduino/lib/pkgconfig/diffdrive_arduino.pc'
[1.183s] Level 1:colcon.colcon_core.environment:checking '/home/mosalam/robot_ws/install/diffdrive_arduino/lib/python3.10/site-packages'
[1.184s] Level 1:colcon.colcon_core.environment:checking '/home/mosalam/robot_ws/install/diffdrive_arduino/bin'
[1.185s] INFO:colcon.colcon_core.shell:Creating package script '/home/mosalam/robot_ws/install/diffdrive_arduino/share/diffdrive_arduino/package.ps1'
[1.186s] INFO:colcon.colcon_core.shell:Creating package descriptor '/home/mosalam/robot_ws/install/diffdrive_arduino/share/diffdrive_arduino/package.dsv'
[1.188s] INFO:colcon.colcon_core.shell:Creating package script '/home/mosalam/robot_ws/install/diffdrive_arduino/share/diffdrive_arduino/package.sh'
[1.190s] INFO:colcon.colcon_core.shell:Creating package script '/home/mosalam/robot_ws/install/diffdrive_arduino/share/diffdrive_arduino/package.bash'
[1.191s] INFO:colcon.colcon_core.shell:Creating package script '/home/mosalam/robot_ws/install/diffdrive_arduino/share/diffdrive_arduino/package.zsh'
[1.192s] Level 1:colcon.colcon_core.environment:create_file_with_runtime_dependencies(/home/mosalam/robot_ws/install/diffdrive_arduino/share/colcon-core/packages/diffdrive_arduino)
[1.193s] Level 1:colcon.colcon_core.environment:create_environment_scripts_only(diffdrive_arduino)
[1.195s] Level 1:colcon.colcon_core.environment:checking '/home/mosalam/robot_ws/install/diffdrive_arduino' for CMake module files
[1.197s] Level 1:colcon.colcon_core.environment:checking '/home/mosalam/robot_ws/install/diffdrive_arduino' for CMake config files
[1.197s] Level 1:colcon.colcon_core.shell:create_environment_hook('diffdrive_arduino', 'cmake_prefix_path')
[1.198s] INFO:colcon.colcon_core.shell:Creating environment hook '/home/mosalam/robot_ws/install/diffdrive_arduino/share/diffdrive_arduino/hook/cmake_prefix_path.ps1'
[1.201s] INFO:colcon.colcon_core.shell:Creating environment descriptor '/home/mosalam/robot_ws/install/diffdrive_arduino/share/diffdrive_arduino/hook/cmake_prefix_path.dsv'
[1.203s] INFO:colcon.colcon_core.shell:Creating environment hook '/home/mosalam/robot_ws/install/diffdrive_arduino/share/diffdrive_arduino/hook/cmake_prefix_path.sh'
[1.205s] Level 1:colcon.colcon_core.environment:checking '/home/mosalam/robot_ws/install/diffdrive_arduino/lib'
[1.205s] Level 1:colcon.colcon_core.shell:create_environment_hook('diffdrive_arduino', 'ld_library_path_lib')
[1.206s] INFO:colcon.colcon_core.shell:Creating environment hook '/home/mosalam/robot_ws/install/diffdrive_arduino/share/diffdrive_arduino/hook/ld_library_path_lib.ps1'
[1.207s] INFO:colcon.colcon_core.shell:Creating environment descriptor '/home/mosalam/robot_ws/install/diffdrive_arduino/share/diffdrive_arduino/hook/ld_library_path_lib.dsv'
[1.208s] INFO:colcon.colcon_core.shell:Creating environment hook '/home/mosalam/robot_ws/install/diffdrive_arduino/share/diffdrive_arduino/hook/ld_library_path_lib.sh'
[1.209s] Level 1:colcon.colcon_core.environment:checking '/home/mosalam/robot_ws/install/diffdrive_arduino/bin'
[1.209s] Level 1:colcon.colcon_core.environment:checking '/home/mosalam/robot_ws/install/diffdrive_arduino/lib/pkgconfig/diffdrive_arduino.pc'
[1.210s] Level 1:colcon.colcon_core.environment:checking '/home/mosalam/robot_ws/install/diffdrive_arduino/lib/python3.10/site-packages'
[1.211s] Level 1:colcon.colcon_core.environment:checking '/home/mosalam/robot_ws/install/diffdrive_arduino/bin'
[1.212s] INFO:colcon.colcon_core.shell:Creating package script '/home/mosalam/robot_ws/install/diffdrive_arduino/share/diffdrive_arduino/package.ps1'
[1.213s] INFO:colcon.colcon_core.shell:Creating package descriptor '/home/mosalam/robot_ws/install/diffdrive_arduino/share/diffdrive_arduino/package.dsv'
[1.215s] INFO:colcon.colcon_core.shell:Creating package script '/home/mosalam/robot_ws/install/diffdrive_arduino/share/diffdrive_arduino/package.sh'
[1.216s] INFO:colcon.colcon_core.shell:Creating package script '/home/mosalam/robot_ws/install/diffdrive_arduino/share/diffdrive_arduino/package.bash'
[1.218s] INFO:colcon.colcon_core.shell:Creating package script '/home/mosalam/robot_ws/install/diffdrive_arduino/share/diffdrive_arduino/package.zsh'
[1.219s] Level 1:colcon.colcon_core.environment:create_file_with_runtime_dependencies(/home/mosalam/robot_ws/install/diffdrive_arduino/share/colcon-core/packages/diffdrive_arduino)
[1.220s] INFO:colcon.colcon_ros.task.ament_cmake.build:Building ROS package in '/home/mosalam/robot_ws/src/serial' with build type 'ament_cmake'
[1.220s] INFO:colcon.colcon_cmake.task.cmake.build:Building CMake package in '/home/mosalam/robot_ws/src/serial'
[1.221s] INFO:colcon.colcon_core.shell:Skip shell extension 'powershell' for command environment: Not usable outside of PowerShell
[1.221s] DEBUG:colcon.colcon_core.shell:Skip shell extension 'dsv' for command environment
[1.247s] DEBUG:colcon.colcon_core.event_handler.log_command:Invoking command in '/home/mosalam/robot_ws/build/serial': CMAKE_PREFIX_PATH=${CMAKE_PREFIX_PATH}:/home/mosalam/robot_ws/install/serial_motor_demo:/home/mosalam/robot_ws/install/custom_explorer:/opt/ros/humble /usr/bin/cmake --build /home/mosalam/robot_ws/build/serial -- -j4 -l4
[1.299s] DEBUG:colcon.colcon_core.event_handler.log_command:Invoked command in '/home/mosalam/robot_ws/build/rplidar_ros' returned '0': CMAKE_PREFIX_PATH=${CMAKE_PREFIX_PATH}:/home/mosalam/robot_ws/install/serial_motor_demo:/home/mosalam/robot_ws/install/custom_explorer:/opt/ros/humble /usr/bin/cmake --build /home/mosalam/robot_ws/build/rplidar_ros -- -j4 -l4
[1.300s] DEBUG:colcon.colcon_core.event_handler.log_command:Invoking command in '/home/mosalam/robot_ws/build/rplidar_ros': CMAKE_PREFIX_PATH=${CMAKE_PREFIX_PATH}:/home/mosalam/robot_ws/install/serial_motor_demo:/home/mosalam/robot_ws/install/custom_explorer:/opt/ros/humble /usr/bin/cmake --install /home/mosalam/robot_ws/build/rplidar_ros
[1.374s] Level 1:colcon.colcon_core.environment:create_environment_scripts_only(rplidar_ros)
[1.375s] Level 1:colcon.colcon_core.environment:checking '/home/mosalam/robot_ws/install/rplidar_ros' for CMake module files
[1.376s] Level 1:colcon.colcon_core.environment:checking '/home/mosalam/robot_ws/install/rplidar_ros' for CMake config files
[1.380s] DEBUG:colcon.colcon_core.event_handler.log_command:Invoked command in '/home/mosalam/robot_ws/build/rplidar_ros' returned '0': CMAKE_PREFIX_PATH=${CMAKE_PREFIX_PATH}:/home/mosalam/robot_ws/install/serial_motor_demo:/home/mosalam/robot_ws/install/custom_explorer:/opt/ros/humble /usr/bin/cmake --install /home/mosalam/robot_ws/build/rplidar_ros
[1.381s] Level 1:colcon.colcon_core.shell:create_environment_hook('rplidar_ros', 'cmake_prefix_path')
[1.384s] INFO:colcon.colcon_core.shell:Creating environment hook '/home/mosalam/robot_ws/install/rplidar_ros/share/rplidar_ros/hook/cmake_prefix_path.ps1'
[1.385s] INFO:colcon.colcon_core.shell:Creating environment descriptor '/home/mosalam/robot_ws/install/rplidar_ros/share/rplidar_ros/hook/cmake_prefix_path.dsv'
[1.387s] INFO:colcon.colcon_core.shell:Creating environment hook '/home/mosalam/robot_ws/install/rplidar_ros/share/rplidar_ros/hook/cmake_prefix_path.sh'
[1.392s] Level 1:colcon.colcon_core.environment:checking '/home/mosalam/robot_ws/install/rplidar_ros/lib'
[1.393s] Level 1:colcon.colcon_core.shell:create_environment_hook('rplidar_ros', 'ld_library_path_lib')
[1.394s] INFO:colcon.colcon_core.shell:Creating environment hook '/home/mosalam/robot_ws/install/rplidar_ros/share/rplidar_ros/hook/ld_library_path_lib.ps1'
[1.396s] INFO:colcon.colcon_core.shell:Creating environment descriptor '/home/mosalam/robot_ws/install/rplidar_ros/share/rplidar_ros/hook/ld_library_path_lib.dsv'
[1.397s] INFO:colcon.colcon_core.shell:Creating environment hook '/home/mosalam/robot_ws/install/rplidar_ros/share/rplidar_ros/hook/ld_library_path_lib.sh'
[1.398s] Level 1:colcon.colcon_core.environment:checking '/home/mosalam/robot_ws/install/rplidar_ros/bin'
[1.399s] Level 1:colcon.colcon_core.environment:checking '/home/mosalam/robot_ws/install/rplidar_ros/lib/pkgconfig/rplidar_ros.pc'
[1.400s] Level 1:colcon.colcon_core.environment:checking '/home/mosalam/robot_ws/install/rplidar_ros/lib/python3.10/site-packages'
[1.401s] Level 1:colcon.colcon_core.environment:checking '/home/mosalam/robot_ws/install/rplidar_ros/bin'
[1.403s] INFO:colcon.colcon_core.shell:Creating package script '/home/mosalam/robot_ws/install/rplidar_ros/share/rplidar_ros/package.ps1'
[1.405s] INFO:colcon.colcon_core.shell:Creating package descriptor '/home/mosalam/robot_ws/install/rplidar_ros/share/rplidar_ros/package.dsv'
[1.405s] INFO:colcon.colcon_core.shell:Creating package script '/home/mosalam/robot_ws/install/rplidar_ros/share/rplidar_ros/package.sh'
[1.406s] INFO:colcon.colcon_core.shell:Creating package script '/home/mosalam/robot_ws/install/rplidar_ros/share/rplidar_ros/package.bash'
[1.408s] INFO:colcon.colcon_core.shell:Creating package script '/home/mosalam/robot_ws/install/rplidar_ros/share/rplidar_ros/package.zsh'
[1.409s] Level 1:colcon.colcon_core.environment:create_file_with_runtime_dependencies(/home/mosalam/robot_ws/install/rplidar_ros/share/colcon-core/packages/rplidar_ros)
[1.411s] Level 1:colcon.colcon_core.environment:create_environment_scripts_only(rplidar_ros)
[1.412s] Level 1:colcon.colcon_core.environment:checking '/home/mosalam/robot_ws/install/rplidar_ros' for CMake module files
[1.413s] Level 1:colcon.colcon_core.environment:checking '/home/mosalam/robot_ws/install/rplidar_ros' for CMake config files
[1.413s] Level 1:colcon.colcon_core.shell:create_environment_hook('rplidar_ros', 'cmake_prefix_path')
[1.414s] INFO:colcon.colcon_core.shell:Creating environment hook '/home/mosalam/robot_ws/install/rplidar_ros/share/rplidar_ros/hook/cmake_prefix_path.ps1'
[1.414s] INFO:colcon.colcon_core.shell:Creating environment descriptor '/home/mosalam/robot_ws/install/rplidar_ros/share/rplidar_ros/hook/cmake_prefix_path.dsv'
[1.415s] INFO:colcon.colcon_core.shell:Creating environment hook '/home/mosalam/robot_ws/install/rplidar_ros/share/rplidar_ros/hook/cmake_prefix_path.sh'
[1.416s] Level 1:colcon.colcon_core.environment:checking '/home/mosalam/robot_ws/install/rplidar_ros/lib'
[1.416s] Level 1:colcon.colcon_core.shell:create_environment_hook('rplidar_ros', 'ld_library_path_lib')
[1.417s] INFO:colcon.colcon_core.shell:Creating environment hook '/home/mosalam/robot_ws/install/rplidar_ros/share/rplidar_ros/hook/ld_library_path_lib.ps1'
[1.417s] INFO:colcon.colcon_core.shell:Creating environment descriptor '/home/mosalam/robot_ws/install/rplidar_ros/share/rplidar_ros/hook/ld_library_path_lib.dsv'
[1.418s] INFO:colcon.colcon_core.shell:Creating environment hook '/home/mosalam/robot_ws/install/rplidar_ros/share/rplidar_ros/hook/ld_library_path_lib.sh'
[1.419s] Level 1:colcon.colcon_core.environment:checking '/home/mosalam/robot_ws/install/rplidar_ros/bin'
[1.419s] Level 1:colcon.colcon_core.environment:checking '/home/mosalam/robot_ws/install/rplidar_ros/lib/pkgconfig/rplidar_ros.pc'
[1.419s] Level 1:colcon.colcon_core.environment:checking '/home/mosalam/robot_ws/install/rplidar_ros/lib/python3.10/site-packages'
[1.420s] Level 1:colcon.colcon_core.environment:checking '/home/mosalam/robot_ws/install/rplidar_ros/bin'
[1.421s] INFO:colcon.colcon_core.shell:Creating package script '/home/mosalam/robot_ws/install/rplidar_ros/share/rplidar_ros/package.ps1'
[1.423s] INFO:colcon.colcon_core.shell:Creating package descriptor '/home/mosalam/robot_ws/install/rplidar_ros/share/rplidar_ros/package.dsv'
[1.424s] INFO:colcon.colcon_core.shell:Creating package script '/home/mosalam/robot_ws/install/rplidar_ros/share/rplidar_ros/package.sh'
[1.425s] INFO:colcon.colcon_core.shell:Creating package script '/home/mosalam/robot_ws/install/rplidar_ros/share/rplidar_ros/package.bash'
[1.426s] INFO:colcon.colcon_core.shell:Creating package script '/home/mosalam/robot_ws/install/rplidar_ros/share/rplidar_ros/package.zsh'
[1.427s] Level 1:colcon.colcon_core.environment:create_file_with_runtime_dependencies(/home/mosalam/robot_ws/install/rplidar_ros/share/colcon-core/packages/rplidar_ros)
[1.428s] INFO:colcon.colcon_ros.task.ament_cmake.build:Building ROS package in '/home/mosalam/robot_ws/src/robot' with build type 'ament_cmake'
[1.428s] INFO:colcon.colcon_cmake.task.cmake.build:Building CMake package in '/home/mosalam/robot_ws/src/robot'
[1.429s] INFO:colcon.colcon_core.shell:Skip shell extension 'powershell' for command environment: Not usable outside of PowerShell
[1.429s] DEBUG:colcon.colcon_core.shell:Skip shell extension 'dsv' for command environment
[1.440s] Level 1:colcon.colcon_core.environment:create_environment_scripts_only(serial_motor_demo_msgs)
[1.440s] DEBUG:colcon.colcon_core.event_handler.log_command:Invoked command in '/home/mosalam/robot_ws/build/serial_motor_demo_msgs' returned '0': CMAKE_PREFIX_PATH=${CMAKE_PREFIX_PATH}:/home/mosalam/robot_ws/install/serial_motor_demo:/home/mosalam/robot_ws/install/custom_explorer:/opt/ros/humble /usr/bin/cmake --install /home/mosalam/robot_ws/build/serial_motor_demo_msgs
[1.441s] Level 1:colcon.colcon_core.environment:checking '/home/mosalam/robot_ws/install/serial_motor_demo_msgs' for CMake module files
[1.442s] Level 1:colcon.colcon_core.environment:checking '/home/mosalam/robot_ws/install/serial_motor_demo_msgs' for CMake config files
[1.444s] Level 1:colcon.colcon_core.shell:create_environment_hook('serial_motor_demo_msgs', 'cmake_prefix_path')
[1.445s] INFO:colcon.colcon_core.shell:Creating environment hook '/home/mosalam/robot_ws/install/serial_motor_demo_msgs/share/serial_motor_demo_msgs/hook/cmake_prefix_path.ps1'
[1.446s] INFO:colcon.colcon_core.shell:Creating environment descriptor '/home/mosalam/robot_ws/install/serial_motor_demo_msgs/share/serial_motor_demo_msgs/hook/cmake_prefix_path.dsv'
[1.446s] INFO:colcon.colcon_core.shell:Creating environment hook '/home/mosalam/robot_ws/install/serial_motor_demo_msgs/share/serial_motor_demo_msgs/hook/cmake_prefix_path.sh'
[1.447s] Level 1:colcon.colcon_core.environment:checking '/home/mosalam/robot_ws/install/serial_motor_demo_msgs/lib'
[1.447s] Level 1:colcon.colcon_core.shell:create_environment_hook('serial_motor_demo_msgs', 'ld_library_path_lib')
[1.447s] INFO:colcon.colcon_core.shell:Creating environment hook '/home/mosalam/robot_ws/install/serial_motor_demo_msgs/share/serial_motor_demo_msgs/hook/ld_library_path_lib.ps1'
[1.448s] INFO:colcon.colcon_core.shell:Creating environment descriptor '/home/mosalam/robot_ws/install/serial_motor_demo_msgs/share/serial_motor_demo_msgs/hook/ld_library_path_lib.dsv'
[1.448s] INFO:colcon.colcon_core.shell:Creating environment hook '/home/mosalam/robot_ws/install/serial_motor_demo_msgs/share/serial_motor_demo_msgs/hook/ld_library_path_lib.sh'
[1.449s] Level 1:colcon.colcon_core.environment:checking '/home/mosalam/robot_ws/install/serial_motor_demo_msgs/bin'
[1.449s] Level 1:colcon.colcon_core.environment:checking '/home/mosalam/robot_ws/install/serial_motor_demo_msgs/lib/pkgconfig/serial_motor_demo_msgs.pc'
[1.449s] Level 1:colcon.colcon_core.environment:checking '/home/mosalam/robot_ws/install/serial_motor_demo_msgs/lib/python3.10/site-packages'
[1.450s] Level 1:colcon.colcon_core.environment:checking '/home/mosalam/robot_ws/install/serial_motor_demo_msgs/bin'
[1.450s] INFO:colcon.colcon_core.shell:Creating package script '/home/mosalam/robot_ws/install/serial_motor_demo_msgs/share/serial_motor_demo_msgs/package.ps1'
[1.451s] INFO:colcon.colcon_core.shell:Creating package descriptor '/home/mosalam/robot_ws/install/serial_motor_demo_msgs/share/serial_motor_demo_msgs/package.dsv'
[1.452s] INFO:colcon.colcon_core.shell:Creating package script '/home/mosalam/robot_ws/install/serial_motor_demo_msgs/share/serial_motor_demo_msgs/package.sh'
[1.453s] INFO:colcon.colcon_core.shell:Creating package script '/home/mosalam/robot_ws/install/serial_motor_demo_msgs/share/serial_motor_demo_msgs/package.bash'
[1.453s] INFO:colcon.colcon_core.shell:Creating package script '/home/mosalam/robot_ws/install/serial_motor_demo_msgs/share/serial_motor_demo_msgs/package.zsh'
[1.454s] Level 1:colcon.colcon_core.environment:create_file_with_runtime_dependencies(/home/mosalam/robot_ws/install/serial_motor_demo_msgs/share/colcon-core/packages/serial_motor_demo_msgs)
[1.455s] Level 1:colcon.colcon_core.environment:create_environment_scripts_only(serial_motor_demo_msgs)
[1.455s] Level 1:colcon.colcon_core.environment:checking '/home/mosalam/robot_ws/install/serial_motor_demo_msgs' for CMake module files
[1.456s] Level 1:colcon.colcon_core.environment:checking '/home/mosalam/robot_ws/install/serial_motor_demo_msgs' for CMake config files
[1.457s] Level 1:colcon.colcon_core.shell:create_environment_hook('serial_motor_demo_msgs', 'cmake_prefix_path')
[1.457s] INFO:colcon.colcon_core.shell:Creating environment hook '/home/mosalam/robot_ws/install/serial_motor_demo_msgs/share/serial_motor_demo_msgs/hook/cmake_prefix_path.ps1'
[1.458s] INFO:colcon.colcon_core.shell:Creating environment descriptor '/home/mosalam/robot_ws/install/serial_motor_demo_msgs/share/serial_motor_demo_msgs/hook/cmake_prefix_path.dsv'
[1.458s] INFO:colcon.colcon_core.shell:Creating environment hook '/home/mosalam/robot_ws/install/serial_motor_demo_msgs/share/serial_motor_demo_msgs/hook/cmake_prefix_path.sh'
[1.460s] Level 1:colcon.colcon_core.environment:checking '/home/mosalam/robot_ws/install/serial_motor_demo_msgs/lib'
[1.461s] Level 1:colcon.colcon_core.shell:create_environment_hook('serial_motor_demo_msgs', 'ld_library_path_lib')
[1.461s] INFO:colcon.colcon_core.shell:Creating environment hook '/home/mosalam/robot_ws/install/serial_motor_demo_msgs/share/serial_motor_demo_msgs/hook/ld_library_path_lib.ps1'
[1.462s] INFO:colcon.colcon_core.shell:Creating environment descriptor '/home/mosalam/robot_ws/install/serial_motor_demo_msgs/share/serial_motor_demo_msgs/hook/ld_library_path_lib.dsv'
[1.463s] INFO:colcon.colcon_core.shell:Creating environment hook '/home/mosalam/robot_ws/install/serial_motor_demo_msgs/share/serial_motor_demo_msgs/hook/ld_library_path_lib.sh'
[1.463s] Level 1:colcon.colcon_core.environment:checking '/home/mosalam/robot_ws/install/serial_motor_demo_msgs/bin'
[1.464s] Level 1:colcon.colcon_core.environment:checking '/home/mosalam/robot_ws/install/serial_motor_demo_msgs/lib/pkgconfig/serial_motor_demo_msgs.pc'
[1.464s] Level 1:colcon.colcon_core.environment:checking '/home/mosalam/robot_ws/install/serial_motor_demo_msgs/lib/python3.10/site-packages'
[1.464s] Level 1:colcon.colcon_core.environment:checking '/home/mosalam/robot_ws/install/serial_motor_demo_msgs/bin'
[1.465s] INFO:colcon.colcon_core.shell:Creating package script '/home/mosalam/robot_ws/install/serial_motor_demo_msgs/share/serial_motor_demo_msgs/package.ps1'
[1.466s] INFO:colcon.colcon_core.shell:Creating package descriptor '/home/mosalam/robot_ws/install/serial_motor_demo_msgs/share/serial_motor_demo_msgs/package.dsv'
[1.466s] INFO:colcon.colcon_core.shell:Creating package script '/home/mosalam/robot_ws/install/serial_motor_demo_msgs/share/serial_motor_demo_msgs/package.sh'
[1.467s] INFO:colcon.colcon_core.shell:Creating package script '/home/mosalam/robot_ws/install/serial_motor_demo_msgs/share/serial_motor_demo_msgs/package.bash'
[1.468s] INFO:colcon.colcon_core.shell:Creating package script '/home/mosalam/robot_ws/install/serial_motor_demo_msgs/share/serial_motor_demo_msgs/package.zsh'
[1.469s] Level 1:colcon.colcon_core.environment:create_file_with_runtime_dependencies(/home/mosalam/robot_ws/install/serial_motor_demo_msgs/share/colcon-core/packages/serial_motor_demo_msgs)
[1.470s] INFO:colcon.colcon_ros.task.ament_python.build:Building ROS package in '/home/mosalam/robot_ws/src/serial_motor_demo/serial_motor_demo' with build type 'ament_python'
[1.470s] Level 1:colcon.colcon_core.shell:create_environment_hook('serial_motor_demo', 'ament_prefix_path')
[1.471s] INFO:colcon.colcon_core.shell:Creating environment hook '/home/mosalam/robot_ws/install/serial_motor_demo/share/serial_motor_demo/hook/ament_prefix_path.ps1'
[1.472s] INFO:colcon.colcon_core.shell:Creating environment descriptor '/home/mosalam/robot_ws/install/serial_motor_demo/share/serial_motor_demo/hook/ament_prefix_path.dsv'
[1.473s] INFO:colcon.colcon_core.shell:Creating environment hook '/home/mosalam/robot_ws/install/serial_motor_demo/share/serial_motor_demo/hook/ament_prefix_path.sh'
[1.474s] INFO:colcon.colcon_core.shell:Skip shell extension 'powershell' for command environment: Not usable outside of PowerShell
[1.474s] DEBUG:colcon.colcon_core.shell:Skip shell extension 'dsv' for command environment
[1.485s] DEBUG:colcon.colcon_core.event_handler.log_command:Invoking command in '/home/mosalam/robot_ws/build/robot': CMAKE_PREFIX_PATH=/home/mosalam/robot_ws/install/urdf_tutorial:/home/mosalam/robot_ws/install/robot:/home/mosalam/robot_ws/install/serial_motor_demo_msgs:/home/mosalam/robot_ws/install/serial:/home/mosalam/robot_ws/install/rplidar_ros:/home/mosalam/robot_ws/install/multirobot_map_merge:/home/mosalam/robot_ws/install/explore_lite:/home/mosalam/robot_ws/install/diffdrive_arduino:/home/mosalam/robot_ws/install/serial_motor_demo:/home/mosalam/robot_ws/install/custom_explorer:/opt/ros/humble /usr/bin/cmake --build /home/mosalam/robot_ws/build/robot -- -j4 -l4
[1.490s] DEBUG:colcon.colcon_core.event_handler.log_command:Invoked command in '/home/mosalam/robot_ws/build/serial' returned '0': CMAKE_PREFIX_PATH=${CMAKE_PREFIX_PATH}:/home/mosalam/robot_ws/install/serial_motor_demo:/home/mosalam/robot_ws/install/custom_explorer:/opt/ros/humble /usr/bin/cmake --build /home/mosalam/robot_ws/build/serial -- -j4 -l4
[1.492s] DEBUG:colcon.colcon_core.event_handler.log_command:Invoking command in '/home/mosalam/robot_ws/build/serial': CMAKE_PREFIX_PATH=${CMAKE_PREFIX_PATH}:/home/mosalam/robot_ws/install/serial_motor_demo:/home/mosalam/robot_ws/install/custom_explorer:/opt/ros/humble /usr/bin/cmake --install /home/mosalam/robot_ws/build/serial
[1.817s] INFO:colcon.colcon_core.task.python.build:Building Python package in '/home/mosalam/robot_ws/src/serial_motor_demo/serial_motor_demo'
[1.818s] INFO:colcon.colcon_core.shell:Skip shell extension 'powershell' for command environment: Not usable outside of PowerShell
[1.818s] DEBUG:colcon.colcon_core.shell:Skip shell extension 'dsv' for command environment
[1.823s] Level 1:colcon.colcon_core.environment:create_environment_scripts_only(serial)
[1.824s] Level 1:colcon.colcon_core.environment:checking '/home/mosalam/robot_ws/install/serial' for CMake module files
[1.825s] DEBUG:colcon.colcon_core.event_handler.log_command:Invoked command in '/home/mosalam/robot_ws/build/serial' returned '0': CMAKE_PREFIX_PATH=${CMAKE_PREFIX_PATH}:/home/mosalam/robot_ws/install/serial_motor_demo:/home/mosalam/robot_ws/install/custom_explorer:/opt/ros/humble /usr/bin/cmake --install /home/mosalam/robot_ws/build/serial
[1.825s] Level 1:colcon.colcon_core.environment:checking '/home/mosalam/robot_ws/install/serial' for CMake config files
[1.826s] Level 1:colcon.colcon_core.shell:create_environment_hook('serial', 'cmake_prefix_path')
[1.826s] INFO:colcon.colcon_core.shell:Creating environment hook '/home/mosalam/robot_ws/install/serial/share/serial/hook/cmake_prefix_path.ps1'
[1.826s] INFO:colcon.colcon_core.shell:Creating environment descriptor '/home/mosalam/robot_ws/install/serial/share/serial/hook/cmake_prefix_path.dsv'
[1.827s] INFO:colcon.colcon_core.shell:Creating environment hook '/home/mosalam/robot_ws/install/serial/share/serial/hook/cmake_prefix_path.sh'
[1.828s] Level 1:colcon.colcon_core.environment:checking '/home/mosalam/robot_ws/install/serial/lib'
[1.828s] Level 1:colcon.colcon_core.environment:checking '/home/mosalam/robot_ws/install/serial/bin'
[1.828s] Level 1:colcon.colcon_core.environment:checking '/home/mosalam/robot_ws/install/serial/lib/pkgconfig/serial.pc'
[1.828s] Level 1:colcon.colcon_core.environment:checking '/home/mosalam/robot_ws/install/serial/lib/python3.10/site-packages'
[1.828s] Level 1:colcon.colcon_core.environment:checking '/home/mosalam/robot_ws/install/serial/bin'
[1.829s] INFO:colcon.colcon_core.shell:Creating package script '/home/mosalam/robot_ws/install/serial/share/serial/package.ps1'
[1.829s] INFO:colcon.colcon_core.shell:Creating package descriptor '/home/mosalam/robot_ws/install/serial/share/serial/package.dsv'
[1.830s] INFO:colcon.colcon_core.shell:Creating package script '/home/mosalam/robot_ws/install/serial/share/serial/package.sh'
[1.830s] INFO:colcon.colcon_core.shell:Creating package script '/home/mosalam/robot_ws/install/serial/share/serial/package.bash'
[1.831s] INFO:colcon.colcon_core.shell:Creating package script '/home/mosalam/robot_ws/install/serial/share/serial/package.zsh'
[1.831s] Level 1:colcon.colcon_core.environment:create_file_with_runtime_dependencies(/home/mosalam/robot_ws/install/serial/share/colcon-core/packages/serial)
[1.832s] Level 1:colcon.colcon_core.environment:create_environment_scripts_only(serial)
[1.832s] Level 1:colcon.colcon_core.environment:checking '/home/mosalam/robot_ws/install/serial' for CMake module files
[1.832s] Level 1:colcon.colcon_core.environment:checking '/home/mosalam/robot_ws/install/serial' for CMake config files
[1.833s] Level 1:colcon.colcon_core.shell:create_environment_hook('serial', 'cmake_prefix_path')
[1.833s] INFO:colcon.colcon_core.shell:Creating environment hook '/home/mosalam/robot_ws/install/serial/share/serial/hook/cmake_prefix_path.ps1'
[1.834s] INFO:colcon.colcon_core.shell:Creating environment descriptor '/home/mosalam/robot_ws/install/serial/share/serial/hook/cmake_prefix_path.dsv'
[1.834s] INFO:colcon.colcon_core.shell:Creating environment hook '/home/mosalam/robot_ws/install/serial/share/serial/hook/cmake_prefix_path.sh'
[1.835s] Level 1:colcon.colcon_core.environment:checking '/home/mosalam/robot_ws/install/serial/lib'
[1.835s] Level 1:colcon.colcon_core.environment:checking '/home/mosalam/robot_ws/install/serial/bin'
[1.835s] Level 1:colcon.colcon_core.environment:checking '/home/mosalam/robot_ws/install/serial/lib/pkgconfig/serial.pc'
[1.835s] Level 1:colcon.colcon_core.environment:checking '/home/mosalam/robot_ws/install/serial/lib/python3.10/site-packages'
[1.836s] Level 1:colcon.colcon_core.environment:checking '/home/mosalam/robot_ws/install/serial/bin'
[1.836s] INFO:colcon.colcon_core.shell:Creating package script '/home/mosalam/robot_ws/install/serial/share/serial/package.ps1'
[1.836s] INFO:colcon.colcon_core.shell:Creating package descriptor '/home/mosalam/robot_ws/install/serial/share/serial/package.dsv'
[1.837s] INFO:colcon.colcon_core.shell:Creating package script '/home/mosalam/robot_ws/install/serial/share/serial/package.sh'
[1.838s] INFO:colcon.colcon_core.shell:Creating package script '/home/mosalam/robot_ws/install/serial/share/serial/package.bash'
[1.838s] INFO:colcon.colcon_core.shell:Creating package script '/home/mosalam/robot_ws/install/serial/share/serial/package.zsh'
[1.839s] Level 1:colcon.colcon_core.environment:create_file_with_runtime_dependencies(/home/mosalam/robot_ws/install/serial/share/colcon-core/packages/serial)
[1.847s] DEBUG:colcon.colcon_core.event_handler.log_command:Invoking command in '/home/mosalam/robot_ws/src/Autonomous-Explorer-and-Mapper-ros2-nav2': PYTHONPATH=/home/mosalam/robot_ws/build/custom_explorer/prefix_override:/usr/lib/python3/dist-packages/colcon_core/task/python/colcon_distutils_commands:/home/mosalam/robot_ws/install/custom_explorer/lib/python3.10/site-packages:${PYTHONPATH} /usr/bin/python3 -W ignore:setup.py install is deprecated -W ignore:easy_install command is deprecated setup.py egg_info --egg-base ../../build/custom_explorer build --build-base /home/mosalam/robot_ws/build/custom_explorer/build install --record /home/mosalam/robot_ws/build/custom_explorer/install.log --single-version-externally-managed install_data
[1.848s] DEBUG:colcon.colcon_core.event_handler.log_command:Invoked command in '/home/mosalam/robot_ws/build/robot' returned '0': CMAKE_PREFIX_PATH=/home/mosalam/robot_ws/install/urdf_tutorial:/home/mosalam/robot_ws/install/robot:/home/mosalam/robot_ws/install/serial_motor_demo_msgs:/home/mosalam/robot_ws/install/serial:/home/mosalam/robot_ws/install/rplidar_ros:/home/mosalam/robot_ws/install/multirobot_map_merge:/home/mosalam/robot_ws/install/explore_lite:/home/mosalam/robot_ws/install/diffdrive_arduino:/home/mosalam/robot_ws/install/serial_motor_demo:/home/mosalam/robot_ws/install/custom_explorer:/opt/ros/humble /usr/bin/cmake --build /home/mosalam/robot_ws/build/robot -- -j4 -l4
[1.850s] DEBUG:colcon.colcon_core.event_handler.log_command:Invoking command in '/home/mosalam/robot_ws/build/robot': CMAKE_PREFIX_PATH=/home/mosalam/robot_ws/install/urdf_tutorial:/home/mosalam/robot_ws/install/robot:/home/mosalam/robot_ws/install/serial_motor_demo_msgs:/home/mosalam/robot_ws/install/serial:/home/mosalam/robot_ws/install/rplidar_ros:/home/mosalam/robot_ws/install/multirobot_map_merge:/home/mosalam/robot_ws/install/explore_lite:/home/mosalam/robot_ws/install/diffdrive_arduino:/home/mosalam/robot_ws/install/serial_motor_demo:/home/mosalam/robot_ws/install/custom_explorer:/opt/ros/humble /usr/bin/cmake --install /home/mosalam/robot_ws/build/robot
[1.922s] Level 1:colcon.colcon_core.environment:create_environment_scripts_only(robot)
[1.923s] Level 1:colcon.colcon_core.environment:checking '/home/mosalam/robot_ws/install/robot' for CMake module files
[1.924s] DEBUG:colcon.colcon_core.event_handler.log_command:Invoked command in '/home/mosalam/robot_ws/build/robot' returned '0': CMAKE_PREFIX_PATH=/home/mosalam/robot_ws/install/urdf_tutorial:/home/mosalam/robot_ws/install/robot:/home/mosalam/robot_ws/install/serial_motor_demo_msgs:/home/mosalam/robot_ws/install/serial:/home/mosalam/robot_ws/install/rplidar_ros:/home/mosalam/robot_ws/install/multirobot_map_merge:/home/mosalam/robot_ws/install/explore_lite:/home/mosalam/robot_ws/install/diffdrive_arduino:/home/mosalam/robot_ws/install/serial_motor_demo:/home/mosalam/robot_ws/install/custom_explorer:/opt/ros/humble /usr/bin/cmake --install /home/mosalam/robot_ws/build/robot
[1.925s] Level 1:colcon.colcon_core.environment:checking '/home/mosalam/robot_ws/install/robot' for CMake config files
[1.926s] Level 1:colcon.colcon_core.shell:create_environment_hook('robot', 'cmake_prefix_path')
[1.926s] INFO:colcon.colcon_core.shell:Creating environment hook '/home/mosalam/robot_ws/install/robot/share/robot/hook/cmake_prefix_path.ps1'
[1.928s] INFO:colcon.colcon_core.shell:Creating environment descriptor '/home/mosalam/robot_ws/install/robot/share/robot/hook/cmake_prefix_path.dsv'
[1.928s] INFO:colcon.colcon_core.shell:Creating environment hook '/home/mosalam/robot_ws/install/robot/share/robot/hook/cmake_prefix_path.sh'
[1.929s] Level 1:colcon.colcon_core.environment:checking '/home/mosalam/robot_ws/install/robot/lib'
[1.929s] Level 1:colcon.colcon_core.environment:checking '/home/mosalam/robot_ws/install/robot/bin'
[1.930s] Level 1:colcon.colcon_core.environment:checking '/home/mosalam/robot_ws/install/robot/lib/pkgconfig/robot.pc'
[1.930s] Level 1:colcon.colcon_core.environment:checking '/home/mosalam/robot_ws/install/robot/lib/python3.10/site-packages'
[1.930s] Level 1:colcon.colcon_core.environment:checking '/home/mosalam/robot_ws/install/robot/bin'
[1.931s] INFO:colcon.colcon_core.shell:Creating package script '/home/mosalam/robot_ws/install/robot/share/robot/package.ps1'
[1.932s] INFO:colcon.colcon_core.shell:Creating package descriptor '/home/mosalam/robot_ws/install/robot/share/robot/package.dsv'
[1.933s] INFO:colcon.colcon_core.shell:Creating package script '/home/mosalam/robot_ws/install/robot/share/robot/package.sh'
[1.933s] INFO:colcon.colcon_core.shell:Creating package script '/home/mosalam/robot_ws/install/robot/share/robot/package.bash'
[1.934s] INFO:colcon.colcon_core.shell:Creating package script '/home/mosalam/robot_ws/install/robot/share/robot/package.zsh'
[1.935s] Level 1:colcon.colcon_core.environment:create_file_with_runtime_dependencies(/home/mosalam/robot_ws/install/robot/share/colcon-core/packages/robot)
[1.936s] Level 1:colcon.colcon_core.environment:create_environment_scripts_only(robot)
[1.936s] Level 1:colcon.colcon_core.environment:checking '/home/mosalam/robot_ws/install/robot' for CMake module files
[1.937s] Level 1:colcon.colcon_core.environment:checking '/home/mosalam/robot_ws/install/robot' for CMake config files
[1.938s] Level 1:colcon.colcon_core.shell:create_environment_hook('robot', 'cmake_prefix_path')
[1.939s] INFO:colcon.colcon_core.shell:Creating environment hook '/home/mosalam/robot_ws/install/robot/share/robot/hook/cmake_prefix_path.ps1'
[1.939s] INFO:colcon.colcon_core.shell:Creating environment descriptor '/home/mosalam/robot_ws/install/robot/share/robot/hook/cmake_prefix_path.dsv'
[1.941s] INFO:colcon.colcon_core.shell:Creating environment hook '/home/mosalam/robot_ws/install/robot/share/robot/hook/cmake_prefix_path.sh'
[1.942s] Level 1:colcon.colcon_core.environment:checking '/home/mosalam/robot_ws/install/robot/lib'
[1.942s] Level 1:colcon.colcon_core.environment:checking '/home/mosalam/robot_ws/install/robot/bin'
[1.942s] Level 1:colcon.colcon_core.environment:checking '/home/mosalam/robot_ws/install/robot/lib/pkgconfig/robot.pc'
[1.942s] Level 1:colcon.colcon_core.environment:checking '/home/mosalam/robot_ws/install/robot/lib/python3.10/site-packages'
[1.943s] Level 1:colcon.colcon_core.environment:checking '/home/mosalam/robot_ws/install/robot/bin'
[1.943s] INFO:colcon.colcon_core.shell:Creating package script '/home/mosalam/robot_ws/install/robot/share/robot/package.ps1'
[1.944s] INFO:colcon.colcon_core.shell:Creating package descriptor '/home/mosalam/robot_ws/install/robot/share/robot/package.dsv'
[1.945s] INFO:colcon.colcon_core.shell:Creating package script '/home/mosalam/robot_ws/install/robot/share/robot/package.sh'
[1.946s] INFO:colcon.colcon_core.shell:Creating package script '/home/mosalam/robot_ws/install/robot/share/robot/package.bash'
[1.947s] INFO:colcon.colcon_core.shell:Creating package script '/home/mosalam/robot_ws/install/robot/share/robot/package.zsh'
[1.948s] Level 1:colcon.colcon_core.environment:create_file_with_runtime_dependencies(/home/mosalam/robot_ws/install/robot/share/colcon-core/packages/robot)
[2.253s] Level 1:colcon.colcon_core.environment:checking '/home/mosalam/robot_ws/install/custom_explorer' for CMake module files
[2.254s] DEBUG:colcon.colcon_core.event_handler.log_command:Invoked command in '/home/mosalam/robot_ws/src/Autonomous-Explorer-and-Mapper-ros2-nav2' returned '0': PYTHONPATH=/home/mosalam/robot_ws/build/custom_explorer/prefix_override:/usr/lib/python3/dist-packages/colcon_core/task/python/colcon_distutils_commands:/home/mosalam/robot_ws/install/custom_explorer/lib/python3.10/site-packages:${PYTHONPATH} /usr/bin/python3 -W ignore:setup.py install is deprecated -W ignore:easy_install command is deprecated setup.py egg_info --egg-base ../../build/custom_explorer build --build-base /home/mosalam/robot_ws/build/custom_explorer/build install --record /home/mosalam/robot_ws/build/custom_explorer/install.log --single-version-externally-managed install_data
[2.254s] Level 1:colcon.colcon_core.environment:checking '/home/mosalam/robot_ws/install/custom_explorer' for CMake config files
[2.255s] Level 1:colcon.colcon_core.environment:checking '/home/mosalam/robot_ws/install/custom_explorer/lib'
[2.255s] Level 1:colcon.colcon_core.environment:checking '/home/mosalam/robot_ws/install/custom_explorer/bin'
[2.255s] Level 1:colcon.colcon_core.environment:checking '/home/mosalam/robot_ws/install/custom_explorer/lib/pkgconfig/custom_explorer.pc'
[2.256s] Level 1:colcon.colcon_core.environment:checking '/home/mosalam/robot_ws/install/custom_explorer/lib/python3.10/site-packages'
[2.256s] Level 1:colcon.colcon_core.shell:create_environment_hook('custom_explorer', 'pythonpath')
[2.256s] INFO:colcon.colcon_core.shell:Creating environment hook '/home/mosalam/robot_ws/install/custom_explorer/share/custom_explorer/hook/pythonpath.ps1'
[2.257s] INFO:colcon.colcon_core.shell:Creating environment descriptor '/home/mosalam/robot_ws/install/custom_explorer/share/custom_explorer/hook/pythonpath.dsv'
[2.257s] INFO:colcon.colcon_core.shell:Creating environment hook '/home/mosalam/robot_ws/install/custom_explorer/share/custom_explorer/hook/pythonpath.sh'
[2.258s] Level 1:colcon.colcon_core.environment:checking '/home/mosalam/robot_ws/install/custom_explorer/bin'
[2.259s] Level 1:colcon.colcon_core.environment:create_environment_scripts_only(custom_explorer)
[2.260s] INFO:colcon.colcon_core.shell:Creating package script '/home/mosalam/robot_ws/install/custom_explorer/share/custom_explorer/package.ps1'
[2.261s] INFO:colcon.colcon_core.shell:Creating package descriptor '/home/mosalam/robot_ws/install/custom_explorer/share/custom_explorer/package.dsv'
[2.261s] INFO:colcon.colcon_core.shell:Creating package script '/home/mosalam/robot_ws/install/custom_explorer/share/custom_explorer/package.sh'
[2.262s] INFO:colcon.colcon_core.shell:Creating package script '/home/mosalam/robot_ws/install/custom_explorer/share/custom_explorer/package.bash'
[2.263s] INFO:colcon.colcon_core.shell:Creating package script '/home/mosalam/robot_ws/install/custom_explorer/share/custom_explorer/package.zsh'
[2.264s] Level 1:colcon.colcon_core.environment:create_file_with_runtime_dependencies(/home/mosalam/robot_ws/install/custom_explorer/share/colcon-core/packages/custom_explorer)
[2.322s] DEBUG:colcon.colcon_core.event_handler.log_command:Invoking command in '/home/mosalam/robot_ws/src/serial_motor_demo/serial_motor_demo': CMAKE_PREFIX_PATH=/home/mosalam/robot_ws/install/serial_motor_demo_msgs:/home/mosalam/robot_ws/install/robot:/home/mosalam/robot_ws/install/urdf_tutorial:/home/mosalam/robot_ws/install/serial:/home/mosalam/robot_ws/install/rplidar_ros:/home/mosalam/robot_ws/install/multirobot_map_merge:/home/mosalam/robot_ws/install/explore_lite:/home/mosalam/robot_ws/install/diffdrive_arduino PYTHONPATH=/home/mosalam/robot_ws/build/serial_motor_demo/prefix_override:/usr/lib/python3/dist-packages/colcon_core/task/python/colcon_distutils_commands:/home/mosalam/robot_ws/install/serial_motor_demo/lib/python3.10/site-packages:${PYTHONPATH} /usr/bin/python3 -W ignore:setup.py install is deprecated -W ignore:easy_install command is deprecated setup.py egg_info --egg-base ../../../build/serial_motor_demo build --build-base /home/mosalam/robot_ws/build/serial_motor_demo/build install --record /home/mosalam/robot_ws/build/serial_motor_demo/install.log --single-version-externally-managed install_data
[2.658s] Level 1:colcon.colcon_core.environment:checking '/home/mosalam/robot_ws/install/serial_motor_demo' for CMake module files
[2.659s] DEBUG:colcon.colcon_core.event_handler.log_command:Invoked command in '/home/mosalam/robot_ws/src/serial_motor_demo/serial_motor_demo' returned '0': CMAKE_PREFIX_PATH=/home/mosalam/robot_ws/install/serial_motor_demo_msgs:/home/mosalam/robot_ws/install/robot:/home/mosalam/robot_ws/install/urdf_tutorial:/home/mosalam/robot_ws/install/serial:/home/mosalam/robot_ws/install/rplidar_ros:/home/mosalam/robot_ws/install/multirobot_map_merge:/home/mosalam/robot_ws/install/explore_lite:/home/mosalam/robot_ws/install/diffdrive_arduino PYTHONPATH=/home/mosalam/robot_ws/build/serial_motor_demo/prefix_override:/usr/lib/python3/dist-packages/colcon_core/task/python/colcon_distutils_commands:/home/mosalam/robot_ws/install/serial_motor_demo/lib/python3.10/site-packages:${PYTHONPATH} /usr/bin/python3 -W ignore:setup.py install is deprecated -W ignore:easy_install command is deprecated setup.py egg_info --egg-base ../../../build/serial_motor_demo build --build-base /home/mosalam/robot_ws/build/serial_motor_demo/build install --record /home/mosalam/robot_ws/build/serial_motor_demo/install.log --single-version-externally-managed install_data
[2.660s] Level 1:colcon.colcon_core.environment:checking '/home/mosalam/robot_ws/install/serial_motor_demo' for CMake config files
[2.661s] Level 1:colcon.colcon_core.environment:checking '/home/mosalam/robot_ws/install/serial_motor_demo/lib'
[2.661s] Level 1:colcon.colcon_core.environment:checking '/home/mosalam/robot_ws/install/serial_motor_demo/bin'
[2.661s] Level 1:colcon.colcon_core.environment:checking '/home/mosalam/robot_ws/install/serial_motor_demo/lib/pkgconfig/serial_motor_demo.pc'
[2.661s] Level 1:colcon.colcon_core.environment:checking '/home/mosalam/robot_ws/install/serial_motor_demo/lib/python3.10/site-packages'
[2.661s] Level 1:colcon.colcon_core.shell:create_environment_hook('serial_motor_demo', 'pythonpath')
[2.661s] INFO:colcon.colcon_core.shell:Creating environment hook '/home/mosalam/robot_ws/install/serial_motor_demo/share/serial_motor_demo/hook/pythonpath.ps1'
[2.662s] INFO:colcon.colcon_core.shell:Creating environment descriptor '/home/mosalam/robot_ws/install/serial_motor_demo/share/serial_motor_demo/hook/pythonpath.dsv'
[2.663s] INFO:colcon.colcon_core.shell:Creating environment hook '/home/mosalam/robot_ws/install/serial_motor_demo/share/serial_motor_demo/hook/pythonpath.sh'
[2.664s] Level 1:colcon.colcon_core.environment:checking '/home/mosalam/robot_ws/install/serial_motor_demo/bin'
[2.664s] Level 1:colcon.colcon_core.environment:create_environment_scripts_only(serial_motor_demo)
[2.664s] INFO:colcon.colcon_core.shell:Creating package script '/home/mosalam/robot_ws/install/serial_motor_demo/share/serial_motor_demo/package.ps1'
[2.665s] INFO:colcon.colcon_core.shell:Creating package descriptor '/home/mosalam/robot_ws/install/serial_motor_demo/share/serial_motor_demo/package.dsv'
[2.666s] INFO:colcon.colcon_core.shell:Creating package script '/home/mosalam/robot_ws/install/serial_motor_demo/share/serial_motor_demo/package.sh'
[2.666s] INFO:colcon.colcon_core.shell:Creating package script '/home/mosalam/robot_ws/install/serial_motor_demo/share/serial_motor_demo/package.bash'
[2.667s] INFO:colcon.colcon_core.shell:Creating package script '/home/mosalam/robot_ws/install/serial_motor_demo/share/serial_motor_demo/package.zsh'
[2.667s] Level 1:colcon.colcon_core.environment:create_file_with_runtime_dependencies(/home/mosalam/robot_ws/install/serial_motor_demo/share/colcon-core/packages/serial_motor_demo)
[2.668s] DEBUG:colcon.colcon_parallel_executor.executor.parallel:closing loop
[2.668s] DEBUG:colcon.colcon_parallel_executor.executor.parallel:loop closed
[2.668s] DEBUG:colcon.colcon_parallel_executor.executor.parallel:run_until_complete finished with '0'
[2.668s] DEBUG:colcon.colcon_core.event_reactor:joining thread
[2.675s] INFO:colcon.colcon_core.plugin_system:Skipping extension 'colcon_notification.desktop_notification.terminal_notifier': Not used on non-Darwin systems
[2.675s] INFO:colcon.colcon_core.plugin_system:Skipping extension 'colcon_notification.desktop_notification.win32': Not used on non-Windows systems
[2.675s] INFO:colcon.colcon_notification.desktop_notification:Sending desktop notification using 'notify2'
[2.676s] DEBUG:colcon.colcon_notification.desktop_notification.notify2:Failed to initialize notify2: org.freedesktop.DBus.Error.ServiceUnknown: The name org.freedesktop.Notifications was not provided by any .service files
[2.676s] DEBUG:colcon.colcon_core.event_reactor:joined thread
[2.677s] INFO:colcon.colcon_core.shell:Creating prefix script '/home/mosalam/robot_ws/install/local_setup.ps1'
[2.678s] INFO:colcon.colcon_core.shell:Creating prefix util module '/home/mosalam/robot_ws/install/_local_setup_util_ps1.py'
[2.680s] INFO:colcon.colcon_core.shell:Creating prefix chain script '/home/mosalam/robot_ws/install/setup.ps1'
[2.681s] INFO:colcon.colcon_core.shell:Creating prefix script '/home/mosalam/robot_ws/install/local_setup.sh'
[2.682s] INFO:colcon.colcon_core.shell:Creating prefix util module '/home/mosalam/robot_ws/install/_local_setup_util_sh.py'
[2.683s] INFO:colcon.colcon_core.shell:Creating prefix chain script '/home/mosalam/robot_ws/install/setup.sh'
[2.684s] INFO:colcon.colcon_core.shell:Creating prefix script '/home/mosalam/robot_ws/install/local_setup.bash'
[2.685s] INFO:colcon.colcon_core.shell:Creating prefix chain script '/home/mosalam/robot_ws/install/setup.bash'
[2.686s] INFO:colcon.colcon_core.shell:Creating prefix script '/home/mosalam/robot_ws/install/local_setup.zsh'
[2.687s] INFO:colcon.colcon_core.shell:Creating prefix chain script '/home/mosalam/robot_ws/install/setup.zsh'
