[1.644s] Invoking command in '/home/mosalam/robot_ws/src/ROS2-FrontierBaseExplorationForAutonomousRobot/autonomous_exploration': PYTHONPATH=/home/mosalam/robot_ws/build/autonomous_exploration/prefix_override:/usr/lib/python3/dist-packages/colcon_core/task/python/colcon_distutils_commands:/home/mosalam/robot_ws/install/autonomous_exploration/lib/python3.10/site-packages:${PYTHONPATH} /usr/bin/python3 -W ignore:setup.py install is deprecated -W ignore:easy_install command is deprecated setup.py egg_info --egg-base ../../../build/autonomous_exploration build --build-base /home/mosalam/robot_ws/build/autonomous_exploration/build install --record /home/mosalam/robot_ws/build/autonomous_exploration/install.log --single-version-externally-managed install_data
[2.094s] running egg_info
[2.096s] writing ../../../build/autonomous_exploration/autonomous_exploration.egg-info/PKG-INFO
[2.096s] writing dependency_links to ../../../build/autonomous_exploration/autonomous_exploration.egg-info/dependency_links.txt
[2.096s] writing entry points to ../../../build/autonomous_exploration/autonomous_exploration.egg-info/entry_points.txt
[2.096s] writing requirements to ../../../build/autonomous_exploration/autonomous_exploration.egg-info/requires.txt
[2.097s] writing top-level names to ../../../build/autonomous_exploration/autonomous_exploration.egg-info/top_level.txt
[2.100s] reading manifest file '../../../build/autonomous_exploration/autonomous_exploration.egg-info/SOURCES.txt'
[2.101s] writing manifest file '../../../build/autonomous_exploration/autonomous_exploration.egg-info/SOURCES.txt'
[2.102s] running build
[2.102s] running build_py
[2.103s] copying autonomous_exploration/control.py -> /home/mosalam/robot_ws/build/autonomous_exploration/build/lib/autonomous_exploration
[2.103s] running install
[2.103s] running install_lib
[2.104s] copying /home/mosalam/robot_ws/build/autonomous_exploration/build/lib/autonomous_exploration/control.py -> /home/mosalam/robot_ws/install/autonomous_exploration/lib/python3.10/site-packages/autonomous_exploration
[2.105s] byte-compiling /home/mosalam/robot_ws/install/autonomous_exploration/lib/python3.10/site-packages/autonomous_exploration/control.py to control.cpython-310.pyc
[2.112s] running install_data
[2.112s] running install_egg_info
[2.115s] removing '/home/mosalam/robot_ws/install/autonomous_exploration/lib/python3.10/site-packages/autonomous_exploration-0.0.0-py3.10.egg-info' (and everything under it)
[2.115s] Copying ../../../build/autonomous_exploration/autonomous_exploration.egg-info to /home/mosalam/robot_ws/install/autonomous_exploration/lib/python3.10/site-packages/autonomous_exploration-0.0.0-py3.10.egg-info
[2.117s] running install_scripts
[2.152s] Installing control script to /home/mosalam/robot_ws/install/autonomous_exploration/lib/autonomous_exploration
[2.153s] writing list of installed files to '/home/mosalam/robot_ws/build/autonomous_exploration/install.log'
[2.210s] Invoked command in '/home/mosalam/robot_ws/src/ROS2-FrontierBaseExplorationForAutonomousRobot/autonomous_exploration' returned '0': PYTHONPATH=/home/mosalam/robot_ws/build/autonomous_exploration/prefix_override:/usr/lib/python3/dist-packages/colcon_core/task/python/colcon_distutils_commands:/home/mosalam/robot_ws/install/autonomous_exploration/lib/python3.10/site-packages:${PYTHONPATH} /usr/bin/python3 -W ignore:setup.py install is deprecated -W ignore:easy_install command is deprecated setup.py egg_info --egg-base ../../../build/autonomous_exploration build --build-base /home/mosalam/robot_ws/build/autonomous_exploration/build install --record /home/mosalam/robot_ws/build/autonomous_exploration/install.log --single-version-externally-managed install_data
