[0.021s] Invoking command in '/home/mosalam/robot_ws/build/serial': CMAKE_PREFIX_PATH=${CMAKE_PREFIX_PATH}:/home/mosalam/robot_ws/install/serial_motor_demo:/home/mosalam/robot_ws/install/custom_explorer:/opt/ros/humble /usr/bin/cmake --build /home/mosalam/robot_ws/build/serial -- -j4 -l4
[0.140s] [ 14%] Built target gtest_main
[0.146s] [ 42%] Built target serial
[0.148s] [ 57%] Built target gtest
[0.198s] [ 71%] Built target serial-test-timer
[0.204s] [ 85%] Built target serial_example
[0.208s] [100%] Built target serial-test
[0.239s] Invoked command in '/home/mosalam/robot_ws/build/serial' returned '0': CMAKE_PREFIX_PATH=${CMAKE_PREFIX_PATH}:/home/mosalam/robot_ws/install/serial_motor_demo:/home/mosalam/robot_ws/install/custom_explorer:/opt/ros/humble /usr/bin/cmake --build /home/mosalam/robot_ws/build/serial -- -j4 -l4
[0.239s] Invoking command in '/home/mosalam/robot_ws/build/serial': CMAKE_PREFIX_PATH=${CMAKE_PREFIX_PATH}:/home/mosalam/robot_ws/install/serial_motor_demo:/home/mosalam/robot_ws/install/custom_explorer:/opt/ros/humble /usr/bin/cmake --install /home/mosalam/robot_ws/build/serial
[0.254s] -- Install configuration: ""
[0.254s] -- Execute custom install script
[0.254s] -- Up-to-date symlink: /home/mosalam/robot_ws/install/serial/lib/libserial.a
[0.254s] -- Up-to-date symlink: /home/mosalam/robot_ws/install/serial/include/serial/serial.h
[0.255s] -- Up-to-date symlink: /home/mosalam/robot_ws/install/serial/include/serial/v8stdint.h
[0.256s] -- Up-to-date symlink: /home/mosalam/robot_ws/install/serial/share/serial/environment/library_path.sh
[0.260s] -- Up-to-date symlink: /home/mosalam/robot_ws/install/serial/share/serial/environment/library_path.dsv
[0.260s] -- Up-to-date symlink: /home/mosalam/robot_ws/install/serial/share/ament_index/resource_index/package_run_dependencies/serial
[0.260s] -- Up-to-date symlink: /home/mosalam/robot_ws/install/serial/share/ament_index/resource_index/parent_prefix_path/serial
[0.260s] -- Up-to-date symlink: /home/mosalam/robot_ws/install/serial/share/serial/environment/ament_prefix_path.sh
[0.260s] -- Up-to-date symlink: /home/mosalam/robot_ws/install/serial/share/serial/environment/ament_prefix_path.dsv
[0.262s] -- Up-to-date symlink: /home/mosalam/robot_ws/install/serial/share/serial/environment/path.sh
[0.263s] -- Up-to-date symlink: /home/mosalam/robot_ws/install/serial/share/serial/environment/path.dsv
[0.263s] -- Up-to-date symlink: /home/mosalam/robot_ws/install/serial/share/serial/local_setup.bash
[0.263s] -- Up-to-date symlink: /home/mosalam/robot_ws/install/serial/share/serial/local_setup.sh
[0.263s] -- Up-to-date symlink: /home/mosalam/robot_ws/install/serial/share/serial/local_setup.zsh
[0.263s] -- Up-to-date symlink: /home/mosalam/robot_ws/install/serial/share/serial/local_setup.dsv
[0.263s] -- Symlinking: /home/mosalam/robot_ws/install/serial/share/serial/package.dsv
[0.272s] -- Up-to-date symlink: /home/mosalam/robot_ws/install/serial/share/ament_index/resource_index/packages/serial
[0.273s] -- Up-to-date symlink: /home/mosalam/robot_ws/install/serial/share/serial/cmake/ament_cmake_export_include_directories-extras.cmake
[0.274s] -- Up-to-date symlink: /home/mosalam/robot_ws/install/serial/share/serial/cmake/ament_cmake_export_libraries-extras.cmake
[0.274s] -- Up-to-date symlink: /home/mosalam/robot_ws/install/serial/share/serial/cmake/serialConfig.cmake
[0.275s] -- Up-to-date symlink: /home/mosalam/robot_ws/install/serial/share/serial/cmake/serialConfig-version.cmake
[0.275s] -- Up-to-date symlink: /home/mosalam/robot_ws/install/serial/share/serial/package.xml
[0.549s] Invoked command in '/home/mosalam/robot_ws/build/serial' returned '0': CMAKE_PREFIX_PATH=${CMAKE_PREFIX_PATH}:/home/mosalam/robot_ws/install/serial_motor_demo:/home/mosalam/robot_ws/install/custom_explorer:/opt/ros/humble /usr/bin/cmake --install /home/mosalam/robot_ws/build/serial
