[0.031s] Invoking command in '/home/mosalam/robot_ws/build/diffdrive_arduino': CMAKE_PREFIX_PATH=${CMAKE_PREFIX_PATH}:/home/mosalam/robot_ws/install/serial_motor_demo:/home/mosalam/robot_ws/install/custom_explorer:/home/mosalam/robot_ws/install/autonomous_exploration:/opt/ros/humble /usr/bin/cmake --build /home/mosalam/robot_ws/build/diffdrive_arduino -- -j4 -l4
[0.318s] [ 50%] [32mBuilding CXX object CMakeFiles/diffdrive_arduino.dir/hardware/diffbot_system.cpp.o[0m
[11.578s] [100%] [32m[1mLinking CXX shared library libdiffdrive_arduino.so[0m
[12.321s] [100%] Built target diffdrive_arduino
[12.334s] Invoked command in '/home/mosalam/robot_ws/build/diffdrive_arduino' returned '0': CMAKE_PREFIX_PATH=${CMAKE_PREFIX_PATH}:/home/mosalam/robot_ws/install/serial_motor_demo:/home/mosalam/robot_ws/install/custom_explorer:/home/mosalam/robot_ws/install/autonomous_exploration:/opt/ros/humble /usr/bin/cmake --build /home/mosalam/robot_ws/build/diffdrive_arduino -- -j4 -l4
[12.336s] Invoking command in '/home/mosalam/robot_ws/build/diffdrive_arduino': CMAKE_PREFIX_PATH=${CMAKE_PREFIX_PATH}:/home/mosalam/robot_ws/install/serial_motor_demo:/home/mosalam/robot_ws/install/custom_explorer:/home/mosalam/robot_ws/install/autonomous_exploration:/opt/ros/humble /usr/bin/cmake --install /home/mosalam/robot_ws/build/diffdrive_arduino
[12.343s] -- Install configuration: ""
[12.344s] -- Execute custom install script
[12.344s] -- Up-to-date symlink: /home/mosalam/robot_ws/install/diffdrive_arduino/share/diffdrive_arduino//diffdrive_arduino.xml
[12.345s] -- Up-to-date symlink: /home/mosalam/robot_ws/install/diffdrive_arduino/include/diffdrive_arduino/diffdrive_arduino/arduino_comms.hpp
[12.345s] -- Up-to-date symlink: /home/mosalam/robot_ws/install/diffdrive_arduino/include/diffdrive_arduino/diffdrive_arduino/diffbot_system.hpp
[12.345s] -- Up-to-date symlink: /home/mosalam/robot_ws/install/diffdrive_arduino/include/diffdrive_arduino/diffdrive_arduino/visibility_control.h
[12.345s] -- Up-to-date symlink: /home/mosalam/robot_ws/install/diffdrive_arduino/include/diffdrive_arduino/diffdrive_arduino/wheel.hpp
[12.346s] -- Up-to-date symlink: /home/mosalam/robot_ws/install/diffdrive_arduino/share/diffdrive_arduino/launch/view_robot.launch.py
[12.347s] -- Up-to-date symlink: /home/mosalam/robot_ws/install/diffdrive_arduino/share/diffdrive_arduino/ros2_control/diffbot.ros2_control.xacro
[12.348s] -- Up-to-date symlink: /home/mosalam/robot_ws/install/diffdrive_arduino/share/diffdrive_arduino/urdf/diffbot.materials.xacro
[12.348s] -- Up-to-date symlink: /home/mosalam/robot_ws/install/diffdrive_arduino/share/diffdrive_arduino/urdf/diffbot.urdf.xacro
[12.348s] -- Up-to-date symlink: /home/mosalam/robot_ws/install/diffdrive_arduino/share/diffdrive_arduino/urdf/diffbot_description.urdf.xacro
[12.348s] -- Up-to-date symlink: /home/mosalam/robot_ws/install/diffdrive_arduino/share/diffdrive_arduino/rviz/diffbot.rviz
[12.348s] -- Up-to-date symlink: /home/mosalam/robot_ws/install/diffdrive_arduino/share/diffdrive_arduino/rviz/diffbot_view.rviz
[12.348s] -- Up-to-date symlink: /home/mosalam/robot_ws/install/diffdrive_arduino/share/diffdrive_arduino/launch/diffbot.launch.py
[12.349s] -- Up-to-date symlink: /home/mosalam/robot_ws/install/diffdrive_arduino/share/diffdrive_arduino/config/diffbot_controllers.yaml
[12.349s] -- Up-to-date symlink: /home/mosalam/robot_ws/install/diffdrive_arduino/share/diffdrive_arduino/environment/library_path.sh
[12.349s] -- Up-to-date symlink: /home/mosalam/robot_ws/install/diffdrive_arduino/share/diffdrive_arduino/environment/library_path.dsv
[12.349s] -- Up-to-date symlink: /home/mosalam/robot_ws/install/diffdrive_arduino/share/ament_index/resource_index/package_run_dependencies/diffdrive_arduino
[12.350s] -- Up-to-date symlink: /home/mosalam/robot_ws/install/diffdrive_arduino/share/ament_index/resource_index/parent_prefix_path/diffdrive_arduino
[12.350s] -- Up-to-date symlink: /home/mosalam/robot_ws/install/diffdrive_arduino/share/diffdrive_arduino/environment/ament_prefix_path.sh
[12.350s] -- Up-to-date symlink: /home/mosalam/robot_ws/install/diffdrive_arduino/share/diffdrive_arduino/environment/ament_prefix_path.dsv
[12.350s] -- Up-to-date symlink: /home/mosalam/robot_ws/install/diffdrive_arduino/share/diffdrive_arduino/environment/path.sh
[12.351s] -- Up-to-date symlink: /home/mosalam/robot_ws/install/diffdrive_arduino/share/diffdrive_arduino/environment/path.dsv
[12.351s] -- Up-to-date symlink: /home/mosalam/robot_ws/install/diffdrive_arduino/share/diffdrive_arduino/local_setup.bash
[12.351s] -- Up-to-date symlink: /home/mosalam/robot_ws/install/diffdrive_arduino/share/diffdrive_arduino/local_setup.sh
[12.351s] -- Up-to-date symlink: /home/mosalam/robot_ws/install/diffdrive_arduino/share/diffdrive_arduino/local_setup.zsh
[12.352s] -- Up-to-date symlink: /home/mosalam/robot_ws/install/diffdrive_arduino/share/diffdrive_arduino/local_setup.dsv
[12.352s] -- Symlinking: /home/mosalam/robot_ws/install/diffdrive_arduino/share/diffdrive_arduino/package.dsv
[12.364s] -- Up-to-date symlink: /home/mosalam/robot_ws/install/diffdrive_arduino/share/ament_index/resource_index/packages/diffdrive_arduino
[12.364s] -- Up-to-date symlink: /home/mosalam/robot_ws/install/diffdrive_arduino/share/ament_index/resource_index/hardware_interface__pluginlib__plugin/diffdrive_arduino
[12.364s] -- Up-to-date symlink: /home/mosalam/robot_ws/install/diffdrive_arduino/share/diffdrive_arduino/cmake/ament_cmake_export_targets-extras.cmake
[12.365s] -- Up-to-date symlink: /home/mosalam/robot_ws/install/diffdrive_arduino/share/diffdrive_arduino/cmake/ament_cmake_export_dependencies-extras.cmake
[12.365s] -- Up-to-date symlink: /home/mosalam/robot_ws/install/diffdrive_arduino/share/diffdrive_arduino/cmake/diffdrive_arduinoConfig.cmake
[12.365s] -- Up-to-date symlink: /home/mosalam/robot_ws/install/diffdrive_arduino/share/diffdrive_arduino/cmake/diffdrive_arduinoConfig-version.cmake
[12.365s] -- Up-to-date symlink: /home/mosalam/robot_ws/install/diffdrive_arduino/share/diffdrive_arduino/package.xml
[12.366s] -- Installing: /home/mosalam/robot_ws/install/diffdrive_arduino/lib/libdiffdrive_arduino.so
[12.375s] -- Set runtime path of "/home/mosalam/robot_ws/install/diffdrive_arduino/lib/libdiffdrive_arduino.so" to ""
[12.375s] -- Up-to-date: /home/mosalam/robot_ws/install/diffdrive_arduino/share/diffdrive_arduino/cmake/export_diffdrive_arduinoExport.cmake
[12.375s] -- Up-to-date: /home/mosalam/robot_ws/install/diffdrive_arduino/share/diffdrive_arduino/cmake/export_diffdrive_arduinoExport-noconfig.cmake
[12.379s] Invoked command in '/home/mosalam/robot_ws/build/diffdrive_arduino' returned '0': CMAKE_PREFIX_PATH=${CMAKE_PREFIX_PATH}:/home/mosalam/robot_ws/install/serial_motor_demo:/home/mosalam/robot_ws/install/custom_explorer:/home/mosalam/robot_ws/install/autonomous_exploration:/opt/ros/humble /usr/bin/cmake --install /home/mosalam/robot_ws/build/diffdrive_arduino
