[0.102s] DEBUG:colcon:Command line arguments: ['/usr/bin/colcon', 'build']
[0.102s] DEBUG:colcon:Parsed command line arguments: Namespace(log_base=None, log_level=None, verb_name='build', build_base='build', install_base='install', merge_install=False, symlink_install=False, test_result_base=None, continue_on_error=False, executor='parallel', parallel_workers=4, event_handlers=None, ignore_user_meta=False, metas=['./colcon.meta'], base_paths=['.'], packages_ignore=None, packages_ignore_regex=None, paths=None, packages_up_to=None, packages_up_to_regex=None, packages_above=None, packages_above_and_dependencies=None, packages_above_depth=None, packages_select_by_dep=None, packages_skip_by_dep=None, packages_skip_up_to=None, packages_select_build_failed=False, packages_skip_build_finished=False, packages_select_test_failures=False, packages_skip_test_passed=False, packages_select=None, packages_skip=None, packages_select_regex=None, packages_skip_regex=None, packages_start=None, packages_end=None, allow_overriding=[], cmake_args=None, cmake_target=None, cmake_target_skip_unavailable=False, cmake_clean_cache=False, cmake_clean_first=False, cmake_force_configure=False, ament_cmake_args=None, catkin_cmake_args=None, catkin_skip_building_tests=False, verb_parser=<colcon_defaults.argument_parser.defaults.DefaultArgumentsDecorator object at 0x7af6c7d50760>, verb_extension=<colcon_core.verb.build.BuildVerb object at 0x7af6c7d50310>, main=<bound method BuildVerb.main of <colcon_core.verb.build.BuildVerb object at 0x7af6c7d50310>>)
[0.262s] Level 1:colcon.colcon_core.package_discovery:discover_packages(colcon_meta) check parameters
[0.263s] Level 1:colcon.colcon_core.package_discovery:discover_packages(recursive) check parameters
[0.263s] Level 1:colcon.colcon_core.package_discovery:discover_packages(ignore) check parameters
[0.263s] Level 1:colcon.colcon_core.package_discovery:discover_packages(path) check parameters
[0.263s] Level 1:colcon.colcon_core.package_discovery:discover_packages(colcon_meta) discover
[0.263s] Level 1:colcon.colcon_core.package_discovery:discover_packages(recursive) discover
[0.263s] INFO:colcon.colcon_core.package_discovery:Crawling recursively for packages in '/home/mosalam/robot_ws'
[0.263s] Level 1:colcon.colcon_core.package_identification:_identify(.) by extensions ['ignore', 'ignore_ament_install']
[0.263s] Level 1:colcon.colcon_core.package_identification:_identify(.) by extension 'ignore'
[0.263s] Level 1:colcon.colcon_core.package_identification:_identify(.) by extension 'ignore_ament_install'
[0.263s] Level 1:colcon.colcon_core.package_identification:_identify(.) by extensions ['colcon_pkg']
[0.264s] Level 1:colcon.colcon_core.package_identification:_identify(.) by extension 'colcon_pkg'
[0.264s] Level 1:colcon.colcon_core.package_identification:_identify(.) by extensions ['colcon_meta']
[0.264s] Level 1:colcon.colcon_core.package_identification:_identify(.) by extension 'colcon_meta'
[0.264s] Level 1:colcon.colcon_core.package_identification:_identify(.) by extensions ['ros']
[0.264s] Level 1:colcon.colcon_core.package_identification:_identify(.) by extension 'ros'
[0.275s] Level 1:colcon.colcon_core.package_identification:_identify(.) by extensions ['cmake', 'python']
[0.275s] Level 1:colcon.colcon_core.package_identification:_identify(.) by extension 'cmake'
[0.275s] Level 1:colcon.colcon_core.package_identification:_identify(.) by extension 'python'
[0.275s] Level 1:colcon.colcon_core.package_identification:_identify(.) by extensions ['python_setup_py']
[0.275s] Level 1:colcon.colcon_core.package_identification:_identify(.) by extension 'python_setup_py'
[0.275s] Level 1:colcon.colcon_core.package_identification:_identify(build) by extensions ['ignore', 'ignore_ament_install']
[0.275s] Level 1:colcon.colcon_core.package_identification:_identify(build) by extension 'ignore'
[0.275s] Level 1:colcon.colcon_core.package_identification:_identify(build) ignored
[0.276s] Level 1:colcon.colcon_core.package_identification:_identify(install) by extensions ['ignore', 'ignore_ament_install']
[0.276s] Level 1:colcon.colcon_core.package_identification:_identify(install) by extension 'ignore'
[0.276s] Level 1:colcon.colcon_core.package_identification:_identify(install) ignored
[0.276s] Level 1:colcon.colcon_core.package_identification:_identify(log) by extensions ['ignore', 'ignore_ament_install']
[0.276s] Level 1:colcon.colcon_core.package_identification:_identify(log) by extension 'ignore'
[0.276s] Level 1:colcon.colcon_core.package_identification:_identify(log) ignored
[0.276s] Level 1:colcon.colcon_core.package_identification:_identify(src) by extensions ['ignore', 'ignore_ament_install']
[0.276s] Level 1:colcon.colcon_core.package_identification:_identify(src) by extension 'ignore'
[0.277s] Level 1:colcon.colcon_core.package_identification:_identify(src) by extension 'ignore_ament_install'
[0.277s] Level 1:colcon.colcon_core.package_identification:_identify(src) by extensions ['colcon_pkg']
[0.277s] Level 1:colcon.colcon_core.package_identification:_identify(src) by extension 'colcon_pkg'
[0.277s] Level 1:colcon.colcon_core.package_identification:_identify(src) by extensions ['colcon_meta']
[0.277s] Level 1:colcon.colcon_core.package_identification:_identify(src) by extension 'colcon_meta'
[0.277s] Level 1:colcon.colcon_core.package_identification:_identify(src) by extensions ['ros']
[0.277s] Level 1:colcon.colcon_core.package_identification:_identify(src) by extension 'ros'
[0.277s] Level 1:colcon.colcon_core.package_identification:_identify(src) by extensions ['cmake', 'python']
[0.277s] Level 1:colcon.colcon_core.package_identification:_identify(src) by extension 'cmake'
[0.277s] Level 1:colcon.colcon_core.package_identification:_identify(src) by extension 'python'
[0.277s] Level 1:colcon.colcon_core.package_identification:_identify(src) by extensions ['python_setup_py']
[0.277s] Level 1:colcon.colcon_core.package_identification:_identify(src) by extension 'python_setup_py'
[0.278s] Level 1:colcon.colcon_core.package_identification:_identify(src/Autonomous-Explorer-and-Mapper-ros2-nav2) by extensions ['ignore', 'ignore_ament_install']
[0.278s] Level 1:colcon.colcon_core.package_identification:_identify(src/Autonomous-Explorer-and-Mapper-ros2-nav2) by extension 'ignore'
[0.278s] Level 1:colcon.colcon_core.package_identification:_identify(src/Autonomous-Explorer-and-Mapper-ros2-nav2) by extension 'ignore_ament_install'
[0.278s] Level 1:colcon.colcon_core.package_identification:_identify(src/Autonomous-Explorer-and-Mapper-ros2-nav2) by extensions ['colcon_pkg']
[0.278s] Level 1:colcon.colcon_core.package_identification:_identify(src/Autonomous-Explorer-and-Mapper-ros2-nav2) by extension 'colcon_pkg'
[0.278s] Level 1:colcon.colcon_core.package_identification:_identify(src/Autonomous-Explorer-and-Mapper-ros2-nav2) by extensions ['colcon_meta']
[0.278s] Level 1:colcon.colcon_core.package_identification:_identify(src/Autonomous-Explorer-and-Mapper-ros2-nav2) by extension 'colcon_meta'
[0.278s] Level 1:colcon.colcon_core.package_identification:_identify(src/Autonomous-Explorer-and-Mapper-ros2-nav2) by extensions ['ros']
[0.278s] Level 1:colcon.colcon_core.package_identification:_identify(src/Autonomous-Explorer-and-Mapper-ros2-nav2) by extension 'ros'
[0.281s] DEBUG:colcon.colcon_core.package_identification:Package 'src/Autonomous-Explorer-and-Mapper-ros2-nav2' with type 'ros.ament_python' and name 'custom_explorer'
[0.281s] Level 1:colcon.colcon_core.package_identification:_identify(src/diffdrive_arduino) by extensions ['ignore', 'ignore_ament_install']
[0.281s] Level 1:colcon.colcon_core.package_identification:_identify(src/diffdrive_arduino) by extension 'ignore'
[0.281s] Level 1:colcon.colcon_core.package_identification:_identify(src/diffdrive_arduino) by extension 'ignore_ament_install'
[0.281s] Level 1:colcon.colcon_core.package_identification:_identify(src/diffdrive_arduino) by extensions ['colcon_pkg']
[0.281s] Level 1:colcon.colcon_core.package_identification:_identify(src/diffdrive_arduino) by extension 'colcon_pkg'
[0.281s] Level 1:colcon.colcon_core.package_identification:_identify(src/diffdrive_arduino) by extensions ['colcon_meta']
[0.281s] Level 1:colcon.colcon_core.package_identification:_identify(src/diffdrive_arduino) by extension 'colcon_meta'
[0.282s] Level 1:colcon.colcon_core.package_identification:_identify(src/diffdrive_arduino) by extensions ['ros']
[0.282s] Level 1:colcon.colcon_core.package_identification:_identify(src/diffdrive_arduino) by extension 'ros'
[0.283s] DEBUG:colcon.colcon_core.package_identification:Package 'src/diffdrive_arduino' with type 'ros.ament_cmake' and name 'diffdrive_arduino'
[0.283s] Level 1:colcon.colcon_core.package_identification:_identify(src/robot) by extensions ['ignore', 'ignore_ament_install']
[0.283s] Level 1:colcon.colcon_core.package_identification:_identify(src/robot) by extension 'ignore'
[0.283s] Level 1:colcon.colcon_core.package_identification:_identify(src/robot) by extension 'ignore_ament_install'
[0.283s] Level 1:colcon.colcon_core.package_identification:_identify(src/robot) by extensions ['colcon_pkg']
[0.283s] Level 1:colcon.colcon_core.package_identification:_identify(src/robot) by extension 'colcon_pkg'
[0.283s] Level 1:colcon.colcon_core.package_identification:_identify(src/robot) by extensions ['colcon_meta']
[0.283s] Level 1:colcon.colcon_core.package_identification:_identify(src/robot) by extension 'colcon_meta'
[0.283s] Level 1:colcon.colcon_core.package_identification:_identify(src/robot) by extensions ['ros']
[0.283s] Level 1:colcon.colcon_core.package_identification:_identify(src/robot) by extension 'ros'
[0.284s] DEBUG:colcon.colcon_core.package_identification:Package 'src/robot' with type 'ros.ament_cmake' and name 'robot'
[0.284s] Level 1:colcon.colcon_core.package_identification:_identify(src/rplidar_ros2) by extensions ['ignore', 'ignore_ament_install']
[0.284s] Level 1:colcon.colcon_core.package_identification:_identify(src/rplidar_ros2) by extension 'ignore'
[0.285s] Level 1:colcon.colcon_core.package_identification:_identify(src/rplidar_ros2) by extension 'ignore_ament_install'
[0.285s] Level 1:colcon.colcon_core.package_identification:_identify(src/rplidar_ros2) by extensions ['colcon_pkg']
[0.285s] Level 1:colcon.colcon_core.package_identification:_identify(src/rplidar_ros2) by extension 'colcon_pkg'
[0.285s] Level 1:colcon.colcon_core.package_identification:_identify(src/rplidar_ros2) by extensions ['colcon_meta']
[0.285s] Level 1:colcon.colcon_core.package_identification:_identify(src/rplidar_ros2) by extension 'colcon_meta'
[0.285s] Level 1:colcon.colcon_core.package_identification:_identify(src/rplidar_ros2) by extensions ['ros']
[0.285s] Level 1:colcon.colcon_core.package_identification:_identify(src/rplidar_ros2) by extension 'ros'
[0.286s] DEBUG:colcon.colcon_core.package_identification:Package 'src/rplidar_ros2' with type 'ros.ament_cmake' and name 'rplidar_ros'
[0.286s] Level 1:colcon.colcon_core.package_identification:_identify(src/serial) by extensions ['ignore', 'ignore_ament_install']
[0.286s] Level 1:colcon.colcon_core.package_identification:_identify(src/serial) by extension 'ignore'
[0.286s] Level 1:colcon.colcon_core.package_identification:_identify(src/serial) by extension 'ignore_ament_install'
[0.286s] Level 1:colcon.colcon_core.package_identification:_identify(src/serial) by extensions ['colcon_pkg']
[0.286s] Level 1:colcon.colcon_core.package_identification:_identify(src/serial) by extension 'colcon_pkg'
[0.286s] Level 1:colcon.colcon_core.package_identification:_identify(src/serial) by extensions ['colcon_meta']
[0.286s] Level 1:colcon.colcon_core.package_identification:_identify(src/serial) by extension 'colcon_meta'
[0.286s] Level 1:colcon.colcon_core.package_identification:_identify(src/serial) by extensions ['ros']
[0.286s] Level 1:colcon.colcon_core.package_identification:_identify(src/serial) by extension 'ros'
[0.287s] DEBUG:colcon.colcon_core.package_identification:Package 'src/serial' with type 'ros.ament_cmake' and name 'serial'
[0.287s] Level 1:colcon.colcon_core.package_identification:_identify(src/serial_motor_demo) by extensions ['ignore', 'ignore_ament_install']
[0.287s] Level 1:colcon.colcon_core.package_identification:_identify(src/serial_motor_demo) by extension 'ignore'
[0.287s] Level 1:colcon.colcon_core.package_identification:_identify(src/serial_motor_demo) by extension 'ignore_ament_install'
[0.288s] Level 1:colcon.colcon_core.package_identification:_identify(src/serial_motor_demo) by extensions ['colcon_pkg']
[0.288s] Level 1:colcon.colcon_core.package_identification:_identify(src/serial_motor_demo) by extension 'colcon_pkg'
[0.288s] Level 1:colcon.colcon_core.package_identification:_identify(src/serial_motor_demo) by extensions ['colcon_meta']
[0.288s] Level 1:colcon.colcon_core.package_identification:_identify(src/serial_motor_demo) by extension 'colcon_meta'
[0.288s] Level 1:colcon.colcon_core.package_identification:_identify(src/serial_motor_demo) by extensions ['ros']
[0.288s] Level 1:colcon.colcon_core.package_identification:_identify(src/serial_motor_demo) by extension 'ros'
[0.288s] Level 1:colcon.colcon_core.package_identification:_identify(src/serial_motor_demo) by extensions ['cmake', 'python']
[0.288s] Level 1:colcon.colcon_core.package_identification:_identify(src/serial_motor_demo) by extension 'cmake'
[0.288s] Level 1:colcon.colcon_core.package_identification:_identify(src/serial_motor_demo) by extension 'python'
[0.288s] Level 1:colcon.colcon_core.package_identification:_identify(src/serial_motor_demo) by extensions ['python_setup_py']
[0.288s] Level 1:colcon.colcon_core.package_identification:_identify(src/serial_motor_demo) by extension 'python_setup_py'
[0.288s] Level 1:colcon.colcon_core.package_identification:_identify(src/serial_motor_demo/serial_motor_demo) by extensions ['ignore', 'ignore_ament_install']
[0.289s] Level 1:colcon.colcon_core.package_identification:_identify(src/serial_motor_demo/serial_motor_demo) by extension 'ignore'
[0.289s] Level 1:colcon.colcon_core.package_identification:_identify(src/serial_motor_demo/serial_motor_demo) by extension 'ignore_ament_install'
[0.289s] Level 1:colcon.colcon_core.package_identification:_identify(src/serial_motor_demo/serial_motor_demo) by extensions ['colcon_pkg']
[0.289s] Level 1:colcon.colcon_core.package_identification:_identify(src/serial_motor_demo/serial_motor_demo) by extension 'colcon_pkg'
[0.289s] Level 1:colcon.colcon_core.package_identification:_identify(src/serial_motor_demo/serial_motor_demo) by extensions ['colcon_meta']
[0.289s] Level 1:colcon.colcon_core.package_identification:_identify(src/serial_motor_demo/serial_motor_demo) by extension 'colcon_meta'
[0.289s] Level 1:colcon.colcon_core.package_identification:_identify(src/serial_motor_demo/serial_motor_demo) by extensions ['ros']
[0.289s] Level 1:colcon.colcon_core.package_identification:_identify(src/serial_motor_demo/serial_motor_demo) by extension 'ros'
[0.290s] DEBUG:colcon.colcon_core.package_identification:Package 'src/serial_motor_demo/serial_motor_demo' with type 'ros.ament_python' and name 'serial_motor_demo'
[0.290s] Level 1:colcon.colcon_core.package_identification:_identify(src/serial_motor_demo/serial_motor_demo_msgs) by extensions ['ignore', 'ignore_ament_install']
[0.290s] Level 1:colcon.colcon_core.package_identification:_identify(src/serial_motor_demo/serial_motor_demo_msgs) by extension 'ignore'
[0.290s] Level 1:colcon.colcon_core.package_identification:_identify(src/serial_motor_demo/serial_motor_demo_msgs) by extension 'ignore_ament_install'
[0.290s] Level 1:colcon.colcon_core.package_identification:_identify(src/serial_motor_demo/serial_motor_demo_msgs) by extensions ['colcon_pkg']
[0.290s] Level 1:colcon.colcon_core.package_identification:_identify(src/serial_motor_demo/serial_motor_demo_msgs) by extension 'colcon_pkg'
[0.290s] Level 1:colcon.colcon_core.package_identification:_identify(src/serial_motor_demo/serial_motor_demo_msgs) by extensions ['colcon_meta']
[0.290s] Level 1:colcon.colcon_core.package_identification:_identify(src/serial_motor_demo/serial_motor_demo_msgs) by extension 'colcon_meta'
[0.290s] Level 1:colcon.colcon_core.package_identification:_identify(src/serial_motor_demo/serial_motor_demo_msgs) by extensions ['ros']
[0.290s] Level 1:colcon.colcon_core.package_identification:_identify(src/serial_motor_demo/serial_motor_demo_msgs) by extension 'ros'
[0.291s] DEBUG:colcon.colcon_core.package_identification:Package 'src/serial_motor_demo/serial_motor_demo_msgs' with type 'ros.ament_cmake' and name 'serial_motor_demo_msgs'
[0.291s] Level 1:colcon.colcon_core.package_identification:_identify(src/urdf_tutorial) by extensions ['ignore', 'ignore_ament_install']
[0.291s] Level 1:colcon.colcon_core.package_identification:_identify(src/urdf_tutorial) by extension 'ignore'
[0.291s] Level 1:colcon.colcon_core.package_identification:_identify(src/urdf_tutorial) by extension 'ignore_ament_install'
[0.292s] Level 1:colcon.colcon_core.package_identification:_identify(src/urdf_tutorial) by extensions ['colcon_pkg']
[0.292s] Level 1:colcon.colcon_core.package_identification:_identify(src/urdf_tutorial) by extension 'colcon_pkg'
[0.292s] Level 1:colcon.colcon_core.package_identification:_identify(src/urdf_tutorial) by extensions ['colcon_meta']
[0.292s] Level 1:colcon.colcon_core.package_identification:_identify(src/urdf_tutorial) by extension 'colcon_meta'
[0.292s] Level 1:colcon.colcon_core.package_identification:_identify(src/urdf_tutorial) by extensions ['ros']
[0.292s] Level 1:colcon.colcon_core.package_identification:_identify(src/urdf_tutorial) by extension 'ros'
[0.292s] DEBUG:colcon.colcon_core.package_identification:Package 'src/urdf_tutorial' with type 'ros.ament_cmake' and name 'urdf_tutorial'
[0.293s] Level 1:colcon.colcon_core.package_discovery:discover_packages(recursive) using defaults
[0.293s] Level 1:colcon.colcon_core.package_discovery:discover_packages(ignore) discover
[0.293s] Level 1:colcon.colcon_core.package_discovery:discover_packages(ignore) using defaults
[0.293s] Level 1:colcon.colcon_core.package_discovery:discover_packages(path) discover
[0.293s] Level 1:colcon.colcon_core.package_discovery:discover_packages(path) using defaults
[0.326s] Level 1:colcon.colcon_core.package_discovery:discover_packages(prefix_path) check parameters
[0.326s] Level 1:colcon.colcon_core.package_discovery:discover_packages(prefix_path) discover
[0.328s] DEBUG:colcon.colcon_installed_package_information.package_discovery:Found 10 installed packages in /home/mosalam/robot_ws/install
[0.330s] DEBUG:colcon.colcon_installed_package_information.package_discovery:Found 369 installed packages in /opt/ros/humble
[0.331s] Level 1:colcon.colcon_core.package_discovery:discover_packages(prefix_path) using defaults
[0.380s] Level 5:colcon.colcon_core.verb:set package 'custom_explorer' build argument 'cmake_args' from command line to 'None'
[0.381s] Level 5:colcon.colcon_core.verb:set package 'custom_explorer' build argument 'cmake_target' from command line to 'None'
[0.381s] Level 5:colcon.colcon_core.verb:set package 'custom_explorer' build argument 'cmake_target_skip_unavailable' from command line to 'False'
[0.381s] Level 5:colcon.colcon_core.verb:set package 'custom_explorer' build argument 'cmake_clean_cache' from command line to 'False'
[0.381s] Level 5:colcon.colcon_core.verb:set package 'custom_explorer' build argument 'cmake_clean_first' from command line to 'False'
[0.381s] Level 5:colcon.colcon_core.verb:set package 'custom_explorer' build argument 'cmake_force_configure' from command line to 'False'
[0.381s] Level 5:colcon.colcon_core.verb:set package 'custom_explorer' build argument 'ament_cmake_args' from command line to 'None'
[0.381s] Level 5:colcon.colcon_core.verb:set package 'custom_explorer' build argument 'catkin_cmake_args' from command line to 'None'
[0.381s] Level 5:colcon.colcon_core.verb:set package 'custom_explorer' build argument 'catkin_skip_building_tests' from command line to 'False'
[0.381s] DEBUG:colcon.colcon_core.verb:Building package 'custom_explorer' with the following arguments: {'ament_cmake_args': None, 'build_base': '/home/mosalam/robot_ws/build/custom_explorer', 'catkin_cmake_args': None, 'catkin_skip_building_tests': False, 'cmake_args': None, 'cmake_clean_cache': False, 'cmake_clean_first': False, 'cmake_force_configure': False, 'cmake_target': None, 'cmake_target_skip_unavailable': False, 'install_base': '/home/mosalam/robot_ws/install/custom_explorer', 'merge_install': False, 'path': '/home/mosalam/robot_ws/src/Autonomous-Explorer-and-Mapper-ros2-nav2', 'symlink_install': False, 'test_result_base': None}
[0.381s] Level 5:colcon.colcon_core.verb:set package 'diffdrive_arduino' build argument 'cmake_args' from command line to 'None'
[0.381s] Level 5:colcon.colcon_core.verb:set package 'diffdrive_arduino' build argument 'cmake_target' from command line to 'None'
[0.381s] Level 5:colcon.colcon_core.verb:set package 'diffdrive_arduino' build argument 'cmake_target_skip_unavailable' from command line to 'False'
[0.381s] Level 5:colcon.colcon_core.verb:set package 'diffdrive_arduino' build argument 'cmake_clean_cache' from command line to 'False'
[0.382s] Level 5:colcon.colcon_core.verb:set package 'diffdrive_arduino' build argument 'cmake_clean_first' from command line to 'False'
[0.382s] Level 5:colcon.colcon_core.verb:set package 'diffdrive_arduino' build argument 'cmake_force_configure' from command line to 'False'
[0.382s] Level 5:colcon.colcon_core.verb:set package 'diffdrive_arduino' build argument 'ament_cmake_args' from command line to 'None'
[0.382s] Level 5:colcon.colcon_core.verb:set package 'diffdrive_arduino' build argument 'catkin_cmake_args' from command line to 'None'
[0.382s] Level 5:colcon.colcon_core.verb:set package 'diffdrive_arduino' build argument 'catkin_skip_building_tests' from command line to 'False'
[0.382s] DEBUG:colcon.colcon_core.verb:Building package 'diffdrive_arduino' with the following arguments: {'ament_cmake_args': None, 'build_base': '/home/mosalam/robot_ws/build/diffdrive_arduino', 'catkin_cmake_args': None, 'catkin_skip_building_tests': False, 'cmake_args': None, 'cmake_clean_cache': False, 'cmake_clean_first': False, 'cmake_force_configure': False, 'cmake_target': None, 'cmake_target_skip_unavailable': False, 'install_base': '/home/mosalam/robot_ws/install/diffdrive_arduino', 'merge_install': False, 'path': '/home/mosalam/robot_ws/src/diffdrive_arduino', 'symlink_install': False, 'test_result_base': None}
[0.382s] Level 5:colcon.colcon_core.verb:set package 'rplidar_ros' build argument 'cmake_args' from command line to 'None'
[0.382s] Level 5:colcon.colcon_core.verb:set package 'rplidar_ros' build argument 'cmake_target' from command line to 'None'
[0.382s] Level 5:colcon.colcon_core.verb:set package 'rplidar_ros' build argument 'cmake_target_skip_unavailable' from command line to 'False'
[0.382s] Level 5:colcon.colcon_core.verb:set package 'rplidar_ros' build argument 'cmake_clean_cache' from command line to 'False'
[0.382s] Level 5:colcon.colcon_core.verb:set package 'rplidar_ros' build argument 'cmake_clean_first' from command line to 'False'
[0.382s] Level 5:colcon.colcon_core.verb:set package 'rplidar_ros' build argument 'cmake_force_configure' from command line to 'False'
[0.382s] Level 5:colcon.colcon_core.verb:set package 'rplidar_ros' build argument 'ament_cmake_args' from command line to 'None'
[0.382s] Level 5:colcon.colcon_core.verb:set package 'rplidar_ros' build argument 'catkin_cmake_args' from command line to 'None'
[0.382s] Level 5:colcon.colcon_core.verb:set package 'rplidar_ros' build argument 'catkin_skip_building_tests' from command line to 'False'
[0.383s] DEBUG:colcon.colcon_core.verb:Building package 'rplidar_ros' with the following arguments: {'ament_cmake_args': None, 'build_base': '/home/mosalam/robot_ws/build/rplidar_ros', 'catkin_cmake_args': None, 'catkin_skip_building_tests': False, 'cmake_args': None, 'cmake_clean_cache': False, 'cmake_clean_first': False, 'cmake_force_configure': False, 'cmake_target': None, 'cmake_target_skip_unavailable': False, 'install_base': '/home/mosalam/robot_ws/install/rplidar_ros', 'merge_install': False, 'path': '/home/mosalam/robot_ws/src/rplidar_ros2', 'symlink_install': False, 'test_result_base': None}
[0.383s] Level 5:colcon.colcon_core.verb:set package 'serial' build argument 'cmake_args' from command line to 'None'
[0.383s] Level 5:colcon.colcon_core.verb:set package 'serial' build argument 'cmake_target' from command line to 'None'
[0.383s] Level 5:colcon.colcon_core.verb:set package 'serial' build argument 'cmake_target_skip_unavailable' from command line to 'False'
[0.383s] Level 5:colcon.colcon_core.verb:set package 'serial' build argument 'cmake_clean_cache' from command line to 'False'
[0.383s] Level 5:colcon.colcon_core.verb:set package 'serial' build argument 'cmake_clean_first' from command line to 'False'
[0.383s] Level 5:colcon.colcon_core.verb:set package 'serial' build argument 'cmake_force_configure' from command line to 'False'
[0.383s] Level 5:colcon.colcon_core.verb:set package 'serial' build argument 'ament_cmake_args' from command line to 'None'
[0.383s] Level 5:colcon.colcon_core.verb:set package 'serial' build argument 'catkin_cmake_args' from command line to 'None'
[0.383s] Level 5:colcon.colcon_core.verb:set package 'serial' build argument 'catkin_skip_building_tests' from command line to 'False'
[0.383s] DEBUG:colcon.colcon_core.verb:Building package 'serial' with the following arguments: {'ament_cmake_args': None, 'build_base': '/home/mosalam/robot_ws/build/serial', 'catkin_cmake_args': None, 'catkin_skip_building_tests': False, 'cmake_args': None, 'cmake_clean_cache': False, 'cmake_clean_first': False, 'cmake_force_configure': False, 'cmake_target': None, 'cmake_target_skip_unavailable': False, 'install_base': '/home/mosalam/robot_ws/install/serial', 'merge_install': False, 'path': '/home/mosalam/robot_ws/src/serial', 'symlink_install': False, 'test_result_base': None}
[0.384s] Level 5:colcon.colcon_core.verb:set package 'serial_motor_demo_msgs' build argument 'cmake_args' from command line to 'None'
[0.384s] Level 5:colcon.colcon_core.verb:set package 'serial_motor_demo_msgs' build argument 'cmake_target' from command line to 'None'
[0.384s] Level 5:colcon.colcon_core.verb:set package 'serial_motor_demo_msgs' build argument 'cmake_target_skip_unavailable' from command line to 'False'
[0.384s] Level 5:colcon.colcon_core.verb:set package 'serial_motor_demo_msgs' build argument 'cmake_clean_cache' from command line to 'False'
[0.384s] Level 5:colcon.colcon_core.verb:set package 'serial_motor_demo_msgs' build argument 'cmake_clean_first' from command line to 'False'
[0.384s] Level 5:colcon.colcon_core.verb:set package 'serial_motor_demo_msgs' build argument 'cmake_force_configure' from command line to 'False'
[0.384s] Level 5:colcon.colcon_core.verb:set package 'serial_motor_demo_msgs' build argument 'ament_cmake_args' from command line to 'None'
[0.384s] Level 5:colcon.colcon_core.verb:set package 'serial_motor_demo_msgs' build argument 'catkin_cmake_args' from command line to 'None'
[0.384s] Level 5:colcon.colcon_core.verb:set package 'serial_motor_demo_msgs' build argument 'catkin_skip_building_tests' from command line to 'False'
[0.384s] DEBUG:colcon.colcon_core.verb:Building package 'serial_motor_demo_msgs' with the following arguments: {'ament_cmake_args': None, 'build_base': '/home/mosalam/robot_ws/build/serial_motor_demo_msgs', 'catkin_cmake_args': None, 'catkin_skip_building_tests': False, 'cmake_args': None, 'cmake_clean_cache': False, 'cmake_clean_first': False, 'cmake_force_configure': False, 'cmake_target': None, 'cmake_target_skip_unavailable': False, 'install_base': '/home/mosalam/robot_ws/install/serial_motor_demo_msgs', 'merge_install': False, 'path': '/home/mosalam/robot_ws/src/serial_motor_demo/serial_motor_demo_msgs', 'symlink_install': False, 'test_result_base': None}
[0.384s] Level 5:colcon.colcon_core.verb:set package 'urdf_tutorial' build argument 'cmake_args' from command line to 'None'
[0.385s] Level 5:colcon.colcon_core.verb:set package 'urdf_tutorial' build argument 'cmake_target' from command line to 'None'
[0.385s] Level 5:colcon.colcon_core.verb:set package 'urdf_tutorial' build argument 'cmake_target_skip_unavailable' from command line to 'False'
[0.385s] Level 5:colcon.colcon_core.verb:set package 'urdf_tutorial' build argument 'cmake_clean_cache' from command line to 'False'
[0.385s] Level 5:colcon.colcon_core.verb:set package 'urdf_tutorial' build argument 'cmake_clean_first' from command line to 'False'
[0.385s] Level 5:colcon.colcon_core.verb:set package 'urdf_tutorial' build argument 'cmake_force_configure' from command line to 'False'
[0.385s] Level 5:colcon.colcon_core.verb:set package 'urdf_tutorial' build argument 'ament_cmake_args' from command line to 'None'
[0.385s] Level 5:colcon.colcon_core.verb:set package 'urdf_tutorial' build argument 'catkin_cmake_args' from command line to 'None'
[0.385s] Level 5:colcon.colcon_core.verb:set package 'urdf_tutorial' build argument 'catkin_skip_building_tests' from command line to 'False'
[0.385s] DEBUG:colcon.colcon_core.verb:Building package 'urdf_tutorial' with the following arguments: {'ament_cmake_args': None, 'build_base': '/home/mosalam/robot_ws/build/urdf_tutorial', 'catkin_cmake_args': None, 'catkin_skip_building_tests': False, 'cmake_args': None, 'cmake_clean_cache': False, 'cmake_clean_first': False, 'cmake_force_configure': False, 'cmake_target': None, 'cmake_target_skip_unavailable': False, 'install_base': '/home/mosalam/robot_ws/install/urdf_tutorial', 'merge_install': False, 'path': '/home/mosalam/robot_ws/src/urdf_tutorial', 'symlink_install': False, 'test_result_base': None}
[0.385s] Level 5:colcon.colcon_core.verb:set package 'robot' build argument 'cmake_args' from command line to 'None'
[0.385s] Level 5:colcon.colcon_core.verb:set package 'robot' build argument 'cmake_target' from command line to 'None'
[0.385s] Level 5:colcon.colcon_core.verb:set package 'robot' build argument 'cmake_target_skip_unavailable' from command line to 'False'
[0.385s] Level 5:colcon.colcon_core.verb:set package 'robot' build argument 'cmake_clean_cache' from command line to 'False'
[0.385s] Level 5:colcon.colcon_core.verb:set package 'robot' build argument 'cmake_clean_first' from command line to 'False'
[0.385s] Level 5:colcon.colcon_core.verb:set package 'robot' build argument 'cmake_force_configure' from command line to 'False'
[0.385s] Level 5:colcon.colcon_core.verb:set package 'robot' build argument 'ament_cmake_args' from command line to 'None'
[0.385s] Level 5:colcon.colcon_core.verb:set package 'robot' build argument 'catkin_cmake_args' from command line to 'None'
[0.385s] Level 5:colcon.colcon_core.verb:set package 'robot' build argument 'catkin_skip_building_tests' from command line to 'False'
[0.385s] DEBUG:colcon.colcon_core.verb:Building package 'robot' with the following arguments: {'ament_cmake_args': None, 'build_base': '/home/mosalam/robot_ws/build/robot', 'catkin_cmake_args': None, 'catkin_skip_building_tests': False, 'cmake_args': None, 'cmake_clean_cache': False, 'cmake_clean_first': False, 'cmake_force_configure': False, 'cmake_target': None, 'cmake_target_skip_unavailable': False, 'install_base': '/home/mosalam/robot_ws/install/robot', 'merge_install': False, 'path': '/home/mosalam/robot_ws/src/robot', 'symlink_install': False, 'test_result_base': None}
[0.386s] Level 5:colcon.colcon_core.verb:set package 'serial_motor_demo' build argument 'cmake_args' from command line to 'None'
[0.386s] Level 5:colcon.colcon_core.verb:set package 'serial_motor_demo' build argument 'cmake_target' from command line to 'None'
[0.386s] Level 5:colcon.colcon_core.verb:set package 'serial_motor_demo' build argument 'cmake_target_skip_unavailable' from command line to 'False'
[0.386s] Level 5:colcon.colcon_core.verb:set package 'serial_motor_demo' build argument 'cmake_clean_cache' from command line to 'False'
[0.386s] Level 5:colcon.colcon_core.verb:set package 'serial_motor_demo' build argument 'cmake_clean_first' from command line to 'False'
[0.386s] Level 5:colcon.colcon_core.verb:set package 'serial_motor_demo' build argument 'cmake_force_configure' from command line to 'False'
[0.386s] Level 5:colcon.colcon_core.verb:set package 'serial_motor_demo' build argument 'ament_cmake_args' from command line to 'None'
[0.386s] Level 5:colcon.colcon_core.verb:set package 'serial_motor_demo' build argument 'catkin_cmake_args' from command line to 'None'
[0.386s] Level 5:colcon.colcon_core.verb:set package 'serial_motor_demo' build argument 'catkin_skip_building_tests' from command line to 'False'
[0.386s] DEBUG:colcon.colcon_core.verb:Building package 'serial_motor_demo' with the following arguments: {'ament_cmake_args': None, 'build_base': '/home/mosalam/robot_ws/build/serial_motor_demo', 'catkin_cmake_args': None, 'catkin_skip_building_tests': False, 'cmake_args': None, 'cmake_clean_cache': False, 'cmake_clean_first': False, 'cmake_force_configure': False, 'cmake_target': None, 'cmake_target_skip_unavailable': False, 'install_base': '/home/mosalam/robot_ws/install/serial_motor_demo', 'merge_install': False, 'path': '/home/mosalam/robot_ws/src/serial_motor_demo/serial_motor_demo', 'symlink_install': False, 'test_result_base': None}
[0.386s] INFO:colcon.colcon_core.executor:Executing jobs using 'parallel' executor
[0.387s] DEBUG:colcon.colcon_parallel_executor.executor.parallel:run_until_complete
[0.388s] INFO:colcon.colcon_ros.task.ament_cmake.build:Building ROS package in '/home/mosalam/robot_ws/src/serial_motor_demo/serial_motor_demo_msgs' with build type 'ament_cmake'
[0.388s] INFO:colcon.colcon_cmake.task.cmake.build:Building CMake package in '/home/mosalam/robot_ws/src/serial_motor_demo/serial_motor_demo_msgs'
[0.390s] INFO:colcon.colcon_core.plugin_system:Skipping extension 'colcon_core.shell.bat': Not used on non-Windows systems
[0.390s] INFO:colcon.colcon_core.shell:Skip shell extension 'powershell' for command environment: Not usable outside of PowerShell
[0.390s] DEBUG:colcon.colcon_core.shell:Skip shell extension 'dsv' for command environment
[0.394s] INFO:colcon.colcon_ros.task.ament_cmake.build:Building ROS package in '/home/mosalam/robot_ws/src/urdf_tutorial' with build type 'ament_cmake'
[0.395s] INFO:colcon.colcon_cmake.task.cmake.build:Building CMake package in '/home/mosalam/robot_ws/src/urdf_tutorial'
[0.395s] INFO:colcon.colcon_core.shell:Skip shell extension 'powershell' for command environment: Not usable outside of PowerShell
[0.395s] DEBUG:colcon.colcon_core.shell:Skip shell extension 'dsv' for command environment
[0.399s] INFO:colcon.colcon_ros.task.ament_python.build:Building ROS package in '/home/mosalam/robot_ws/src/Autonomous-Explorer-and-Mapper-ros2-nav2' with build type 'ament_python'
[0.399s] Level 1:colcon.colcon_core.shell:create_environment_hook('custom_explorer', 'ament_prefix_path')
[0.400s] INFO:colcon.colcon_core.shell:Creating environment hook '/home/mosalam/robot_ws/install/custom_explorer/share/custom_explorer/hook/ament_prefix_path.ps1'
[0.400s] INFO:colcon.colcon_core.shell:Creating environment descriptor '/home/mosalam/robot_ws/install/custom_explorer/share/custom_explorer/hook/ament_prefix_path.dsv'
[0.401s] INFO:colcon.colcon_core.shell:Creating environment hook '/home/mosalam/robot_ws/install/custom_explorer/share/custom_explorer/hook/ament_prefix_path.sh'
[0.402s] INFO:colcon.colcon_core.shell:Skip shell extension 'powershell' for command environment: Not usable outside of PowerShell
[0.402s] DEBUG:colcon.colcon_core.shell:Skip shell extension 'dsv' for command environment
[0.406s] INFO:colcon.colcon_ros.task.ament_cmake.build:Building ROS package in '/home/mosalam/robot_ws/src/diffdrive_arduino' with build type 'ament_cmake'
[0.406s] INFO:colcon.colcon_cmake.task.cmake.build:Building CMake package in '/home/mosalam/robot_ws/src/diffdrive_arduino'
[0.406s] INFO:colcon.colcon_core.shell:Skip shell extension 'powershell' for command environment: Not usable outside of PowerShell
[0.406s] DEBUG:colcon.colcon_core.shell:Skip shell extension 'dsv' for command environment
[0.414s] DEBUG:colcon.colcon_core.event_handler.log_command:Invoking command in '/home/mosalam/robot_ws/build/serial_motor_demo_msgs': CMAKE_PREFIX_PATH=${CMAKE_PREFIX_PATH}:/home/mosalam/robot_ws/install/serial_motor_demo:/home/mosalam/robot_ws/install/custom_explorer:/opt/ros/humble /usr/bin/cmake --build /home/mosalam/robot_ws/build/serial_motor_demo_msgs -- -j4 -l4
[0.419s] DEBUG:colcon.colcon_core.event_handler.log_command:Invoking command in '/home/mosalam/robot_ws/build/urdf_tutorial': CMAKE_PREFIX_PATH=${CMAKE_PREFIX_PATH}:/home/mosalam/robot_ws/install/serial_motor_demo:/home/mosalam/robot_ws/install/custom_explorer:/opt/ros/humble /usr/bin/cmake --build /home/mosalam/robot_ws/build/urdf_tutorial -- -j4 -l4
[0.811s] INFO:colcon.colcon_core.task.python.build:Building Python package in '/home/mosalam/robot_ws/src/Autonomous-Explorer-and-Mapper-ros2-nav2'
[0.812s] INFO:colcon.colcon_core.shell:Skip shell extension 'powershell' for command environment: Not usable outside of PowerShell
[0.812s] DEBUG:colcon.colcon_core.shell:Skip shell extension 'dsv' for command environment
[0.826s] DEBUG:colcon.colcon_core.event_handler.log_command:Invoking command in '/home/mosalam/robot_ws/build/diffdrive_arduino': CMAKE_PREFIX_PATH=${CMAKE_PREFIX_PATH}:/home/mosalam/robot_ws/install/serial_motor_demo:/home/mosalam/robot_ws/install/custom_explorer:/opt/ros/humble /usr/bin/cmake --build /home/mosalam/robot_ws/build/diffdrive_arduino -- -j4 -l4
[0.829s] DEBUG:colcon.colcon_core.event_handler.log_command:Invoked command in '/home/mosalam/robot_ws/build/urdf_tutorial' returned '0': CMAKE_PREFIX_PATH=${CMAKE_PREFIX_PATH}:/home/mosalam/robot_ws/install/serial_motor_demo:/home/mosalam/robot_ws/install/custom_explorer:/opt/ros/humble /usr/bin/cmake --build /home/mosalam/robot_ws/build/urdf_tutorial -- -j4 -l4
[0.842s] DEBUG:colcon.colcon_core.event_handler.log_command:Invoking command in '/home/mosalam/robot_ws/build/urdf_tutorial': CMAKE_PREFIX_PATH=${CMAKE_PREFIX_PATH}:/home/mosalam/robot_ws/install/serial_motor_demo:/home/mosalam/robot_ws/install/custom_explorer:/opt/ros/humble /usr/bin/cmake --install /home/mosalam/robot_ws/build/urdf_tutorial
[0.879s] Level 1:colcon.colcon_core.environment:create_environment_scripts_only(urdf_tutorial)
[0.882s] DEBUG:colcon.colcon_core.event_handler.log_command:Invoked command in '/home/mosalam/robot_ws/build/urdf_tutorial' returned '0': CMAKE_PREFIX_PATH=${CMAKE_PREFIX_PATH}:/home/mosalam/robot_ws/install/serial_motor_demo:/home/mosalam/robot_ws/install/custom_explorer:/opt/ros/humble /usr/bin/cmake --install /home/mosalam/robot_ws/build/urdf_tutorial
[0.883s] Level 1:colcon.colcon_core.environment:checking '/home/mosalam/robot_ws/install/urdf_tutorial' for CMake module files
[0.884s] Level 1:colcon.colcon_core.environment:checking '/home/mosalam/robot_ws/install/urdf_tutorial' for CMake config files
[0.885s] Level 1:colcon.colcon_core.shell:create_environment_hook('urdf_tutorial', 'cmake_prefix_path')
[0.885s] INFO:colcon.colcon_core.shell:Creating environment hook '/home/mosalam/robot_ws/install/urdf_tutorial/share/urdf_tutorial/hook/cmake_prefix_path.ps1'
[0.886s] INFO:colcon.colcon_core.shell:Creating environment descriptor '/home/mosalam/robot_ws/install/urdf_tutorial/share/urdf_tutorial/hook/cmake_prefix_path.dsv'
[0.886s] INFO:colcon.colcon_core.shell:Creating environment hook '/home/mosalam/robot_ws/install/urdf_tutorial/share/urdf_tutorial/hook/cmake_prefix_path.sh'
[0.888s] Level 1:colcon.colcon_core.environment:checking '/home/mosalam/robot_ws/install/urdf_tutorial/bin'
[0.888s] Level 1:colcon.colcon_core.environment:checking '/home/mosalam/robot_ws/install/urdf_tutorial/lib/pkgconfig/urdf_tutorial.pc'
[0.888s] Level 1:colcon.colcon_core.environment:checking '/home/mosalam/robot_ws/install/urdf_tutorial/lib/python3.10/site-packages'
[0.889s] Level 1:colcon.colcon_core.environment:checking '/home/mosalam/robot_ws/install/urdf_tutorial/bin'
[0.890s] INFO:colcon.colcon_core.shell:Creating package script '/home/mosalam/robot_ws/install/urdf_tutorial/share/urdf_tutorial/package.ps1'
[0.892s] INFO:colcon.colcon_core.shell:Creating package descriptor '/home/mosalam/robot_ws/install/urdf_tutorial/share/urdf_tutorial/package.dsv'
[0.893s] INFO:colcon.colcon_core.shell:Creating package script '/home/mosalam/robot_ws/install/urdf_tutorial/share/urdf_tutorial/package.sh'
[0.895s] INFO:colcon.colcon_core.shell:Creating package script '/home/mosalam/robot_ws/install/urdf_tutorial/share/urdf_tutorial/package.bash'
[0.896s] INFO:colcon.colcon_core.shell:Creating package script '/home/mosalam/robot_ws/install/urdf_tutorial/share/urdf_tutorial/package.zsh'
[0.898s] Level 1:colcon.colcon_core.environment:create_file_with_runtime_dependencies(/home/mosalam/robot_ws/install/urdf_tutorial/share/colcon-core/packages/urdf_tutorial)
[0.899s] Level 1:colcon.colcon_core.environment:create_environment_scripts_only(urdf_tutorial)
[0.899s] Level 1:colcon.colcon_core.environment:checking '/home/mosalam/robot_ws/install/urdf_tutorial' for CMake module files
[0.900s] Level 1:colcon.colcon_core.environment:checking '/home/mosalam/robot_ws/install/urdf_tutorial' for CMake config files
[0.901s] Level 1:colcon.colcon_core.shell:create_environment_hook('urdf_tutorial', 'cmake_prefix_path')
[0.901s] INFO:colcon.colcon_core.shell:Creating environment hook '/home/mosalam/robot_ws/install/urdf_tutorial/share/urdf_tutorial/hook/cmake_prefix_path.ps1'
[0.902s] INFO:colcon.colcon_core.shell:Creating environment descriptor '/home/mosalam/robot_ws/install/urdf_tutorial/share/urdf_tutorial/hook/cmake_prefix_path.dsv'
[0.902s] INFO:colcon.colcon_core.shell:Creating environment hook '/home/mosalam/robot_ws/install/urdf_tutorial/share/urdf_tutorial/hook/cmake_prefix_path.sh'
[0.903s] Level 1:colcon.colcon_core.environment:checking '/home/mosalam/robot_ws/install/urdf_tutorial/bin'
[0.903s] Level 1:colcon.colcon_core.environment:checking '/home/mosalam/robot_ws/install/urdf_tutorial/lib/pkgconfig/urdf_tutorial.pc'
[0.904s] Level 1:colcon.colcon_core.environment:checking '/home/mosalam/robot_ws/install/urdf_tutorial/lib/python3.10/site-packages'
[0.904s] Level 1:colcon.colcon_core.environment:checking '/home/mosalam/robot_ws/install/urdf_tutorial/bin'
[0.905s] INFO:colcon.colcon_core.shell:Creating package script '/home/mosalam/robot_ws/install/urdf_tutorial/share/urdf_tutorial/package.ps1'
[0.906s] INFO:colcon.colcon_core.shell:Creating package descriptor '/home/mosalam/robot_ws/install/urdf_tutorial/share/urdf_tutorial/package.dsv'
[0.906s] INFO:colcon.colcon_core.shell:Creating package script '/home/mosalam/robot_ws/install/urdf_tutorial/share/urdf_tutorial/package.sh'
[0.907s] INFO:colcon.colcon_core.shell:Creating package script '/home/mosalam/robot_ws/install/urdf_tutorial/share/urdf_tutorial/package.bash'
[0.908s] INFO:colcon.colcon_core.shell:Creating package script '/home/mosalam/robot_ws/install/urdf_tutorial/share/urdf_tutorial/package.zsh'
[0.909s] Level 1:colcon.colcon_core.environment:create_file_with_runtime_dependencies(/home/mosalam/robot_ws/install/urdf_tutorial/share/colcon-core/packages/urdf_tutorial)
[0.910s] INFO:colcon.colcon_ros.task.ament_cmake.build:Building ROS package in '/home/mosalam/robot_ws/src/rplidar_ros2' with build type 'ament_cmake'
[0.910s] INFO:colcon.colcon_cmake.task.cmake.build:Building CMake package in '/home/mosalam/robot_ws/src/rplidar_ros2'
[0.910s] INFO:colcon.colcon_core.shell:Skip shell extension 'powershell' for command environment: Not usable outside of PowerShell
[0.911s] DEBUG:colcon.colcon_core.shell:Skip shell extension 'dsv' for command environment
[0.930s] DEBUG:colcon.colcon_core.event_handler.log_command:Invoking command in '/home/mosalam/robot_ws/build/rplidar_ros': CMAKE_PREFIX_PATH=${CMAKE_PREFIX_PATH}:/home/mosalam/robot_ws/install/serial_motor_demo:/home/mosalam/robot_ws/install/custom_explorer:/opt/ros/humble /usr/bin/cmake --build /home/mosalam/robot_ws/build/rplidar_ros -- -j4 -l4
[0.937s] DEBUG:colcon.colcon_core.event_handler.log_command:Invoked command in '/home/mosalam/robot_ws/build/diffdrive_arduino' returned '0': CMAKE_PREFIX_PATH=${CMAKE_PREFIX_PATH}:/home/mosalam/robot_ws/install/serial_motor_demo:/home/mosalam/robot_ws/install/custom_explorer:/opt/ros/humble /usr/bin/cmake --build /home/mosalam/robot_ws/build/diffdrive_arduino -- -j4 -l4
[0.940s] DEBUG:colcon.colcon_core.event_handler.log_command:Invoking command in '/home/mosalam/robot_ws/build/diffdrive_arduino': CMAKE_PREFIX_PATH=${CMAKE_PREFIX_PATH}:/home/mosalam/robot_ws/install/serial_motor_demo:/home/mosalam/robot_ws/install/custom_explorer:/opt/ros/humble /usr/bin/cmake --install /home/mosalam/robot_ws/build/diffdrive_arduino
[0.985s] DEBUG:colcon.colcon_core.event_handler.log_command:Invoked command in '/home/mosalam/robot_ws/build/serial_motor_demo_msgs' returned '0': CMAKE_PREFIX_PATH=${CMAKE_PREFIX_PATH}:/home/mosalam/robot_ws/install/serial_motor_demo:/home/mosalam/robot_ws/install/custom_explorer:/opt/ros/humble /usr/bin/cmake --build /home/mosalam/robot_ws/build/serial_motor_demo_msgs -- -j4 -l4
[0.992s] DEBUG:colcon.colcon_core.event_handler.log_command:Invoking command in '/home/mosalam/robot_ws/build/serial_motor_demo_msgs': CMAKE_PREFIX_PATH=${CMAKE_PREFIX_PATH}:/home/mosalam/robot_ws/install/serial_motor_demo:/home/mosalam/robot_ws/install/custom_explorer:/opt/ros/humble /usr/bin/cmake --install /home/mosalam/robot_ws/build/serial_motor_demo_msgs
[0.995s] Level 1:colcon.colcon_core.environment:create_environment_scripts_only(diffdrive_arduino)
[0.996s] Level 1:colcon.colcon_core.environment:checking '/home/mosalam/robot_ws/install/diffdrive_arduino' for CMake module files
[0.996s] Level 1:colcon.colcon_core.environment:checking '/home/mosalam/robot_ws/install/diffdrive_arduino' for CMake config files
[0.997s] Level 1:colcon.colcon_core.shell:create_environment_hook('diffdrive_arduino', 'cmake_prefix_path')
[0.997s] INFO:colcon.colcon_core.shell:Creating environment hook '/home/mosalam/robot_ws/install/diffdrive_arduino/share/diffdrive_arduino/hook/cmake_prefix_path.ps1'
[0.998s] DEBUG:colcon.colcon_core.event_handler.log_command:Invoked command in '/home/mosalam/robot_ws/build/diffdrive_arduino' returned '0': CMAKE_PREFIX_PATH=${CMAKE_PREFIX_PATH}:/home/mosalam/robot_ws/install/serial_motor_demo:/home/mosalam/robot_ws/install/custom_explorer:/opt/ros/humble /usr/bin/cmake --install /home/mosalam/robot_ws/build/diffdrive_arduino
[0.999s] INFO:colcon.colcon_core.shell:Creating environment descriptor '/home/mosalam/robot_ws/install/diffdrive_arduino/share/diffdrive_arduino/hook/cmake_prefix_path.dsv'
[0.999s] INFO:colcon.colcon_core.shell:Creating environment hook '/home/mosalam/robot_ws/install/diffdrive_arduino/share/diffdrive_arduino/hook/cmake_prefix_path.sh'
[1.000s] Level 1:colcon.colcon_core.environment:checking '/home/mosalam/robot_ws/install/diffdrive_arduino/lib'
[1.001s] Level 1:colcon.colcon_core.shell:create_environment_hook('diffdrive_arduino', 'ld_library_path_lib')
[1.001s] INFO:colcon.colcon_core.shell:Creating environment hook '/home/mosalam/robot_ws/install/diffdrive_arduino/share/diffdrive_arduino/hook/ld_library_path_lib.ps1'
[1.002s] INFO:colcon.colcon_core.shell:Creating environment descriptor '/home/mosalam/robot_ws/install/diffdrive_arduino/share/diffdrive_arduino/hook/ld_library_path_lib.dsv'
[1.002s] INFO:colcon.colcon_core.shell:Creating environment hook '/home/mosalam/robot_ws/install/diffdrive_arduino/share/diffdrive_arduino/hook/ld_library_path_lib.sh'
[1.003s] Level 1:colcon.colcon_core.environment:checking '/home/mosalam/robot_ws/install/diffdrive_arduino/bin'
[1.003s] Level 1:colcon.colcon_core.environment:checking '/home/mosalam/robot_ws/install/diffdrive_arduino/lib/pkgconfig/diffdrive_arduino.pc'
[1.004s] Level 1:colcon.colcon_core.environment:checking '/home/mosalam/robot_ws/install/diffdrive_arduino/lib/python3.10/site-packages'
[1.004s] Level 1:colcon.colcon_core.environment:checking '/home/mosalam/robot_ws/install/diffdrive_arduino/bin'
[1.005s] INFO:colcon.colcon_core.shell:Creating package script '/home/mosalam/robot_ws/install/diffdrive_arduino/share/diffdrive_arduino/package.ps1'
[1.005s] INFO:colcon.colcon_core.shell:Creating package descriptor '/home/mosalam/robot_ws/install/diffdrive_arduino/share/diffdrive_arduino/package.dsv'
[1.006s] INFO:colcon.colcon_core.shell:Creating package script '/home/mosalam/robot_ws/install/diffdrive_arduino/share/diffdrive_arduino/package.sh'
[1.007s] INFO:colcon.colcon_core.shell:Creating package script '/home/mosalam/robot_ws/install/diffdrive_arduino/share/diffdrive_arduino/package.bash'
[1.007s] INFO:colcon.colcon_core.shell:Creating package script '/home/mosalam/robot_ws/install/diffdrive_arduino/share/diffdrive_arduino/package.zsh'
[1.008s] Level 1:colcon.colcon_core.environment:create_file_with_runtime_dependencies(/home/mosalam/robot_ws/install/diffdrive_arduino/share/colcon-core/packages/diffdrive_arduino)
[1.009s] Level 1:colcon.colcon_core.environment:create_environment_scripts_only(diffdrive_arduino)
[1.010s] Level 1:colcon.colcon_core.environment:checking '/home/mosalam/robot_ws/install/diffdrive_arduino' for CMake module files
[1.010s] Level 1:colcon.colcon_core.environment:checking '/home/mosalam/robot_ws/install/diffdrive_arduino' for CMake config files
[1.011s] Level 1:colcon.colcon_core.shell:create_environment_hook('diffdrive_arduino', 'cmake_prefix_path')
[1.012s] INFO:colcon.colcon_core.shell:Creating environment hook '/home/mosalam/robot_ws/install/diffdrive_arduino/share/diffdrive_arduino/hook/cmake_prefix_path.ps1'
[1.012s] INFO:colcon.colcon_core.shell:Creating environment descriptor '/home/mosalam/robot_ws/install/diffdrive_arduino/share/diffdrive_arduino/hook/cmake_prefix_path.dsv'
[1.013s] INFO:colcon.colcon_core.shell:Creating environment hook '/home/mosalam/robot_ws/install/diffdrive_arduino/share/diffdrive_arduino/hook/cmake_prefix_path.sh'
[1.014s] Level 1:colcon.colcon_core.environment:checking '/home/mosalam/robot_ws/install/diffdrive_arduino/lib'
[1.014s] Level 1:colcon.colcon_core.shell:create_environment_hook('diffdrive_arduino', 'ld_library_path_lib')
[1.015s] INFO:colcon.colcon_core.shell:Creating environment hook '/home/mosalam/robot_ws/install/diffdrive_arduino/share/diffdrive_arduino/hook/ld_library_path_lib.ps1'
[1.016s] INFO:colcon.colcon_core.shell:Creating environment descriptor '/home/mosalam/robot_ws/install/diffdrive_arduino/share/diffdrive_arduino/hook/ld_library_path_lib.dsv'
[1.016s] INFO:colcon.colcon_core.shell:Creating environment hook '/home/mosalam/robot_ws/install/diffdrive_arduino/share/diffdrive_arduino/hook/ld_library_path_lib.sh'
[1.017s] Level 1:colcon.colcon_core.environment:checking '/home/mosalam/robot_ws/install/diffdrive_arduino/bin'
[1.017s] Level 1:colcon.colcon_core.environment:checking '/home/mosalam/robot_ws/install/diffdrive_arduino/lib/pkgconfig/diffdrive_arduino.pc'
[1.018s] Level 1:colcon.colcon_core.environment:checking '/home/mosalam/robot_ws/install/diffdrive_arduino/lib/python3.10/site-packages'
[1.018s] Level 1:colcon.colcon_core.environment:checking '/home/mosalam/robot_ws/install/diffdrive_arduino/bin'
[1.019s] INFO:colcon.colcon_core.shell:Creating package script '/home/mosalam/robot_ws/install/diffdrive_arduino/share/diffdrive_arduino/package.ps1'
[1.020s] INFO:colcon.colcon_core.shell:Creating package descriptor '/home/mosalam/robot_ws/install/diffdrive_arduino/share/diffdrive_arduino/package.dsv'
[1.022s] INFO:colcon.colcon_core.shell:Creating package script '/home/mosalam/robot_ws/install/diffdrive_arduino/share/diffdrive_arduino/package.sh'
[1.023s] INFO:colcon.colcon_core.shell:Creating package script '/home/mosalam/robot_ws/install/diffdrive_arduino/share/diffdrive_arduino/package.bash'
[1.024s] INFO:colcon.colcon_core.shell:Creating package script '/home/mosalam/robot_ws/install/diffdrive_arduino/share/diffdrive_arduino/package.zsh'
[1.025s] Level 1:colcon.colcon_core.environment:create_file_with_runtime_dependencies(/home/mosalam/robot_ws/install/diffdrive_arduino/share/colcon-core/packages/diffdrive_arduino)
[1.026s] INFO:colcon.colcon_ros.task.ament_cmake.build:Building ROS package in '/home/mosalam/robot_ws/src/serial' with build type 'ament_cmake'
[1.026s] INFO:colcon.colcon_cmake.task.cmake.build:Building CMake package in '/home/mosalam/robot_ws/src/serial'
[1.026s] INFO:colcon.colcon_core.shell:Skip shell extension 'powershell' for command environment: Not usable outside of PowerShell
[1.026s] DEBUG:colcon.colcon_core.shell:Skip shell extension 'dsv' for command environment
[1.052s] DEBUG:colcon.colcon_core.event_handler.log_command:Invoking command in '/home/mosalam/robot_ws/build/serial': CMAKE_PREFIX_PATH=${CMAKE_PREFIX_PATH}:/home/mosalam/robot_ws/install/serial_motor_demo:/home/mosalam/robot_ws/install/custom_explorer:/opt/ros/humble /usr/bin/cmake --build /home/mosalam/robot_ws/build/serial -- -j4 -l4
[1.116s] DEBUG:colcon.colcon_core.event_handler.log_command:Invoked command in '/home/mosalam/robot_ws/build/rplidar_ros' returned '0': CMAKE_PREFIX_PATH=${CMAKE_PREFIX_PATH}:/home/mosalam/robot_ws/install/serial_motor_demo:/home/mosalam/robot_ws/install/custom_explorer:/opt/ros/humble /usr/bin/cmake --build /home/mosalam/robot_ws/build/rplidar_ros -- -j4 -l4
[1.129s] DEBUG:colcon.colcon_core.event_handler.log_command:Invoking command in '/home/mosalam/robot_ws/build/rplidar_ros': CMAKE_PREFIX_PATH=${CMAKE_PREFIX_PATH}:/home/mosalam/robot_ws/install/serial_motor_demo:/home/mosalam/robot_ws/install/custom_explorer:/opt/ros/humble /usr/bin/cmake --install /home/mosalam/robot_ws/build/rplidar_ros
[1.178s] Level 1:colcon.colcon_core.environment:create_environment_scripts_only(serial_motor_demo_msgs)
[1.178s] Level 1:colcon.colcon_core.environment:checking '/home/mosalam/robot_ws/install/serial_motor_demo_msgs' for CMake module files
[1.179s] Level 1:colcon.colcon_core.environment:checking '/home/mosalam/robot_ws/install/serial_motor_demo_msgs' for CMake config files
[1.184s] DEBUG:colcon.colcon_core.event_handler.log_command:Invoked command in '/home/mosalam/robot_ws/build/serial_motor_demo_msgs' returned '0': CMAKE_PREFIX_PATH=${CMAKE_PREFIX_PATH}:/home/mosalam/robot_ws/install/serial_motor_demo:/home/mosalam/robot_ws/install/custom_explorer:/opt/ros/humble /usr/bin/cmake --install /home/mosalam/robot_ws/build/serial_motor_demo_msgs
[1.186s] Level 1:colcon.colcon_core.shell:create_environment_hook('serial_motor_demo_msgs', 'cmake_prefix_path')
[1.186s] INFO:colcon.colcon_core.shell:Creating environment hook '/home/mosalam/robot_ws/install/serial_motor_demo_msgs/share/serial_motor_demo_msgs/hook/cmake_prefix_path.ps1'
[1.187s] INFO:colcon.colcon_core.shell:Creating environment descriptor '/home/mosalam/robot_ws/install/serial_motor_demo_msgs/share/serial_motor_demo_msgs/hook/cmake_prefix_path.dsv'
[1.188s] INFO:colcon.colcon_core.shell:Creating environment hook '/home/mosalam/robot_ws/install/serial_motor_demo_msgs/share/serial_motor_demo_msgs/hook/cmake_prefix_path.sh'
[1.189s] Level 1:colcon.colcon_core.environment:checking '/home/mosalam/robot_ws/install/serial_motor_demo_msgs/lib'
[1.189s] Level 1:colcon.colcon_core.shell:create_environment_hook('serial_motor_demo_msgs', 'ld_library_path_lib')
[1.189s] INFO:colcon.colcon_core.shell:Creating environment hook '/home/mosalam/robot_ws/install/serial_motor_demo_msgs/share/serial_motor_demo_msgs/hook/ld_library_path_lib.ps1'
[1.190s] INFO:colcon.colcon_core.shell:Creating environment descriptor '/home/mosalam/robot_ws/install/serial_motor_demo_msgs/share/serial_motor_demo_msgs/hook/ld_library_path_lib.dsv'
[1.191s] INFO:colcon.colcon_core.shell:Creating environment hook '/home/mosalam/robot_ws/install/serial_motor_demo_msgs/share/serial_motor_demo_msgs/hook/ld_library_path_lib.sh'
[1.191s] Level 1:colcon.colcon_core.environment:checking '/home/mosalam/robot_ws/install/serial_motor_demo_msgs/bin'
[1.191s] Level 1:colcon.colcon_core.environment:checking '/home/mosalam/robot_ws/install/serial_motor_demo_msgs/lib/pkgconfig/serial_motor_demo_msgs.pc'
[1.192s] Level 1:colcon.colcon_core.environment:checking '/home/mosalam/robot_ws/install/serial_motor_demo_msgs/lib/python3.10/site-packages'
[1.192s] Level 1:colcon.colcon_core.environment:checking '/home/mosalam/robot_ws/install/serial_motor_demo_msgs/bin'
[1.193s] INFO:colcon.colcon_core.shell:Creating package script '/home/mosalam/robot_ws/install/serial_motor_demo_msgs/share/serial_motor_demo_msgs/package.ps1'
[1.194s] INFO:colcon.colcon_core.shell:Creating package descriptor '/home/mosalam/robot_ws/install/serial_motor_demo_msgs/share/serial_motor_demo_msgs/package.dsv'
[1.195s] INFO:colcon.colcon_core.shell:Creating package script '/home/mosalam/robot_ws/install/serial_motor_demo_msgs/share/serial_motor_demo_msgs/package.sh'
[1.196s] INFO:colcon.colcon_core.shell:Creating package script '/home/mosalam/robot_ws/install/serial_motor_demo_msgs/share/serial_motor_demo_msgs/package.bash'
[1.197s] INFO:colcon.colcon_core.shell:Creating package script '/home/mosalam/robot_ws/install/serial_motor_demo_msgs/share/serial_motor_demo_msgs/package.zsh'
[1.197s] Level 1:colcon.colcon_core.environment:create_file_with_runtime_dependencies(/home/mosalam/robot_ws/install/serial_motor_demo_msgs/share/colcon-core/packages/serial_motor_demo_msgs)
[1.198s] Level 1:colcon.colcon_core.environment:create_environment_scripts_only(serial_motor_demo_msgs)
[1.199s] Level 1:colcon.colcon_core.environment:checking '/home/mosalam/robot_ws/install/serial_motor_demo_msgs' for CMake module files
[1.200s] Level 1:colcon.colcon_core.environment:checking '/home/mosalam/robot_ws/install/serial_motor_demo_msgs' for CMake config files
[1.201s] Level 1:colcon.colcon_core.shell:create_environment_hook('serial_motor_demo_msgs', 'cmake_prefix_path')
[1.202s] INFO:colcon.colcon_core.shell:Creating environment hook '/home/mosalam/robot_ws/install/serial_motor_demo_msgs/share/serial_motor_demo_msgs/hook/cmake_prefix_path.ps1'
[1.203s] INFO:colcon.colcon_core.shell:Creating environment descriptor '/home/mosalam/robot_ws/install/serial_motor_demo_msgs/share/serial_motor_demo_msgs/hook/cmake_prefix_path.dsv'
[1.204s] INFO:colcon.colcon_core.shell:Creating environment hook '/home/mosalam/robot_ws/install/serial_motor_demo_msgs/share/serial_motor_demo_msgs/hook/cmake_prefix_path.sh'
[1.205s] Level 1:colcon.colcon_core.environment:checking '/home/mosalam/robot_ws/install/serial_motor_demo_msgs/lib'
[1.205s] Level 1:colcon.colcon_core.shell:create_environment_hook('serial_motor_demo_msgs', 'ld_library_path_lib')
[1.206s] INFO:colcon.colcon_core.shell:Creating environment hook '/home/mosalam/robot_ws/install/serial_motor_demo_msgs/share/serial_motor_demo_msgs/hook/ld_library_path_lib.ps1'
[1.207s] INFO:colcon.colcon_core.shell:Creating environment descriptor '/home/mosalam/robot_ws/install/serial_motor_demo_msgs/share/serial_motor_demo_msgs/hook/ld_library_path_lib.dsv'
[1.208s] INFO:colcon.colcon_core.shell:Creating environment hook '/home/mosalam/robot_ws/install/serial_motor_demo_msgs/share/serial_motor_demo_msgs/hook/ld_library_path_lib.sh'
[1.209s] Level 1:colcon.colcon_core.environment:checking '/home/mosalam/robot_ws/install/serial_motor_demo_msgs/bin'
[1.209s] Level 1:colcon.colcon_core.environment:checking '/home/mosalam/robot_ws/install/serial_motor_demo_msgs/lib/pkgconfig/serial_motor_demo_msgs.pc'
[1.210s] Level 1:colcon.colcon_core.environment:checking '/home/mosalam/robot_ws/install/serial_motor_demo_msgs/lib/python3.10/site-packages'
[1.211s] Level 1:colcon.colcon_core.environment:checking '/home/mosalam/robot_ws/install/serial_motor_demo_msgs/bin'
[1.212s] INFO:colcon.colcon_core.shell:Creating package script '/home/mosalam/robot_ws/install/serial_motor_demo_msgs/share/serial_motor_demo_msgs/package.ps1'
[1.213s] INFO:colcon.colcon_core.shell:Creating package descriptor '/home/mosalam/robot_ws/install/serial_motor_demo_msgs/share/serial_motor_demo_msgs/package.dsv'
[1.214s] INFO:colcon.colcon_core.shell:Creating package script '/home/mosalam/robot_ws/install/serial_motor_demo_msgs/share/serial_motor_demo_msgs/package.sh'
[1.216s] INFO:colcon.colcon_core.shell:Creating package script '/home/mosalam/robot_ws/install/serial_motor_demo_msgs/share/serial_motor_demo_msgs/package.bash'
[1.217s] INFO:colcon.colcon_core.shell:Creating package script '/home/mosalam/robot_ws/install/serial_motor_demo_msgs/share/serial_motor_demo_msgs/package.zsh'
[1.218s] Level 1:colcon.colcon_core.environment:create_file_with_runtime_dependencies(/home/mosalam/robot_ws/install/serial_motor_demo_msgs/share/colcon-core/packages/serial_motor_demo_msgs)
[1.220s] INFO:colcon.colcon_ros.task.ament_cmake.build:Building ROS package in '/home/mosalam/robot_ws/src/robot' with build type 'ament_cmake'
[1.221s] INFO:colcon.colcon_cmake.task.cmake.build:Building CMake package in '/home/mosalam/robot_ws/src/robot'
[1.221s] INFO:colcon.colcon_core.shell:Skip shell extension 'powershell' for command environment: Not usable outside of PowerShell
[1.221s] DEBUG:colcon.colcon_core.shell:Skip shell extension 'dsv' for command environment
[1.231s] Level 1:colcon.colcon_core.environment:create_environment_scripts_only(rplidar_ros)
[1.232s] Level 1:colcon.colcon_core.environment:checking '/home/mosalam/robot_ws/install/rplidar_ros' for CMake module files
[1.233s] Level 1:colcon.colcon_core.environment:checking '/home/mosalam/robot_ws/install/rplidar_ros' for CMake config files
[1.234s] Level 1:colcon.colcon_core.shell:create_environment_hook('rplidar_ros', 'cmake_prefix_path')
[1.234s] INFO:colcon.colcon_core.shell:Creating environment hook '/home/mosalam/robot_ws/install/rplidar_ros/share/rplidar_ros/hook/cmake_prefix_path.ps1'
[1.235s] DEBUG:colcon.colcon_core.event_handler.log_command:Invoked command in '/home/mosalam/robot_ws/build/rplidar_ros' returned '0': CMAKE_PREFIX_PATH=${CMAKE_PREFIX_PATH}:/home/mosalam/robot_ws/install/serial_motor_demo:/home/mosalam/robot_ws/install/custom_explorer:/opt/ros/humble /usr/bin/cmake --install /home/mosalam/robot_ws/build/rplidar_ros
[1.235s] INFO:colcon.colcon_core.shell:Creating environment descriptor '/home/mosalam/robot_ws/install/rplidar_ros/share/rplidar_ros/hook/cmake_prefix_path.dsv'
[1.236s] INFO:colcon.colcon_core.shell:Creating environment hook '/home/mosalam/robot_ws/install/rplidar_ros/share/rplidar_ros/hook/cmake_prefix_path.sh'
[1.237s] Level 1:colcon.colcon_core.environment:checking '/home/mosalam/robot_ws/install/rplidar_ros/lib'
[1.237s] Level 1:colcon.colcon_core.shell:create_environment_hook('rplidar_ros', 'ld_library_path_lib')
[1.238s] INFO:colcon.colcon_core.shell:Creating environment hook '/home/mosalam/robot_ws/install/rplidar_ros/share/rplidar_ros/hook/ld_library_path_lib.ps1'
[1.238s] INFO:colcon.colcon_core.shell:Creating environment descriptor '/home/mosalam/robot_ws/install/rplidar_ros/share/rplidar_ros/hook/ld_library_path_lib.dsv'
[1.239s] INFO:colcon.colcon_core.shell:Creating environment hook '/home/mosalam/robot_ws/install/rplidar_ros/share/rplidar_ros/hook/ld_library_path_lib.sh'
[1.239s] Level 1:colcon.colcon_core.environment:checking '/home/mosalam/robot_ws/install/rplidar_ros/bin'
[1.239s] Level 1:colcon.colcon_core.environment:checking '/home/mosalam/robot_ws/install/rplidar_ros/lib/pkgconfig/rplidar_ros.pc'
[1.239s] Level 1:colcon.colcon_core.environment:checking '/home/mosalam/robot_ws/install/rplidar_ros/lib/python3.10/site-packages'
[1.240s] Level 1:colcon.colcon_core.environment:checking '/home/mosalam/robot_ws/install/rplidar_ros/bin'
[1.240s] INFO:colcon.colcon_core.shell:Creating package script '/home/mosalam/robot_ws/install/rplidar_ros/share/rplidar_ros/package.ps1'
[1.241s] INFO:colcon.colcon_core.shell:Creating package descriptor '/home/mosalam/robot_ws/install/rplidar_ros/share/rplidar_ros/package.dsv'
[1.241s] INFO:colcon.colcon_core.shell:Creating package script '/home/mosalam/robot_ws/install/rplidar_ros/share/rplidar_ros/package.sh'
[1.242s] INFO:colcon.colcon_core.shell:Creating package script '/home/mosalam/robot_ws/install/rplidar_ros/share/rplidar_ros/package.bash'
[1.242s] INFO:colcon.colcon_core.shell:Creating package script '/home/mosalam/robot_ws/install/rplidar_ros/share/rplidar_ros/package.zsh'
[1.243s] Level 1:colcon.colcon_core.environment:create_file_with_runtime_dependencies(/home/mosalam/robot_ws/install/rplidar_ros/share/colcon-core/packages/rplidar_ros)
[1.244s] Level 1:colcon.colcon_core.environment:create_environment_scripts_only(rplidar_ros)
[1.244s] Level 1:colcon.colcon_core.environment:checking '/home/mosalam/robot_ws/install/rplidar_ros' for CMake module files
[1.244s] Level 1:colcon.colcon_core.environment:checking '/home/mosalam/robot_ws/install/rplidar_ros' for CMake config files
[1.245s] Level 1:colcon.colcon_core.shell:create_environment_hook('rplidar_ros', 'cmake_prefix_path')
[1.245s] INFO:colcon.colcon_core.shell:Creating environment hook '/home/mosalam/robot_ws/install/rplidar_ros/share/rplidar_ros/hook/cmake_prefix_path.ps1'
[1.246s] INFO:colcon.colcon_core.shell:Creating environment descriptor '/home/mosalam/robot_ws/install/rplidar_ros/share/rplidar_ros/hook/cmake_prefix_path.dsv'
[1.246s] INFO:colcon.colcon_core.shell:Creating environment hook '/home/mosalam/robot_ws/install/rplidar_ros/share/rplidar_ros/hook/cmake_prefix_path.sh'
[1.247s] Level 1:colcon.colcon_core.environment:checking '/home/mosalam/robot_ws/install/rplidar_ros/lib'
[1.247s] Level 1:colcon.colcon_core.shell:create_environment_hook('rplidar_ros', 'ld_library_path_lib')
[1.247s] INFO:colcon.colcon_core.shell:Creating environment hook '/home/mosalam/robot_ws/install/rplidar_ros/share/rplidar_ros/hook/ld_library_path_lib.ps1'
[1.248s] INFO:colcon.colcon_core.shell:Creating environment descriptor '/home/mosalam/robot_ws/install/rplidar_ros/share/rplidar_ros/hook/ld_library_path_lib.dsv'
[1.248s] INFO:colcon.colcon_core.shell:Creating environment hook '/home/mosalam/robot_ws/install/rplidar_ros/share/rplidar_ros/hook/ld_library_path_lib.sh'
[1.249s] Level 1:colcon.colcon_core.environment:checking '/home/mosalam/robot_ws/install/rplidar_ros/bin'
[1.249s] Level 1:colcon.colcon_core.environment:checking '/home/mosalam/robot_ws/install/rplidar_ros/lib/pkgconfig/rplidar_ros.pc'
[1.249s] Level 1:colcon.colcon_core.environment:checking '/home/mosalam/robot_ws/install/rplidar_ros/lib/python3.10/site-packages'
[1.250s] Level 1:colcon.colcon_core.environment:checking '/home/mosalam/robot_ws/install/rplidar_ros/bin'
[1.250s] INFO:colcon.colcon_core.shell:Creating package script '/home/mosalam/robot_ws/install/rplidar_ros/share/rplidar_ros/package.ps1'
[1.251s] INFO:colcon.colcon_core.shell:Creating package descriptor '/home/mosalam/robot_ws/install/rplidar_ros/share/rplidar_ros/package.dsv'
[1.252s] INFO:colcon.colcon_core.shell:Creating package script '/home/mosalam/robot_ws/install/rplidar_ros/share/rplidar_ros/package.sh'
[1.252s] INFO:colcon.colcon_core.shell:Creating package script '/home/mosalam/robot_ws/install/rplidar_ros/share/rplidar_ros/package.bash'
[1.253s] INFO:colcon.colcon_core.shell:Creating package script '/home/mosalam/robot_ws/install/rplidar_ros/share/rplidar_ros/package.zsh'
[1.254s] Level 1:colcon.colcon_core.environment:create_file_with_runtime_dependencies(/home/mosalam/robot_ws/install/rplidar_ros/share/colcon-core/packages/rplidar_ros)
[1.255s] INFO:colcon.colcon_ros.task.ament_python.build:Building ROS package in '/home/mosalam/robot_ws/src/serial_motor_demo/serial_motor_demo' with build type 'ament_python'
[1.255s] Level 1:colcon.colcon_core.shell:create_environment_hook('serial_motor_demo', 'ament_prefix_path')
[1.255s] INFO:colcon.colcon_core.shell:Creating environment hook '/home/mosalam/robot_ws/install/serial_motor_demo/share/serial_motor_demo/hook/ament_prefix_path.ps1'
[1.256s] INFO:colcon.colcon_core.shell:Creating environment descriptor '/home/mosalam/robot_ws/install/serial_motor_demo/share/serial_motor_demo/hook/ament_prefix_path.dsv'
[1.256s] INFO:colcon.colcon_core.shell:Creating environment hook '/home/mosalam/robot_ws/install/serial_motor_demo/share/serial_motor_demo/hook/ament_prefix_path.sh'
[1.257s] INFO:colcon.colcon_core.shell:Skip shell extension 'powershell' for command environment: Not usable outside of PowerShell
[1.257s] DEBUG:colcon.colcon_core.shell:Skip shell extension 'dsv' for command environment
[1.265s] DEBUG:colcon.colcon_core.event_handler.log_command:Invoking command in '/home/mosalam/robot_ws/build/robot': CMAKE_PREFIX_PATH=/home/mosalam/robot_ws/install/urdf_tutorial:/home/mosalam/robot_ws/install/robot:/home/mosalam/robot_ws/install/serial_motor_demo_msgs:/home/mosalam/robot_ws/install/serial:/home/mosalam/robot_ws/install/rplidar_ros:/home/mosalam/robot_ws/install/multirobot_map_merge:/home/mosalam/robot_ws/install/explore_lite:/home/mosalam/robot_ws/install/diffdrive_arduino:/home/mosalam/robot_ws/install/serial_motor_demo:/home/mosalam/robot_ws/install/custom_explorer:/opt/ros/humble /usr/bin/cmake --build /home/mosalam/robot_ws/build/robot -- -j4 -l4
[1.267s] DEBUG:colcon.colcon_core.event_handler.log_command:Invoked command in '/home/mosalam/robot_ws/build/serial' returned '0': CMAKE_PREFIX_PATH=${CMAKE_PREFIX_PATH}:/home/mosalam/robot_ws/install/serial_motor_demo:/home/mosalam/robot_ws/install/custom_explorer:/opt/ros/humble /usr/bin/cmake --build /home/mosalam/robot_ws/build/serial -- -j4 -l4
[1.268s] DEBUG:colcon.colcon_core.event_handler.log_command:Invoking command in '/home/mosalam/robot_ws/build/serial': CMAKE_PREFIX_PATH=${CMAKE_PREFIX_PATH}:/home/mosalam/robot_ws/install/serial_motor_demo:/home/mosalam/robot_ws/install/custom_explorer:/opt/ros/humble /usr/bin/cmake --install /home/mosalam/robot_ws/build/serial
[1.562s] INFO:colcon.colcon_core.task.python.build:Building Python package in '/home/mosalam/robot_ws/src/serial_motor_demo/serial_motor_demo'
[1.562s] INFO:colcon.colcon_core.shell:Skip shell extension 'powershell' for command environment: Not usable outside of PowerShell
[1.562s] DEBUG:colcon.colcon_core.shell:Skip shell extension 'dsv' for command environment
[1.569s] Level 1:colcon.colcon_core.environment:create_environment_scripts_only(serial)
[1.570s] Level 1:colcon.colcon_core.environment:checking '/home/mosalam/robot_ws/install/serial' for CMake module files
[1.571s] DEBUG:colcon.colcon_core.event_handler.log_command:Invoking command in '/home/mosalam/robot_ws/src/Autonomous-Explorer-and-Mapper-ros2-nav2': PYTHONPATH=/home/mosalam/robot_ws/build/custom_explorer/prefix_override:/usr/lib/python3/dist-packages/colcon_core/task/python/colcon_distutils_commands:/home/mosalam/robot_ws/install/custom_explorer/lib/python3.10/site-packages:${PYTHONPATH} /usr/bin/python3 -W ignore:setup.py install is deprecated -W ignore:easy_install command is deprecated setup.py egg_info --egg-base ../../build/custom_explorer build --build-base /home/mosalam/robot_ws/build/custom_explorer/build install --record /home/mosalam/robot_ws/build/custom_explorer/install.log --single-version-externally-managed install_data
[1.572s] DEBUG:colcon.colcon_core.event_handler.log_command:Invoked command in '/home/mosalam/robot_ws/build/serial' returned '0': CMAKE_PREFIX_PATH=${CMAKE_PREFIX_PATH}:/home/mosalam/robot_ws/install/serial_motor_demo:/home/mosalam/robot_ws/install/custom_explorer:/opt/ros/humble /usr/bin/cmake --install /home/mosalam/robot_ws/build/serial
[1.572s] Level 1:colcon.colcon_core.environment:checking '/home/mosalam/robot_ws/install/serial' for CMake config files
[1.573s] Level 1:colcon.colcon_core.shell:create_environment_hook('serial', 'cmake_prefix_path')
[1.573s] INFO:colcon.colcon_core.shell:Creating environment hook '/home/mosalam/robot_ws/install/serial/share/serial/hook/cmake_prefix_path.ps1'
[1.574s] INFO:colcon.colcon_core.shell:Creating environment descriptor '/home/mosalam/robot_ws/install/serial/share/serial/hook/cmake_prefix_path.dsv'
[1.574s] INFO:colcon.colcon_core.shell:Creating environment hook '/home/mosalam/robot_ws/install/serial/share/serial/hook/cmake_prefix_path.sh'
[1.575s] Level 1:colcon.colcon_core.environment:checking '/home/mosalam/robot_ws/install/serial/lib'
[1.576s] Level 1:colcon.colcon_core.environment:checking '/home/mosalam/robot_ws/install/serial/bin'
[1.576s] Level 1:colcon.colcon_core.environment:checking '/home/mosalam/robot_ws/install/serial/lib/pkgconfig/serial.pc'
[1.576s] Level 1:colcon.colcon_core.environment:checking '/home/mosalam/robot_ws/install/serial/lib/python3.10/site-packages'
[1.576s] Level 1:colcon.colcon_core.environment:checking '/home/mosalam/robot_ws/install/serial/bin'
[1.577s] INFO:colcon.colcon_core.shell:Creating package script '/home/mosalam/robot_ws/install/serial/share/serial/package.ps1'
[1.578s] INFO:colcon.colcon_core.shell:Creating package descriptor '/home/mosalam/robot_ws/install/serial/share/serial/package.dsv'
[1.578s] INFO:colcon.colcon_core.shell:Creating package script '/home/mosalam/robot_ws/install/serial/share/serial/package.sh'
[1.579s] INFO:colcon.colcon_core.shell:Creating package script '/home/mosalam/robot_ws/install/serial/share/serial/package.bash'
[1.580s] INFO:colcon.colcon_core.shell:Creating package script '/home/mosalam/robot_ws/install/serial/share/serial/package.zsh'
[1.580s] Level 1:colcon.colcon_core.environment:create_file_with_runtime_dependencies(/home/mosalam/robot_ws/install/serial/share/colcon-core/packages/serial)
[1.581s] Level 1:colcon.colcon_core.environment:create_environment_scripts_only(serial)
[1.582s] Level 1:colcon.colcon_core.environment:checking '/home/mosalam/robot_ws/install/serial' for CMake module files
[1.582s] Level 1:colcon.colcon_core.environment:checking '/home/mosalam/robot_ws/install/serial' for CMake config files
[1.583s] Level 1:colcon.colcon_core.shell:create_environment_hook('serial', 'cmake_prefix_path')
[1.583s] INFO:colcon.colcon_core.shell:Creating environment hook '/home/mosalam/robot_ws/install/serial/share/serial/hook/cmake_prefix_path.ps1'
[1.584s] INFO:colcon.colcon_core.shell:Creating environment descriptor '/home/mosalam/robot_ws/install/serial/share/serial/hook/cmake_prefix_path.dsv'
[1.584s] INFO:colcon.colcon_core.shell:Creating environment hook '/home/mosalam/robot_ws/install/serial/share/serial/hook/cmake_prefix_path.sh'
[1.585s] Level 1:colcon.colcon_core.environment:checking '/home/mosalam/robot_ws/install/serial/lib'
[1.585s] Level 1:colcon.colcon_core.environment:checking '/home/mosalam/robot_ws/install/serial/bin'
[1.586s] Level 1:colcon.colcon_core.environment:checking '/home/mosalam/robot_ws/install/serial/lib/pkgconfig/serial.pc'
[1.586s] Level 1:colcon.colcon_core.environment:checking '/home/mosalam/robot_ws/install/serial/lib/python3.10/site-packages'
[1.586s] Level 1:colcon.colcon_core.environment:checking '/home/mosalam/robot_ws/install/serial/bin'
[1.587s] INFO:colcon.colcon_core.shell:Creating package script '/home/mosalam/robot_ws/install/serial/share/serial/package.ps1'
[1.588s] INFO:colcon.colcon_core.shell:Creating package descriptor '/home/mosalam/robot_ws/install/serial/share/serial/package.dsv'
[1.589s] INFO:colcon.colcon_core.shell:Creating package script '/home/mosalam/robot_ws/install/serial/share/serial/package.sh'
[1.589s] INFO:colcon.colcon_core.shell:Creating package script '/home/mosalam/robot_ws/install/serial/share/serial/package.bash'
[1.590s] INFO:colcon.colcon_core.shell:Creating package script '/home/mosalam/robot_ws/install/serial/share/serial/package.zsh'
[1.591s] Level 1:colcon.colcon_core.environment:create_file_with_runtime_dependencies(/home/mosalam/robot_ws/install/serial/share/colcon-core/packages/serial)
[1.592s] DEBUG:colcon.colcon_core.event_handler.log_command:Invoked command in '/home/mosalam/robot_ws/build/robot' returned '0': CMAKE_PREFIX_PATH=/home/mosalam/robot_ws/install/urdf_tutorial:/home/mosalam/robot_ws/install/robot:/home/mosalam/robot_ws/install/serial_motor_demo_msgs:/home/mosalam/robot_ws/install/serial:/home/mosalam/robot_ws/install/rplidar_ros:/home/mosalam/robot_ws/install/multirobot_map_merge:/home/mosalam/robot_ws/install/explore_lite:/home/mosalam/robot_ws/install/diffdrive_arduino:/home/mosalam/robot_ws/install/serial_motor_demo:/home/mosalam/robot_ws/install/custom_explorer:/opt/ros/humble /usr/bin/cmake --build /home/mosalam/robot_ws/build/robot -- -j4 -l4
[1.594s] DEBUG:colcon.colcon_core.event_handler.log_command:Invoking command in '/home/mosalam/robot_ws/build/robot': CMAKE_PREFIX_PATH=/home/mosalam/robot_ws/install/urdf_tutorial:/home/mosalam/robot_ws/install/robot:/home/mosalam/robot_ws/install/serial_motor_demo_msgs:/home/mosalam/robot_ws/install/serial:/home/mosalam/robot_ws/install/rplidar_ros:/home/mosalam/robot_ws/install/multirobot_map_merge:/home/mosalam/robot_ws/install/explore_lite:/home/mosalam/robot_ws/install/diffdrive_arduino:/home/mosalam/robot_ws/install/serial_motor_demo:/home/mosalam/robot_ws/install/custom_explorer:/opt/ros/humble /usr/bin/cmake --install /home/mosalam/robot_ws/build/robot
[1.643s] Level 1:colcon.colcon_core.environment:create_environment_scripts_only(robot)
[1.644s] Level 1:colcon.colcon_core.environment:checking '/home/mosalam/robot_ws/install/robot' for CMake module files
[1.645s] Level 1:colcon.colcon_core.environment:checking '/home/mosalam/robot_ws/install/robot' for CMake config files
[1.645s] DEBUG:colcon.colcon_core.event_handler.log_command:Invoked command in '/home/mosalam/robot_ws/build/robot' returned '0': CMAKE_PREFIX_PATH=/home/mosalam/robot_ws/install/urdf_tutorial:/home/mosalam/robot_ws/install/robot:/home/mosalam/robot_ws/install/serial_motor_demo_msgs:/home/mosalam/robot_ws/install/serial:/home/mosalam/robot_ws/install/rplidar_ros:/home/mosalam/robot_ws/install/multirobot_map_merge:/home/mosalam/robot_ws/install/explore_lite:/home/mosalam/robot_ws/install/diffdrive_arduino:/home/mosalam/robot_ws/install/serial_motor_demo:/home/mosalam/robot_ws/install/custom_explorer:/opt/ros/humble /usr/bin/cmake --install /home/mosalam/robot_ws/build/robot
[1.646s] Level 1:colcon.colcon_core.shell:create_environment_hook('robot', 'cmake_prefix_path')
[1.647s] INFO:colcon.colcon_core.shell:Creating environment hook '/home/mosalam/robot_ws/install/robot/share/robot/hook/cmake_prefix_path.ps1'
[1.647s] INFO:colcon.colcon_core.shell:Creating environment descriptor '/home/mosalam/robot_ws/install/robot/share/robot/hook/cmake_prefix_path.dsv'
[1.648s] INFO:colcon.colcon_core.shell:Creating environment hook '/home/mosalam/robot_ws/install/robot/share/robot/hook/cmake_prefix_path.sh'
[1.649s] Level 1:colcon.colcon_core.environment:checking '/home/mosalam/robot_ws/install/robot/lib'
[1.649s] Level 1:colcon.colcon_core.environment:checking '/home/mosalam/robot_ws/install/robot/bin'
[1.649s] Level 1:colcon.colcon_core.environment:checking '/home/mosalam/robot_ws/install/robot/lib/pkgconfig/robot.pc'
[1.650s] Level 1:colcon.colcon_core.environment:checking '/home/mosalam/robot_ws/install/robot/lib/python3.10/site-packages'
[1.650s] Level 1:colcon.colcon_core.environment:checking '/home/mosalam/robot_ws/install/robot/bin'
[1.651s] INFO:colcon.colcon_core.shell:Creating package script '/home/mosalam/robot_ws/install/robot/share/robot/package.ps1'
[1.651s] INFO:colcon.colcon_core.shell:Creating package descriptor '/home/mosalam/robot_ws/install/robot/share/robot/package.dsv'
[1.652s] INFO:colcon.colcon_core.shell:Creating package script '/home/mosalam/robot_ws/install/robot/share/robot/package.sh'
[1.653s] INFO:colcon.colcon_core.shell:Creating package script '/home/mosalam/robot_ws/install/robot/share/robot/package.bash'
[1.654s] INFO:colcon.colcon_core.shell:Creating package script '/home/mosalam/robot_ws/install/robot/share/robot/package.zsh'
[1.654s] Level 1:colcon.colcon_core.environment:create_file_with_runtime_dependencies(/home/mosalam/robot_ws/install/robot/share/colcon-core/packages/robot)
[1.655s] Level 1:colcon.colcon_core.environment:create_environment_scripts_only(robot)
[1.656s] Level 1:colcon.colcon_core.environment:checking '/home/mosalam/robot_ws/install/robot' for CMake module files
[1.657s] Level 1:colcon.colcon_core.environment:checking '/home/mosalam/robot_ws/install/robot' for CMake config files
[1.658s] Level 1:colcon.colcon_core.shell:create_environment_hook('robot', 'cmake_prefix_path')
[1.658s] INFO:colcon.colcon_core.shell:Creating environment hook '/home/mosalam/robot_ws/install/robot/share/robot/hook/cmake_prefix_path.ps1'
[1.659s] INFO:colcon.colcon_core.shell:Creating environment descriptor '/home/mosalam/robot_ws/install/robot/share/robot/hook/cmake_prefix_path.dsv'
[1.660s] INFO:colcon.colcon_core.shell:Creating environment hook '/home/mosalam/robot_ws/install/robot/share/robot/hook/cmake_prefix_path.sh'
[1.660s] Level 1:colcon.colcon_core.environment:checking '/home/mosalam/robot_ws/install/robot/lib'
[1.661s] Level 1:colcon.colcon_core.environment:checking '/home/mosalam/robot_ws/install/robot/bin'
[1.661s] Level 1:colcon.colcon_core.environment:checking '/home/mosalam/robot_ws/install/robot/lib/pkgconfig/robot.pc'
[1.661s] Level 1:colcon.colcon_core.environment:checking '/home/mosalam/robot_ws/install/robot/lib/python3.10/site-packages'
[1.662s] Level 1:colcon.colcon_core.environment:checking '/home/mosalam/robot_ws/install/robot/bin'
[1.662s] INFO:colcon.colcon_core.shell:Creating package script '/home/mosalam/robot_ws/install/robot/share/robot/package.ps1'
[1.663s] INFO:colcon.colcon_core.shell:Creating package descriptor '/home/mosalam/robot_ws/install/robot/share/robot/package.dsv'
[1.664s] INFO:colcon.colcon_core.shell:Creating package script '/home/mosalam/robot_ws/install/robot/share/robot/package.sh'
[1.665s] INFO:colcon.colcon_core.shell:Creating package script '/home/mosalam/robot_ws/install/robot/share/robot/package.bash'
[1.666s] INFO:colcon.colcon_core.shell:Creating package script '/home/mosalam/robot_ws/install/robot/share/robot/package.zsh'
[1.666s] Level 1:colcon.colcon_core.environment:create_file_with_runtime_dependencies(/home/mosalam/robot_ws/install/robot/share/colcon-core/packages/robot)
[1.921s] Level 1:colcon.colcon_core.environment:checking '/home/mosalam/robot_ws/install/custom_explorer' for CMake module files
[1.922s] DEBUG:colcon.colcon_core.event_handler.log_command:Invoked command in '/home/mosalam/robot_ws/src/Autonomous-Explorer-and-Mapper-ros2-nav2' returned '0': PYTHONPATH=/home/mosalam/robot_ws/build/custom_explorer/prefix_override:/usr/lib/python3/dist-packages/colcon_core/task/python/colcon_distutils_commands:/home/mosalam/robot_ws/install/custom_explorer/lib/python3.10/site-packages:${PYTHONPATH} /usr/bin/python3 -W ignore:setup.py install is deprecated -W ignore:easy_install command is deprecated setup.py egg_info --egg-base ../../build/custom_explorer build --build-base /home/mosalam/robot_ws/build/custom_explorer/build install --record /home/mosalam/robot_ws/build/custom_explorer/install.log --single-version-externally-managed install_data
[1.922s] Level 1:colcon.colcon_core.environment:checking '/home/mosalam/robot_ws/install/custom_explorer' for CMake config files
[1.923s] Level 1:colcon.colcon_core.environment:checking '/home/mosalam/robot_ws/install/custom_explorer/lib'
[1.923s] Level 1:colcon.colcon_core.environment:checking '/home/mosalam/robot_ws/install/custom_explorer/bin'
[1.923s] Level 1:colcon.colcon_core.environment:checking '/home/mosalam/robot_ws/install/custom_explorer/lib/pkgconfig/custom_explorer.pc'
[1.923s] Level 1:colcon.colcon_core.environment:checking '/home/mosalam/robot_ws/install/custom_explorer/lib/python3.10/site-packages'
[1.923s] Level 1:colcon.colcon_core.shell:create_environment_hook('custom_explorer', 'pythonpath')
[1.924s] INFO:colcon.colcon_core.shell:Creating environment hook '/home/mosalam/robot_ws/install/custom_explorer/share/custom_explorer/hook/pythonpath.ps1'
[1.924s] INFO:colcon.colcon_core.shell:Creating environment descriptor '/home/mosalam/robot_ws/install/custom_explorer/share/custom_explorer/hook/pythonpath.dsv'
[1.925s] INFO:colcon.colcon_core.shell:Creating environment hook '/home/mosalam/robot_ws/install/custom_explorer/share/custom_explorer/hook/pythonpath.sh'
[1.925s] Level 1:colcon.colcon_core.environment:checking '/home/mosalam/robot_ws/install/custom_explorer/bin'
[1.925s] Level 1:colcon.colcon_core.environment:create_environment_scripts_only(custom_explorer)
[1.926s] INFO:colcon.colcon_core.shell:Creating package script '/home/mosalam/robot_ws/install/custom_explorer/share/custom_explorer/package.ps1'
[1.926s] INFO:colcon.colcon_core.shell:Creating package descriptor '/home/mosalam/robot_ws/install/custom_explorer/share/custom_explorer/package.dsv'
[1.927s] INFO:colcon.colcon_core.shell:Creating package script '/home/mosalam/robot_ws/install/custom_explorer/share/custom_explorer/package.sh'
[1.927s] INFO:colcon.colcon_core.shell:Creating package script '/home/mosalam/robot_ws/install/custom_explorer/share/custom_explorer/package.bash'
[1.928s] INFO:colcon.colcon_core.shell:Creating package script '/home/mosalam/robot_ws/install/custom_explorer/share/custom_explorer/package.zsh'
[1.928s] Level 1:colcon.colcon_core.environment:create_file_with_runtime_dependencies(/home/mosalam/robot_ws/install/custom_explorer/share/colcon-core/packages/custom_explorer)
[2.006s] DEBUG:colcon.colcon_core.event_handler.log_command:Invoking command in '/home/mosalam/robot_ws/src/serial_motor_demo/serial_motor_demo': CMAKE_PREFIX_PATH=/home/mosalam/robot_ws/install/serial_motor_demo_msgs:/home/mosalam/robot_ws/install/robot:/home/mosalam/robot_ws/install/urdf_tutorial:/home/mosalam/robot_ws/install/serial:/home/mosalam/robot_ws/install/rplidar_ros:/home/mosalam/robot_ws/install/multirobot_map_merge:/home/mosalam/robot_ws/install/explore_lite:/home/mosalam/robot_ws/install/diffdrive_arduino PYTHONPATH=/home/mosalam/robot_ws/build/serial_motor_demo/prefix_override:/usr/lib/python3/dist-packages/colcon_core/task/python/colcon_distutils_commands:/home/mosalam/robot_ws/install/serial_motor_demo/lib/python3.10/site-packages:${PYTHONPATH} /usr/bin/python3 -W ignore:setup.py install is deprecated -W ignore:easy_install command is deprecated setup.py egg_info --egg-base ../../../build/serial_motor_demo build --build-base /home/mosalam/robot_ws/build/serial_motor_demo/build install --record /home/mosalam/robot_ws/build/serial_motor_demo/install.log --single-version-externally-managed install_data
[2.295s] Level 1:colcon.colcon_core.environment:checking '/home/mosalam/robot_ws/install/serial_motor_demo' for CMake module files
[2.295s] DEBUG:colcon.colcon_core.event_handler.log_command:Invoked command in '/home/mosalam/robot_ws/src/serial_motor_demo/serial_motor_demo' returned '0': CMAKE_PREFIX_PATH=/home/mosalam/robot_ws/install/serial_motor_demo_msgs:/home/mosalam/robot_ws/install/robot:/home/mosalam/robot_ws/install/urdf_tutorial:/home/mosalam/robot_ws/install/serial:/home/mosalam/robot_ws/install/rplidar_ros:/home/mosalam/robot_ws/install/multirobot_map_merge:/home/mosalam/robot_ws/install/explore_lite:/home/mosalam/robot_ws/install/diffdrive_arduino PYTHONPATH=/home/mosalam/robot_ws/build/serial_motor_demo/prefix_override:/usr/lib/python3/dist-packages/colcon_core/task/python/colcon_distutils_commands:/home/mosalam/robot_ws/install/serial_motor_demo/lib/python3.10/site-packages:${PYTHONPATH} /usr/bin/python3 -W ignore:setup.py install is deprecated -W ignore:easy_install command is deprecated setup.py egg_info --egg-base ../../../build/serial_motor_demo build --build-base /home/mosalam/robot_ws/build/serial_motor_demo/build install --record /home/mosalam/robot_ws/build/serial_motor_demo/install.log --single-version-externally-managed install_data
[2.296s] Level 1:colcon.colcon_core.environment:checking '/home/mosalam/robot_ws/install/serial_motor_demo' for CMake config files
[2.296s] Level 1:colcon.colcon_core.environment:checking '/home/mosalam/robot_ws/install/serial_motor_demo/lib'
[2.296s] Level 1:colcon.colcon_core.environment:checking '/home/mosalam/robot_ws/install/serial_motor_demo/bin'
[2.297s] Level 1:colcon.colcon_core.environment:checking '/home/mosalam/robot_ws/install/serial_motor_demo/lib/pkgconfig/serial_motor_demo.pc'
[2.297s] Level 1:colcon.colcon_core.environment:checking '/home/mosalam/robot_ws/install/serial_motor_demo/lib/python3.10/site-packages'
[2.297s] Level 1:colcon.colcon_core.shell:create_environment_hook('serial_motor_demo', 'pythonpath')
[2.297s] INFO:colcon.colcon_core.shell:Creating environment hook '/home/mosalam/robot_ws/install/serial_motor_demo/share/serial_motor_demo/hook/pythonpath.ps1'
[2.298s] INFO:colcon.colcon_core.shell:Creating environment descriptor '/home/mosalam/robot_ws/install/serial_motor_demo/share/serial_motor_demo/hook/pythonpath.dsv'
[2.298s] INFO:colcon.colcon_core.shell:Creating environment hook '/home/mosalam/robot_ws/install/serial_motor_demo/share/serial_motor_demo/hook/pythonpath.sh'
[2.299s] Level 1:colcon.colcon_core.environment:checking '/home/mosalam/robot_ws/install/serial_motor_demo/bin'
[2.299s] Level 1:colcon.colcon_core.environment:create_environment_scripts_only(serial_motor_demo)
[2.299s] INFO:colcon.colcon_core.shell:Creating package script '/home/mosalam/robot_ws/install/serial_motor_demo/share/serial_motor_demo/package.ps1'
[2.300s] INFO:colcon.colcon_core.shell:Creating package descriptor '/home/mosalam/robot_ws/install/serial_motor_demo/share/serial_motor_demo/package.dsv'
[2.300s] INFO:colcon.colcon_core.shell:Creating package script '/home/mosalam/robot_ws/install/serial_motor_demo/share/serial_motor_demo/package.sh'
[2.301s] INFO:colcon.colcon_core.shell:Creating package script '/home/mosalam/robot_ws/install/serial_motor_demo/share/serial_motor_demo/package.bash'
[2.301s] INFO:colcon.colcon_core.shell:Creating package script '/home/mosalam/robot_ws/install/serial_motor_demo/share/serial_motor_demo/package.zsh'
[2.302s] Level 1:colcon.colcon_core.environment:create_file_with_runtime_dependencies(/home/mosalam/robot_ws/install/serial_motor_demo/share/colcon-core/packages/serial_motor_demo)
[2.302s] DEBUG:colcon.colcon_parallel_executor.executor.parallel:closing loop
[2.302s] DEBUG:colcon.colcon_parallel_executor.executor.parallel:loop closed
[2.302s] DEBUG:colcon.colcon_parallel_executor.executor.parallel:run_until_complete finished with '0'
[2.302s] DEBUG:colcon.colcon_core.event_reactor:joining thread
[2.308s] INFO:colcon.colcon_core.plugin_system:Skipping extension 'colcon_notification.desktop_notification.terminal_notifier': Not used on non-Darwin systems
[2.309s] INFO:colcon.colcon_core.plugin_system:Skipping extension 'colcon_notification.desktop_notification.win32': Not used on non-Windows systems
[2.309s] INFO:colcon.colcon_notification.desktop_notification:Sending desktop notification using 'notify2'
[2.310s] DEBUG:colcon.colcon_notification.desktop_notification.notify2:Failed to initialize notify2: org.freedesktop.DBus.Error.ServiceUnknown: The name org.freedesktop.Notifications was not provided by any .service files
[2.310s] DEBUG:colcon.colcon_core.event_reactor:joined thread
[2.310s] INFO:colcon.colcon_core.shell:Creating prefix script '/home/mosalam/robot_ws/install/local_setup.ps1'
[2.311s] INFO:colcon.colcon_core.shell:Creating prefix util module '/home/mosalam/robot_ws/install/_local_setup_util_ps1.py'
[2.313s] INFO:colcon.colcon_core.shell:Creating prefix chain script '/home/mosalam/robot_ws/install/setup.ps1'
[2.314s] INFO:colcon.colcon_core.shell:Creating prefix script '/home/mosalam/robot_ws/install/local_setup.sh'
[2.315s] INFO:colcon.colcon_core.shell:Creating prefix util module '/home/mosalam/robot_ws/install/_local_setup_util_sh.py'
[2.315s] INFO:colcon.colcon_core.shell:Creating prefix chain script '/home/mosalam/robot_ws/install/setup.sh'
[2.317s] INFO:colcon.colcon_core.shell:Creating prefix script '/home/mosalam/robot_ws/install/local_setup.bash'
[2.317s] INFO:colcon.colcon_core.shell:Creating prefix chain script '/home/mosalam/robot_ws/install/setup.bash'
[2.318s] INFO:colcon.colcon_core.shell:Creating prefix script '/home/mosalam/robot_ws/install/local_setup.zsh'
[2.319s] INFO:colcon.colcon_core.shell:Creating prefix chain script '/home/mosalam/robot_ws/install/setup.zsh'
