[0.011s] Invoking command in '/home/mosalam/robot_ws/build/vizanti_cpp': CMAKE_PREFIX_PATH=${CMAKE_PREFIX_PATH}:/home/mosalam/robot_ws/install/serial_motor_demo:/home/mosalam/robot_ws/install/custom_explorer:/home/mosalam/robot_ws/install/autonomous_exploration:/opt/ros/humble /usr/bin/cmake /home/mosalam/robot_ws/src/vizanti/vizanti_cpp -DCMAKE_INSTALL_PREFIX=/home/mosalam/robot_ws/install/vizanti_cpp
[0.144s] -- The C compiler identification is GNU 11.4.0
[0.247s] -- The CXX compiler identification is GNU 11.4.0
[0.257s] -- Detecting C compiler ABI info
[0.372s] -- Detecting C compiler ABI info - done
[0.392s] -- Check for working C compiler: /usr/bin/cc - skipped
[0.394s] -- Detecting C compile features
[0.394s] -- Detecting C compile features - done
[0.399s] -- Detecting CXX compiler ABI info
[0.558s] -- Detecting CXX compiler ABI info - done
[0.575s] -- Check for working CXX compiler: /usr/bin/c++ - skipped
[0.575s] -- Detecting CXX compile features
[0.576s] -- Detecting CXX compile features - done
[0.583s] -- Found ament_cmake: 1.3.11 (/opt/ros/humble/share/ament_cmake/cmake)
[0.835s] -- Found Python3: /usr/bin/python3 (found version "3.10.12") found components: Interpreter 
[0.982s] -- Found rclcpp: 16.0.11 (/opt/ros/humble/share/rclcpp/cmake)
[1.071s] -- Found rosidl_generator_c: 3.1.6 (/opt/ros/humble/share/rosidl_generator_c/cmake)
[1.084s] -- Found rosidl_adapter: 3.1.6 (/opt/ros/humble/share/rosidl_adapter/cmake)
[1.102s] -- Found rosidl_generator_cpp: 3.1.6 (/opt/ros/humble/share/rosidl_generator_cpp/cmake)
[1.125s] -- Using all available rosidl_typesupport_c: rosidl_typesupport_fastrtps_c;rosidl_typesupport_introspection_c
[1.147s] -- Using all available rosidl_typesupport_cpp: rosidl_typesupport_fastrtps_cpp;rosidl_typesupport_introspection_cpp
[1.223s] -- Found rmw_implementation_cmake: 6.1.2 (/opt/ros/humble/share/rmw_implementation_cmake/cmake)
[1.232s] -- Found rmw_fastrtps_cpp: 6.2.7 (/opt/ros/humble/share/rmw_fastrtps_cpp/cmake)
[1.406s] -- Found OpenSSL: /usr/lib/x86_64-linux-gnu/libcrypto.so (found version "3.0.2")  
[1.455s] -- Found FastRTPS: /opt/ros/humble/include  
[1.521s] -- Using RMW implementation 'rmw_fastrtps_cpp' as default
[1.537s] -- Looking for pthread.h
[1.625s] -- Looking for pthread.h - found
[1.625s] -- Performing Test CMAKE_HAVE_LIBC_PTHREAD
[1.717s] -- Performing Test CMAKE_HAVE_LIBC_PTHREAD - Success
[1.717s] -- Found Threads: TRUE  
[1.827s] -- Found tf2_msgs: 0.25.12 (/opt/ros/humble/share/tf2_msgs/cmake)
[2.066s] -- Configuring done
[2.083s] -- Generating done
[2.090s] -- Build files have been written to: /home/mosalam/robot_ws/build/vizanti_cpp
[2.110s] Invoked command in '/home/mosalam/robot_ws/build/vizanti_cpp' returned '0': CMAKE_PREFIX_PATH=${CMAKE_PREFIX_PATH}:/home/mosalam/robot_ws/install/serial_motor_demo:/home/mosalam/robot_ws/install/custom_explorer:/home/mosalam/robot_ws/install/autonomous_exploration:/opt/ros/humble /usr/bin/cmake /home/mosalam/robot_ws/src/vizanti/vizanti_cpp -DCMAKE_INSTALL_PREFIX=/home/mosalam/robot_ws/install/vizanti_cpp
[2.112s] Invoking command in '/home/mosalam/robot_ws/build/vizanti_cpp': CMAKE_PREFIX_PATH=${CMAKE_PREFIX_PATH}:/home/mosalam/robot_ws/install/serial_motor_demo:/home/mosalam/robot_ws/install/custom_explorer:/home/mosalam/robot_ws/install/autonomous_exploration:/opt/ros/humble /usr/bin/cmake --build /home/mosalam/robot_ws/build/vizanti_cpp -- -j4 -l4
[2.197s] [ 50%] [32mBuilding CXX object CMakeFiles/tf_consolidator.dir/src/tf_consolidator.cpp.o[0m
[18.859s] [100%] [32m[1mLinking CXX executable tf_consolidator[0m
[19.745s] [100%] Built target tf_consolidator
[19.759s] Invoked command in '/home/mosalam/robot_ws/build/vizanti_cpp' returned '0': CMAKE_PREFIX_PATH=${CMAKE_PREFIX_PATH}:/home/mosalam/robot_ws/install/serial_motor_demo:/home/mosalam/robot_ws/install/custom_explorer:/home/mosalam/robot_ws/install/autonomous_exploration:/opt/ros/humble /usr/bin/cmake --build /home/mosalam/robot_ws/build/vizanti_cpp -- -j4 -l4
[19.761s] Invoking command in '/home/mosalam/robot_ws/build/vizanti_cpp': CMAKE_PREFIX_PATH=${CMAKE_PREFIX_PATH}:/home/mosalam/robot_ws/install/serial_motor_demo:/home/mosalam/robot_ws/install/custom_explorer:/home/mosalam/robot_ws/install/autonomous_exploration:/opt/ros/humble /usr/bin/cmake --install /home/mosalam/robot_ws/build/vizanti_cpp
[19.777s] -- Install configuration: ""
[19.778s] -- Installing: /home/mosalam/robot_ws/install/vizanti_cpp/lib/vizanti_cpp/tf_consolidator
[19.779s] -- Set runtime path of "/home/mosalam/robot_ws/install/vizanti_cpp/lib/vizanti_cpp/tf_consolidator" to ""
[19.779s] -- Installing: /home/mosalam/robot_ws/install/vizanti_cpp/share/ament_index/resource_index/package_run_dependencies/vizanti_cpp
[19.779s] -- Installing: /home/mosalam/robot_ws/install/vizanti_cpp/share/ament_index/resource_index/parent_prefix_path/vizanti_cpp
[19.782s] -- Installing: /home/mosalam/robot_ws/install/vizanti_cpp/share/vizanti_cpp/environment/ament_prefix_path.sh
[19.782s] -- Installing: /home/mosalam/robot_ws/install/vizanti_cpp/share/vizanti_cpp/environment/ament_prefix_path.dsv
[19.782s] -- Installing: /home/mosalam/robot_ws/install/vizanti_cpp/share/vizanti_cpp/environment/path.sh
[19.785s] -- Installing: /home/mosalam/robot_ws/install/vizanti_cpp/share/vizanti_cpp/environment/path.dsv
[19.786s] -- Installing: /home/mosalam/robot_ws/install/vizanti_cpp/share/vizanti_cpp/local_setup.bash
[19.787s] -- Installing: /home/mosalam/robot_ws/install/vizanti_cpp/share/vizanti_cpp/local_setup.sh
[19.788s] -- Installing: /home/mosalam/robot_ws/install/vizanti_cpp/share/vizanti_cpp/local_setup.zsh
[19.788s] -- Installing: /home/mosalam/robot_ws/install/vizanti_cpp/share/vizanti_cpp/local_setup.dsv
[19.789s] -- Installing: /home/mosalam/robot_ws/install/vizanti_cpp/share/vizanti_cpp/package.dsv
[19.790s] -- Installing: /home/mosalam/robot_ws/install/vizanti_cpp/share/ament_index/resource_index/packages/vizanti_cpp
[19.790s] -- Installing: /home/mosalam/robot_ws/install/vizanti_cpp/share/vizanti_cpp/cmake/vizanti_cppConfig.cmake
[19.790s] -- Installing: /home/mosalam/robot_ws/install/vizanti_cpp/share/vizanti_cpp/cmake/vizanti_cppConfig-version.cmake
[19.790s] -- Installing: /home/mosalam/robot_ws/install/vizanti_cpp/share/vizanti_cpp/package.xml
[19.790s] Invoked command in '/home/mosalam/robot_ws/build/vizanti_cpp' returned '0': CMAKE_PREFIX_PATH=${CMAKE_PREFIX_PATH}:/home/mosalam/robot_ws/install/serial_motor_demo:/home/mosalam/robot_ws/install/custom_explorer:/home/mosalam/robot_ws/install/autonomous_exploration:/opt/ros/humble /usr/bin/cmake --install /home/mosalam/robot_ws/build/vizanti_cpp
