[0.023s] Invoking command in '/home/mosalam/robot_ws/build/explore_lite': CMAKE_PREFIX_PATH=${CMAKE_PREFIX_PATH}:/home/mosalam/robot_ws/install/serial_motor_demo:/opt/ros/humble /usr/bin/cmake --build /home/mosalam/robot_ws/build/explore_lite -- -j4 -l4
[0.155s] [ 20%] Built target gtest_main
[0.171s] [ 40%] Built target gtest
[0.194s] [ 80%] Built target explore
[0.239s] [100%] Built target test_explore
[0.253s] Invoked command in '/home/mosalam/robot_ws/build/explore_lite' returned '0': CMAKE_PREFIX_PATH=${CMAKE_PREFIX_PATH}:/home/mosalam/robot_ws/install/serial_motor_demo:/opt/ros/humble /usr/bin/cmake --build /home/mosalam/robot_ws/build/explore_lite -- -j4 -l4
[0.257s] Invoking command in '/home/mosalam/robot_ws/build/explore_lite': CMAKE_PREFIX_PATH=${CMAKE_PREFIX_PATH}:/home/mosalam/robot_ws/install/serial_motor_demo:/opt/ros/humble /usr/bin/cmake --install /home/mosalam/robot_ws/build/explore_lite
[0.275s] -- Install configuration: ""
[0.275s] -- Up-to-date: /home/mosalam/robot_ws/install/explore_lite/include/explore/
[0.275s] -- Up-to-date: /home/mosalam/robot_ws/install/explore_lite/include/explore//costmap_client.h
[0.275s] -- Up-to-date: /home/mosalam/robot_ws/install/explore_lite/include/explore//frontier_search.h
[0.276s] -- Up-to-date: /home/mosalam/robot_ws/install/explore_lite/include/explore//costmap_tools.h
[0.276s] -- Up-to-date: /home/mosalam/robot_ws/install/explore_lite/include/explore//explore.h
[0.276s] -- Up-to-date: /home/mosalam/robot_ws/install/explore_lite/share/explore_lite/config
[0.276s] -- Installing: /home/mosalam/robot_ws/install/explore_lite/share/explore_lite/config/params.yaml
[0.276s] -- Up-to-date: /home/mosalam/robot_ws/install/explore_lite/share/explore_lite/config/params_costmap.yaml
[0.276s] -- Up-to-date: /home/mosalam/robot_ws/install/explore_lite/share/explore_lite/launch
[0.276s] -- Up-to-date: /home/mosalam/robot_ws/install/explore_lite/share/explore_lite/launch/explore.launch.py
[0.276s] -- Up-to-date: /home/mosalam/robot_ws/install/explore_lite/lib/explore_lite/explore
[0.278s] -- Up-to-date: /home/mosalam/robot_ws/install/explore_lite/share/ament_index/resource_index/package_run_dependencies/explore_lite
[0.278s] -- Up-to-date: /home/mosalam/robot_ws/install/explore_lite/share/ament_index/resource_index/parent_prefix_path/explore_lite
[0.278s] -- Up-to-date: /home/mosalam/robot_ws/install/explore_lite/share/explore_lite/environment/ament_prefix_path.sh
[0.278s] -- Up-to-date: /home/mosalam/robot_ws/install/explore_lite/share/explore_lite/environment/ament_prefix_path.dsv
[0.279s] -- Up-to-date: /home/mosalam/robot_ws/install/explore_lite/share/explore_lite/environment/path.sh
[0.279s] -- Up-to-date: /home/mosalam/robot_ws/install/explore_lite/share/explore_lite/environment/path.dsv
[0.279s] -- Up-to-date: /home/mosalam/robot_ws/install/explore_lite/share/explore_lite/local_setup.bash
[0.280s] -- Up-to-date: /home/mosalam/robot_ws/install/explore_lite/share/explore_lite/local_setup.sh
[0.280s] -- Up-to-date: /home/mosalam/robot_ws/install/explore_lite/share/explore_lite/local_setup.zsh
[0.281s] -- Up-to-date: /home/mosalam/robot_ws/install/explore_lite/share/explore_lite/local_setup.dsv
[0.281s] -- Installing: /home/mosalam/robot_ws/install/explore_lite/share/explore_lite/package.dsv
[0.281s] -- Up-to-date: /home/mosalam/robot_ws/install/explore_lite/share/ament_index/resource_index/packages/explore_lite
[0.281s] -- Up-to-date: /home/mosalam/robot_ws/install/explore_lite/share/explore_lite/cmake/ament_cmake_export_include_directories-extras.cmake
[0.281s] -- Up-to-date: /home/mosalam/robot_ws/install/explore_lite/share/explore_lite/cmake/explore_liteConfig.cmake
[0.282s] -- Up-to-date: /home/mosalam/robot_ws/install/explore_lite/share/explore_lite/cmake/explore_liteConfig-version.cmake
[0.282s] -- Up-to-date: /home/mosalam/robot_ws/install/explore_lite/share/explore_lite/package.xml
[0.286s] Invoked command in '/home/mosalam/robot_ws/build/explore_lite' returned '0': CMAKE_PREFIX_PATH=${CMAKE_PREFIX_PATH}:/home/mosalam/robot_ws/install/serial_motor_demo:/opt/ros/humble /usr/bin/cmake --install /home/mosalam/robot_ws/build/explore_lite
