[0.362s] Invoking command in '/home/mosalam/robot_ws/build/vizanti_demos': CMAKE_PREFIX_PATH=/home/mosalam/robot_ws/install/vizanti_msgs:/home/mosalam/robot_ws/install/vizanti:/home/mosalam/robot_ws/install/vizanti_server:/home/mosalam/robot_ws/install/vizanti_demos:/home/mosalam/robot_ws/install/vizanti_cpp:/home/mosalam/robot_ws/install/robot:/home/mosalam/robot_ws/install/urdf_tutorial:/home/mosalam/robot_ws/install/serial_motor_demo_msgs:/home/mosalam/robot_ws/install/serial:/home/mosalam/robot_ws/install/rplidar_ros:/home/mosalam/robot_ws/install/multirobot_map_merge:/home/mosalam/robot_ws/install/explore_lite:/home/mosalam/robot_ws/install/diffdrive_arduino:/home/mosalam/robot_ws/install/serial_motor_demo:/home/mosalam/robot_ws/install/custom_explorer:/home/mosalam/robot_ws/install/autonomous_exploration:/opt/ros/humble /usr/bin/cmake --build /home/mosalam/robot_ws/build/vizanti_demos -- -j4 -l4
[0.412s] Invoked command in '/home/mosalam/robot_ws/build/vizanti_demos' returned '0': CMAKE_PREFIX_PATH=/home/mosalam/robot_ws/install/vizanti_msgs:/home/mosalam/robot_ws/install/vizanti:/home/mosalam/robot_ws/install/vizanti_server:/home/mosalam/robot_ws/install/vizanti_demos:/home/mosalam/robot_ws/install/vizanti_cpp:/home/mosalam/robot_ws/install/robot:/home/mosalam/robot_ws/install/urdf_tutorial:/home/mosalam/robot_ws/install/serial_motor_demo_msgs:/home/mosalam/robot_ws/install/serial:/home/mosalam/robot_ws/install/rplidar_ros:/home/mosalam/robot_ws/install/multirobot_map_merge:/home/mosalam/robot_ws/install/explore_lite:/home/mosalam/robot_ws/install/diffdrive_arduino:/home/mosalam/robot_ws/install/serial_motor_demo:/home/mosalam/robot_ws/install/custom_explorer:/home/mosalam/robot_ws/install/autonomous_exploration:/opt/ros/humble /usr/bin/cmake --build /home/mosalam/robot_ws/build/vizanti_demos -- -j4 -l4
[0.415s] Invoking command in '/home/mosalam/robot_ws/build/vizanti_demos': CMAKE_PREFIX_PATH=/home/mosalam/robot_ws/install/vizanti_msgs:/home/mosalam/robot_ws/install/vizanti:/home/mosalam/robot_ws/install/vizanti_server:/home/mosalam/robot_ws/install/vizanti_demos:/home/mosalam/robot_ws/install/vizanti_cpp:/home/mosalam/robot_ws/install/robot:/home/mosalam/robot_ws/install/urdf_tutorial:/home/mosalam/robot_ws/install/serial_motor_demo_msgs:/home/mosalam/robot_ws/install/serial:/home/mosalam/robot_ws/install/rplidar_ros:/home/mosalam/robot_ws/install/multirobot_map_merge:/home/mosalam/robot_ws/install/explore_lite:/home/mosalam/robot_ws/install/diffdrive_arduino:/home/mosalam/robot_ws/install/serial_motor_demo:/home/mosalam/robot_ws/install/custom_explorer:/home/mosalam/robot_ws/install/autonomous_exploration:/opt/ros/humble /usr/bin/cmake --install /home/mosalam/robot_ws/build/vizanti_demos
[0.423s] -- Install configuration: ""
[0.423s] -- Up-to-date: /home/mosalam/robot_ws/install/vizanti_demos/share/vizanti_demos//launch
[0.424s] -- Up-to-date: /home/mosalam/robot_ws/install/vizanti_demos/share/vizanti_demos//launch/test.launch.py
[0.424s] -- Up-to-date: /home/mosalam/robot_ws/install/vizanti_demos/share/vizanti_demos//assets
[0.424s] -- Up-to-date: /home/mosalam/robot_ws/install/vizanti_demos/share/vizanti_demos//assets/test_heightmap.png
[0.424s] -- Up-to-date: /home/mosalam/robot_ws/install/vizanti_demos/lib/vizanti_demos/particle_cloud_to_pose_array.py
[0.424s] -- Up-to-date: /home/mosalam/robot_ws/install/vizanti_demos/lib/vizanti_demos/path_to_nav2poses.py
[0.424s] -- Up-to-date: /home/mosalam/robot_ws/install/vizanti_demos/lib/vizanti_demos/test_occupancy_grid.py
[0.424s] -- Up-to-date: /home/mosalam/robot_ws/install/vizanti_demos/lib/vizanti_demos/test_grid_cells.py
[0.427s] -- Up-to-date: /home/mosalam/robot_ws/install/vizanti_demos/lib/vizanti_demos/test_marker_array.py
[0.427s] -- Up-to-date: /home/mosalam/robot_ws/install/vizanti_demos/lib/vizanti_demos/test_tf.py
[0.428s] -- Up-to-date: /home/mosalam/robot_ws/install/vizanti_demos/share/ament_index/resource_index/package_run_dependencies/vizanti_demos
[0.428s] -- Up-to-date: /home/mosalam/robot_ws/install/vizanti_demos/share/ament_index/resource_index/parent_prefix_path/vizanti_demos
[0.428s] -- Up-to-date: /home/mosalam/robot_ws/install/vizanti_demos/share/vizanti_demos/environment/ament_prefix_path.sh
[0.428s] -- Up-to-date: /home/mosalam/robot_ws/install/vizanti_demos/share/vizanti_demos/environment/ament_prefix_path.dsv
[0.429s] -- Up-to-date: /home/mosalam/robot_ws/install/vizanti_demos/share/vizanti_demos/environment/path.sh
[0.429s] -- Up-to-date: /home/mosalam/robot_ws/install/vizanti_demos/share/vizanti_demos/environment/path.dsv
[0.430s] -- Up-to-date: /home/mosalam/robot_ws/install/vizanti_demos/share/vizanti_demos/local_setup.bash
[0.430s] -- Up-to-date: /home/mosalam/robot_ws/install/vizanti_demos/share/vizanti_demos/local_setup.sh
[0.430s] -- Up-to-date: /home/mosalam/robot_ws/install/vizanti_demos/share/vizanti_demos/local_setup.zsh
[0.430s] -- Up-to-date: /home/mosalam/robot_ws/install/vizanti_demos/share/vizanti_demos/local_setup.dsv
[0.430s] -- Installing: /home/mosalam/robot_ws/install/vizanti_demos/share/vizanti_demos/package.dsv
[0.430s] -- Up-to-date: /home/mosalam/robot_ws/install/vizanti_demos/share/ament_index/resource_index/packages/vizanti_demos
[0.430s] -- Up-to-date: /home/mosalam/robot_ws/install/vizanti_demos/share/vizanti_demos/cmake/vizanti_demosConfig.cmake
[0.430s] -- Up-to-date: /home/mosalam/robot_ws/install/vizanti_demos/share/vizanti_demos/cmake/vizanti_demosConfig-version.cmake
[0.430s] -- Up-to-date: /home/mosalam/robot_ws/install/vizanti_demos/share/vizanti_demos/package.xml
[0.435s] Invoked command in '/home/mosalam/robot_ws/build/vizanti_demos' returned '0': CMAKE_PREFIX_PATH=/home/mosalam/robot_ws/install/vizanti_msgs:/home/mosalam/robot_ws/install/vizanti:/home/mosalam/robot_ws/install/vizanti_server:/home/mosalam/robot_ws/install/vizanti_demos:/home/mosalam/robot_ws/install/vizanti_cpp:/home/mosalam/robot_ws/install/robot:/home/mosalam/robot_ws/install/urdf_tutorial:/home/mosalam/robot_ws/install/serial_motor_demo_msgs:/home/mosalam/robot_ws/install/serial:/home/mosalam/robot_ws/install/rplidar_ros:/home/mosalam/robot_ws/install/multirobot_map_merge:/home/mosalam/robot_ws/install/explore_lite:/home/mosalam/robot_ws/install/diffdrive_arduino:/home/mosalam/robot_ws/install/serial_motor_demo:/home/mosalam/robot_ws/install/custom_explorer:/home/mosalam/robot_ws/install/autonomous_exploration:/opt/ros/humble /usr/bin/cmake --install /home/mosalam/robot_ws/build/vizanti_demos
