[0.029s] Invoking command in '/home/mosalam/robot_ws/build/serial_motor_demo_msgs': CMAKE_PREFIX_PATH=${CMAKE_PREFIX_PATH}:/home/mosalam/robot_ws/install/serial_motor_demo:/home/mosalam/robot_ws/install/custom_explorer:/home/mosalam/robot_ws/install/autonomous_exploration:/opt/ros/humble /usr/bin/cmake --build /home/mosalam/robot_ws/build/serial_motor_demo_msgs -- -j4 -l4
[0.149s] [  2%] Built target serial_motor_demo_msgs__cpp
[0.160s] [ 12%] Built target serial_motor_demo_msgs__rosidl_generator_c
[0.206s] [ 12%] Built target ament_cmake_python_symlink_serial_motor_demo_msgs
[0.234s] [ 23%] Built target serial_motor_demo_msgs__rosidl_typesupport_fastrtps_cpp
[0.253s] [ 34%] Built target serial_motor_demo_msgs__rosidl_typesupport_cpp
[0.268s] [ 44%] Built target serial_motor_demo_msgs__rosidl_typesupport_introspection_cpp
[0.310s] [ 55%] Built target serial_motor_demo_msgs__rosidl_typesupport_fastrtps_c
[0.338s] [ 65%] Built target serial_motor_demo_msgs__rosidl_typesupport_c
[0.341s] [ 76%] Built target serial_motor_demo_msgs__rosidl_typesupport_introspection_c
[0.393s] [ 76%] Built target serial_motor_demo_msgs
[0.466s] [ 78%] Built target serial_motor_demo_msgs__py
[0.551s] [ 87%] Built target serial_motor_demo_msgs__rosidl_generator_py
[0.643s] [ 91%] Built target serial_motor_demo_msgs__rosidl_typesupport_fastrtps_c__pyext
[0.644s] [ 95%] Built target serial_motor_demo_msgs__rosidl_typesupport_c__pyext
[0.645s] [100%] Built target serial_motor_demo_msgs__rosidl_typesupport_introspection_c__pyext
[0.787s] running egg_info
[0.791s] writing serial_motor_demo_msgs.egg-info/PKG-INFO
[0.793s] writing dependency_links to serial_motor_demo_msgs.egg-info/dependency_links.txt
[0.794s] writing top-level names to serial_motor_demo_msgs.egg-info/top_level.txt
[0.795s] reading manifest file 'serial_motor_demo_msgs.egg-info/SOURCES.txt'
[0.796s] writing manifest file 'serial_motor_demo_msgs.egg-info/SOURCES.txt'
[0.845s] [100%] Built target ament_cmake_python_build_serial_motor_demo_msgs_egg
[0.871s] Invoked command in '/home/mosalam/robot_ws/build/serial_motor_demo_msgs' returned '0': CMAKE_PREFIX_PATH=${CMAKE_PREFIX_PATH}:/home/mosalam/robot_ws/install/serial_motor_demo:/home/mosalam/robot_ws/install/custom_explorer:/home/mosalam/robot_ws/install/autonomous_exploration:/opt/ros/humble /usr/bin/cmake --build /home/mosalam/robot_ws/build/serial_motor_demo_msgs -- -j4 -l4
[0.872s] Invoking command in '/home/mosalam/robot_ws/build/serial_motor_demo_msgs': CMAKE_PREFIX_PATH=${CMAKE_PREFIX_PATH}:/home/mosalam/robot_ws/install/serial_motor_demo:/home/mosalam/robot_ws/install/custom_explorer:/home/mosalam/robot_ws/install/autonomous_exploration:/opt/ros/humble /usr/bin/cmake --install /home/mosalam/robot_ws/build/serial_motor_demo_msgs
[0.880s] -- Install configuration: ""
[0.881s] -- Execute custom install script
[0.881s] -- Up-to-date symlink: /home/mosalam/robot_ws/install/serial_motor_demo_msgs/share/ament_index/resource_index/rosidl_interfaces/serial_motor_demo_msgs
[0.882s] -- Up-to-date symlink: /home/mosalam/robot_ws/install/serial_motor_demo_msgs/include/serial_motor_demo_msgs/serial_motor_demo_msgs/msg/detail/encoder_vals__functions.h
[0.882s] -- Up-to-date symlink: /home/mosalam/robot_ws/install/serial_motor_demo_msgs/include/serial_motor_demo_msgs/serial_motor_demo_msgs/msg/detail/encoder_vals__struct.h
[0.882s] -- Up-to-date symlink: /home/mosalam/robot_ws/install/serial_motor_demo_msgs/include/serial_motor_demo_msgs/serial_motor_demo_msgs/msg/detail/encoder_vals__type_support.h
[0.883s] -- Up-to-date symlink: /home/mosalam/robot_ws/install/serial_motor_demo_msgs/include/serial_motor_demo_msgs/serial_motor_demo_msgs/msg/detail/motor_command__functions.h
[0.883s] -- Up-to-date symlink: /home/mosalam/robot_ws/install/serial_motor_demo_msgs/include/serial_motor_demo_msgs/serial_motor_demo_msgs/msg/detail/motor_command__struct.h
[0.883s] -- Up-to-date symlink: /home/mosalam/robot_ws/install/serial_motor_demo_msgs/include/serial_motor_demo_msgs/serial_motor_demo_msgs/msg/detail/motor_command__type_support.h
[0.884s] -- Up-to-date symlink: /home/mosalam/robot_ws/install/serial_motor_demo_msgs/include/serial_motor_demo_msgs/serial_motor_demo_msgs/msg/detail/motor_vels__functions.h
[0.884s] -- Up-to-date symlink: /home/mosalam/robot_ws/install/serial_motor_demo_msgs/include/serial_motor_demo_msgs/serial_motor_demo_msgs/msg/detail/motor_vels__struct.h
[0.885s] -- Up-to-date symlink: /home/mosalam/robot_ws/install/serial_motor_demo_msgs/include/serial_motor_demo_msgs/serial_motor_demo_msgs/msg/detail/motor_vels__type_support.h
[0.885s] -- Up-to-date symlink: /home/mosalam/robot_ws/install/serial_motor_demo_msgs/include/serial_motor_demo_msgs/serial_motor_demo_msgs/msg/encoder_vals.h
[0.886s] -- Up-to-date symlink: /home/mosalam/robot_ws/install/serial_motor_demo_msgs/include/serial_motor_demo_msgs/serial_motor_demo_msgs/msg/motor_command.h
[0.886s] -- Up-to-date symlink: /home/mosalam/robot_ws/install/serial_motor_demo_msgs/include/serial_motor_demo_msgs/serial_motor_demo_msgs/msg/motor_vels.h
[0.886s] -- Up-to-date symlink: /home/mosalam/robot_ws/install/serial_motor_demo_msgs/include/serial_motor_demo_msgs/serial_motor_demo_msgs/msg/rosidl_generator_c__visibility_control.h
[0.886s] -- Up-to-date symlink: /home/mosalam/robot_ws/install/serial_motor_demo_msgs/share/serial_motor_demo_msgs/environment/library_path.sh
[0.886s] -- Up-to-date symlink: /home/mosalam/robot_ws/install/serial_motor_demo_msgs/share/serial_motor_demo_msgs/environment/library_path.dsv
[0.886s] -- Up-to-date symlink: /home/mosalam/robot_ws/install/serial_motor_demo_msgs/include/serial_motor_demo_msgs/serial_motor_demo_msgs/msg/detail/encoder_vals__rosidl_typesupport_fastrtps_c.h
[0.887s] -- Up-to-date symlink: /home/mosalam/robot_ws/install/serial_motor_demo_msgs/include/serial_motor_demo_msgs/serial_motor_demo_msgs/msg/detail/motor_command__rosidl_typesupport_fastrtps_c.h
[0.887s] -- Up-to-date symlink: /home/mosalam/robot_ws/install/serial_motor_demo_msgs/include/serial_motor_demo_msgs/serial_motor_demo_msgs/msg/detail/motor_vels__rosidl_typesupport_fastrtps_c.h
[0.887s] -- Up-to-date symlink: /home/mosalam/robot_ws/install/serial_motor_demo_msgs/include/serial_motor_demo_msgs/serial_motor_demo_msgs/msg/rosidl_typesupport_fastrtps_c__visibility_control.h
[0.888s] -- Up-to-date symlink: /home/mosalam/robot_ws/install/serial_motor_demo_msgs/include/serial_motor_demo_msgs/serial_motor_demo_msgs/msg/detail/encoder_vals__rosidl_typesupport_introspection_c.h
[0.888s] -- Up-to-date symlink: /home/mosalam/robot_ws/install/serial_motor_demo_msgs/include/serial_motor_demo_msgs/serial_motor_demo_msgs/msg/detail/motor_command__rosidl_typesupport_introspection_c.h
[0.888s] -- Up-to-date symlink: /home/mosalam/robot_ws/install/serial_motor_demo_msgs/include/serial_motor_demo_msgs/serial_motor_demo_msgs/msg/detail/motor_vels__rosidl_typesupport_introspection_c.h
[0.889s] -- Up-to-date symlink: /home/mosalam/robot_ws/install/serial_motor_demo_msgs/include/serial_motor_demo_msgs/serial_motor_demo_msgs/msg/rosidl_typesupport_introspection_c__visibility_control.h
[0.891s] -- Up-to-date symlink: /home/mosalam/robot_ws/install/serial_motor_demo_msgs/include/serial_motor_demo_msgs/serial_motor_demo_msgs/msg/detail/encoder_vals__builder.hpp
[0.891s] -- Up-to-date symlink: /home/mosalam/robot_ws/install/serial_motor_demo_msgs/include/serial_motor_demo_msgs/serial_motor_demo_msgs/msg/detail/encoder_vals__struct.hpp
[0.891s] -- Up-to-date symlink: /home/mosalam/robot_ws/install/serial_motor_demo_msgs/include/serial_motor_demo_msgs/serial_motor_demo_msgs/msg/detail/encoder_vals__traits.hpp
[0.891s] -- Up-to-date symlink: /home/mosalam/robot_ws/install/serial_motor_demo_msgs/include/serial_motor_demo_msgs/serial_motor_demo_msgs/msg/detail/encoder_vals__type_support.hpp
[0.891s] -- Up-to-date symlink: /home/mosalam/robot_ws/install/serial_motor_demo_msgs/include/serial_motor_demo_msgs/serial_motor_demo_msgs/msg/detail/motor_command__builder.hpp
[0.892s] -- Up-to-date symlink: /home/mosalam/robot_ws/install/serial_motor_demo_msgs/include/serial_motor_demo_msgs/serial_motor_demo_msgs/msg/detail/motor_command__struct.hpp
[0.892s] -- Up-to-date symlink: /home/mosalam/robot_ws/install/serial_motor_demo_msgs/include/serial_motor_demo_msgs/serial_motor_demo_msgs/msg/detail/motor_command__traits.hpp
[0.895s] -- Up-to-date symlink: /home/mosalam/robot_ws/install/serial_motor_demo_msgs/include/serial_motor_demo_msgs/serial_motor_demo_msgs/msg/detail/motor_command__type_support.hpp
[0.897s] -- Up-to-date symlink: /home/mosalam/robot_ws/install/serial_motor_demo_msgs/include/serial_motor_demo_msgs/serial_motor_demo_msgs/msg/detail/motor_vels__builder.hpp
[0.897s] -- Up-to-date symlink: /home/mosalam/robot_ws/install/serial_motor_demo_msgs/include/serial_motor_demo_msgs/serial_motor_demo_msgs/msg/detail/motor_vels__struct.hpp
[0.897s] -- Up-to-date symlink: /home/mosalam/robot_ws/install/serial_motor_demo_msgs/include/serial_motor_demo_msgs/serial_motor_demo_msgs/msg/detail/motor_vels__traits.hpp
[0.897s] -- Up-to-date symlink: /home/mosalam/robot_ws/install/serial_motor_demo_msgs/include/serial_motor_demo_msgs/serial_motor_demo_msgs/msg/detail/motor_vels__type_support.hpp
[0.897s] -- Up-to-date symlink: /home/mosalam/robot_ws/install/serial_motor_demo_msgs/include/serial_motor_demo_msgs/serial_motor_demo_msgs/msg/encoder_vals.hpp
[0.897s] -- Up-to-date symlink: /home/mosalam/robot_ws/install/serial_motor_demo_msgs/include/serial_motor_demo_msgs/serial_motor_demo_msgs/msg/motor_command.hpp
[0.900s] -- Up-to-date symlink: /home/mosalam/robot_ws/install/serial_motor_demo_msgs/include/serial_motor_demo_msgs/serial_motor_demo_msgs/msg/motor_vels.hpp
[0.900s] -- Up-to-date symlink: /home/mosalam/robot_ws/install/serial_motor_demo_msgs/include/serial_motor_demo_msgs/serial_motor_demo_msgs/msg/rosidl_generator_cpp__visibility_control.hpp
[0.900s] -- Up-to-date symlink: /home/mosalam/robot_ws/install/serial_motor_demo_msgs/include/serial_motor_demo_msgs/serial_motor_demo_msgs/msg/detail/encoder_vals__rosidl_typesupport_fastrtps_cpp.hpp
[0.900s] -- Up-to-date symlink: /home/mosalam/robot_ws/install/serial_motor_demo_msgs/include/serial_motor_demo_msgs/serial_motor_demo_msgs/msg/detail/motor_command__rosidl_typesupport_fastrtps_cpp.hpp
[0.900s] -- Up-to-date symlink: /home/mosalam/robot_ws/install/serial_motor_demo_msgs/include/serial_motor_demo_msgs/serial_motor_demo_msgs/msg/detail/motor_vels__rosidl_typesupport_fastrtps_cpp.hpp
[0.900s] -- Up-to-date symlink: /home/mosalam/robot_ws/install/serial_motor_demo_msgs/include/serial_motor_demo_msgs/serial_motor_demo_msgs/msg/rosidl_typesupport_fastrtps_cpp__visibility_control.h
[0.901s] -- Up-to-date symlink: /home/mosalam/robot_ws/install/serial_motor_demo_msgs/include/serial_motor_demo_msgs/serial_motor_demo_msgs/msg/detail/encoder_vals__rosidl_typesupport_introspection_cpp.hpp
[0.901s] -- Up-to-date symlink: /home/mosalam/robot_ws/install/serial_motor_demo_msgs/include/serial_motor_demo_msgs/serial_motor_demo_msgs/msg/detail/motor_command__rosidl_typesupport_introspection_cpp.hpp
[0.901s] -- Up-to-date symlink: /home/mosalam/robot_ws/install/serial_motor_demo_msgs/include/serial_motor_demo_msgs/serial_motor_demo_msgs/msg/detail/motor_vels__rosidl_typesupport_introspection_cpp.hpp
[0.902s] -- Up-to-date symlink: /home/mosalam/robot_ws/install/serial_motor_demo_msgs/share/serial_motor_demo_msgs/environment/pythonpath.sh
[0.903s] -- Up-to-date symlink: /home/mosalam/robot_ws/install/serial_motor_demo_msgs/share/serial_motor_demo_msgs/environment/pythonpath.dsv
[0.903s] -- Up-to-date symlink: /home/mosalam/robot_ws/install/serial_motor_demo_msgs/local/lib/python3.10/dist-packages/serial_motor_demo_msgs-0.0.0-py3.10.egg-info/PKG-INFO
[0.903s] -- Up-to-date symlink: /home/mosalam/robot_ws/install/serial_motor_demo_msgs/local/lib/python3.10/dist-packages/serial_motor_demo_msgs-0.0.0-py3.10.egg-info/SOURCES.txt
[0.904s] -- Up-to-date symlink: /home/mosalam/robot_ws/install/serial_motor_demo_msgs/local/lib/python3.10/dist-packages/serial_motor_demo_msgs-0.0.0-py3.10.egg-info/dependency_links.txt
[0.904s] -- Up-to-date symlink: /home/mosalam/robot_ws/install/serial_motor_demo_msgs/local/lib/python3.10/dist-packages/serial_motor_demo_msgs-0.0.0-py3.10.egg-info/top_level.txt
[0.906s] -- Up-to-date symlink: /home/mosalam/robot_ws/install/serial_motor_demo_msgs/local/lib/python3.10/dist-packages/serial_motor_demo_msgs/__init__.py
[0.906s] -- Up-to-date symlink: /home/mosalam/robot_ws/install/serial_motor_demo_msgs/local/lib/python3.10/dist-packages/serial_motor_demo_msgs/_serial_motor_demo_msgs_s.ep.rosidl_typesupport_c.c
[0.906s] -- Up-to-date symlink: /home/mosalam/robot_ws/install/serial_motor_demo_msgs/local/lib/python3.10/dist-packages/serial_motor_demo_msgs/_serial_motor_demo_msgs_s.ep.rosidl_typesupport_fastrtps_c.c
[0.906s] -- Up-to-date symlink: /home/mosalam/robot_ws/install/serial_motor_demo_msgs/local/lib/python3.10/dist-packages/serial_motor_demo_msgs/_serial_motor_demo_msgs_s.ep.rosidl_typesupport_introspection_c.c
[0.906s] -- Up-to-date symlink: /home/mosalam/robot_ws/install/serial_motor_demo_msgs/local/lib/python3.10/dist-packages/serial_motor_demo_msgs/libserial_motor_demo_msgs__rosidl_generator_py.so
[0.906s] -- Up-to-date symlink: /home/mosalam/robot_ws/install/serial_motor_demo_msgs/local/lib/python3.10/dist-packages/serial_motor_demo_msgs/msg/__init__.py
[0.906s] -- Up-to-date symlink: /home/mosalam/robot_ws/install/serial_motor_demo_msgs/local/lib/python3.10/dist-packages/serial_motor_demo_msgs/msg/_encoder_vals.py
[0.907s] -- Up-to-date symlink: /home/mosalam/robot_ws/install/serial_motor_demo_msgs/local/lib/python3.10/dist-packages/serial_motor_demo_msgs/msg/_encoder_vals_s.c
[0.907s] -- Up-to-date symlink: /home/mosalam/robot_ws/install/serial_motor_demo_msgs/local/lib/python3.10/dist-packages/serial_motor_demo_msgs/msg/_motor_command.py
[0.907s] -- Up-to-date symlink: /home/mosalam/robot_ws/install/serial_motor_demo_msgs/local/lib/python3.10/dist-packages/serial_motor_demo_msgs/msg/_motor_command_s.c
[0.907s] -- Up-to-date symlink: /home/mosalam/robot_ws/install/serial_motor_demo_msgs/local/lib/python3.10/dist-packages/serial_motor_demo_msgs/msg/_motor_vels.py
[0.907s] -- Up-to-date symlink: /home/mosalam/robot_ws/install/serial_motor_demo_msgs/local/lib/python3.10/dist-packages/serial_motor_demo_msgs/msg/_motor_vels_s.c
[0.907s] -- Up-to-date symlink: /home/mosalam/robot_ws/install/serial_motor_demo_msgs/local/lib/python3.10/dist-packages/serial_motor_demo_msgs/serial_motor_demo_msgs_s__rosidl_typesupport_c.cpython-310-x86_64-linux-gnu.so
[0.909s] -- Up-to-date symlink: /home/mosalam/robot_ws/install/serial_motor_demo_msgs/local/lib/python3.10/dist-packages/serial_motor_demo_msgs/serial_motor_demo_msgs_s__rosidl_typesupport_fastrtps_c.cpython-310-x86_64-linux-gnu.so
[0.909s] -- Up-to-date symlink: /home/mosalam/robot_ws/install/serial_motor_demo_msgs/local/lib/python3.10/dist-packages/serial_motor_demo_msgs/serial_motor_demo_msgs_s__rosidl_typesupport_introspection_c.cpython-310-x86_64-linux-gnu.so
[0.909s] -- Up-to-date symlink: /home/mosalam/robot_ws/install/serial_motor_demo_msgs/local/lib/python3.10/dist-packages/serial_motor_demo_msgs/serial_motor_demo_msgs_s__rosidl_typesupport_fastrtps_c.cpython-310-x86_64-linux-gnu.so
[0.909s] -- Up-to-date symlink: /home/mosalam/robot_ws/install/serial_motor_demo_msgs/local/lib/python3.10/dist-packages/serial_motor_demo_msgs/serial_motor_demo_msgs_s__rosidl_typesupport_introspection_c.cpython-310-x86_64-linux-gnu.so
[0.909s] -- Up-to-date symlink: /home/mosalam/robot_ws/install/serial_motor_demo_msgs/local/lib/python3.10/dist-packages/serial_motor_demo_msgs/serial_motor_demo_msgs_s__rosidl_typesupport_c.cpython-310-x86_64-linux-gnu.so
[0.910s] -- Up-to-date symlink: /home/mosalam/robot_ws/install/serial_motor_demo_msgs/share/serial_motor_demo_msgs/msg/MotorCommand.idl
[0.910s] -- Up-to-date symlink: /home/mosalam/robot_ws/install/serial_motor_demo_msgs/share/serial_motor_demo_msgs/msg/MotorVels.idl
[0.910s] -- Up-to-date symlink: /home/mosalam/robot_ws/install/serial_motor_demo_msgs/share/serial_motor_demo_msgs/msg/EncoderVals.idl
[0.910s] -- Up-to-date symlink: /home/mosalam/robot_ws/install/serial_motor_demo_msgs/share/serial_motor_demo_msgs/msg/MotorCommand.msg
[0.911s] -- Up-to-date symlink: /home/mosalam/robot_ws/install/serial_motor_demo_msgs/share/serial_motor_demo_msgs/msg/MotorVels.msg
[0.912s] -- Up-to-date symlink: /home/mosalam/robot_ws/install/serial_motor_demo_msgs/share/serial_motor_demo_msgs/msg/EncoderVals.msg
[0.912s] -- Up-to-date symlink: /home/mosalam/robot_ws/install/serial_motor_demo_msgs/share/ament_index/resource_index/package_run_dependencies/serial_motor_demo_msgs
[0.912s] -- Up-to-date symlink: /home/mosalam/robot_ws/install/serial_motor_demo_msgs/share/ament_index/resource_index/parent_prefix_path/serial_motor_demo_msgs
[0.912s] -- Up-to-date symlink: /home/mosalam/robot_ws/install/serial_motor_demo_msgs/share/serial_motor_demo_msgs/environment/ament_prefix_path.sh
[0.912s] -- Up-to-date symlink: /home/mosalam/robot_ws/install/serial_motor_demo_msgs/share/serial_motor_demo_msgs/environment/ament_prefix_path.dsv
[0.912s] -- Up-to-date symlink: /home/mosalam/robot_ws/install/serial_motor_demo_msgs/share/serial_motor_demo_msgs/environment/path.sh
[0.912s] -- Up-to-date symlink: /home/mosalam/robot_ws/install/serial_motor_demo_msgs/share/serial_motor_demo_msgs/environment/path.dsv
[0.912s] -- Up-to-date symlink: /home/mosalam/robot_ws/install/serial_motor_demo_msgs/share/serial_motor_demo_msgs/local_setup.bash
[0.913s] -- Up-to-date symlink: /home/mosalam/robot_ws/install/serial_motor_demo_msgs/share/serial_motor_demo_msgs/local_setup.sh
[0.913s] -- Up-to-date symlink: /home/mosalam/robot_ws/install/serial_motor_demo_msgs/share/serial_motor_demo_msgs/local_setup.zsh
[0.913s] -- Up-to-date symlink: /home/mosalam/robot_ws/install/serial_motor_demo_msgs/share/serial_motor_demo_msgs/local_setup.dsv
[0.913s] -- Symlinking: /home/mosalam/robot_ws/install/serial_motor_demo_msgs/share/serial_motor_demo_msgs/package.dsv
[0.923s] -- Up-to-date symlink: /home/mosalam/robot_ws/install/serial_motor_demo_msgs/share/ament_index/resource_index/packages/serial_motor_demo_msgs
[0.924s] -- Up-to-date symlink: /home/mosalam/robot_ws/install/serial_motor_demo_msgs/share/serial_motor_demo_msgs/cmake/rosidl_cmake-extras.cmake
[0.924s] -- Up-to-date symlink: /home/mosalam/robot_ws/install/serial_motor_demo_msgs/share/serial_motor_demo_msgs/cmake/ament_cmake_export_include_directories-extras.cmake
[0.925s] -- Up-to-date symlink: /home/mosalam/robot_ws/install/serial_motor_demo_msgs/share/serial_motor_demo_msgs/cmake/ament_cmake_export_libraries-extras.cmake
[0.926s] -- Up-to-date symlink: /home/mosalam/robot_ws/install/serial_motor_demo_msgs/share/serial_motor_demo_msgs/cmake/ament_cmake_export_targets-extras.cmake
[0.926s] -- Up-to-date symlink: /home/mosalam/robot_ws/install/serial_motor_demo_msgs/share/serial_motor_demo_msgs/cmake/rosidl_cmake_export_typesupport_targets-extras.cmake
[0.927s] -- Up-to-date symlink: /home/mosalam/robot_ws/install/serial_motor_demo_msgs/share/serial_motor_demo_msgs/cmake/ament_cmake_export_dependencies-extras.cmake
[0.927s] -- Up-to-date symlink: /home/mosalam/robot_ws/install/serial_motor_demo_msgs/share/serial_motor_demo_msgs/cmake/rosidl_cmake_export_typesupport_libraries-extras.cmake
[0.928s] -- Up-to-date symlink: /home/mosalam/robot_ws/install/serial_motor_demo_msgs/share/serial_motor_demo_msgs/cmake/serial_motor_demo_msgsConfig.cmake
[0.929s] -- Up-to-date symlink: /home/mosalam/robot_ws/install/serial_motor_demo_msgs/share/serial_motor_demo_msgs/cmake/serial_motor_demo_msgsConfig-version.cmake
[0.929s] -- Up-to-date symlink: /home/mosalam/robot_ws/install/serial_motor_demo_msgs/share/serial_motor_demo_msgs/package.xml
[0.930s] -- Up-to-date: /home/mosalam/robot_ws/install/serial_motor_demo_msgs/lib/libserial_motor_demo_msgs__rosidl_generator_c.so
[0.931s] -- Up-to-date: /home/mosalam/robot_ws/install/serial_motor_demo_msgs/lib/libserial_motor_demo_msgs__rosidl_typesupport_fastrtps_c.so
[0.932s] -- Up-to-date: /home/mosalam/robot_ws/install/serial_motor_demo_msgs/lib/libserial_motor_demo_msgs__rosidl_typesupport_introspection_c.so
[0.932s] -- Up-to-date: /home/mosalam/robot_ws/install/serial_motor_demo_msgs/lib/libserial_motor_demo_msgs__rosidl_typesupport_c.so
[0.933s] -- Up-to-date: /home/mosalam/robot_ws/install/serial_motor_demo_msgs/lib/libserial_motor_demo_msgs__rosidl_typesupport_fastrtps_cpp.so
[0.934s] -- Up-to-date: /home/mosalam/robot_ws/install/serial_motor_demo_msgs/lib/libserial_motor_demo_msgs__rosidl_typesupport_introspection_cpp.so
[0.936s] -- Up-to-date: /home/mosalam/robot_ws/install/serial_motor_demo_msgs/lib/libserial_motor_demo_msgs__rosidl_typesupport_cpp.so
[0.996s] Listing '/home/mosalam/robot_ws/install/serial_motor_demo_msgs/local/lib/python3.10/dist-packages/serial_motor_demo_msgs'...
[0.996s] Listing '/home/mosalam/robot_ws/install/serial_motor_demo_msgs/local/lib/python3.10/dist-packages/serial_motor_demo_msgs/msg'...
[1.006s] -- Up-to-date: /home/mosalam/robot_ws/install/serial_motor_demo_msgs/lib/libserial_motor_demo_msgs__rosidl_generator_py.so
[1.006s] -- Up-to-date: /home/mosalam/robot_ws/install/serial_motor_demo_msgs/share/serial_motor_demo_msgs/cmake/export_serial_motor_demo_msgs__rosidl_generator_cExport.cmake
[1.007s] -- Up-to-date: /home/mosalam/robot_ws/install/serial_motor_demo_msgs/share/serial_motor_demo_msgs/cmake/export_serial_motor_demo_msgs__rosidl_generator_cExport-noconfig.cmake
[1.007s] -- Up-to-date: /home/mosalam/robot_ws/install/serial_motor_demo_msgs/share/serial_motor_demo_msgs/cmake/export_serial_motor_demo_msgs__rosidl_typesupport_fastrtps_cExport.cmake
[1.010s] -- Up-to-date: /home/mosalam/robot_ws/install/serial_motor_demo_msgs/share/serial_motor_demo_msgs/cmake/export_serial_motor_demo_msgs__rosidl_typesupport_fastrtps_cExport-noconfig.cmake
[1.011s] -- Up-to-date: /home/mosalam/robot_ws/install/serial_motor_demo_msgs/share/serial_motor_demo_msgs/cmake/serial_motor_demo_msgs__rosidl_typesupport_introspection_cExport.cmake
[1.011s] -- Up-to-date: /home/mosalam/robot_ws/install/serial_motor_demo_msgs/share/serial_motor_demo_msgs/cmake/serial_motor_demo_msgs__rosidl_typesupport_introspection_cExport-noconfig.cmake
[1.012s] -- Up-to-date: /home/mosalam/robot_ws/install/serial_motor_demo_msgs/share/serial_motor_demo_msgs/cmake/serial_motor_demo_msgs__rosidl_typesupport_cExport.cmake
[1.012s] -- Up-to-date: /home/mosalam/robot_ws/install/serial_motor_demo_msgs/share/serial_motor_demo_msgs/cmake/serial_motor_demo_msgs__rosidl_typesupport_cExport-noconfig.cmake
[1.012s] -- Up-to-date: /home/mosalam/robot_ws/install/serial_motor_demo_msgs/share/serial_motor_demo_msgs/cmake/export_serial_motor_demo_msgs__rosidl_generator_cppExport.cmake
[1.012s] -- Up-to-date: /home/mosalam/robot_ws/install/serial_motor_demo_msgs/share/serial_motor_demo_msgs/cmake/export_serial_motor_demo_msgs__rosidl_typesupport_fastrtps_cppExport.cmake
[1.012s] -- Up-to-date: /home/mosalam/robot_ws/install/serial_motor_demo_msgs/share/serial_motor_demo_msgs/cmake/export_serial_motor_demo_msgs__rosidl_typesupport_fastrtps_cppExport-noconfig.cmake
[1.012s] -- Up-to-date: /home/mosalam/robot_ws/install/serial_motor_demo_msgs/share/serial_motor_demo_msgs/cmake/serial_motor_demo_msgs__rosidl_typesupport_introspection_cppExport.cmake
[1.012s] -- Up-to-date: /home/mosalam/robot_ws/install/serial_motor_demo_msgs/share/serial_motor_demo_msgs/cmake/serial_motor_demo_msgs__rosidl_typesupport_introspection_cppExport-noconfig.cmake
[1.012s] -- Up-to-date: /home/mosalam/robot_ws/install/serial_motor_demo_msgs/share/serial_motor_demo_msgs/cmake/serial_motor_demo_msgs__rosidl_typesupport_cppExport.cmake
[1.013s] -- Up-to-date: /home/mosalam/robot_ws/install/serial_motor_demo_msgs/share/serial_motor_demo_msgs/cmake/serial_motor_demo_msgs__rosidl_typesupport_cppExport-noconfig.cmake
[1.013s] -- Up-to-date: /home/mosalam/robot_ws/install/serial_motor_demo_msgs/share/serial_motor_demo_msgs/cmake/export_serial_motor_demo_msgs__rosidl_generator_pyExport.cmake
[1.013s] -- Up-to-date: /home/mosalam/robot_ws/install/serial_motor_demo_msgs/share/serial_motor_demo_msgs/cmake/export_serial_motor_demo_msgs__rosidl_generator_pyExport-noconfig.cmake
[1.366s] Invoked command in '/home/mosalam/robot_ws/build/serial_motor_demo_msgs' returned '0': CMAKE_PREFIX_PATH=${CMAKE_PREFIX_PATH}:/home/mosalam/robot_ws/install/serial_motor_demo:/home/mosalam/robot_ws/install/custom_explorer:/home/mosalam/robot_ws/install/autonomous_exploration:/opt/ros/humble /usr/bin/cmake --install /home/mosalam/robot_ws/build/serial_motor_demo_msgs
