[0.932s] Invoking command in '/home/mosalam/robot_ws/src/serial_motor_demo/serial_motor_demo': CMAKE_PREFIX_PATH=/home/mosalam/robot_ws/install/serial_motor_demo_msgs:/home/mosalam/robot_ws/install/vizanti:/home/mosalam/robot_ws/install/vizanti_server:/home/mosalam/robot_ws/install/vizanti_demos:/home/mosalam/robot_ws/install/vizanti_msgs:/home/mosalam/robot_ws/install/vizanti_cpp:/home/mosalam/robot_ws/install/robot:/home/mosalam/robot_ws/install/urdf_tutorial:/home/mosalam/robot_ws/install/serial:/home/mosalam/robot_ws/install/rplidar_ros:/home/mosalam/robot_ws/install/multirobot_map_merge:/home/mosalam/robot_ws/install/explore_lite:/home/mosalam/robot_ws/install/diffdrive_arduino LD_LIBRARY_PATH=/home/mosalam/robot_ws/install/serial_motor_demo_msgs/lib:/home/mosalam/robot_ws/install/vizanti_msgs/lib:/home/mosalam/robot_ws/install/serial/lib:/home/mosalam/robot_ws/install/rplidar_ros/lib:/home/mosalam/robot_ws/install/multirobot_map_merge/lib:/home/mosalam/robot_ws/install/diffdrive_arduino/lib:/opt/ros/humble/opt/rviz_ogre_vendor/lib:/opt/ros/humble/lib/x86_64-linux-gnu:/opt/ros/humble/lib PYTHONPATH=/home/mosalam/robot_ws/build/serial_motor_demo/prefix_override:/usr/lib/python3/dist-packages/colcon_core/task/python/colcon_distutils_commands:/home/mosalam/robot_ws/install/serial_motor_demo/lib/python3.10/site-packages:${PYTHONPATH} /usr/bin/python3 -W ignore:setup.py install is deprecated -W ignore:easy_install command is deprecated setup.py egg_info --egg-base ../../../build/serial_motor_demo build --build-base /home/mosalam/robot_ws/build/serial_motor_demo/build install --record /home/mosalam/robot_ws/build/serial_motor_demo/install.log --single-version-externally-managed install_data
[1.206s] running egg_info
[1.209s] writing ../../../build/serial_motor_demo/serial_motor_demo.egg-info/PKG-INFO
[1.209s] writing dependency_links to ../../../build/serial_motor_demo/serial_motor_demo.egg-info/dependency_links.txt
[1.209s] writing entry points to ../../../build/serial_motor_demo/serial_motor_demo.egg-info/entry_points.txt
[1.209s] writing requirements to ../../../build/serial_motor_demo/serial_motor_demo.egg-info/requires.txt
[1.210s] writing top-level names to ../../../build/serial_motor_demo/serial_motor_demo.egg-info/top_level.txt
[1.212s] reading manifest file '../../../build/serial_motor_demo/serial_motor_demo.egg-info/SOURCES.txt'
[1.213s] writing manifest file '../../../build/serial_motor_demo/serial_motor_demo.egg-info/SOURCES.txt'
[1.213s] running build
[1.213s] running build_py
[1.214s] running install
[1.214s] running install_lib
[1.215s] running install_data
[1.216s] running install_egg_info
[1.218s] removing '/home/mosalam/robot_ws/install/serial_motor_demo/lib/python3.10/site-packages/serial_motor_demo-0.0.0-py3.10.egg-info' (and everything under it)
[1.218s] Copying ../../../build/serial_motor_demo/serial_motor_demo.egg-info to /home/mosalam/robot_ws/install/serial_motor_demo/lib/python3.10/site-packages/serial_motor_demo-0.0.0-py3.10.egg-info
[1.219s] running install_scripts
[1.241s] Installing driver script to /home/mosalam/robot_ws/install/serial_motor_demo/lib/serial_motor_demo
[1.241s] Installing gui script to /home/mosalam/robot_ws/install/serial_motor_demo/lib/serial_motor_demo
[1.241s] writing list of installed files to '/home/mosalam/robot_ws/build/serial_motor_demo/install.log'
[1.273s] Invoked command in '/home/mosalam/robot_ws/src/serial_motor_demo/serial_motor_demo' returned '0': CMAKE_PREFIX_PATH=/home/mosalam/robot_ws/install/serial_motor_demo_msgs:/home/mosalam/robot_ws/install/vizanti:/home/mosalam/robot_ws/install/vizanti_server:/home/mosalam/robot_ws/install/vizanti_demos:/home/mosalam/robot_ws/install/vizanti_msgs:/home/mosalam/robot_ws/install/vizanti_cpp:/home/mosalam/robot_ws/install/robot:/home/mosalam/robot_ws/install/urdf_tutorial:/home/mosalam/robot_ws/install/serial:/home/mosalam/robot_ws/install/rplidar_ros:/home/mosalam/robot_ws/install/multirobot_map_merge:/home/mosalam/robot_ws/install/explore_lite:/home/mosalam/robot_ws/install/diffdrive_arduino LD_LIBRARY_PATH=/home/mosalam/robot_ws/install/serial_motor_demo_msgs/lib:/home/mosalam/robot_ws/install/vizanti_msgs/lib:/home/mosalam/robot_ws/install/serial/lib:/home/mosalam/robot_ws/install/rplidar_ros/lib:/home/mosalam/robot_ws/install/multirobot_map_merge/lib:/home/mosalam/robot_ws/install/diffdrive_arduino/lib:/opt/ros/humble/opt/rviz_ogre_vendor/lib:/opt/ros/humble/lib/x86_64-linux-gnu:/opt/ros/humble/lib PYTHONPATH=/home/mosalam/robot_ws/build/serial_motor_demo/prefix_override:/usr/lib/python3/dist-packages/colcon_core/task/python/colcon_distutils_commands:/home/mosalam/robot_ws/install/serial_motor_demo/lib/python3.10/site-packages:${PYTHONPATH} /usr/bin/python3 -W ignore:setup.py install is deprecated -W ignore:easy_install command is deprecated setup.py egg_info --egg-base ../../../build/serial_motor_demo build --build-base /home/mosalam/robot_ws/build/serial_motor_demo/build install --record /home/mosalam/robot_ws/build/serial_motor_demo/install.log --single-version-externally-managed install_data
