[1.662s] Invoking command in '/home/mosalam/robot_ws/src/Autonomous-Explorer-and-Mapper-ros2-nav2': PYTHONPATH=/home/mosalam/robot_ws/build/custom_explorer/prefix_override:/usr/lib/python3/dist-packages/colcon_core/task/python/colcon_distutils_commands:/home/mosalam/robot_ws/install/custom_explorer/lib/python3.10/site-packages:${PYTHONPATH} /usr/bin/python3 -W ignore:setup.py install is deprecated -W ignore:easy_install command is deprecated setup.py egg_info --egg-base ../../build/custom_explorer build --build-base /home/mosalam/robot_ws/build/custom_explorer/build install --record /home/mosalam/robot_ws/build/custom_explorer/install.log --single-version-externally-managed install_data
[1.974s] running egg_info
[1.976s] writing ../../build/custom_explorer/custom_explorer.egg-info/PKG-INFO
[1.977s] writing dependency_links to ../../build/custom_explorer/custom_explorer.egg-info/dependency_links.txt
[1.978s] writing entry points to ../../build/custom_explorer/custom_explorer.egg-info/entry_points.txt
[1.978s] writing requirements to ../../build/custom_explorer/custom_explorer.egg-info/requires.txt
[1.979s] writing top-level names to ../../build/custom_explorer/custom_explorer.egg-info/top_level.txt
[1.980s] reading manifest file '../../build/custom_explorer/custom_explorer.egg-info/SOURCES.txt'
[1.981s] writing manifest file '../../build/custom_explorer/custom_explorer.egg-info/SOURCES.txt'
[1.981s] running build
[1.982s] running build_py
[1.982s] running install
[1.982s] running install_lib
[1.984s] running install_data
[1.984s] running install_egg_info
[1.985s] removing '/home/mosalam/robot_ws/install/custom_explorer/lib/python3.10/site-packages/custom_explorer-0.0.0-py3.10.egg-info' (and everything under it)
[1.988s] Copying ../../build/custom_explorer/custom_explorer.egg-info to /home/mosalam/robot_ws/install/custom_explorer/lib/python3.10/site-packages/custom_explorer-0.0.0-py3.10.egg-info
[1.988s] running install_scripts
[2.011s] Installing explorer script to /home/mosalam/robot_ws/install/custom_explorer/lib/custom_explorer
[2.012s] writing list of installed files to '/home/mosalam/robot_ws/build/custom_explorer/install.log'
[2.045s] Invoked command in '/home/mosalam/robot_ws/src/Autonomous-Explorer-and-Mapper-ros2-nav2' returned '0': PYTHONPATH=/home/mosalam/robot_ws/build/custom_explorer/prefix_override:/usr/lib/python3/dist-packages/colcon_core/task/python/colcon_distutils_commands:/home/mosalam/robot_ws/install/custom_explorer/lib/python3.10/site-packages:${PYTHONPATH} /usr/bin/python3 -W ignore:setup.py install is deprecated -W ignore:easy_install command is deprecated setup.py egg_info --egg-base ../../build/custom_explorer build --build-base /home/mosalam/robot_ws/build/custom_explorer/build install --record /home/mosalam/robot_ws/build/custom_explorer/install.log --single-version-externally-managed install_data
