[0.021s] Invoking command in '/home/mosalam/robot_ws/build/vizanti_server': CMAKE_PREFIX_PATH=/home/mosalam/robot_ws/install/vizanti_msgs:/home/mosalam/robot_ws/install/vizanti:/home/mosalam/robot_ws/install/vizanti_server:/home/mosalam/robot_ws/install/vizanti_demos:/home/mosalam/robot_ws/install/vizanti_cpp:/home/mosalam/robot_ws/install/robot:/home/mosalam/robot_ws/install/urdf_tutorial:/home/mosalam/robot_ws/install/serial_motor_demo_msgs:/home/mosalam/robot_ws/install/serial:/home/mosalam/robot_ws/install/rplidar_ros:/home/mosalam/robot_ws/install/multirobot_map_merge:/home/mosalam/robot_ws/install/explore_lite:/home/mosalam/robot_ws/install/diffdrive_arduino:/home/mosalam/robot_ws/install/serial_motor_demo:/home/mosalam/robot_ws/install/custom_explorer:/home/mosalam/robot_ws/install/autonomous_exploration:/opt/ros/humble /usr/bin/cmake --build /home/mosalam/robot_ws/build/vizanti_server -- -j4 -l4
[0.088s] Invoked command in '/home/mosalam/robot_ws/build/vizanti_server' returned '0': CMAKE_PREFIX_PATH=/home/mosalam/robot_ws/install/vizanti_msgs:/home/mosalam/robot_ws/install/vizanti:/home/mosalam/robot_ws/install/vizanti_server:/home/mosalam/robot_ws/install/vizanti_demos:/home/mosalam/robot_ws/install/vizanti_cpp:/home/mosalam/robot_ws/install/robot:/home/mosalam/robot_ws/install/urdf_tutorial:/home/mosalam/robot_ws/install/serial_motor_demo_msgs:/home/mosalam/robot_ws/install/serial:/home/mosalam/robot_ws/install/rplidar_ros:/home/mosalam/robot_ws/install/multirobot_map_merge:/home/mosalam/robot_ws/install/explore_lite:/home/mosalam/robot_ws/install/diffdrive_arduino:/home/mosalam/robot_ws/install/serial_motor_demo:/home/mosalam/robot_ws/install/custom_explorer:/home/mosalam/robot_ws/install/autonomous_exploration:/opt/ros/humble /usr/bin/cmake --build /home/mosalam/robot_ws/build/vizanti_server -- -j4 -l4
[0.092s] Invoking command in '/home/mosalam/robot_ws/build/vizanti_server': CMAKE_PREFIX_PATH=/home/mosalam/robot_ws/install/vizanti_msgs:/home/mosalam/robot_ws/install/vizanti:/home/mosalam/robot_ws/install/vizanti_server:/home/mosalam/robot_ws/install/vizanti_demos:/home/mosalam/robot_ws/install/vizanti_cpp:/home/mosalam/robot_ws/install/robot:/home/mosalam/robot_ws/install/urdf_tutorial:/home/mosalam/robot_ws/install/serial_motor_demo_msgs:/home/mosalam/robot_ws/install/serial:/home/mosalam/robot_ws/install/rplidar_ros:/home/mosalam/robot_ws/install/multirobot_map_merge:/home/mosalam/robot_ws/install/explore_lite:/home/mosalam/robot_ws/install/diffdrive_arduino:/home/mosalam/robot_ws/install/serial_motor_demo:/home/mosalam/robot_ws/install/custom_explorer:/home/mosalam/robot_ws/install/autonomous_exploration:/opt/ros/humble /usr/bin/cmake --install /home/mosalam/robot_ws/build/vizanti_server
[0.105s] -- Install configuration: ""
[0.105s] -- Up-to-date: /home/mosalam/robot_ws/install/vizanti_server/share/vizanti_server//launch
[0.105s] -- Up-to-date: /home/mosalam/robot_ws/install/vizanti_server/share/vizanti_server//launch/vizanti_rws.launch.py
[0.105s] -- Up-to-date: /home/mosalam/robot_ws/install/vizanti_server/share/vizanti_server//launch/vizanti_server.launch.py
[0.106s] -- Up-to-date: /home/mosalam/robot_ws/install/vizanti_server/share/vizanti_server//launch/__pycache__
[0.106s] -- Up-to-date: /home/mosalam/robot_ws/install/vizanti_server/share/vizanti_server//launch/__pycache__/vizanti_server.launch.cpython-310.pyc
[0.106s] -- Up-to-date: /home/mosalam/robot_ws/install/vizanti_server/share/vizanti_server//public
[0.107s] -- Up-to-date: /home/mosalam/robot_ws/install/vizanti_server/share/vizanti_server//public/css
[0.107s] -- Up-to-date: /home/mosalam/robot_ws/install/vizanti_server/share/vizanti_server//public/css/style.css
[0.107s] -- Up-to-date: /home/mosalam/robot_ws/install/vizanti_server/share/vizanti_server//public/css/font
[0.107s] -- Up-to-date: /home/mosalam/robot_ws/install/vizanti_server/share/vizanti_server//public/css/font/TRADEMARKS.txt
[0.107s] -- Up-to-date: /home/mosalam/robot_ws/install/vizanti_server/share/vizanti_server//public/css/font/ubuntu.mono.ttf
[0.107s] -- Up-to-date: /home/mosalam/robot_ws/install/vizanti_server/share/vizanti_server//public/css/font/LICENCE.txt
[0.107s] -- Up-to-date: /home/mosalam/robot_ws/install/vizanti_server/share/vizanti_server//public/css/font/ubuntu.mono.woff
[0.108s] -- Up-to-date: /home/mosalam/robot_ws/install/vizanti_server/share/vizanti_server//public/css/font/ubuntu.mono.woff2
[0.108s] -- Up-to-date: /home/mosalam/robot_ws/install/vizanti_server/share/vizanti_server//public/iconbar.html
[0.108s] -- Up-to-date: /home/mosalam/robot_ws/install/vizanti_server/share/vizanti_server//public/assets
[0.108s] -- Up-to-date: /home/mosalam/robot_ws/install/vizanti_server/share/vizanti_server//public/assets/simplegoal.png
[0.108s] -- Up-to-date: /home/mosalam/robot_ws/install/vizanti_server/share/vizanti_server//public/assets/button.svg
[0.108s] -- Up-to-date: /home/mosalam/robot_ws/install/vizanti_server/share/vizanti_server//public/assets/battery_unknown.svg
[0.108s] -- Up-to-date: /home/mosalam/robot_ws/install/vizanti_server/share/vizanti_server//public/assets/default_layout.json
[0.108s] -- Up-to-date: /home/mosalam/robot_ws/install/vizanti_server/share/vizanti_server//public/assets/speedometer_dial.svg
[0.108s] -- Up-to-date: /home/mosalam/robot_ws/install/vizanti_server/share/vizanti_server//public/assets/rosbridge_disconnected.svg
[0.109s] -- Up-to-date: /home/mosalam/robot_ws/install/vizanti_server/share/vizanti_server//public/assets/rosbag.svg
[0.109s] -- Up-to-date: /home/mosalam/robot_ws/install/vizanti_server/share/vizanti_server//public/assets/pointcloud.svg
[0.109s] -- Up-to-date: /home/mosalam/robot_ws/install/vizanti_server/share/vizanti_server//public/assets/scan.svg
[0.109s] -- Up-to-date: /home/mosalam/robot_ws/install/vizanti_server/share/vizanti_server//public/assets/robotmodel.svg
[0.109s] -- Up-to-date: /home/mosalam/robot_ws/install/vizanti_server/share/vizanti_server//public/assets/tf.svg
[0.109s] -- Up-to-date: /home/mosalam/robot_ws/install/vizanti_server/share/vizanti_server//public/assets/gridcells.svg
[0.109s] -- Up-to-date: /home/mosalam/robot_ws/install/vizanti_server/share/vizanti_server//public/assets/temp_unknown.svg
[0.109s] -- Up-to-date: /home/mosalam/robot_ws/install/vizanti_server/share/vizanti_server//public/assets/joypos.svg
[0.109s] -- Up-to-date: /home/mosalam/robot_ws/install/vizanti_server/share/vizanti_server//public/assets/battery_80.svg
[0.110s] -- Up-to-date: /home/mosalam/robot_ws/install/vizanti_server/share/vizanti_server//public/assets/battery_40.svg
[0.110s] -- Up-to-date: /home/mosalam/robot_ws/install/vizanti_server/share/vizanti_server//public/assets/altimeter_arrow.svg
[0.110s] -- Up-to-date: /home/mosalam/robot_ws/install/vizanti_server/share/vizanti_server//public/assets/rosbridge_connected.svg
[0.110s] -- Up-to-date: /home/mosalam/robot_ws/install/vizanti_server/share/vizanti_server//public/assets/node_restart.svg
[0.110s] -- Up-to-date: /home/mosalam/robot_ws/install/vizanti_server/share/vizanti_server//public/assets/speedometer_icon.svg
[0.110s] -- Up-to-date: /home/mosalam/robot_ws/install/vizanti_server/share/vizanti_server//public/assets/node_kill.svg
[0.110s] -- Up-to-date: /home/mosalam/robot_ws/install/vizanti_server/share/vizanti_server//public/assets/altimeter_arrow_green.svg
[0.110s] -- Up-to-date: /home/mosalam/robot_ws/install/vizanti_server/share/vizanti_server//public/assets/odom.svg
[0.111s] -- Up-to-date: /home/mosalam/robot_ws/install/vizanti_server/share/vizanti_server//public/assets/joystick.svg
[0.111s] -- Up-to-date: /home/mosalam/robot_ws/install/vizanti_server/share/vizanti_server//public/assets/rawmap.svg
[0.111s] -- Up-to-date: /home/mosalam/robot_ws/install/vizanti_server/share/vizanti_server//public/assets/reconfigure.svg
[0.111s] -- Up-to-date: /home/mosalam/robot_ws/install/vizanti_server/share/vizanti_server//public/assets/image.svg
[0.111s] -- Up-to-date: /home/mosalam/robot_ws/install/vizanti_server/share/vizanti_server//public/assets/waypoints.svg
[0.111s] -- Up-to-date: /home/mosalam/robot_ws/install/vizanti_server/share/vizanti_server//public/assets/grid.svg
[0.111s] -- Up-to-date: /home/mosalam/robot_ws/install/vizanti_server/share/vizanti_server//public/assets/initialpose.png
[0.111s] -- Up-to-date: /home/mosalam/robot_ws/install/vizanti_server/share/vizanti_server//public/assets/posewithcovariancestamped.svg
[0.112s] -- Up-to-date: /home/mosalam/robot_ws/install/vizanti_server/share/vizanti_server//public/assets/add.svg
[0.112s] -- Up-to-date: /home/mosalam/robot_ws/install/vizanti_server/share/vizanti_server//public/assets/satelite.svg
[0.112s] -- Up-to-date: /home/mosalam/robot_ws/install/vizanti_server/share/vizanti_server//public/assets/button_false.svg
[0.112s] -- Up-to-date: /home/mosalam/robot_ws/install/vizanti_server/share/vizanti_server//public/assets/rosbag_active.svg
[0.113s] -- Up-to-date: /home/mosalam/robot_ws/install/vizanti_server/share/vizanti_server//public/assets/rosbridge_reconnect.svg
[0.113s] -- Up-to-date: /home/mosalam/robot_ws/install/vizanti_server/share/vizanti_server//public/assets/button_true.svg
[0.113s] -- Up-to-date: /home/mosalam/robot_ws/install/vizanti_server/share/vizanti_server//public/assets/pose.svg
[0.113s] -- Up-to-date: /home/mosalam/robot_ws/install/vizanti_server/share/vizanti_server//public/assets/battery_100.svg
[0.114s] -- Up-to-date: /home/mosalam/robot_ws/install/vizanti_server/share/vizanti_server//public/assets/covariance.svg
[0.114s] -- Up-to-date: /home/mosalam/robot_ws/install/vizanti_server/share/vizanti_server//public/assets/settings.svg
[0.114s] -- Up-to-date: /home/mosalam/robot_ws/install/vizanti_server/share/vizanti_server//public/assets/icon
[0.114s] -- Up-to-date: /home/mosalam/robot_ws/install/vizanti_server/share/vizanti_server//public/assets/icon/192.png
[0.115s] -- Up-to-date: /home/mosalam/robot_ws/install/vizanti_server/share/vizanti_server//public/assets/icon/16.png
[0.115s] -- Up-to-date: /home/mosalam/robot_ws/install/vizanti_server/share/vizanti_server//public/assets/icon/512.png
[0.115s] -- Up-to-date: /home/mosalam/robot_ws/install/vizanti_server/share/vizanti_server//public/assets/icon/manifest.json
[0.115s] -- Up-to-date: /home/mosalam/robot_ws/install/vizanti_server/share/vizanti_server//public/assets/icon/32.png
[0.116s] -- Up-to-date: /home/mosalam/robot_ws/install/vizanti_server/share/vizanti_server//public/assets/icon/96.png
[0.116s] -- Up-to-date: /home/mosalam/robot_ws/install/vizanti_server/share/vizanti_server//public/assets/icon/preview.jpg
[0.116s] -- Up-to-date: /home/mosalam/robot_ws/install/vizanti_server/share/vizanti_server//public/assets/icon/152.png
[0.117s] -- Up-to-date: /home/mosalam/robot_ws/install/vizanti_server/share/vizanti_server//public/assets/icon/icon.svg
[0.117s] -- Up-to-date: /home/mosalam/robot_ws/install/vizanti_server/share/vizanti_server//public/assets/costmap.svg
[0.117s] -- Up-to-date: /home/mosalam/robot_ws/install/vizanti_server/share/vizanti_server//public/assets/altimeter.svg
[0.118s] -- Up-to-date: /home/mosalam/robot_ws/install/vizanti_server/share/vizanti_server//public/assets/folder.svg
[0.118s] -- Up-to-date: /home/mosalam/robot_ws/install/vizanti_server/share/vizanti_server//public/assets/altimeter_green.svg
[0.118s] -- Up-to-date: /home/mosalam/robot_ws/install/vizanti_server/share/vizanti_server//public/assets/range.svg
[0.118s] -- Up-to-date: /home/mosalam/robot_ws/install/vizanti_server/share/vizanti_server//public/assets/markerarray.svg
[0.118s] -- Up-to-date: /home/mosalam/robot_ws/install/vizanti_server/share/vizanti_server//public/assets/temp_warm.svg
[0.118s] -- Up-to-date: /home/mosalam/robot_ws/install/vizanti_server/share/vizanti_server//public/assets/speedometer.svg
[0.118s] -- Up-to-date: /home/mosalam/robot_ws/install/vizanti_server/share/vizanti_server//public/assets/area.svg
[0.120s] -- Up-to-date: /home/mosalam/robot_ws/install/vizanti_server/share/vizanti_server//public/assets/battery_20.svg
[0.120s] -- Up-to-date: /home/mosalam/robot_ws/install/vizanti_server/share/vizanti_server//public/assets/initialpose.svg
[0.120s] -- Up-to-date: /home/mosalam/robot_ws/install/vizanti_server/share/vizanti_server//public/assets/posearray.svg
[0.120s] -- Up-to-date: /home/mosalam/robot_ws/install/vizanti_server/share/vizanti_server//public/assets/battery_60.svg
[0.120s] -- Up-to-date: /home/mosalam/robot_ws/install/vizanti_server/share/vizanti_server//public/assets/map.svg
[0.120s] -- Up-to-date: /home/mosalam/robot_ws/install/vizanti_server/share/vizanti_server//public/assets/robot_model
[0.122s] -- Up-to-date: /home/mosalam/robot_ws/install/vizanti_server/share/vizanti_server//public/assets/robot_model/_pancake.png
[0.122s] -- Up-to-date: /home/mosalam/robot_ws/install/vizanti_server/share/vizanti_server//public/assets/robot_model/_tuna.png
[0.122s] -- Up-to-date: /home/mosalam/robot_ws/install/vizanti_server/share/vizanti_server//public/assets/robot_model/_rccar.png
[0.122s] -- Up-to-date: /home/mosalam/robot_ws/install/vizanti_server/share/vizanti_server//public/assets/robot_model/_tortoise.png
[0.122s] -- Up-to-date: /home/mosalam/robot_ws/install/vizanti_server/share/vizanti_server//public/assets/robot_model/_arrow.png
[0.122s] -- Up-to-date: /home/mosalam/robot_ws/install/vizanti_server/share/vizanti_server//public/assets/robot_model/_4wd.png
[0.123s] -- Up-to-date: /home/mosalam/robot_ws/install/vizanti_server/share/vizanti_server//public/assets/robot_model/_sandwich.png
[0.123s] -- Up-to-date: /home/mosalam/robot_ws/install/vizanti_server/share/vizanti_server//public/assets/robot_model/_2wd.png
[0.123s] -- Up-to-date: /home/mosalam/robot_ws/install/vizanti_server/share/vizanti_server//public/assets/robot_model/_orca.png
[0.123s] -- Up-to-date: /home/mosalam/robot_ws/install/vizanti_server/share/vizanti_server//public/assets/robot_model/_hatchback.png
[0.123s] -- Up-to-date: /home/mosalam/robot_ws/install/vizanti_server/share/vizanti_server//public/assets/robot_model/_dog.png
[0.123s] -- Up-to-date: /home/mosalam/robot_ws/install/vizanti_server/share/vizanti_server//public/assets/rawmap_transparent.svg
[0.123s] -- Up-to-date: /home/mosalam/robot_ws/install/vizanti_server/share/vizanti_server//public/assets/temp_cold.svg
[0.123s] -- Up-to-date: /home/mosalam/robot_ws/install/vizanti_server/share/vizanti_server//public/assets/simplegoal.svg
[0.126s] -- Up-to-date: /home/mosalam/robot_ws/install/vizanti_server/share/vizanti_server//public/assets/marker.svg
[0.126s] -- Up-to-date: /home/mosalam/robot_ws/install/vizanti_server/share/vizanti_server//public/assets/nodemgr.svg
[0.126s] -- Up-to-date: /home/mosalam/robot_ws/install/vizanti_server/share/vizanti_server//public/assets/path.svg
[0.126s] -- Up-to-date: /home/mosalam/robot_ws/install/vizanti_server/share/vizanti_server//public/assets/tile_error.png
[0.126s] -- Up-to-date: /home/mosalam/robot_ws/install/vizanti_server/share/vizanti_server//public/assets/temp_hot.svg
[0.127s] -- Up-to-date: /home/mosalam/robot_ws/install/vizanti_server/share/vizanti_server//public/assets/tile_loading.png
[0.127s] -- Up-to-date: /home/mosalam/robot_ws/install/vizanti_server/share/vizanti_server//public/templates
[0.127s] -- Up-to-date: /home/mosalam/robot_ws/install/vizanti_server/share/vizanti_server//public/templates/teleop
[0.127s] -- Up-to-date: /home/mosalam/robot_ws/install/vizanti_server/share/vizanti_server//public/templates/teleop/teleop_view.html
[0.127s] -- Up-to-date: /home/mosalam/robot_ws/install/vizanti_server/share/vizanti_server//public/templates/teleop/teleop_icon.html
[0.127s] -- Up-to-date: /home/mosalam/robot_ws/install/vizanti_server/share/vizanti_server//public/templates/teleop/teleop_modal.html
[0.127s] -- Up-to-date: /home/mosalam/robot_ws/install/vizanti_server/share/vizanti_server//public/templates/teleop/teleop_script.js
[0.127s] -- Up-to-date: /home/mosalam/robot_ws/install/vizanti_server/share/vizanti_server//public/templates/odom
[0.128s] -- Up-to-date: /home/mosalam/robot_ws/install/vizanti_server/share/vizanti_server//public/templates/odom/odom_view.html
[0.128s] -- Up-to-date: /home/mosalam/robot_ws/install/vizanti_server/share/vizanti_server//public/templates/odom/odom_modal.html
[0.128s] -- Up-to-date: /home/mosalam/robot_ws/install/vizanti_server/share/vizanti_server//public/templates/odom/odom_script.js
[0.128s] -- Up-to-date: /home/mosalam/robot_ws/install/vizanti_server/share/vizanti_server//public/templates/odom/odom_icon.html
[0.128s] -- Up-to-date: /home/mosalam/robot_ws/install/vizanti_server/share/vizanti_server//public/templates/temperature
[0.128s] -- Up-to-date: /home/mosalam/robot_ws/install/vizanti_server/share/vizanti_server//public/templates/temperature/temperature_modal.html
[0.128s] -- Up-to-date: /home/mosalam/robot_ws/install/vizanti_server/share/vizanti_server//public/templates/temperature/temperature_icon.html
[0.128s] -- Up-to-date: /home/mosalam/robot_ws/install/vizanti_server/share/vizanti_server//public/templates/temperature/temperature_script.js
[0.129s] -- Up-to-date: /home/mosalam/robot_ws/install/vizanti_server/share/vizanti_server//public/templates/waypoints
[0.132s] -- Up-to-date: /home/mosalam/robot_ws/install/vizanti_server/share/vizanti_server//public/templates/waypoints/waypoints_script.js
[0.132s] -- Up-to-date: /home/mosalam/robot_ws/install/vizanti_server/share/vizanti_server//public/templates/waypoints/waypoints_icon.html
[0.133s] -- Up-to-date: /home/mosalam/robot_ws/install/vizanti_server/share/vizanti_server//public/templates/waypoints/waypoints_view.html
[0.133s] -- Up-to-date: /home/mosalam/robot_ws/install/vizanti_server/share/vizanti_server//public/templates/waypoints/waypoints_modal.html
[0.133s] -- Up-to-date: /home/mosalam/robot_ws/install/vizanti_server/share/vizanti_server//public/templates/simplegoal
[0.133s] -- Up-to-date: /home/mosalam/robot_ws/install/vizanti_server/share/vizanti_server//public/templates/simplegoal/simplegoal_view.html
[0.133s] -- Up-to-date: /home/mosalam/robot_ws/install/vizanti_server/share/vizanti_server//public/templates/simplegoal/simplegoal_modal.html
[0.133s] -- Up-to-date: /home/mosalam/robot_ws/install/vizanti_server/share/vizanti_server//public/templates/simplegoal/simplegoal_script.js
[0.133s] -- Up-to-date: /home/mosalam/robot_ws/install/vizanti_server/share/vizanti_server//public/templates/simplegoal/simplegoal_icon.html
[0.135s] -- Up-to-date: /home/mosalam/robot_ws/install/vizanti_server/share/vizanti_server//public/templates/reconfigure
[0.136s] -- Up-to-date: /home/mosalam/robot_ws/install/vizanti_server/share/vizanti_server//public/templates/reconfigure/reconfigure_icon.html
[0.136s] -- Up-to-date: /home/mosalam/robot_ws/install/vizanti_server/share/vizanti_server//public/templates/reconfigure/reconfigure_modal.html
[0.136s] -- Up-to-date: /home/mosalam/robot_ws/install/vizanti_server/share/vizanti_server//public/templates/reconfigure/reconfigure_script.js
[0.136s] -- Up-to-date: /home/mosalam/robot_ws/install/vizanti_server/share/vizanti_server//public/templates/settings
[0.136s] -- Up-to-date: /home/mosalam/robot_ws/install/vizanti_server/share/vizanti_server//public/templates/settings/settings_modal.html
[0.136s] -- Up-to-date: /home/mosalam/robot_ws/install/vizanti_server/share/vizanti_server//public/templates/settings/settings_icon.html
[0.136s] -- Up-to-date: /home/mosalam/robot_ws/install/vizanti_server/share/vizanti_server//public/templates/settings/settings_script.js
[0.136s] -- Up-to-date: /home/mosalam/robot_ws/install/vizanti_server/share/vizanti_server//public/templates/scan
[0.139s] -- Up-to-date: /home/mosalam/robot_ws/install/vizanti_server/share/vizanti_server//public/templates/scan/scan_modal.html
[0.139s] -- Up-to-date: /home/mosalam/robot_ws/install/vizanti_server/share/vizanti_server//public/templates/scan/scan_view.html
[0.139s] -- Up-to-date: /home/mosalam/robot_ws/install/vizanti_server/share/vizanti_server//public/templates/scan/scan_icon.html
[0.140s] -- Up-to-date: /home/mosalam/robot_ws/install/vizanti_server/share/vizanti_server//public/templates/scan/scan_script.js
[0.140s] -- Up-to-date: /home/mosalam/robot_ws/install/vizanti_server/share/vizanti_server//public/templates/altimeter
[0.140s] -- Up-to-date: /home/mosalam/robot_ws/install/vizanti_server/share/vizanti_server//public/templates/altimeter/altimeter_view.html
[0.140s] -- Up-to-date: /home/mosalam/robot_ws/install/vizanti_server/share/vizanti_server//public/templates/altimeter/altimeter_icon.html
[0.140s] -- Up-to-date: /home/mosalam/robot_ws/install/vizanti_server/share/vizanti_server//public/templates/altimeter/altimeter_modal.html
[0.140s] -- Up-to-date: /home/mosalam/robot_ws/install/vizanti_server/share/vizanti_server//public/templates/altimeter/altimeter_script.js
[0.140s] -- Up-to-date: /home/mosalam/robot_ws/install/vizanti_server/share/vizanti_server//public/templates/compressedimage
[0.140s] -- Up-to-date: /home/mosalam/robot_ws/install/vizanti_server/share/vizanti_server//public/templates/compressedimage/compressedimage_icon.html
[0.140s] -- Up-to-date: /home/mosalam/robot_ws/install/vizanti_server/share/vizanti_server//public/templates/compressedimage/compressedimage_view.html
[0.141s] -- Up-to-date: /home/mosalam/robot_ws/install/vizanti_server/share/vizanti_server//public/templates/compressedimage/compressedimage_modal.html
[0.141s] -- Up-to-date: /home/mosalam/robot_ws/install/vizanti_server/share/vizanti_server//public/templates/compressedimage/compressedimage_script.js
[0.141s] -- Up-to-date: /home/mosalam/robot_ws/install/vizanti_server/share/vizanti_server//public/templates/rosbag
[0.141s] -- Up-to-date: /home/mosalam/robot_ws/install/vizanti_server/share/vizanti_server//public/templates/rosbag/rosbag_script.js
[0.141s] -- Up-to-date: /home/mosalam/robot_ws/install/vizanti_server/share/vizanti_server//public/templates/rosbag/rosbag_modal.html
[0.141s] -- Up-to-date: /home/mosalam/robot_ws/install/vizanti_server/share/vizanti_server//public/templates/rosbag/rosbag_icon.html
[0.142s] -- Up-to-date: /home/mosalam/robot_ws/install/vizanti_server/share/vizanti_server//public/templates/path
[0.142s] -- Up-to-date: /home/mosalam/robot_ws/install/vizanti_server/share/vizanti_server//public/templates/path/path_script.js
[0.142s] -- Up-to-date: /home/mosalam/robot_ws/install/vizanti_server/share/vizanti_server//public/templates/path/path_view.html
[0.142s] -- Up-to-date: /home/mosalam/robot_ws/install/vizanti_server/share/vizanti_server//public/templates/path/path_icon.html
[0.142s] -- Up-to-date: /home/mosalam/robot_ws/install/vizanti_server/share/vizanti_server//public/templates/path/path_modal.html
[0.142s] -- Up-to-date: /home/mosalam/robot_ws/install/vizanti_server/share/vizanti_server//public/templates/satelite
[0.142s] -- Up-to-date: /home/mosalam/robot_ws/install/vizanti_server/share/vizanti_server//public/templates/satelite/satelite_icon.html
[0.143s] -- Up-to-date: /home/mosalam/robot_ws/install/vizanti_server/share/vizanti_server//public/templates/satelite/satelite_modal.html
[0.143s] -- Up-to-date: /home/mosalam/robot_ws/install/vizanti_server/share/vizanti_server//public/templates/satelite/satelite_view.html
[0.143s] -- Up-to-date: /home/mosalam/robot_ws/install/vizanti_server/share/vizanti_server//public/templates/satelite/satelite_script.js
[0.143s] -- Up-to-date: /home/mosalam/robot_ws/install/vizanti_server/share/vizanti_server//public/templates/posewithcovariancestamped
[0.143s] -- Up-to-date: /home/mosalam/robot_ws/install/vizanti_server/share/vizanti_server//public/templates/posewithcovariancestamped/posewithcovariancestamped_script.js
[0.143s] -- Up-to-date: /home/mosalam/robot_ws/install/vizanti_server/share/vizanti_server//public/templates/posewithcovariancestamped/posewithcovariancestamped_view.html
[0.143s] -- Up-to-date: /home/mosalam/robot_ws/install/vizanti_server/share/vizanti_server//public/templates/posewithcovariancestamped/posewithcovariancestamped_icon.html
[0.143s] -- Up-to-date: /home/mosalam/robot_ws/install/vizanti_server/share/vizanti_server//public/templates/posewithcovariancestamped/posewithcovariancestamped_modal.html
[0.143s] -- Up-to-date: /home/mosalam/robot_ws/install/vizanti_server/share/vizanti_server//public/templates/gridcells
[0.143s] -- Up-to-date: /home/mosalam/robot_ws/install/vizanti_server/share/vizanti_server//public/templates/gridcells/gridcells_icon.html
[0.144s] -- Up-to-date: /home/mosalam/robot_ws/install/vizanti_server/share/vizanti_server//public/templates/gridcells/gridcells_modal.html
[0.144s] -- Up-to-date: /home/mosalam/robot_ws/install/vizanti_server/share/vizanti_server//public/templates/gridcells/gridcells_script.js
[0.144s] -- Up-to-date: /home/mosalam/robot_ws/install/vizanti_server/share/vizanti_server//public/templates/gridcells/gridcells_view.html
[0.144s] -- Up-to-date: /home/mosalam/robot_ws/install/vizanti_server/share/vizanti_server//public/templates/grid
[0.144s] -- Up-to-date: /home/mosalam/robot_ws/install/vizanti_server/share/vizanti_server//public/templates/grid/grid_view.html
[0.144s] -- Up-to-date: /home/mosalam/robot_ws/install/vizanti_server/share/vizanti_server//public/templates/grid/grid_script.js
[0.144s] -- Up-to-date: /home/mosalam/robot_ws/install/vizanti_server/share/vizanti_server//public/templates/grid/grid_modal.html
[0.144s] -- Up-to-date: /home/mosalam/robot_ws/install/vizanti_server/share/vizanti_server//public/templates/grid/grid_icon.html
[0.144s] -- Up-to-date: /home/mosalam/robot_ws/install/vizanti_server/share/vizanti_server//public/templates/add
[0.145s] -- Up-to-date: /home/mosalam/robot_ws/install/vizanti_server/share/vizanti_server//public/templates/add/add_modal.html
[0.145s] -- Up-to-date: /home/mosalam/robot_ws/install/vizanti_server/share/vizanti_server//public/templates/add/add_script.js
[0.145s] -- Up-to-date: /home/mosalam/robot_ws/install/vizanti_server/share/vizanti_server//public/templates/add/add_icon.html
[0.145s] -- Up-to-date: /home/mosalam/robot_ws/install/vizanti_server/share/vizanti_server//public/templates/battery
[0.145s] -- Up-to-date: /home/mosalam/robot_ws/install/vizanti_server/share/vizanti_server//public/templates/battery/battery_script.js
[0.145s] -- Up-to-date: /home/mosalam/robot_ws/install/vizanti_server/share/vizanti_server//public/templates/battery/battery_modal.html
[0.145s] -- Up-to-date: /home/mosalam/robot_ws/install/vizanti_server/share/vizanti_server//public/templates/battery/battery_icon.html
[0.145s] -- Up-to-date: /home/mosalam/robot_ws/install/vizanti_server/share/vizanti_server//public/templates/pointcloud
[0.146s] -- Up-to-date: /home/mosalam/robot_ws/install/vizanti_server/share/vizanti_server//public/templates/pointcloud/pointcloud_modal.html
[0.146s] -- Up-to-date: /home/mosalam/robot_ws/install/vizanti_server/share/vizanti_server//public/templates/pointcloud/pointcloud_view.html
[0.146s] -- Up-to-date: /home/mosalam/robot_ws/install/vizanti_server/share/vizanti_server//public/templates/pointcloud/pointcloud_script.js
[0.146s] -- Up-to-date: /home/mosalam/robot_ws/install/vizanti_server/share/vizanti_server//public/templates/pointcloud/pointcloud_icon.html
[0.146s] -- Up-to-date: /home/mosalam/robot_ws/install/vizanti_server/share/vizanti_server//public/templates/folder
[0.146s] -- Up-to-date: /home/mosalam/robot_ws/install/vizanti_server/share/vizanti_server//public/templates/folder/folder_icon.html
[0.146s] -- Up-to-date: /home/mosalam/robot_ws/install/vizanti_server/share/vizanti_server//public/templates/folder/folder_modal.html
[0.146s] -- Up-to-date: /home/mosalam/robot_ws/install/vizanti_server/share/vizanti_server//public/templates/folder/folder_script.js
[0.146s] -- Up-to-date: /home/mosalam/robot_ws/install/vizanti_server/share/vizanti_server//public/templates/initialpose
[0.147s] -- Up-to-date: /home/mosalam/robot_ws/install/vizanti_server/share/vizanti_server//public/templates/initialpose/initialpose_script.js
[0.147s] -- Up-to-date: /home/mosalam/robot_ws/install/vizanti_server/share/vizanti_server//public/templates/initialpose/initialpose_modal.html
[0.147s] -- Up-to-date: /home/mosalam/robot_ws/install/vizanti_server/share/vizanti_server//public/templates/initialpose/initialpose_icon.html
[0.147s] -- Up-to-date: /home/mosalam/robot_ws/install/vizanti_server/share/vizanti_server//public/templates/initialpose/initialpose_view.html
[0.147s] -- Up-to-date: /home/mosalam/robot_ws/install/vizanti_server/share/vizanti_server//public/templates/range
[0.147s] -- Up-to-date: /home/mosalam/robot_ws/install/vizanti_server/share/vizanti_server//public/templates/range/range_script.js
[0.147s] -- Up-to-date: /home/mosalam/robot_ws/install/vizanti_server/share/vizanti_server//public/templates/range/range_view.html
[0.147s] -- Up-to-date: /home/mosalam/robot_ws/install/vizanti_server/share/vizanti_server//public/templates/range/range_icon.html
[0.148s] -- Up-to-date: /home/mosalam/robot_ws/install/vizanti_server/share/vizanti_server//public/templates/range/range_modal.html
[0.148s] -- Up-to-date: /home/mosalam/robot_ws/install/vizanti_server/share/vizanti_server//public/templates/tf
[0.149s] -- Up-to-date: /home/mosalam/robot_ws/install/vizanti_server/share/vizanti_server//public/templates/tf/tf_icon.html
[0.149s] -- Up-to-date: /home/mosalam/robot_ws/install/vizanti_server/share/vizanti_server//public/templates/tf/tf_modal.html
[0.149s] -- Up-to-date: /home/mosalam/robot_ws/install/vizanti_server/share/vizanti_server//public/templates/tf/tf_script.js
[0.149s] -- Up-to-date: /home/mosalam/robot_ws/install/vizanti_server/share/vizanti_server//public/templates/tf/tf_view.html
[0.149s] -- Up-to-date: /home/mosalam/robot_ws/install/vizanti_server/share/vizanti_server//public/templates/robotmodel
[0.153s] -- Up-to-date: /home/mosalam/robot_ws/install/vizanti_server/share/vizanti_server//public/templates/robotmodel/robotmodel_script.js
[0.153s] -- Up-to-date: /home/mosalam/robot_ws/install/vizanti_server/share/vizanti_server//public/templates/robotmodel/robotmodel_view.html
[0.153s] -- Up-to-date: /home/mosalam/robot_ws/install/vizanti_server/share/vizanti_server//public/templates/robotmodel/robotmodel_icon.html
[0.153s] -- Up-to-date: /home/mosalam/robot_ws/install/vizanti_server/share/vizanti_server//public/templates/robotmodel/robotmodel_modal.html
[0.153s] -- Up-to-date: /home/mosalam/robot_ws/install/vizanti_server/share/vizanti_server//public/templates/markerarray
[0.153s] -- Up-to-date: /home/mosalam/robot_ws/install/vizanti_server/share/vizanti_server//public/templates/markerarray/markerarray_view.html
[0.153s] -- Up-to-date: /home/mosalam/robot_ws/install/vizanti_server/share/vizanti_server//public/templates/markerarray/markerarray_icon.html
[0.154s] -- Up-to-date: /home/mosalam/robot_ws/install/vizanti_server/share/vizanti_server//public/templates/markerarray/markerarray_script.js
[0.154s] -- Up-to-date: /home/mosalam/robot_ws/install/vizanti_server/share/vizanti_server//public/templates/markerarray/markerarray_modal.html
[0.154s] -- Up-to-date: /home/mosalam/robot_ws/install/vizanti_server/share/vizanti_server//public/templates/area
[0.155s] -- Up-to-date: /home/mosalam/robot_ws/install/vizanti_server/share/vizanti_server//public/templates/area/area_icon.html
[0.155s] -- Up-to-date: /home/mosalam/robot_ws/install/vizanti_server/share/vizanti_server//public/templates/area/area_modal.html
[0.155s] -- Up-to-date: /home/mosalam/robot_ws/install/vizanti_server/share/vizanti_server//public/templates/area/area_view.html
[0.155s] -- Up-to-date: /home/mosalam/robot_ws/install/vizanti_server/share/vizanti_server//public/templates/area/area_script.js
[0.155s] -- Up-to-date: /home/mosalam/robot_ws/install/vizanti_server/share/vizanti_server//public/templates/posearray
[0.155s] -- Up-to-date: /home/mosalam/robot_ws/install/vizanti_server/share/vizanti_server//public/templates/posearray/posearray_modal.html
[0.155s] -- Up-to-date: /home/mosalam/robot_ws/install/vizanti_server/share/vizanti_server//public/templates/posearray/posearray_view.html
[0.155s] -- Up-to-date: /home/mosalam/robot_ws/install/vizanti_server/share/vizanti_server//public/templates/posearray/posearray_script.js
[0.156s] -- Up-to-date: /home/mosalam/robot_ws/install/vizanti_server/share/vizanti_server//public/templates/posearray/posearray_icon.html
[0.156s] -- Up-to-date: /home/mosalam/robot_ws/install/vizanti_server/share/vizanti_server//public/templates/rosbridge
[0.156s] -- Up-to-date: /home/mosalam/robot_ws/install/vizanti_server/share/vizanti_server//public/templates/rosbridge/rosbridge_icon.html
[0.156s] -- Up-to-date: /home/mosalam/robot_ws/install/vizanti_server/share/vizanti_server//public/templates/rosbridge/rosbridge_script.js
[0.156s] -- Up-to-date: /home/mosalam/robot_ws/install/vizanti_server/share/vizanti_server//public/templates/rosbridge/rosbridge_modal.html
[0.156s] -- Up-to-date: /home/mosalam/robot_ws/install/vizanti_server/share/vizanti_server//public/templates/button
[0.156s] -- Up-to-date: /home/mosalam/robot_ws/install/vizanti_server/share/vizanti_server//public/templates/button/button_icon.html
[0.156s] -- Up-to-date: /home/mosalam/robot_ws/install/vizanti_server/share/vizanti_server//public/templates/button/button_modal.html
[0.160s] -- Up-to-date: /home/mosalam/robot_ws/install/vizanti_server/share/vizanti_server//public/templates/button/button_script.js
[0.160s] -- Up-to-date: /home/mosalam/robot_ws/install/vizanti_server/share/vizanti_server//public/templates/map
[0.160s] -- Up-to-date: /home/mosalam/robot_ws/install/vizanti_server/share/vizanti_server//public/templates/map/map_script.js
[0.160s] -- Up-to-date: /home/mosalam/robot_ws/install/vizanti_server/share/vizanti_server//public/templates/map/map_icon.html
[0.160s] -- Up-to-date: /home/mosalam/robot_ws/install/vizanti_server/share/vizanti_server//public/templates/map/map_modal.html
[0.160s] -- Up-to-date: /home/mosalam/robot_ws/install/vizanti_server/share/vizanti_server//public/templates/map/map_worker.js
[0.161s] -- Up-to-date: /home/mosalam/robot_ws/install/vizanti_server/share/vizanti_server//public/templates/map/map_view.html
[0.162s] -- Up-to-date: /home/mosalam/robot_ws/install/vizanti_server/share/vizanti_server//public/templates/nodemgr
[0.162s] -- Up-to-date: /home/mosalam/robot_ws/install/vizanti_server/share/vizanti_server//public/templates/nodemgr/nodemgr_icon.html
[0.162s] -- Up-to-date: /home/mosalam/robot_ws/install/vizanti_server/share/vizanti_server//public/templates/nodemgr/nodemgr_modal.html
[0.163s] -- Up-to-date: /home/mosalam/robot_ws/install/vizanti_server/share/vizanti_server//public/templates/nodemgr/nodemgr_script.js
[0.163s] -- Up-to-date: /home/mosalam/robot_ws/install/vizanti_server/share/vizanti_server//public/templates/speedometer
[0.163s] -- Up-to-date: /home/mosalam/robot_ws/install/vizanti_server/share/vizanti_server//public/templates/speedometer/speedometer_modal.html
[0.163s] -- Up-to-date: /home/mosalam/robot_ws/install/vizanti_server/share/vizanti_server//public/templates/speedometer/speedometer_icon.html
[0.163s] -- Up-to-date: /home/mosalam/robot_ws/install/vizanti_server/share/vizanti_server//public/templates/speedometer/speedometer_script.js
[0.163s] -- Up-to-date: /home/mosalam/robot_ws/install/vizanti_server/share/vizanti_server//public/head.html
[0.163s] -- Up-to-date: /home/mosalam/robot_ws/install/vizanti_server/share/vizanti_server//public/js
[0.163s] -- Up-to-date: /home/mosalam/robot_ws/install/vizanti_server/share/vizanti_server//public/js/main.js
[0.164s] -- Up-to-date: /home/mosalam/robot_ws/install/vizanti_server/share/vizanti_server//public/js/modules
[0.165s] -- Up-to-date: /home/mosalam/robot_ws/install/vizanti_server/share/vizanti_server//public/js/modules/util.js
[0.165s] -- Up-to-date: /home/mosalam/robot_ws/install/vizanti_server/share/vizanti_server//public/js/modules/tf.js
[0.165s] -- Up-to-date: /home/mosalam/robot_ws/install/vizanti_server/share/vizanti_server//public/js/modules/joystick.js
[0.165s] -- Up-to-date: /home/mosalam/robot_ws/install/vizanti_server/share/vizanti_server//public/js/modules/navsat.js
[0.165s] -- Up-to-date: /home/mosalam/robot_ws/install/vizanti_server/share/vizanti_server//public/js/modules/rosbridge.js
[0.165s] -- Up-to-date: /home/mosalam/robot_ws/install/vizanti_server/share/vizanti_server//public/js/modules/view.js
[0.165s] -- Up-to-date: /home/mosalam/robot_ws/install/vizanti_server/share/vizanti_server//public/js/modules/persistent.js
[0.166s] -- Up-to-date: /home/mosalam/robot_ws/install/vizanti_server/share/vizanti_server//public/js/modules/status.js
[0.166s] -- Up-to-date: /home/mosalam/robot_ws/install/vizanti_server/share/vizanti_server//public/js/modules/database.js
[0.166s] -- Up-to-date: /home/mosalam/robot_ws/install/vizanti_server/share/vizanti_server//public/js/modules/elements.js
[0.166s] -- Up-to-date: /home/mosalam/robot_ws/install/vizanti_server/share/vizanti_server//public/js/lib
[0.166s] -- Up-to-date: /home/mosalam/robot_ws/install/vizanti_server/share/vizanti_server//public/js/lib/nipplejs.min.js
[0.166s] -- Up-to-date: /home/mosalam/robot_ws/install/vizanti_server/share/vizanti_server//public/js/lib/quaternion.min.js
[0.166s] -- Up-to-date: /home/mosalam/robot_ws/install/vizanti_server/share/vizanti_server//public/js/lib/roslib.min.js
[0.166s] -- Up-to-date: /home/mosalam/robot_ws/install/vizanti_server/share/vizanti_server//public/js/lib/numericjs_LICENSE.txt
[0.167s] -- Up-to-date: /home/mosalam/robot_ws/install/vizanti_server/share/vizanti_server//public/js/lib/roslibjs_LICENSE.txt
[0.167s] -- Up-to-date: /home/mosalam/robot_ws/install/vizanti_server/share/vizanti_server//public/js/lib/nipplejs_LICENSE.txt
[0.167s] -- Up-to-date: /home/mosalam/robot_ws/install/vizanti_server/share/vizanti_server//public/js/lib/quaternionjs_LICENSE.txt
[0.167s] -- Up-to-date: /home/mosalam/robot_ws/install/vizanti_server/share/vizanti_server//public/js/lib/nipplejs.js
[0.170s] -- Up-to-date: /home/mosalam/robot_ws/install/vizanti_server/share/vizanti_server//public/js/lib/numeric.min.js
[0.170s] -- Up-to-date: /home/mosalam/robot_ws/install/vizanti_server/share/vizanti_server//public/js/setup.js
[0.170s] -- Up-to-date: /home/mosalam/robot_ws/install/vizanti_server/share/vizanti_server//public/index.html
[0.170s] -- Up-to-date: /home/mosalam/robot_ws/install/vizanti_server/lib/vizanti_server/server.py
[0.170s] -- Up-to-date: /home/mosalam/robot_ws/install/vizanti_server/lib/vizanti_server/service_handler.py
[0.170s] -- Up-to-date: /home/mosalam/robot_ws/install/vizanti_server/share/ament_index/resource_index/package_run_dependencies/vizanti_server
[0.170s] -- Up-to-date: /home/mosalam/robot_ws/install/vizanti_server/share/ament_index/resource_index/parent_prefix_path/vizanti_server
[0.171s] -- Up-to-date: /home/mosalam/robot_ws/install/vizanti_server/share/vizanti_server/environment/ament_prefix_path.sh
[0.171s] -- Up-to-date: /home/mosalam/robot_ws/install/vizanti_server/share/vizanti_server/environment/ament_prefix_path.dsv
[0.171s] -- Up-to-date: /home/mosalam/robot_ws/install/vizanti_server/share/vizanti_server/environment/path.sh
[0.171s] -- Up-to-date: /home/mosalam/robot_ws/install/vizanti_server/share/vizanti_server/environment/path.dsv
[0.171s] -- Up-to-date: /home/mosalam/robot_ws/install/vizanti_server/share/vizanti_server/local_setup.bash
[0.171s] -- Up-to-date: /home/mosalam/robot_ws/install/vizanti_server/share/vizanti_server/local_setup.sh
[0.171s] -- Up-to-date: /home/mosalam/robot_ws/install/vizanti_server/share/vizanti_server/local_setup.zsh
[0.171s] -- Up-to-date: /home/mosalam/robot_ws/install/vizanti_server/share/vizanti_server/local_setup.dsv
[0.172s] -- Installing: /home/mosalam/robot_ws/install/vizanti_server/share/vizanti_server/package.dsv
[0.172s] -- Up-to-date: /home/mosalam/robot_ws/install/vizanti_server/share/ament_index/resource_index/packages/vizanti_server
[0.172s] -- Up-to-date: /home/mosalam/robot_ws/install/vizanti_server/share/vizanti_server/cmake/vizanti_serverConfig.cmake
[0.172s] -- Up-to-date: /home/mosalam/robot_ws/install/vizanti_server/share/vizanti_server/cmake/vizanti_serverConfig-version.cmake
[0.172s] -- Up-to-date: /home/mosalam/robot_ws/install/vizanti_server/share/vizanti_server/package.xml
[0.172s] Invoked command in '/home/mosalam/robot_ws/build/vizanti_server' returned '0': CMAKE_PREFIX_PATH=/home/mosalam/robot_ws/install/vizanti_msgs:/home/mosalam/robot_ws/install/vizanti:/home/mosalam/robot_ws/install/vizanti_server:/home/mosalam/robot_ws/install/vizanti_demos:/home/mosalam/robot_ws/install/vizanti_cpp:/home/mosalam/robot_ws/install/robot:/home/mosalam/robot_ws/install/urdf_tutorial:/home/mosalam/robot_ws/install/serial_motor_demo_msgs:/home/mosalam/robot_ws/install/serial:/home/mosalam/robot_ws/install/rplidar_ros:/home/mosalam/robot_ws/install/multirobot_map_merge:/home/mosalam/robot_ws/install/explore_lite:/home/mosalam/robot_ws/install/diffdrive_arduino:/home/mosalam/robot_ws/install/serial_motor_demo:/home/mosalam/robot_ws/install/custom_explorer:/home/mosalam/robot_ws/install/autonomous_exploration:/opt/ros/humble /usr/bin/cmake --install /home/mosalam/robot_ws/build/vizanti_server
