[0.015s] Invoking command in '/home/mosalam/robot_ws/build/serial': CMAKE_PREFIX_PATH=${CMAKE_PREFIX_PATH}:/home/mosalam/robot_ws/install/serial_motor_demo:/home/mosalam/robot_ws/install/custom_explorer:/home/mosalam/robot_ws/install/autonomous_exploration:/opt/ros/humble /usr/bin/cmake --build /home/mosalam/robot_ws/build/serial -- -j4 -l4
[0.122s] [ 28%] Built target serial
[0.139s] [ 42%] Built target gtest
[0.145s] [ 57%] Built target gtest_main
[0.187s] [ 71%] Built target serial_example
[0.219s] [ 85%] Built target serial-test-timer
[0.226s] [100%] Built target serial-test
[0.258s] Invoked command in '/home/mosalam/robot_ws/build/serial' returned '0': CMAKE_PREFIX_PATH=${CMAKE_PREFIX_PATH}:/home/mosalam/robot_ws/install/serial_motor_demo:/home/mosalam/robot_ws/install/custom_explorer:/home/mosalam/robot_ws/install/autonomous_exploration:/opt/ros/humble /usr/bin/cmake --build /home/mosalam/robot_ws/build/serial -- -j4 -l4
[0.260s] Invoking command in '/home/mosalam/robot_ws/build/serial': CMAKE_PREFIX_PATH=${CMAKE_PREFIX_PATH}:/home/mosalam/robot_ws/install/serial_motor_demo:/home/mosalam/robot_ws/install/custom_explorer:/home/mosalam/robot_ws/install/autonomous_exploration:/opt/ros/humble /usr/bin/cmake --install /home/mosalam/robot_ws/build/serial
[0.279s] -- Install configuration: ""
[0.280s] -- Execute custom install script
[0.281s] -- Up-to-date symlink: /home/mosalam/robot_ws/install/serial/lib/libserial.a
[0.282s] -- Up-to-date symlink: /home/mosalam/robot_ws/install/serial/include/serial/serial.h
[0.282s] -- Up-to-date symlink: /home/mosalam/robot_ws/install/serial/include/serial/v8stdint.h
[0.283s] -- Up-to-date symlink: /home/mosalam/robot_ws/install/serial/share/serial/environment/library_path.sh
[0.283s] -- Up-to-date symlink: /home/mosalam/robot_ws/install/serial/share/serial/environment/library_path.dsv
[0.284s] -- Up-to-date symlink: /home/mosalam/robot_ws/install/serial/share/ament_index/resource_index/package_run_dependencies/serial
[0.284s] -- Up-to-date symlink: /home/mosalam/robot_ws/install/serial/share/ament_index/resource_index/parent_prefix_path/serial
[0.285s] -- Up-to-date symlink: /home/mosalam/robot_ws/install/serial/share/serial/environment/ament_prefix_path.sh
[0.285s] -- Up-to-date symlink: /home/mosalam/robot_ws/install/serial/share/serial/environment/ament_prefix_path.dsv
[0.286s] -- Up-to-date symlink: /home/mosalam/robot_ws/install/serial/share/serial/environment/path.sh
[0.287s] -- Up-to-date symlink: /home/mosalam/robot_ws/install/serial/share/serial/environment/path.dsv
[0.287s] -- Up-to-date symlink: /home/mosalam/robot_ws/install/serial/share/serial/local_setup.bash
[0.288s] -- Up-to-date symlink: /home/mosalam/robot_ws/install/serial/share/serial/local_setup.sh
[0.288s] -- Up-to-date symlink: /home/mosalam/robot_ws/install/serial/share/serial/local_setup.zsh
[0.289s] -- Up-to-date symlink: /home/mosalam/robot_ws/install/serial/share/serial/local_setup.dsv
[0.289s] -- Symlinking: /home/mosalam/robot_ws/install/serial/share/serial/package.dsv
[0.304s] -- Up-to-date symlink: /home/mosalam/robot_ws/install/serial/share/ament_index/resource_index/packages/serial
[0.305s] -- Up-to-date symlink: /home/mosalam/robot_ws/install/serial/share/serial/cmake/ament_cmake_export_include_directories-extras.cmake
[0.306s] -- Up-to-date symlink: /home/mosalam/robot_ws/install/serial/share/serial/cmake/ament_cmake_export_libraries-extras.cmake
[0.306s] -- Up-to-date symlink: /home/mosalam/robot_ws/install/serial/share/serial/cmake/serialConfig.cmake
[0.307s] -- Up-to-date symlink: /home/mosalam/robot_ws/install/serial/share/serial/cmake/serialConfig-version.cmake
[0.308s] -- Up-to-date symlink: /home/mosalam/robot_ws/install/serial/share/serial/package.xml
[0.319s] Invoked command in '/home/mosalam/robot_ws/build/serial' returned '0': CMAKE_PREFIX_PATH=${CMAKE_PREFIX_PATH}:/home/mosalam/robot_ws/install/serial_motor_demo:/home/mosalam/robot_ws/install/custom_explorer:/home/mosalam/robot_ws/install/autonomous_exploration:/opt/ros/humble /usr/bin/cmake --install /home/mosalam/robot_ws/build/serial
