[0.027s] Invoking command in '/home/mosalam/robot_ws/build/vizanti_msgs': CMAKE_PREFIX_PATH=${CMAKE_PREFIX_PATH}:/home/mosalam/robot_ws/install/serial_motor_demo:/home/mosalam/robot_ws/install/custom_explorer:/home/mosalam/robot_ws/install/autonomous_exploration:/opt/ros/humble /usr/bin/cmake --build /home/mosalam/robot_ws/build/vizanti_msgs -- -j4 -l4
[0.148s] [  1%] Built target vizanti_msgs__cpp
[0.153s] [ 12%] Built target vizanti_msgs__rosidl_generator_c
[0.207s] [ 12%] Built target ament_cmake_python_copy_vizanti_msgs
[0.224s] [ 24%] Built target vizanti_msgs__rosidl_typesupport_cpp
[0.240s] [ 35%] Built target vizanti_msgs__rosidl_typesupport_fastrtps_cpp
[0.271s] [ 47%] Built target vizanti_msgs__rosidl_typesupport_introspection_cpp
[0.313s] [ 60%] Built target vizanti_msgs__rosidl_typesupport_fastrtps_c
[0.315s] [ 70%] Built target vizanti_msgs__rosidl_typesupport_introspection_c
[0.334s] [ 82%] Built target vizanti_msgs__rosidl_typesupport_c
[0.373s] [ 82%] Built target vizanti_msgs
[0.429s] [ 83%] Built target vizanti_msgs__py
[0.511s] [ 93%] Built target vizanti_msgs__rosidl_generator_py
[0.590s] [ 95%] Built target vizanti_msgs__rosidl_typesupport_fastrtps_c__pyext
[0.590s] [ 97%] Built target vizanti_msgs__rosidl_typesupport_introspection_c__pyext
[0.632s] [100%] Built target vizanti_msgs__rosidl_typesupport_c__pyext
[0.786s] running egg_info
[0.787s] writing vizanti_msgs.egg-info/PKG-INFO
[0.793s] writing dependency_links to vizanti_msgs.egg-info/dependency_links.txt
[0.794s] writing top-level names to vizanti_msgs.egg-info/top_level.txt
[0.794s] reading manifest file 'vizanti_msgs.egg-info/SOURCES.txt'
[0.795s] writing manifest file 'vizanti_msgs.egg-info/SOURCES.txt'
[0.845s] [100%] Built target ament_cmake_python_build_vizanti_msgs_egg
[1.158s] Invoked command in '/home/mosalam/robot_ws/build/vizanti_msgs' returned '0': CMAKE_PREFIX_PATH=${CMAKE_PREFIX_PATH}:/home/mosalam/robot_ws/install/serial_motor_demo:/home/mosalam/robot_ws/install/custom_explorer:/home/mosalam/robot_ws/install/autonomous_exploration:/opt/ros/humble /usr/bin/cmake --build /home/mosalam/robot_ws/build/vizanti_msgs -- -j4 -l4
[1.159s] Invoking command in '/home/mosalam/robot_ws/build/vizanti_msgs': CMAKE_PREFIX_PATH=${CMAKE_PREFIX_PATH}:/home/mosalam/robot_ws/install/serial_motor_demo:/home/mosalam/robot_ws/install/custom_explorer:/home/mosalam/robot_ws/install/autonomous_exploration:/opt/ros/humble /usr/bin/cmake --install /home/mosalam/robot_ws/build/vizanti_msgs
[1.173s] -- Install configuration: ""
[1.174s] -- Up-to-date: /home/mosalam/robot_ws/install/vizanti_msgs/share/ament_index/resource_index/rosidl_interfaces/vizanti_msgs
[1.174s] -- Up-to-date: /home/mosalam/robot_ws/install/vizanti_msgs/include/vizanti_msgs/vizanti_msgs
[1.175s] -- Up-to-date: /home/mosalam/robot_ws/install/vizanti_msgs/include/vizanti_msgs/vizanti_msgs/msg
[1.175s] -- Up-to-date: /home/mosalam/robot_ws/install/vizanti_msgs/include/vizanti_msgs/vizanti_msgs/msg/rosidl_generator_c__visibility_control.h
[1.175s] -- Up-to-date: /home/mosalam/robot_ws/install/vizanti_msgs/include/vizanti_msgs/vizanti_msgs/srv
[1.176s] -- Up-to-date: /home/mosalam/robot_ws/install/vizanti_msgs/include/vizanti_msgs/vizanti_msgs/srv/set_node_parameter.h
[1.177s] -- Up-to-date: /home/mosalam/robot_ws/install/vizanti_msgs/include/vizanti_msgs/vizanti_msgs/srv/record_rosbag.h
[1.177s] -- Up-to-date: /home/mosalam/robot_ws/install/vizanti_msgs/include/vizanti_msgs/vizanti_msgs/srv/list_lifecycles.h
[1.178s] -- Up-to-date: /home/mosalam/robot_ws/install/vizanti_msgs/include/vizanti_msgs/vizanti_msgs/srv/list_executables.h
[1.178s] -- Up-to-date: /home/mosalam/robot_ws/install/vizanti_msgs/include/vizanti_msgs/vizanti_msgs/srv/manage_node.h
[1.179s] -- Up-to-date: /home/mosalam/robot_ws/install/vizanti_msgs/include/vizanti_msgs/vizanti_msgs/srv/load_map.h
[1.181s] -- Up-to-date: /home/mosalam/robot_ws/install/vizanti_msgs/include/vizanti_msgs/vizanti_msgs/srv/get_node_parameters.h
[1.182s] -- Up-to-date: /home/mosalam/robot_ws/install/vizanti_msgs/include/vizanti_msgs/vizanti_msgs/srv/list_packages.h
[1.182s] -- Up-to-date: /home/mosalam/robot_ws/install/vizanti_msgs/include/vizanti_msgs/vizanti_msgs/srv/save_map.h
[1.182s] -- Up-to-date: /home/mosalam/robot_ws/install/vizanti_msgs/include/vizanti_msgs/vizanti_msgs/srv/detail
[1.182s] -- Up-to-date: /home/mosalam/robot_ws/install/vizanti_msgs/include/vizanti_msgs/vizanti_msgs/srv/detail/load_map__functions.c
[1.185s] -- Up-to-date: /home/mosalam/robot_ws/install/vizanti_msgs/include/vizanti_msgs/vizanti_msgs/srv/detail/save_map__struct.h
[1.186s] -- Up-to-date: /home/mosalam/robot_ws/install/vizanti_msgs/include/vizanti_msgs/vizanti_msgs/srv/detail/save_map__functions.c
[1.186s] -- Up-to-date: /home/mosalam/robot_ws/install/vizanti_msgs/include/vizanti_msgs/vizanti_msgs/srv/detail/save_map__type_support.h
[1.186s] -- Up-to-date: /home/mosalam/robot_ws/install/vizanti_msgs/include/vizanti_msgs/vizanti_msgs/srv/detail/list_executables__struct.h
[1.186s] -- Up-to-date: /home/mosalam/robot_ws/install/vizanti_msgs/include/vizanti_msgs/vizanti_msgs/srv/detail/save_map__functions.h
[1.186s] -- Up-to-date: /home/mosalam/robot_ws/install/vizanti_msgs/include/vizanti_msgs/vizanti_msgs/srv/detail/list_packages__type_support.h
[1.187s] -- Up-to-date: /home/mosalam/robot_ws/install/vizanti_msgs/include/vizanti_msgs/vizanti_msgs/srv/detail/manage_node__functions.h
[1.187s] -- Up-to-date: /home/mosalam/robot_ws/install/vizanti_msgs/include/vizanti_msgs/vizanti_msgs/srv/detail/list_lifecycles__struct.h
[1.187s] -- Up-to-date: /home/mosalam/robot_ws/install/vizanti_msgs/include/vizanti_msgs/vizanti_msgs/srv/detail/get_node_parameters__type_support.h
[1.187s] -- Up-to-date: /home/mosalam/robot_ws/install/vizanti_msgs/include/vizanti_msgs/vizanti_msgs/srv/detail/load_map__struct.h
[1.187s] -- Up-to-date: /home/mosalam/robot_ws/install/vizanti_msgs/include/vizanti_msgs/vizanti_msgs/srv/detail/list_lifecycles__functions.h
[1.187s] -- Up-to-date: /home/mosalam/robot_ws/install/vizanti_msgs/include/vizanti_msgs/vizanti_msgs/srv/detail/get_node_parameters__functions.h
[1.187s] -- Up-to-date: /home/mosalam/robot_ws/install/vizanti_msgs/include/vizanti_msgs/vizanti_msgs/srv/detail/list_lifecycles__functions.c
[1.187s] -- Up-to-date: /home/mosalam/robot_ws/install/vizanti_msgs/include/vizanti_msgs/vizanti_msgs/srv/detail/get_node_parameters__functions.c
[1.188s] -- Up-to-date: /home/mosalam/robot_ws/install/vizanti_msgs/include/vizanti_msgs/vizanti_msgs/srv/detail/set_node_parameter__functions.c
[1.188s] -- Up-to-date: /home/mosalam/robot_ws/install/vizanti_msgs/include/vizanti_msgs/vizanti_msgs/srv/detail/set_node_parameter__functions.h
[1.188s] -- Up-to-date: /home/mosalam/robot_ws/install/vizanti_msgs/include/vizanti_msgs/vizanti_msgs/srv/detail/load_map__functions.h
[1.188s] -- Up-to-date: /home/mosalam/robot_ws/install/vizanti_msgs/include/vizanti_msgs/vizanti_msgs/srv/detail/get_node_parameters__struct.h
[1.188s] -- Up-to-date: /home/mosalam/robot_ws/install/vizanti_msgs/include/vizanti_msgs/vizanti_msgs/srv/detail/list_executables__functions.h
[1.188s] -- Up-to-date: /home/mosalam/robot_ws/install/vizanti_msgs/include/vizanti_msgs/vizanti_msgs/srv/detail/list_executables__functions.c
[1.188s] -- Up-to-date: /home/mosalam/robot_ws/install/vizanti_msgs/include/vizanti_msgs/vizanti_msgs/srv/detail/set_node_parameter__type_support.h
[1.188s] -- Up-to-date: /home/mosalam/robot_ws/install/vizanti_msgs/include/vizanti_msgs/vizanti_msgs/srv/detail/record_rosbag__functions.c
[1.189s] -- Up-to-date: /home/mosalam/robot_ws/install/vizanti_msgs/include/vizanti_msgs/vizanti_msgs/srv/detail/record_rosbag__type_support.h
[1.189s] -- Up-to-date: /home/mosalam/robot_ws/install/vizanti_msgs/include/vizanti_msgs/vizanti_msgs/srv/detail/list_packages__struct.h
[1.189s] -- Up-to-date: /home/mosalam/robot_ws/install/vizanti_msgs/include/vizanti_msgs/vizanti_msgs/srv/detail/list_executables__type_support.h
[1.189s] -- Up-to-date: /home/mosalam/robot_ws/install/vizanti_msgs/include/vizanti_msgs/vizanti_msgs/srv/detail/manage_node__struct.h
[1.189s] -- Up-to-date: /home/mosalam/robot_ws/install/vizanti_msgs/include/vizanti_msgs/vizanti_msgs/srv/detail/load_map__type_support.h
[1.189s] -- Up-to-date: /home/mosalam/robot_ws/install/vizanti_msgs/include/vizanti_msgs/vizanti_msgs/srv/detail/list_packages__functions.h
[1.192s] -- Up-to-date: /home/mosalam/robot_ws/install/vizanti_msgs/include/vizanti_msgs/vizanti_msgs/srv/detail/manage_node__functions.c
[1.192s] -- Up-to-date: /home/mosalam/robot_ws/install/vizanti_msgs/include/vizanti_msgs/vizanti_msgs/srv/detail/manage_node__type_support.h
[1.193s] -- Up-to-date: /home/mosalam/robot_ws/install/vizanti_msgs/include/vizanti_msgs/vizanti_msgs/srv/detail/list_lifecycles__type_support.h
[1.193s] -- Up-to-date: /home/mosalam/robot_ws/install/vizanti_msgs/include/vizanti_msgs/vizanti_msgs/srv/detail/list_packages__functions.c
[1.193s] -- Up-to-date: /home/mosalam/robot_ws/install/vizanti_msgs/include/vizanti_msgs/vizanti_msgs/srv/detail/record_rosbag__functions.h
[1.193s] -- Up-to-date: /home/mosalam/robot_ws/install/vizanti_msgs/include/vizanti_msgs/vizanti_msgs/srv/detail/record_rosbag__struct.h
[1.193s] -- Up-to-date: /home/mosalam/robot_ws/install/vizanti_msgs/include/vizanti_msgs/vizanti_msgs/srv/detail/set_node_parameter__struct.h
[1.193s] -- Up-to-date: /home/mosalam/robot_ws/install/vizanti_msgs/share/vizanti_msgs/environment/library_path.sh
[1.193s] -- Up-to-date: /home/mosalam/robot_ws/install/vizanti_msgs/share/vizanti_msgs/environment/library_path.dsv
[1.193s] -- Up-to-date: /home/mosalam/robot_ws/install/vizanti_msgs/lib/libvizanti_msgs__rosidl_generator_c.so
[1.194s] -- Up-to-date: /home/mosalam/robot_ws/install/vizanti_msgs/include/vizanti_msgs/vizanti_msgs
[1.194s] -- Up-to-date: /home/mosalam/robot_ws/install/vizanti_msgs/include/vizanti_msgs/vizanti_msgs/msg
[1.194s] -- Up-to-date: /home/mosalam/robot_ws/install/vizanti_msgs/include/vizanti_msgs/vizanti_msgs/msg/rosidl_typesupport_fastrtps_c__visibility_control.h
[1.194s] -- Up-to-date: /home/mosalam/robot_ws/install/vizanti_msgs/include/vizanti_msgs/vizanti_msgs/srv
[1.194s] -- Up-to-date: /home/mosalam/robot_ws/install/vizanti_msgs/include/vizanti_msgs/vizanti_msgs/srv/detail
[1.194s] -- Up-to-date: /home/mosalam/robot_ws/install/vizanti_msgs/include/vizanti_msgs/vizanti_msgs/srv/detail/load_map__rosidl_typesupport_fastrtps_c.h
[1.194s] -- Up-to-date: /home/mosalam/robot_ws/install/vizanti_msgs/include/vizanti_msgs/vizanti_msgs/srv/detail/manage_node__rosidl_typesupport_fastrtps_c.h
[1.194s] -- Up-to-date: /home/mosalam/robot_ws/install/vizanti_msgs/include/vizanti_msgs/vizanti_msgs/srv/detail/set_node_parameter__rosidl_typesupport_fastrtps_c.h
[1.195s] -- Up-to-date: /home/mosalam/robot_ws/install/vizanti_msgs/include/vizanti_msgs/vizanti_msgs/srv/detail/list_packages__rosidl_typesupport_fastrtps_c.h
[1.195s] -- Up-to-date: /home/mosalam/robot_ws/install/vizanti_msgs/include/vizanti_msgs/vizanti_msgs/srv/detail/save_map__rosidl_typesupport_fastrtps_c.h
[1.195s] -- Up-to-date: /home/mosalam/robot_ws/install/vizanti_msgs/include/vizanti_msgs/vizanti_msgs/srv/detail/record_rosbag__rosidl_typesupport_fastrtps_c.h
[1.195s] -- Up-to-date: /home/mosalam/robot_ws/install/vizanti_msgs/include/vizanti_msgs/vizanti_msgs/srv/detail/list_executables__rosidl_typesupport_fastrtps_c.h
[1.195s] -- Up-to-date: /home/mosalam/robot_ws/install/vizanti_msgs/include/vizanti_msgs/vizanti_msgs/srv/detail/list_lifecycles__rosidl_typesupport_fastrtps_c.h
[1.195s] -- Up-to-date: /home/mosalam/robot_ws/install/vizanti_msgs/include/vizanti_msgs/vizanti_msgs/srv/detail/get_node_parameters__rosidl_typesupport_fastrtps_c.h
[1.197s] -- Up-to-date: /home/mosalam/robot_ws/install/vizanti_msgs/lib/libvizanti_msgs__rosidl_typesupport_fastrtps_c.so
[1.201s] -- Up-to-date: /home/mosalam/robot_ws/install/vizanti_msgs/include/vizanti_msgs/vizanti_msgs
[1.201s] -- Up-to-date: /home/mosalam/robot_ws/install/vizanti_msgs/include/vizanti_msgs/vizanti_msgs/msg
[1.202s] -- Up-to-date: /home/mosalam/robot_ws/install/vizanti_msgs/include/vizanti_msgs/vizanti_msgs/msg/rosidl_typesupport_introspection_c__visibility_control.h
[1.202s] -- Up-to-date: /home/mosalam/robot_ws/install/vizanti_msgs/include/vizanti_msgs/vizanti_msgs/srv
[1.202s] -- Up-to-date: /home/mosalam/robot_ws/install/vizanti_msgs/include/vizanti_msgs/vizanti_msgs/srv/detail
[1.202s] -- Up-to-date: /home/mosalam/robot_ws/install/vizanti_msgs/include/vizanti_msgs/vizanti_msgs/srv/detail/save_map__type_support.c
[1.202s] -- Up-to-date: /home/mosalam/robot_ws/install/vizanti_msgs/include/vizanti_msgs/vizanti_msgs/srv/detail/list_lifecycles__type_support.c
[1.202s] -- Up-to-date: /home/mosalam/robot_ws/install/vizanti_msgs/include/vizanti_msgs/vizanti_msgs/srv/detail/load_map__rosidl_typesupport_introspection_c.h
[1.202s] -- Up-to-date: /home/mosalam/robot_ws/install/vizanti_msgs/include/vizanti_msgs/vizanti_msgs/srv/detail/get_node_parameters__rosidl_typesupport_introspection_c.h
[1.202s] -- Up-to-date: /home/mosalam/robot_ws/install/vizanti_msgs/include/vizanti_msgs/vizanti_msgs/srv/detail/record_rosbag__rosidl_typesupport_introspection_c.h
[1.202s] -- Up-to-date: /home/mosalam/robot_ws/install/vizanti_msgs/include/vizanti_msgs/vizanti_msgs/srv/detail/manage_node__type_support.c
[1.203s] -- Up-to-date: /home/mosalam/robot_ws/install/vizanti_msgs/include/vizanti_msgs/vizanti_msgs/srv/detail/list_packages__type_support.c
[1.203s] -- Up-to-date: /home/mosalam/robot_ws/install/vizanti_msgs/include/vizanti_msgs/vizanti_msgs/srv/detail/manage_node__rosidl_typesupport_introspection_c.h
[1.203s] -- Up-to-date: /home/mosalam/robot_ws/install/vizanti_msgs/include/vizanti_msgs/vizanti_msgs/srv/detail/list_lifecycles__rosidl_typesupport_introspection_c.h
[1.203s] -- Up-to-date: /home/mosalam/robot_ws/install/vizanti_msgs/include/vizanti_msgs/vizanti_msgs/srv/detail/record_rosbag__type_support.c
[1.203s] -- Up-to-date: /home/mosalam/robot_ws/install/vizanti_msgs/include/vizanti_msgs/vizanti_msgs/srv/detail/load_map__type_support.c
[1.203s] -- Up-to-date: /home/mosalam/robot_ws/install/vizanti_msgs/include/vizanti_msgs/vizanti_msgs/srv/detail/save_map__rosidl_typesupport_introspection_c.h
[1.203s] -- Up-to-date: /home/mosalam/robot_ws/install/vizanti_msgs/include/vizanti_msgs/vizanti_msgs/srv/detail/get_node_parameters__type_support.c
[1.203s] -- Up-to-date: /home/mosalam/robot_ws/install/vizanti_msgs/include/vizanti_msgs/vizanti_msgs/srv/detail/list_executables__type_support.c
[1.203s] -- Up-to-date: /home/mosalam/robot_ws/install/vizanti_msgs/include/vizanti_msgs/vizanti_msgs/srv/detail/list_executables__rosidl_typesupport_introspection_c.h
[1.203s] -- Up-to-date: /home/mosalam/robot_ws/install/vizanti_msgs/include/vizanti_msgs/vizanti_msgs/srv/detail/set_node_parameter__type_support.c
[1.204s] -- Up-to-date: /home/mosalam/robot_ws/install/vizanti_msgs/include/vizanti_msgs/vizanti_msgs/srv/detail/set_node_parameter__rosidl_typesupport_introspection_c.h
[1.204s] -- Up-to-date: /home/mosalam/robot_ws/install/vizanti_msgs/include/vizanti_msgs/vizanti_msgs/srv/detail/list_packages__rosidl_typesupport_introspection_c.h
[1.204s] -- Up-to-date: /home/mosalam/robot_ws/install/vizanti_msgs/lib/libvizanti_msgs__rosidl_typesupport_introspection_c.so
[1.204s] -- Up-to-date: /home/mosalam/robot_ws/install/vizanti_msgs/lib/libvizanti_msgs__rosidl_typesupport_c.so
[1.204s] -- Up-to-date: /home/mosalam/robot_ws/install/vizanti_msgs/include/vizanti_msgs/vizanti_msgs
[1.207s] -- Up-to-date: /home/mosalam/robot_ws/install/vizanti_msgs/include/vizanti_msgs/vizanti_msgs/msg
[1.208s] -- Up-to-date: /home/mosalam/robot_ws/install/vizanti_msgs/include/vizanti_msgs/vizanti_msgs/msg/rosidl_generator_cpp__visibility_control.hpp
[1.208s] -- Up-to-date: /home/mosalam/robot_ws/install/vizanti_msgs/include/vizanti_msgs/vizanti_msgs/srv
[1.208s] -- Up-to-date: /home/mosalam/robot_ws/install/vizanti_msgs/include/vizanti_msgs/vizanti_msgs/srv/list_lifecycles.hpp
[1.208s] -- Up-to-date: /home/mosalam/robot_ws/install/vizanti_msgs/include/vizanti_msgs/vizanti_msgs/srv/record_rosbag.hpp
[1.208s] -- Up-to-date: /home/mosalam/robot_ws/install/vizanti_msgs/include/vizanti_msgs/vizanti_msgs/srv/get_node_parameters.hpp
[1.208s] -- Up-to-date: /home/mosalam/robot_ws/install/vizanti_msgs/include/vizanti_msgs/vizanti_msgs/srv/list_executables.hpp
[1.208s] -- Up-to-date: /home/mosalam/robot_ws/install/vizanti_msgs/include/vizanti_msgs/vizanti_msgs/srv/load_map.hpp
[1.208s] -- Up-to-date: /home/mosalam/robot_ws/install/vizanti_msgs/include/vizanti_msgs/vizanti_msgs/srv/set_node_parameter.hpp
[1.208s] -- Up-to-date: /home/mosalam/robot_ws/install/vizanti_msgs/include/vizanti_msgs/vizanti_msgs/srv/list_packages.hpp
[1.209s] -- Up-to-date: /home/mosalam/robot_ws/install/vizanti_msgs/include/vizanti_msgs/vizanti_msgs/srv/manage_node.hpp
[1.209s] -- Up-to-date: /home/mosalam/robot_ws/install/vizanti_msgs/include/vizanti_msgs/vizanti_msgs/srv/save_map.hpp
[1.209s] -- Up-to-date: /home/mosalam/robot_ws/install/vizanti_msgs/include/vizanti_msgs/vizanti_msgs/srv/detail
[1.209s] -- Up-to-date: /home/mosalam/robot_ws/install/vizanti_msgs/include/vizanti_msgs/vizanti_msgs/srv/detail/list_packages__struct.hpp
[1.209s] -- Up-to-date: /home/mosalam/robot_ws/install/vizanti_msgs/include/vizanti_msgs/vizanti_msgs/srv/detail/record_rosbag__struct.hpp
[1.209s] -- Up-to-date: /home/mosalam/robot_ws/install/vizanti_msgs/include/vizanti_msgs/vizanti_msgs/srv/detail/record_rosbag__type_support.hpp
[1.209s] -- Up-to-date: /home/mosalam/robot_ws/install/vizanti_msgs/include/vizanti_msgs/vizanti_msgs/srv/detail/set_node_parameter__builder.hpp
[1.209s] -- Up-to-date: /home/mosalam/robot_ws/install/vizanti_msgs/include/vizanti_msgs/vizanti_msgs/srv/detail/get_node_parameters__struct.hpp
[1.209s] -- Up-to-date: /home/mosalam/robot_ws/install/vizanti_msgs/include/vizanti_msgs/vizanti_msgs/srv/detail/list_packages__type_support.hpp
[1.209s] -- Up-to-date: /home/mosalam/robot_ws/install/vizanti_msgs/include/vizanti_msgs/vizanti_msgs/srv/detail/set_node_parameter__type_support.hpp
[1.210s] -- Up-to-date: /home/mosalam/robot_ws/install/vizanti_msgs/include/vizanti_msgs/vizanti_msgs/srv/detail/manage_node__type_support.hpp
[1.210s] -- Up-to-date: /home/mosalam/robot_ws/install/vizanti_msgs/include/vizanti_msgs/vizanti_msgs/srv/detail/list_lifecycles__builder.hpp
[1.210s] -- Up-to-date: /home/mosalam/robot_ws/install/vizanti_msgs/include/vizanti_msgs/vizanti_msgs/srv/detail/manage_node__builder.hpp
[1.210s] -- Up-to-date: /home/mosalam/robot_ws/install/vizanti_msgs/include/vizanti_msgs/vizanti_msgs/srv/detail/save_map__type_support.hpp
[1.210s] -- Up-to-date: /home/mosalam/robot_ws/install/vizanti_msgs/include/vizanti_msgs/vizanti_msgs/srv/detail/get_node_parameters__traits.hpp
[1.210s] -- Up-to-date: /home/mosalam/robot_ws/install/vizanti_msgs/include/vizanti_msgs/vizanti_msgs/srv/detail/list_executables__builder.hpp
[1.213s] -- Up-to-date: /home/mosalam/robot_ws/install/vizanti_msgs/include/vizanti_msgs/vizanti_msgs/srv/detail/load_map__struct.hpp
[1.214s] -- Up-to-date: /home/mosalam/robot_ws/install/vizanti_msgs/include/vizanti_msgs/vizanti_msgs/srv/detail/list_lifecycles__type_support.hpp
[1.214s] -- Up-to-date: /home/mosalam/robot_ws/install/vizanti_msgs/include/vizanti_msgs/vizanti_msgs/srv/detail/get_node_parameters__type_support.hpp
[1.214s] -- Up-to-date: /home/mosalam/robot_ws/install/vizanti_msgs/include/vizanti_msgs/vizanti_msgs/srv/detail/list_executables__struct.hpp
[1.214s] -- Up-to-date: /home/mosalam/robot_ws/install/vizanti_msgs/include/vizanti_msgs/vizanti_msgs/srv/detail/list_packages__traits.hpp
[1.214s] -- Up-to-date: /home/mosalam/robot_ws/install/vizanti_msgs/include/vizanti_msgs/vizanti_msgs/srv/detail/list_lifecycles__struct.hpp
[1.215s] -- Up-to-date: /home/mosalam/robot_ws/install/vizanti_msgs/include/vizanti_msgs/vizanti_msgs/srv/detail/load_map__builder.hpp
[1.215s] -- Up-to-date: /home/mosalam/robot_ws/install/vizanti_msgs/include/vizanti_msgs/vizanti_msgs/srv/detail/list_executables__type_support.hpp
[1.215s] -- Up-to-date: /home/mosalam/robot_ws/install/vizanti_msgs/include/vizanti_msgs/vizanti_msgs/srv/detail/manage_node__struct.hpp
[1.215s] -- Up-to-date: /home/mosalam/robot_ws/install/vizanti_msgs/include/vizanti_msgs/vizanti_msgs/srv/detail/save_map__builder.hpp
[1.215s] -- Up-to-date: /home/mosalam/robot_ws/install/vizanti_msgs/include/vizanti_msgs/vizanti_msgs/srv/detail/load_map__type_support.hpp
[1.215s] -- Up-to-date: /home/mosalam/robot_ws/install/vizanti_msgs/include/vizanti_msgs/vizanti_msgs/srv/detail/save_map__struct.hpp
[1.215s] -- Up-to-date: /home/mosalam/robot_ws/install/vizanti_msgs/include/vizanti_msgs/vizanti_msgs/srv/detail/list_packages__builder.hpp
[1.215s] -- Up-to-date: /home/mosalam/robot_ws/install/vizanti_msgs/include/vizanti_msgs/vizanti_msgs/srv/detail/record_rosbag__traits.hpp
[1.216s] -- Up-to-date: /home/mosalam/robot_ws/install/vizanti_msgs/include/vizanti_msgs/vizanti_msgs/srv/detail/record_rosbag__builder.hpp
[1.216s] -- Up-to-date: /home/mosalam/robot_ws/install/vizanti_msgs/include/vizanti_msgs/vizanti_msgs/srv/detail/list_executables__traits.hpp
[1.216s] -- Up-to-date: /home/mosalam/robot_ws/install/vizanti_msgs/include/vizanti_msgs/vizanti_msgs/srv/detail/set_node_parameter__traits.hpp
[1.216s] -- Up-to-date: /home/mosalam/robot_ws/install/vizanti_msgs/include/vizanti_msgs/vizanti_msgs/srv/detail/set_node_parameter__struct.hpp
[1.216s] -- Up-to-date: /home/mosalam/robot_ws/install/vizanti_msgs/include/vizanti_msgs/vizanti_msgs/srv/detail/load_map__traits.hpp
[1.216s] -- Up-to-date: /home/mosalam/robot_ws/install/vizanti_msgs/include/vizanti_msgs/vizanti_msgs/srv/detail/save_map__traits.hpp
[1.216s] -- Up-to-date: /home/mosalam/robot_ws/install/vizanti_msgs/include/vizanti_msgs/vizanti_msgs/srv/detail/manage_node__traits.hpp
[1.216s] -- Up-to-date: /home/mosalam/robot_ws/install/vizanti_msgs/include/vizanti_msgs/vizanti_msgs/srv/detail/get_node_parameters__builder.hpp
[1.216s] -- Up-to-date: /home/mosalam/robot_ws/install/vizanti_msgs/include/vizanti_msgs/vizanti_msgs/srv/detail/list_lifecycles__traits.hpp
[1.216s] -- Up-to-date: /home/mosalam/robot_ws/install/vizanti_msgs/include/vizanti_msgs/vizanti_msgs
[1.217s] -- Up-to-date: /home/mosalam/robot_ws/install/vizanti_msgs/include/vizanti_msgs/vizanti_msgs/msg
[1.217s] -- Up-to-date: /home/mosalam/robot_ws/install/vizanti_msgs/include/vizanti_msgs/vizanti_msgs/msg/rosidl_typesupport_fastrtps_cpp__visibility_control.h
[1.217s] -- Up-to-date: /home/mosalam/robot_ws/install/vizanti_msgs/include/vizanti_msgs/vizanti_msgs/srv
[1.217s] -- Up-to-date: /home/mosalam/robot_ws/install/vizanti_msgs/include/vizanti_msgs/vizanti_msgs/srv/detail
[1.217s] -- Up-to-date: /home/mosalam/robot_ws/install/vizanti_msgs/include/vizanti_msgs/vizanti_msgs/srv/detail/list_executables__rosidl_typesupport_fastrtps_cpp.hpp
[1.217s] -- Up-to-date: /home/mosalam/robot_ws/install/vizanti_msgs/include/vizanti_msgs/vizanti_msgs/srv/detail/record_rosbag__rosidl_typesupport_fastrtps_cpp.hpp
[1.217s] -- Up-to-date: /home/mosalam/robot_ws/install/vizanti_msgs/include/vizanti_msgs/vizanti_msgs/srv/detail/dds_fastrtps
[1.217s] -- Up-to-date: /home/mosalam/robot_ws/install/vizanti_msgs/include/vizanti_msgs/vizanti_msgs/srv/detail/save_map__rosidl_typesupport_fastrtps_cpp.hpp
[1.217s] -- Up-to-date: /home/mosalam/robot_ws/install/vizanti_msgs/include/vizanti_msgs/vizanti_msgs/srv/detail/load_map__rosidl_typesupport_fastrtps_cpp.hpp
[1.218s] -- Up-to-date: /home/mosalam/robot_ws/install/vizanti_msgs/include/vizanti_msgs/vizanti_msgs/srv/detail/set_node_parameter__rosidl_typesupport_fastrtps_cpp.hpp
[1.218s] -- Up-to-date: /home/mosalam/robot_ws/install/vizanti_msgs/include/vizanti_msgs/vizanti_msgs/srv/detail/get_node_parameters__rosidl_typesupport_fastrtps_cpp.hpp
[1.218s] -- Up-to-date: /home/mosalam/robot_ws/install/vizanti_msgs/include/vizanti_msgs/vizanti_msgs/srv/detail/list_packages__rosidl_typesupport_fastrtps_cpp.hpp
[1.218s] -- Up-to-date: /home/mosalam/robot_ws/install/vizanti_msgs/include/vizanti_msgs/vizanti_msgs/srv/detail/list_lifecycles__rosidl_typesupport_fastrtps_cpp.hpp
[1.218s] -- Up-to-date: /home/mosalam/robot_ws/install/vizanti_msgs/include/vizanti_msgs/vizanti_msgs/srv/detail/manage_node__rosidl_typesupport_fastrtps_cpp.hpp
[1.218s] -- Up-to-date: /home/mosalam/robot_ws/install/vizanti_msgs/lib/libvizanti_msgs__rosidl_typesupport_fastrtps_cpp.so
[1.218s] -- Up-to-date: /home/mosalam/robot_ws/install/vizanti_msgs/include/vizanti_msgs/vizanti_msgs
[1.218s] -- Up-to-date: /home/mosalam/robot_ws/install/vizanti_msgs/include/vizanti_msgs/vizanti_msgs/srv
[1.218s] -- Up-to-date: /home/mosalam/robot_ws/install/vizanti_msgs/include/vizanti_msgs/vizanti_msgs/srv/detail
[1.218s] -- Up-to-date: /home/mosalam/robot_ws/install/vizanti_msgs/include/vizanti_msgs/vizanti_msgs/srv/detail/get_node_parameters__rosidl_typesupport_introspection_cpp.hpp
[1.219s] -- Up-to-date: /home/mosalam/robot_ws/install/vizanti_msgs/include/vizanti_msgs/vizanti_msgs/srv/detail/list_executables__type_support.cpp
[1.219s] -- Up-to-date: /home/mosalam/robot_ws/install/vizanti_msgs/include/vizanti_msgs/vizanti_msgs/srv/detail/list_lifecycles__rosidl_typesupport_introspection_cpp.hpp
[1.219s] -- Up-to-date: /home/mosalam/robot_ws/install/vizanti_msgs/include/vizanti_msgs/vizanti_msgs/srv/detail/set_node_parameter__type_support.cpp
[1.219s] -- Up-to-date: /home/mosalam/robot_ws/install/vizanti_msgs/include/vizanti_msgs/vizanti_msgs/srv/detail/load_map__type_support.cpp
[1.219s] -- Up-to-date: /home/mosalam/robot_ws/install/vizanti_msgs/include/vizanti_msgs/vizanti_msgs/srv/detail/record_rosbag__rosidl_typesupport_introspection_cpp.hpp
[1.219s] -- Up-to-date: /home/mosalam/robot_ws/install/vizanti_msgs/include/vizanti_msgs/vizanti_msgs/srv/detail/list_packages__type_support.cpp
[1.219s] -- Up-to-date: /home/mosalam/robot_ws/install/vizanti_msgs/include/vizanti_msgs/vizanti_msgs/srv/detail/set_node_parameter__rosidl_typesupport_introspection_cpp.hpp
[1.223s] -- Up-to-date: /home/mosalam/robot_ws/install/vizanti_msgs/include/vizanti_msgs/vizanti_msgs/srv/detail/get_node_parameters__type_support.cpp
[1.224s] -- Up-to-date: /home/mosalam/robot_ws/install/vizanti_msgs/include/vizanti_msgs/vizanti_msgs/srv/detail/save_map__type_support.cpp
[1.224s] -- Up-to-date: /home/mosalam/robot_ws/install/vizanti_msgs/include/vizanti_msgs/vizanti_msgs/srv/detail/list_executables__rosidl_typesupport_introspection_cpp.hpp
[1.224s] -- Up-to-date: /home/mosalam/robot_ws/install/vizanti_msgs/include/vizanti_msgs/vizanti_msgs/srv/detail/manage_node__type_support.cpp
[1.224s] -- Up-to-date: /home/mosalam/robot_ws/install/vizanti_msgs/include/vizanti_msgs/vizanti_msgs/srv/detail/load_map__rosidl_typesupport_introspection_cpp.hpp
[1.224s] -- Up-to-date: /home/mosalam/robot_ws/install/vizanti_msgs/include/vizanti_msgs/vizanti_msgs/srv/detail/manage_node__rosidl_typesupport_introspection_cpp.hpp
[1.224s] -- Up-to-date: /home/mosalam/robot_ws/install/vizanti_msgs/include/vizanti_msgs/vizanti_msgs/srv/detail/save_map__rosidl_typesupport_introspection_cpp.hpp
[1.224s] -- Up-to-date: /home/mosalam/robot_ws/install/vizanti_msgs/include/vizanti_msgs/vizanti_msgs/srv/detail/record_rosbag__type_support.cpp
[1.224s] -- Up-to-date: /home/mosalam/robot_ws/install/vizanti_msgs/include/vizanti_msgs/vizanti_msgs/srv/detail/list_lifecycles__type_support.cpp
[1.224s] -- Up-to-date: /home/mosalam/robot_ws/install/vizanti_msgs/include/vizanti_msgs/vizanti_msgs/srv/detail/list_packages__rosidl_typesupport_introspection_cpp.hpp
[1.225s] -- Up-to-date: /home/mosalam/robot_ws/install/vizanti_msgs/lib/libvizanti_msgs__rosidl_typesupport_introspection_cpp.so
[1.225s] -- Up-to-date: /home/mosalam/robot_ws/install/vizanti_msgs/lib/libvizanti_msgs__rosidl_typesupport_cpp.so
[1.225s] -- Up-to-date: /home/mosalam/robot_ws/install/vizanti_msgs/share/vizanti_msgs/environment/pythonpath.sh
[1.225s] -- Up-to-date: /home/mosalam/robot_ws/install/vizanti_msgs/share/vizanti_msgs/environment/pythonpath.dsv
[1.225s] -- Up-to-date: /home/mosalam/robot_ws/install/vizanti_msgs/local/lib/python3.10/dist-packages/vizanti_msgs-0.1.0-py3.10.egg-info
[1.225s] -- Installing: /home/mosalam/robot_ws/install/vizanti_msgs/local/lib/python3.10/dist-packages/vizanti_msgs-0.1.0-py3.10.egg-info/dependency_links.txt
[1.225s] -- Installing: /home/mosalam/robot_ws/install/vizanti_msgs/local/lib/python3.10/dist-packages/vizanti_msgs-0.1.0-py3.10.egg-info/SOURCES.txt
[1.225s] -- Installing: /home/mosalam/robot_ws/install/vizanti_msgs/local/lib/python3.10/dist-packages/vizanti_msgs-0.1.0-py3.10.egg-info/PKG-INFO
[1.225s] -- Installing: /home/mosalam/robot_ws/install/vizanti_msgs/local/lib/python3.10/dist-packages/vizanti_msgs-0.1.0-py3.10.egg-info/top_level.txt
[1.226s] -- Up-to-date: /home/mosalam/robot_ws/install/vizanti_msgs/local/lib/python3.10/dist-packages/vizanti_msgs
[1.226s] -- Up-to-date: /home/mosalam/robot_ws/install/vizanti_msgs/local/lib/python3.10/dist-packages/vizanti_msgs/vizanti_msgs_s__rosidl_typesupport_fastrtps_c.cpython-310-x86_64-linux-gnu.so
[1.226s] -- Up-to-date: /home/mosalam/robot_ws/install/vizanti_msgs/local/lib/python3.10/dist-packages/vizanti_msgs/libvizanti_msgs__rosidl_generator_py.so
[1.226s] -- Up-to-date: /home/mosalam/robot_ws/install/vizanti_msgs/local/lib/python3.10/dist-packages/vizanti_msgs/_vizanti_msgs_s.ep.rosidl_typesupport_introspection_c.c
[1.226s] -- Up-to-date: /home/mosalam/robot_ws/install/vizanti_msgs/local/lib/python3.10/dist-packages/vizanti_msgs/_vizanti_msgs_s.ep.rosidl_typesupport_fastrtps_c.c
[1.226s] -- Up-to-date: /home/mosalam/robot_ws/install/vizanti_msgs/local/lib/python3.10/dist-packages/vizanti_msgs/vizanti_msgs_s__rosidl_typesupport_c.cpython-310-x86_64-linux-gnu.so
[1.229s] -- Up-to-date: /home/mosalam/robot_ws/install/vizanti_msgs/local/lib/python3.10/dist-packages/vizanti_msgs/__init__.py
[1.230s] -- Up-to-date: /home/mosalam/robot_ws/install/vizanti_msgs/local/lib/python3.10/dist-packages/vizanti_msgs/vizanti_msgs_s__rosidl_typesupport_introspection_c.cpython-310-x86_64-linux-gnu.so
[1.230s] -- Up-to-date: /home/mosalam/robot_ws/install/vizanti_msgs/local/lib/python3.10/dist-packages/vizanti_msgs/_vizanti_msgs_s.ep.rosidl_typesupport_c.c
[1.230s] -- Up-to-date: /home/mosalam/robot_ws/install/vizanti_msgs/local/lib/python3.10/dist-packages/vizanti_msgs/srv
[1.230s] -- Up-to-date: /home/mosalam/robot_ws/install/vizanti_msgs/local/lib/python3.10/dist-packages/vizanti_msgs/srv/_get_node_parameters_s.c
[1.230s] -- Up-to-date: /home/mosalam/robot_ws/install/vizanti_msgs/local/lib/python3.10/dist-packages/vizanti_msgs/srv/_record_rosbag_s.c
[1.230s] -- Up-to-date: /home/mosalam/robot_ws/install/vizanti_msgs/local/lib/python3.10/dist-packages/vizanti_msgs/srv/_manage_node_s.c
[1.230s] -- Up-to-date: /home/mosalam/robot_ws/install/vizanti_msgs/local/lib/python3.10/dist-packages/vizanti_msgs/srv/_set_node_parameter_s.c
[1.230s] -- Up-to-date: /home/mosalam/robot_ws/install/vizanti_msgs/local/lib/python3.10/dist-packages/vizanti_msgs/srv/_list_executables_s.c
[1.230s] -- Up-to-date: /home/mosalam/robot_ws/install/vizanti_msgs/local/lib/python3.10/dist-packages/vizanti_msgs/srv/_set_node_parameter.py
[1.231s] -- Up-to-date: /home/mosalam/robot_ws/install/vizanti_msgs/local/lib/python3.10/dist-packages/vizanti_msgs/srv/_record_rosbag.py
[1.231s] -- Up-to-date: /home/mosalam/robot_ws/install/vizanti_msgs/local/lib/python3.10/dist-packages/vizanti_msgs/srv/_list_packages_s.c
[1.231s] -- Up-to-date: /home/mosalam/robot_ws/install/vizanti_msgs/local/lib/python3.10/dist-packages/vizanti_msgs/srv/_load_map.py
[1.231s] -- Up-to-date: /home/mosalam/robot_ws/install/vizanti_msgs/local/lib/python3.10/dist-packages/vizanti_msgs/srv/_list_executables.py
[1.231s] -- Up-to-date: /home/mosalam/robot_ws/install/vizanti_msgs/local/lib/python3.10/dist-packages/vizanti_msgs/srv/__init__.py
[1.231s] -- Up-to-date: /home/mosalam/robot_ws/install/vizanti_msgs/local/lib/python3.10/dist-packages/vizanti_msgs/srv/_manage_node.py
[1.231s] -- Up-to-date: /home/mosalam/robot_ws/install/vizanti_msgs/local/lib/python3.10/dist-packages/vizanti_msgs/srv/_get_node_parameters.py
[1.231s] -- Up-to-date: /home/mosalam/robot_ws/install/vizanti_msgs/local/lib/python3.10/dist-packages/vizanti_msgs/srv/_save_map.py
[1.231s] -- Up-to-date: /home/mosalam/robot_ws/install/vizanti_msgs/local/lib/python3.10/dist-packages/vizanti_msgs/srv/_list_lifecycles.py
[1.232s] -- Up-to-date: /home/mosalam/robot_ws/install/vizanti_msgs/local/lib/python3.10/dist-packages/vizanti_msgs/srv/_load_map_s.c
[1.232s] -- Up-to-date: /home/mosalam/robot_ws/install/vizanti_msgs/local/lib/python3.10/dist-packages/vizanti_msgs/srv/_list_packages.py
[1.232s] -- Up-to-date: /home/mosalam/robot_ws/install/vizanti_msgs/local/lib/python3.10/dist-packages/vizanti_msgs/srv/_save_map_s.c
[1.237s] -- Up-to-date: /home/mosalam/robot_ws/install/vizanti_msgs/local/lib/python3.10/dist-packages/vizanti_msgs/srv/_list_lifecycles_s.c
[1.265s] Listing '/home/mosalam/robot_ws/install/vizanti_msgs/local/lib/python3.10/dist-packages/vizanti_msgs'...
[1.265s] Listing '/home/mosalam/robot_ws/install/vizanti_msgs/local/lib/python3.10/dist-packages/vizanti_msgs/srv'...
[1.274s] -- Up-to-date: /home/mosalam/robot_ws/install/vizanti_msgs/local/lib/python3.10/dist-packages/vizanti_msgs/vizanti_msgs_s__rosidl_typesupport_fastrtps_c.cpython-310-x86_64-linux-gnu.so
[1.274s] -- Up-to-date: /home/mosalam/robot_ws/install/vizanti_msgs/local/lib/python3.10/dist-packages/vizanti_msgs/vizanti_msgs_s__rosidl_typesupport_introspection_c.cpython-310-x86_64-linux-gnu.so
[1.275s] -- Up-to-date: /home/mosalam/robot_ws/install/vizanti_msgs/local/lib/python3.10/dist-packages/vizanti_msgs/vizanti_msgs_s__rosidl_typesupport_c.cpython-310-x86_64-linux-gnu.so
[1.275s] -- Up-to-date: /home/mosalam/robot_ws/install/vizanti_msgs/lib/libvizanti_msgs__rosidl_generator_py.so
[1.276s] -- Up-to-date: /home/mosalam/robot_ws/install/vizanti_msgs/share/vizanti_msgs/srv/GetNodeParameters.idl
[1.276s] -- Up-to-date: /home/mosalam/robot_ws/install/vizanti_msgs/share/vizanti_msgs/srv/SetNodeParameter.idl
[1.276s] -- Up-to-date: /home/mosalam/robot_ws/install/vizanti_msgs/share/vizanti_msgs/srv/SaveMap.idl
[1.276s] -- Up-to-date: /home/mosalam/robot_ws/install/vizanti_msgs/share/vizanti_msgs/srv/LoadMap.idl
[1.277s] -- Up-to-date: /home/mosalam/robot_ws/install/vizanti_msgs/share/vizanti_msgs/srv/RecordRosbag.idl
[1.277s] -- Up-to-date: /home/mosalam/robot_ws/install/vizanti_msgs/share/vizanti_msgs/srv/ManageNode.idl
[1.277s] -- Up-to-date: /home/mosalam/robot_ws/install/vizanti_msgs/share/vizanti_msgs/srv/ListPackages.idl
[1.277s] -- Up-to-date: /home/mosalam/robot_ws/install/vizanti_msgs/share/vizanti_msgs/srv/ListExecutables.idl
[1.277s] -- Up-to-date: /home/mosalam/robot_ws/install/vizanti_msgs/share/vizanti_msgs/srv/ListLifecycles.idl
[1.277s] -- Up-to-date: /home/mosalam/robot_ws/install/vizanti_msgs/share/vizanti_msgs/srv/GetNodeParameters.srv
[1.277s] -- Up-to-date: /home/mosalam/robot_ws/install/vizanti_msgs/share/vizanti_msgs/srv/GetNodeParameters_Request.msg
[1.278s] -- Up-to-date: /home/mosalam/robot_ws/install/vizanti_msgs/share/vizanti_msgs/srv/GetNodeParameters_Response.msg
[1.278s] -- Up-to-date: /home/mosalam/robot_ws/install/vizanti_msgs/share/vizanti_msgs/srv/SetNodeParameter.srv
[1.278s] -- Up-to-date: /home/mosalam/robot_ws/install/vizanti_msgs/share/vizanti_msgs/srv/SetNodeParameter_Request.msg
[1.278s] -- Up-to-date: /home/mosalam/robot_ws/install/vizanti_msgs/share/vizanti_msgs/srv/SetNodeParameter_Response.msg
[1.278s] -- Up-to-date: /home/mosalam/robot_ws/install/vizanti_msgs/share/vizanti_msgs/srv/SaveMap.srv
[1.278s] -- Up-to-date: /home/mosalam/robot_ws/install/vizanti_msgs/share/vizanti_msgs/srv/SaveMap_Request.msg
[1.279s] -- Up-to-date: /home/mosalam/robot_ws/install/vizanti_msgs/share/vizanti_msgs/srv/SaveMap_Response.msg
[1.279s] -- Up-to-date: /home/mosalam/robot_ws/install/vizanti_msgs/share/vizanti_msgs/srv/LoadMap.srv
[1.279s] -- Up-to-date: /home/mosalam/robot_ws/install/vizanti_msgs/share/vizanti_msgs/srv/LoadMap_Request.msg
[1.279s] -- Up-to-date: /home/mosalam/robot_ws/install/vizanti_msgs/share/vizanti_msgs/srv/LoadMap_Response.msg
[1.279s] -- Up-to-date: /home/mosalam/robot_ws/install/vizanti_msgs/share/vizanti_msgs/srv/RecordRosbag.srv
[1.279s] -- Up-to-date: /home/mosalam/robot_ws/install/vizanti_msgs/share/vizanti_msgs/srv/RecordRosbag_Request.msg
[1.280s] -- Up-to-date: /home/mosalam/robot_ws/install/vizanti_msgs/share/vizanti_msgs/srv/RecordRosbag_Response.msg
[1.280s] -- Up-to-date: /home/mosalam/robot_ws/install/vizanti_msgs/share/vizanti_msgs/srv/ManageNode.srv
[1.280s] -- Up-to-date: /home/mosalam/robot_ws/install/vizanti_msgs/share/vizanti_msgs/srv/ManageNode_Request.msg
[1.281s] -- Up-to-date: /home/mosalam/robot_ws/install/vizanti_msgs/share/vizanti_msgs/srv/ManageNode_Response.msg
[1.281s] -- Up-to-date: /home/mosalam/robot_ws/install/vizanti_msgs/share/vizanti_msgs/srv/ListPackages.srv
[1.282s] -- Up-to-date: /home/mosalam/robot_ws/install/vizanti_msgs/share/vizanti_msgs/srv/ListPackages_Request.msg
[1.285s] -- Up-to-date: /home/mosalam/robot_ws/install/vizanti_msgs/share/vizanti_msgs/srv/ListPackages_Response.msg
[1.286s] -- Up-to-date: /home/mosalam/robot_ws/install/vizanti_msgs/share/vizanti_msgs/srv/ListExecutables.srv
[1.286s] -- Up-to-date: /home/mosalam/robot_ws/install/vizanti_msgs/share/vizanti_msgs/srv/ListExecutables_Request.msg
[1.286s] -- Up-to-date: /home/mosalam/robot_ws/install/vizanti_msgs/share/vizanti_msgs/srv/ListExecutables_Response.msg
[1.286s] -- Up-to-date: /home/mosalam/robot_ws/install/vizanti_msgs/share/vizanti_msgs/srv/ListLifecycles.srv
[1.286s] -- Up-to-date: /home/mosalam/robot_ws/install/vizanti_msgs/share/vizanti_msgs/srv/ListLifecycles_Request.msg
[1.286s] -- Up-to-date: /home/mosalam/robot_ws/install/vizanti_msgs/share/vizanti_msgs/srv/ListLifecycles_Response.msg
[1.286s] -- Up-to-date: /home/mosalam/robot_ws/install/vizanti_msgs/share/ament_index/resource_index/package_run_dependencies/vizanti_msgs
[1.287s] -- Up-to-date: /home/mosalam/robot_ws/install/vizanti_msgs/share/ament_index/resource_index/parent_prefix_path/vizanti_msgs
[1.287s] -- Up-to-date: /home/mosalam/robot_ws/install/vizanti_msgs/share/vizanti_msgs/environment/ament_prefix_path.sh
[1.287s] -- Up-to-date: /home/mosalam/robot_ws/install/vizanti_msgs/share/vizanti_msgs/environment/ament_prefix_path.dsv
[1.287s] -- Up-to-date: /home/mosalam/robot_ws/install/vizanti_msgs/share/vizanti_msgs/environment/path.sh
[1.287s] -- Up-to-date: /home/mosalam/robot_ws/install/vizanti_msgs/share/vizanti_msgs/environment/path.dsv
[1.287s] -- Up-to-date: /home/mosalam/robot_ws/install/vizanti_msgs/share/vizanti_msgs/local_setup.bash
[1.288s] -- Up-to-date: /home/mosalam/robot_ws/install/vizanti_msgs/share/vizanti_msgs/local_setup.sh
[1.289s] -- Up-to-date: /home/mosalam/robot_ws/install/vizanti_msgs/share/vizanti_msgs/local_setup.zsh
[1.289s] -- Up-to-date: /home/mosalam/robot_ws/install/vizanti_msgs/share/vizanti_msgs/local_setup.dsv
[1.290s] -- Installing: /home/mosalam/robot_ws/install/vizanti_msgs/share/vizanti_msgs/package.dsv
[1.290s] -- Up-to-date: /home/mosalam/robot_ws/install/vizanti_msgs/share/ament_index/resource_index/packages/vizanti_msgs
[1.293s] -- Up-to-date: /home/mosalam/robot_ws/install/vizanti_msgs/share/vizanti_msgs/cmake/export_vizanti_msgs__rosidl_generator_cExport.cmake
[1.293s] -- Up-to-date: /home/mosalam/robot_ws/install/vizanti_msgs/share/vizanti_msgs/cmake/export_vizanti_msgs__rosidl_generator_cExport-noconfig.cmake
[1.294s] -- Up-to-date: /home/mosalam/robot_ws/install/vizanti_msgs/share/vizanti_msgs/cmake/export_vizanti_msgs__rosidl_typesupport_fastrtps_cExport.cmake
[1.294s] -- Up-to-date: /home/mosalam/robot_ws/install/vizanti_msgs/share/vizanti_msgs/cmake/export_vizanti_msgs__rosidl_typesupport_fastrtps_cExport-noconfig.cmake
[1.294s] -- Up-to-date: /home/mosalam/robot_ws/install/vizanti_msgs/share/vizanti_msgs/cmake/vizanti_msgs__rosidl_typesupport_introspection_cExport.cmake
[1.294s] -- Up-to-date: /home/mosalam/robot_ws/install/vizanti_msgs/share/vizanti_msgs/cmake/vizanti_msgs__rosidl_typesupport_introspection_cExport-noconfig.cmake
[1.294s] -- Up-to-date: /home/mosalam/robot_ws/install/vizanti_msgs/share/vizanti_msgs/cmake/vizanti_msgs__rosidl_typesupport_cExport.cmake
[1.295s] -- Up-to-date: /home/mosalam/robot_ws/install/vizanti_msgs/share/vizanti_msgs/cmake/vizanti_msgs__rosidl_typesupport_cExport-noconfig.cmake
[1.295s] -- Up-to-date: /home/mosalam/robot_ws/install/vizanti_msgs/share/vizanti_msgs/cmake/export_vizanti_msgs__rosidl_generator_cppExport.cmake
[1.298s] -- Up-to-date: /home/mosalam/robot_ws/install/vizanti_msgs/share/vizanti_msgs/cmake/export_vizanti_msgs__rosidl_typesupport_fastrtps_cppExport.cmake
[1.300s] -- Up-to-date: /home/mosalam/robot_ws/install/vizanti_msgs/share/vizanti_msgs/cmake/export_vizanti_msgs__rosidl_typesupport_fastrtps_cppExport-noconfig.cmake
[1.301s] -- Up-to-date: /home/mosalam/robot_ws/install/vizanti_msgs/share/vizanti_msgs/cmake/vizanti_msgs__rosidl_typesupport_introspection_cppExport.cmake
[1.304s] -- Up-to-date: /home/mosalam/robot_ws/install/vizanti_msgs/share/vizanti_msgs/cmake/vizanti_msgs__rosidl_typesupport_introspection_cppExport-noconfig.cmake
[1.309s] -- Up-to-date: /home/mosalam/robot_ws/install/vizanti_msgs/share/vizanti_msgs/cmake/vizanti_msgs__rosidl_typesupport_cppExport.cmake
[1.309s] -- Up-to-date: /home/mosalam/robot_ws/install/vizanti_msgs/share/vizanti_msgs/cmake/vizanti_msgs__rosidl_typesupport_cppExport-noconfig.cmake
[1.309s] -- Up-to-date: /home/mosalam/robot_ws/install/vizanti_msgs/share/vizanti_msgs/cmake/export_vizanti_msgs__rosidl_generator_pyExport.cmake
[1.309s] -- Up-to-date: /home/mosalam/robot_ws/install/vizanti_msgs/share/vizanti_msgs/cmake/export_vizanti_msgs__rosidl_generator_pyExport-noconfig.cmake
[1.309s] -- Up-to-date: /home/mosalam/robot_ws/install/vizanti_msgs/share/vizanti_msgs/cmake/rosidl_cmake-extras.cmake
[1.309s] -- Up-to-date: /home/mosalam/robot_ws/install/vizanti_msgs/share/vizanti_msgs/cmake/ament_cmake_export_dependencies-extras.cmake
[1.310s] -- Up-to-date: /home/mosalam/robot_ws/install/vizanti_msgs/share/vizanti_msgs/cmake/ament_cmake_export_include_directories-extras.cmake
[1.310s] -- Up-to-date: /home/mosalam/robot_ws/install/vizanti_msgs/share/vizanti_msgs/cmake/ament_cmake_export_libraries-extras.cmake
[1.310s] -- Up-to-date: /home/mosalam/robot_ws/install/vizanti_msgs/share/vizanti_msgs/cmake/ament_cmake_export_targets-extras.cmake
[1.310s] -- Up-to-date: /home/mosalam/robot_ws/install/vizanti_msgs/share/vizanti_msgs/cmake/rosidl_cmake_export_typesupport_targets-extras.cmake
[1.310s] -- Up-to-date: /home/mosalam/robot_ws/install/vizanti_msgs/share/vizanti_msgs/cmake/rosidl_cmake_export_typesupport_libraries-extras.cmake
[1.310s] -- Up-to-date: /home/mosalam/robot_ws/install/vizanti_msgs/share/vizanti_msgs/cmake/vizanti_msgsConfig.cmake
[1.310s] -- Up-to-date: /home/mosalam/robot_ws/install/vizanti_msgs/share/vizanti_msgs/cmake/vizanti_msgsConfig-version.cmake
[1.310s] -- Up-to-date: /home/mosalam/robot_ws/install/vizanti_msgs/share/vizanti_msgs/package.xml
[1.311s] Invoked command in '/home/mosalam/robot_ws/build/vizanti_msgs' returned '0': CMAKE_PREFIX_PATH=${CMAKE_PREFIX_PATH}:/home/mosalam/robot_ws/install/serial_motor_demo:/home/mosalam/robot_ws/install/custom_explorer:/home/mosalam/robot_ws/install/autonomous_exploration:/opt/ros/humble /usr/bin/cmake --install /home/mosalam/robot_ws/build/vizanti_msgs
